starting E1S v2 (true-minimal-prompt) 4-rep at Sat May  2 22:28:39 CDT 2026
[master] cells: ['htsjdk_vcf', 'vcfpy_vcf', 'noodles_vcf', 'htsjdk_sam', 'biopython_sam', 'seqan3_sam']
[master] vcf_budget_s=5400  sam_budget_s=5400  reps=4
[setup] preparing container cov binaries...
[setup] container cov binaries ready
[master] launching 6 cells in parallel...
[master] cumulative=False
[22:28:42] [htsjdk_vcf    ] === cascade start (host, max_iter=2) ===
[22:28:42] [vcfpy_vcf     ] === cascade start (host, max_iter=2) ===
[22:28:42] [noodles_vcf   ] === cascade start (container, max_iter=2) ===
[22:28:42] [htsjdk_sam    ] === cascade start (host, max_iter=2) ===
[22:28:42] [biopython_sam ] === cascade start (host, max_iter=2) ===
[22:28:42] [seqan3_sam    ] === cascade start (container, max_iter=2) ===
[22:28:42] [seqan3_sam    ]     initial seeds: VCF=33  SAM=74
[22:28:42] [seqan3_sam    ] --- rep 0 ---
[22:28:42] [biopython_sam ]     initial seeds: VCF=33  SAM=74
[22:28:42] [biopython_sam ] --- rep 0 ---
[22:28:42] [seqan3_sam    ]     seeds entering rep: {'vcf_total': 33, 'vcf_kept': 0, 'vcf_synthetic': 0, 'sam_total': 74, 'sam_kept': 0, 'sam_synthetic': 0}
[22:28:42] [htsjdk_vcf    ]     initial seeds: VCF=33  SAM=74
[22:28:42] [htsjdk_vcf    ] --- rep 0 ---
[22:28:42] [htsjdk_sam    ]     initial seeds: VCF=33  SAM=74
[22:28:42] [htsjdk_sam    ] --- rep 0 ---
[22:28:42] [biopython_sam ]     seeds entering rep: {'vcf_total': 33, 'vcf_kept': 0, 'vcf_synthetic': 0, 'sam_total': 74, 'sam_kept': 0, 'sam_synthetic': 0}
[22:28:42] [noodles_vcf   ]     initial seeds: VCF=33  SAM=74
[22:28:42] [noodles_vcf   ] --- rep 0 ---
[22:28:42] [seqan3_sam    ]     reset data/ + bug_reports/ + coverage_artifacts/ (seeds preserved — independent trials)
[22:28:42] [vcfpy_vcf     ]     initial seeds: VCF=33  SAM=74
[22:28:42] [htsjdk_vcf    ]     seeds entering rep: {'vcf_total': 33, 'vcf_kept': 0, 'vcf_synthetic': 0, 'sam_total': 74, 'sam_kept': 0, 'sam_synthetic': 0}
[22:28:42] [vcfpy_vcf     ] --- rep 0 ---
[22:28:42] [htsjdk_sam    ]     seeds entering rep: {'vcf_total': 33, 'vcf_kept': 0, 'vcf_synthetic': 0, 'sam_total': 74, 'sam_kept': 0, 'sam_synthetic': 0}
[22:28:42] [noodles_vcf   ]     seeds entering rep: {'vcf_total': 33, 'vcf_kept': 0, 'vcf_synthetic': 0, 'sam_total': 74, 'sam_kept': 0, 'sam_synthetic': 0}
[22:28:42] [biopython_sam ]     reset data/ + bug_reports/ + coverage_artifacts/ (seeds preserved — independent trials)
[22:28:42] [htsjdk_vcf    ]     reset data/ + bug_reports/ + coverage_artifacts/ (seeds preserved — independent trials)
[22:28:42] [vcfpy_vcf     ]     seeds entering rep: {'vcf_total': 33, 'vcf_kept': 0, 'vcf_synthetic': 0, 'sam_total': 74, 'sam_kept': 0, 'sam_synthetic': 0}
[22:28:42] [htsjdk_sam    ]     reset data/ + bug_reports/ + coverage_artifacts/ (seeds preserved — independent trials)
[22:28:42] [seqan3_sam    ]     env (container): BIOTEST_MULTISHOT_K=2 (refine round 4)
[22:28:42] [seqan3_sam    ]     cmd: docker exec biotest-bench-setup python3.12 harness_run.py --mode E1S ...
[22:28:42] [seqan3_sam    ]     budget: 5400s (container)
[22:28:42] [noodles_vcf   ]     reset data/ + bug_reports/ + coverage_artifacts/ (seeds preserved — independent trials)
[22:28:42] [biopython_sam ]     cmd: python harness_run.py --mode E1S --config biotest_config.rep0.yaml --phase D,E
[22:28:42] [biopython_sam ]     budget: 5400s (host)
[22:28:42] [biopython_sam ]     env: BIOTEST_MULTISHOT_K=2  BIOTEST_AUTO_INVOKE_PUBLIC_METHODS=1 (refine round 4)
[22:28:42] [htsjdk_vcf    ]     cmd: python harness_run.py --mode E1S --config biotest_config.rep0.yaml --phase D,E
[22:28:42] [htsjdk_vcf    ]     budget: 5400s (host)
[22:28:42] [htsjdk_sam    ]     cmd: python harness_run.py --mode E1S --config biotest_config.rep0.yaml --phase D,E
[22:28:42] [htsjdk_sam    ]     budget: 5400s (host)
[22:28:42] [vcfpy_vcf     ]     reset data/ + bug_reports/ + coverage_artifacts/ (seeds preserved — independent trials)
[22:28:42] [htsjdk_sam    ]     env: BIOTEST_MULTISHOT_K=2  BIOTEST_AUTO_INVOKE_PUBLIC_METHODS=1 (refine round 4)
[22:28:42] [noodles_vcf   ]     cmd: docker exec biotest-bench-setup python3.12 harness_run.py --mode E1S ...
[22:28:42] [noodles_vcf   ]     budget: 5400s (container)
[22:28:42] [vcfpy_vcf     ]     cmd: python harness_run.py --mode E1S --config biotest_config.rep0.yaml --phase D,E
[22:28:42] [vcfpy_vcf     ]     budget: 5400s (host)
[23:00:42] [seqan3_sam    ]     rep 0 exit=0 elapsed=1920s
[23:00:51] [seqan3_sam    ]     -> line=93.90% covered=756/805 status=ok seeds_after={'vcf_total': 33, 'vcf_kept': 0, 'vcf_synthetic': 0, 'sam_total': 145, 'sam_kept': 71, 'sam_synthetic': 0}
[23:00:51] [seqan3_sam    ] --- rep 1 ---
[23:00:51] [seqan3_sam    ]     seeds entering rep: {'vcf_total': 33, 'vcf_kept': 0, 'vcf_synthetic': 0, 'sam_total': 145, 'sam_kept': 71, 'sam_synthetic': 0}
[23:00:53] [seqan3_sam    ]     reset data/ + bug_reports/ + coverage_artifacts/ (seeds preserved — independent trials)
[23:00:53] [seqan3_sam    ]     env (container): BIOTEST_MULTISHOT_K=2 (refine round 4)
[23:00:53] [seqan3_sam    ]     cmd: docker exec biotest-bench-setup python3.12 harness_run.py --mode E1S ...
[23:00:53] [seqan3_sam    ]     budget: 5400s (container)
[23:13:00] [seqan3_sam    ]     rep 1 exit=0 elapsed=727s
[23:13:10] [seqan3_sam    ]     -> line=93.70% covered=754/805 status=ok seeds_after={'vcf_total': 33, 'vcf_kept': 0, 'vcf_synthetic': 0, 'sam_total': 145, 'sam_kept': 71, 'sam_synthetic': 0}
[23:13:10] [seqan3_sam    ] --- rep 2 ---
[23:13:10] [seqan3_sam    ]     seeds entering rep: {'vcf_total': 33, 'vcf_kept': 0, 'vcf_synthetic': 0, 'sam_total': 145, 'sam_kept': 71, 'sam_synthetic': 0}
[23:13:10] [seqan3_sam    ]     reset data/ + bug_reports/ + coverage_artifacts/ (seeds preserved — independent trials)
[23:13:10] [seqan3_sam    ]     env (container): BIOTEST_MULTISHOT_K=2 (refine round 4)
[23:13:10] [seqan3_sam    ]     cmd: docker exec biotest-bench-setup python3.12 harness_run.py --mode E1S ...
[23:13:10] [seqan3_sam    ]     budget: 5400s (container)
[23:14:21] [noodles_vcf   ]     rep 0 exit=0 elapsed=2740s
[23:14:29] [noodles_vcf   ]     -> line=15.80% covered=1202/7584 status=ok seeds_after={'vcf_total': 68, 'vcf_kept': 35, 'vcf_synthetic': 0, 'sam_total': 74, 'sam_kept': 0, 'sam_synthetic': 0}
[23:14:29] [noodles_vcf   ] --- rep 1 ---
[23:14:29] [noodles_vcf   ]     seeds entering rep: {'vcf_total': 68, 'vcf_kept': 35, 'vcf_synthetic': 0, 'sam_total': 74, 'sam_kept': 0, 'sam_synthetic': 0}
[23:14:30] [noodles_vcf   ]     reset data/ + bug_reports/ + coverage_artifacts/ (seeds preserved — independent trials)
[23:14:30] [noodles_vcf   ]     cmd: docker exec biotest-bench-setup python3.12 harness_run.py --mode E1S ...
[23:14:30] [noodles_vcf   ]     budget: 5400s (container)
[23:29:07] [noodles_vcf   ]     rep 1 exit=0 elapsed=877s
[23:29:07] [noodles_vcf   ]     llvm-cov regen failed: 
[23:29:07] [noodles_vcf   ]     -> line=0.00% covered=0/0 status=missing seeds_after={'vcf_total': 68, 'vcf_kept': 35, 'vcf_synthetic': 0, 'sam_total': 74, 'sam_kept': 0, 'sam_synthetic': 0}
[23:29:07] [noodles_vcf   ] --- rep 2 ---
[23:29:07] [noodles_vcf   ]     seeds entering rep: {'vcf_total': 68, 'vcf_kept': 35, 'vcf_synthetic': 0, 'sam_total': 74, 'sam_kept': 0, 'sam_synthetic': 0}
[23:29:07] [noodles_vcf   ]     reset data/ + bug_reports/ + coverage_artifacts/ (seeds preserved — independent trials)
[23:29:07] [noodles_vcf   ]     cmd: docker exec biotest-bench-setup python3.12 harness_run.py --mode E1S ...
[23:29:07] [noodles_vcf   ]     budget: 5400s (container)
[23:50:27] [noodles_vcf   ]     rep 2 exit=0 elapsed=1280s
[23:50:31] [noodles_vcf   ]     -> line=29.60% covered=2243/7584 status=ok seeds_after={'vcf_total': 69, 'vcf_kept': 36, 'vcf_synthetic': 0, 'sam_total': 74, 'sam_kept': 0, 'sam_synthetic': 0}
[23:50:31] [noodles_vcf   ] --- rep 3 ---
[23:50:31] [noodles_vcf   ]     seeds entering rep: {'vcf_total': 69, 'vcf_kept': 36, 'vcf_synthetic': 0, 'sam_total': 74, 'sam_kept': 0, 'sam_synthetic': 0}
[23:50:31] [noodles_vcf   ]     reset data/ + bug_reports/ + coverage_artifacts/ (seeds preserved — independent trials)
[23:50:31] [noodles_vcf   ]     cmd: docker exec biotest-bench-setup python3.12 harness_run.py --mode E1S ...
[23:50:31] [noodles_vcf   ]     budget: 5400s (container)
[23:53:06] [vcfpy_vcf     ]     rep 0 exit=0 elapsed=5065s
[23:53:08] [vcfpy_vcf     ]     -> line=63.00% covered=741/1176 status=ok seeds_after={'vcf_total': 56, 'vcf_kept': 18, 'vcf_synthetic': 5, 'sam_total': 74, 'sam_kept': 0, 'sam_synthetic': 0}
[23:53:08] [vcfpy_vcf     ] --- rep 1 ---
[23:53:08] [vcfpy_vcf     ]     seeds entering rep: {'vcf_total': 56, 'vcf_kept': 18, 'vcf_synthetic': 5, 'sam_total': 74, 'sam_kept': 0, 'sam_synthetic': 0}
[23:53:08] [vcfpy_vcf     ]     reset data/ + bug_reports/ + coverage_artifacts/ (seeds preserved — independent trials)
[23:53:08] [vcfpy_vcf     ]     cmd: python harness_run.py --mode E1S --config biotest_config.rep1.yaml --phase D,E
[23:53:08] [vcfpy_vcf     ]     budget: 5400s (host)
[23:54:38] [htsjdk_vcf    ]     rep 0 exit=0 elapsed=5156s
[23:54:41] [htsjdk_vcf    ]     -> line=32.90% covered=1223/3716 status=ok seeds_after={'vcf_total': 177, 'vcf_kept': 134, 'vcf_synthetic': 10, 'sam_total': 74, 'sam_kept': 0, 'sam_synthetic': 0}
[23:54:41] [htsjdk_vcf    ] --- rep 1 ---
[23:54:41] [htsjdk_vcf    ]     seeds entering rep: {'vcf_total': 177, 'vcf_kept': 134, 'vcf_synthetic': 10, 'sam_total': 74, 'sam_kept': 0, 'sam_synthetic': 0}
[23:54:42] [htsjdk_vcf    ]     reset data/ + bug_reports/ + coverage_artifacts/ (seeds preserved — independent trials)
[23:54:42] [htsjdk_vcf    ]     cmd: python harness_run.py --mode E1S --config biotest_config.rep1.yaml --phase D,E
[23:54:42] [htsjdk_vcf    ]     budget: 5400s (host)
[23:58:42] [biopython_sam ]     timeout after 5400s — terminating
[23:58:42] [htsjdk_sam    ]     timeout after 5400s — terminating
[23:58:42] [biopython_sam ]     rep 0 exit=1 elapsed=5400s
[23:58:42] [htsjdk_sam    ]     rep 0 exit=1 elapsed=5400s
[23:58:43] [biopython_sam ]     -> line=53.00% covered=317/598 status=ok seeds_after={'vcf_total': 33, 'vcf_kept': 0, 'vcf_synthetic': 0, 'sam_total': 206, 'sam_kept': 132, 'sam_synthetic': 0}
[23:58:43] [biopython_sam ] --- rep 1 ---
[23:58:43] [biopython_sam ]     seeds entering rep: {'vcf_total': 33, 'vcf_kept': 0, 'vcf_synthetic': 0, 'sam_total': 206, 'sam_kept': 132, 'sam_synthetic': 0}
[23:58:45] [htsjdk_sam    ]     -> line=30.90% covered=1593/5154 status=ok seeds_after={'vcf_total': 33, 'vcf_kept': 0, 'vcf_synthetic': 0, 'sam_total': 273, 'sam_kept': 199, 'sam_synthetic': 0}
[23:58:45] [htsjdk_sam    ] --- rep 1 ---
[23:58:45] [htsjdk_sam    ]     seeds entering rep: {'vcf_total': 33, 'vcf_kept': 0, 'vcf_synthetic': 0, 'sam_total': 273, 'sam_kept': 199, 'sam_synthetic': 0}
[23:58:50] [biopython_sam ]     reset data/ + bug_reports/ + coverage_artifacts/ (seeds preserved — independent trials)
[23:58:50] [biopython_sam ]     cmd: python harness_run.py --mode E1S --config biotest_config.rep1.yaml --phase D,E
[23:58:50] [biopython_sam ]     budget: 5400s (host)
[23:58:50] [biopython_sam ]     env: BIOTEST_MULTISHOT_K=2  BIOTEST_AUTO_INVOKE_PUBLIC_METHODS=1 (refine round 4)
[23:58:53] [seqan3_sam    ]     rep 2 exit=0 elapsed=2744s
[23:58:56] [htsjdk_sam    ]     reset data/ + bug_reports/ + coverage_artifacts/ (seeds preserved — independent trials)
[23:58:56] [htsjdk_sam    ]     cmd: python harness_run.py --mode E1S --config biotest_config.rep1.yaml --phase D,E
[23:58:56] [htsjdk_sam    ]     budget: 5400s (host)
[23:58:56] [htsjdk_sam    ]     env: BIOTEST_MULTISHOT_K=2  BIOTEST_AUTO_INVOKE_PUBLIC_METHODS=1 (refine round 4)
[23:58:59] [seqan3_sam    ]     -> line=93.20% covered=750/805 status=ok seeds_after={'vcf_total': 33, 'vcf_kept': 0, 'vcf_synthetic': 0, 'sam_total': 458, 'sam_kept': 384, 'sam_synthetic': 0}
[23:58:59] [seqan3_sam    ] --- rep 3 ---
[23:58:59] [seqan3_sam    ]     seeds entering rep: {'vcf_total': 33, 'vcf_kept': 0, 'vcf_synthetic': 0, 'sam_total': 458, 'sam_kept': 384, 'sam_synthetic': 0}
[23:59:10] [seqan3_sam    ]     reset data/ + bug_reports/ + coverage_artifacts/ (seeds preserved — independent trials)
[23:59:10] [seqan3_sam    ]     env (container): BIOTEST_MULTISHOT_K=2 (refine round 4)
[23:59:10] [seqan3_sam    ]     cmd: docker exec biotest-bench-setup python3.12 harness_run.py --mode E1S ...
[23:59:10] [seqan3_sam    ]     budget: 5400s (container)
[01:23:08] [vcfpy_vcf     ]     timeout after 5400s — terminating
[01:23:08] [vcfpy_vcf     ]     rep 1 exit=1 elapsed=5400s
[01:23:09] [vcfpy_vcf     ]     -> line=72.80% covered=856/1176 status=ok seeds_after={'vcf_total': 106, 'vcf_kept': 60, 'vcf_synthetic': 13, 'sam_total': 74, 'sam_kept': 0, 'sam_synthetic': 0}
[01:23:09] [vcfpy_vcf     ] --- rep 2 ---
[01:23:09] [vcfpy_vcf     ]     seeds entering rep: {'vcf_total': 106, 'vcf_kept': 60, 'vcf_synthetic': 13, 'sam_total': 74, 'sam_kept': 0, 'sam_synthetic': 0}
[01:23:13] [vcfpy_vcf     ]     reset data/ + bug_reports/ + coverage_artifacts/ (seeds preserved — independent trials)
[01:23:13] [vcfpy_vcf     ]     cmd: python harness_run.py --mode E1S --config biotest_config.rep2.yaml --phase D,E
[01:23:13] [vcfpy_vcf     ]     budget: 5400s (host)
[01:24:42] [htsjdk_vcf    ]     timeout after 5400s — terminating
[01:24:42] [htsjdk_vcf    ]     rep 1 exit=1 elapsed=5400s
[01:24:45] [htsjdk_vcf    ]     -> line=46.30% covered=1722/3716 status=ok seeds_after={'vcf_total': 393, 'vcf_kept': 345, 'vcf_synthetic': 15, 'sam_total': 74, 'sam_kept': 0, 'sam_synthetic': 0}
[01:24:45] [htsjdk_vcf    ] --- rep 2 ---
[01:24:45] [htsjdk_vcf    ]     seeds entering rep: {'vcf_total': 393, 'vcf_kept': 345, 'vcf_synthetic': 15, 'sam_total': 74, 'sam_kept': 0, 'sam_synthetic': 0}
[01:24:46] [htsjdk_vcf    ]     reset data/ + bug_reports/ + coverage_artifacts/ (seeds preserved — independent trials)
[01:24:46] [htsjdk_vcf    ]     cmd: python harness_run.py --mode E1S --config biotest_config.rep2.yaml --phase D,E
[01:24:46] [htsjdk_vcf    ]     budget: 5400s (host)
[01:25:52] [noodles_vcf   ]     rep 3 exit=0 elapsed=5721s
[01:26:09] [noodles_vcf   ]     -> line=36.00% covered=2727/7584 status=ok seeds_after={'vcf_total': 249, 'vcf_kept': 216, 'vcf_synthetic': 0, 'sam_total': 74, 'sam_kept': 0, 'sam_synthetic': 0}
[01:26:09] [noodles_vcf   ] === cascade complete (4 reps) ===
[master] [noodles_vcf] CASCADE OK
[01:28:50] [biopython_sam ]     timeout after 5400s — terminating
[01:28:50] [biopython_sam ]     rep 1 exit=1 elapsed=5400s
[01:28:50] [biopython_sam ]     -> line=0.00% covered=0/0 status=missing seeds_after={'vcf_total': 33, 'vcf_kept': 0, 'vcf_synthetic': 0, 'sam_total': 491, 'sam_kept': 417, 'sam_synthetic': 0}
[01:28:50] [biopython_sam ] --- rep 2 ---
[01:28:50] [biopython_sam ]     seeds entering rep: {'vcf_total': 33, 'vcf_kept': 0, 'vcf_synthetic': 0, 'sam_total': 491, 'sam_kept': 417, 'sam_synthetic': 0}
[01:28:56] [htsjdk_sam    ]     timeout after 5400s — terminating
[01:28:56] [htsjdk_sam    ]     rep 1 exit=1 elapsed=5400s
[01:28:58] [htsjdk_sam    ]     -> line=28.00% covered=1441/5154 status=ok seeds_after={'vcf_total': 33, 'vcf_kept': 0, 'vcf_synthetic': 0, 'sam_total': 591, 'sam_kept': 512, 'sam_synthetic': 5}
[01:28:58] [htsjdk_sam    ] --- rep 2 ---
[01:28:58] [htsjdk_sam    ]     seeds entering rep: {'vcf_total': 33, 'vcf_kept': 0, 'vcf_synthetic': 0, 'sam_total': 591, 'sam_kept': 512, 'sam_synthetic': 5}
[01:29:03] [biopython_sam ]     reset data/ + bug_reports/ + coverage_artifacts/ (seeds preserved — independent trials)
[01:29:03] [biopython_sam ]     cmd: python harness_run.py --mode E1S --config biotest_config.rep2.yaml --phase D,E
[01:29:03] [biopython_sam ]     budget: 5400s (host)
[01:29:03] [biopython_sam ]     env: BIOTEST_MULTISHOT_K=2  BIOTEST_AUTO_INVOKE_PUBLIC_METHODS=1 (refine round 4)
[01:29:09] [htsjdk_sam    ]     reset data/ + bug_reports/ + coverage_artifacts/ (seeds preserved — independent trials)
[01:29:09] [htsjdk_sam    ]     cmd: python harness_run.py --mode E1S --config biotest_config.rep2.yaml --phase D,E
[01:29:09] [htsjdk_sam    ]     budget: 5400s (host)
[01:29:09] [htsjdk_sam    ]     env: BIOTEST_MULTISHOT_K=2  BIOTEST_AUTO_INVOKE_PUBLIC_METHODS=1 (refine round 4)
[01:34:31] [seqan3_sam    ]     rep 3 exit=0 elapsed=5721s
[01:34:36] [seqan3_sam    ]     -> line=81.70% covered=658/805 status=ok seeds_after={'vcf_total': 33, 'vcf_kept': 0, 'vcf_synthetic': 0, 'sam_total': 1062, 'sam_kept': 988, 'sam_synthetic': 0}
[01:34:36] [seqan3_sam    ] === cascade complete (4 reps) ===
[master] [seqan3_sam] CASCADE OK
[01:41:31] [htsjdk_sam    ]     rep 2 exit=0 elapsed=741s
[01:41:31] [htsjdk_sam    ]     -> line=0.00% covered=0/0 status=missing seeds_after={'vcf_total': 33, 'vcf_kept': 0, 'vcf_synthetic': 0, 'sam_total': 591, 'sam_kept': 512, 'sam_synthetic': 5}
[01:41:31] [htsjdk_sam    ] --- rep 3 ---
[01:41:31] [htsjdk_sam    ]     seeds entering rep: {'vcf_total': 33, 'vcf_kept': 0, 'vcf_synthetic': 0, 'sam_total': 591, 'sam_kept': 512, 'sam_synthetic': 5}
[01:41:31] [htsjdk_sam    ]     reset data/ + bug_reports/ + coverage_artifacts/ (seeds preserved — independent trials)
[01:41:31] [htsjdk_sam    ]     cmd: python harness_run.py --mode E1S --config biotest_config.rep3.yaml --phase D,E
[01:41:31] [htsjdk_sam    ]     budget: 5400s (host)
[01:41:31] [htsjdk_sam    ]     env: BIOTEST_MULTISHOT_K=2  BIOTEST_AUTO_INVOKE_PUBLIC_METHODS=1 (refine round 4)
[02:15:39] [htsjdk_sam    ]     rep 3 exit=0 elapsed=2048s
[02:15:41] [htsjdk_sam    ]     -> line=27.40% covered=1414/5154 status=ok seeds_after={'vcf_total': 33, 'vcf_kept': 0, 'vcf_synthetic': 0, 'sam_total': 673, 'sam_kept': 594, 'sam_synthetic': 5}
[02:15:41] [htsjdk_sam    ] === cascade complete (4 reps) ===
[master] [htsjdk_sam] CASCADE OK
[02:43:29] [vcfpy_vcf     ]     rep 2 exit=0 elapsed=4816s
[02:43:30] [vcfpy_vcf     ]     -> line=65.20% covered=767/1176 status=ok seeds_after={'vcf_total': 122, 'vcf_kept': 66, 'vcf_synthetic': 23, 'sam_total': 74, 'sam_kept': 0, 'sam_synthetic': 0}
[02:43:30] [vcfpy_vcf     ] --- rep 3 ---
[02:43:30] [vcfpy_vcf     ]     seeds entering rep: {'vcf_total': 122, 'vcf_kept': 66, 'vcf_synthetic': 23, 'sam_total': 74, 'sam_kept': 0, 'sam_synthetic': 0}
[02:43:31] [vcfpy_vcf     ]     reset data/ + bug_reports/ + coverage_artifacts/ (seeds preserved — independent trials)
[02:43:31] [vcfpy_vcf     ]     cmd: python harness_run.py --mode E1S --config biotest_config.rep3.yaml --phase D,E
[02:43:31] [vcfpy_vcf     ]     budget: 5400s (host)
[02:54:46] [htsjdk_vcf    ]     timeout after 5400s — terminating
[02:54:46] [htsjdk_vcf    ]     rep 2 exit=1 elapsed=5400s
[02:54:49] [htsjdk_vcf    ]     -> line=46.60% covered=1732/3716 status=ok seeds_after={'vcf_total': 560, 'vcf_kept': 509, 'vcf_synthetic': 18, 'sam_total': 74, 'sam_kept': 0, 'sam_synthetic': 0}
[02:54:49] [htsjdk_vcf    ] --- rep 3 ---
[02:54:49] [htsjdk_vcf    ]     seeds entering rep: {'vcf_total': 560, 'vcf_kept': 509, 'vcf_synthetic': 18, 'sam_total': 74, 'sam_kept': 0, 'sam_synthetic': 0}
[02:54:53] [htsjdk_vcf    ]     reset data/ + bug_reports/ + coverage_artifacts/ (seeds preserved — independent trials)
[02:54:53] [htsjdk_vcf    ]     cmd: python harness_run.py --mode E1S --config biotest_config.rep3.yaml --phase D,E
[02:54:53] [htsjdk_vcf    ]     budget: 5400s (host)
[02:59:03] [biopython_sam ]     timeout after 5400s — terminating
[02:59:03] [biopython_sam ]     rep 2 exit=1 elapsed=5400s
[02:59:04] [biopython_sam ]     -> line=3.00% covered=18/598 status=ok seeds_after={'vcf_total': 33, 'vcf_kept': 0, 'vcf_synthetic': 0, 'sam_total': 945, 'sam_kept': 866, 'sam_synthetic': 5}
[02:59:04] [biopython_sam ] --- rep 3 ---
[02:59:04] [biopython_sam ]     seeds entering rep: {'vcf_total': 33, 'vcf_kept': 0, 'vcf_synthetic': 0, 'sam_total': 945, 'sam_kept': 866, 'sam_synthetic': 5}
[02:59:06] [biopython_sam ]     reset data/ + bug_reports/ + coverage_artifacts/ (seeds preserved — independent trials)
[02:59:06] [biopython_sam ]     cmd: python harness_run.py --mode E1S --config biotest_config.rep3.yaml --phase D,E
[02:59:06] [biopython_sam ]     budget: 5400s (host)
[02:59:06] [biopython_sam ]     env: BIOTEST_MULTISHOT_K=2  BIOTEST_AUTO_INVOKE_PUBLIC_METHODS=1 (refine round 4)
[04:13:31] [vcfpy_vcf     ]     timeout after 5400s — terminating
[04:13:31] [vcfpy_vcf     ]     rep 3 exit=1 elapsed=5400s
[04:13:32] [vcfpy_vcf     ]     -> line=73.60% covered=865/1176 status=ok seeds_after={'vcf_total': 213, 'vcf_kept': 151, 'vcf_synthetic': 29, 'sam_total': 74, 'sam_kept': 0, 'sam_synthetic': 0}
[04:13:32] [vcfpy_vcf     ] === cascade complete (4 reps) ===
[master] [vcfpy_vcf] CASCADE OK
[04:24:53] [htsjdk_vcf    ]     timeout after 5400s — terminating
[04:24:53] [htsjdk_vcf    ]     rep 3 exit=1 elapsed=5400s
[04:24:53] [htsjdk_vcf    ]     jacoco regen failed: Exception in thread "main" java.io.IOException: The process cannot access the file because another process has locked a portion of the file
	at java.base/java.io.FileInputStream.readBytes(Native Meth
[04:24:54] [htsjdk_vcf    ]     -> line=0.00% covered=0/3760 status=ok seeds_after={'vcf_total': 871, 'vcf_kept': 815, 'vcf_synthetic': 23, 'sam_total': 74, 'sam_kept': 0, 'sam_synthetic': 0}
[04:24:54] [htsjdk_vcf    ] === cascade complete (4 reps) ===
[master] [htsjdk_vcf] CASCADE OK
[04:29:06] [biopython_sam ]     timeout after 5400s — terminating
[04:29:06] [biopython_sam ]     rep 3 exit=1 elapsed=5400s
[04:29:06] [biopython_sam ]     -> line=3.00% covered=18/598 status=ok seeds_after={'vcf_total': 33, 'vcf_kept': 0, 'vcf_synthetic': 0, 'sam_total': 1379, 'sam_kept': 1295, 'sam_synthetic': 10}
[04:29:06] [biopython_sam ] === cascade complete (4 reps) ===
[master] [biopython_sam] CASCADE OK

[master] all cells complete in 360.4 min
E1S done at Sun May  3 04:29:06 CDT 2026
===E1S 4REP DONE===
