[randoop] bug=htsjdk-1401 targets=['htsjdk.variant.vcf.VCFHeader'] pre=2.19.0 post=2.20.0 budget=600s
[randoop] generate: java --add-opens=java.base/java.lang=ALL-UNNAMED --add-opens=java.base/java.util=ALL-UNNAMED --add-opens=java.base/java.io=ALL-UNNAMED --add-opens=java.base/java.net=ALL-UNNAMED --add-opens=java.base/java.text=ALL-UNNAMED --add-opens=java.base/sun.nio.ch=ALL-UNNAMED --add-opens=java.desktop/java.awt=ALL-UNNAMED -classpath C:\Users\miaot\Github\BioTest\compares\baselines\randoop\source\randoop-all-4.3.3.jar;C:\Users\miaot\Github\BioTest\compares\baselines\evosuite\fatjar\htsjdk-2.20.0.jar;C:\Users\miaot\Github\BioTest\compares\baselines\evosuite\deps\commons-compress-1.26.0.jar;C:\Users\miaot\Github\BioTest\compares\baselines\evosuite\deps\commons-jexl-2.1.1.jar;C:\Users\miaot\Github\BioTest\compares\baselines\evosuite\deps\commons-logging-1.3.0.jar;C:\Users\miaot\Github\BioTest\compares\baselines\evosuite\deps\json-20231013.jar;C:\Users\miaot\Github\BioTest\compares\baselines\evosuite\deps\nashorn-core-15.4.jar;C:\Users\miaot\Github\BioTest\compares\baselines\evosuite\deps\ngs-java-2.9.0.jar;C:\Users\miaot\Github\BioTest\compares\baselines\evosuite\deps\snappy-java-1.1.10.5.jar;C:\Users\miaot\Github\BioTest\compares\baselines\evosuite\deps\xz-1.9.jar randoop.main.Main gentests --time-limit=420 --output-limit=500 --junit-output-dir=C:\Users\miaot\Github\BioTest\compares\baselines\randoop\results\htsjdk-1401\work\randoop-tests --junit-package-name=randoop.bench --flaky-test-behavior=OUTPUT --no-error-revealing-tests=false --no-regression-tests=false --testclass=htsjdk.variant.vcf.VCFHeader
Randoop for Java version "4.3.3, local changes, branch master, commit 8f08f5b, 2024-05-02".

Will try to generate tests for 1 classes.
PUBLIC MEMBERS=63
Explorer = ForwardGenerator(steps: 0, null steps: 0, num_sequences_generated: 0;
    allSequences: 0, regresson seqs: 0, error seqs: 0=0=0, invalid seqs: 0, subsumed_sequences: 0, num_failed_output_test: 0;
    sideEffectFreeMethods: 1113, runtimePrimitivesSeen: 38)

Progress update: steps=1, test inputs generated=0, failing inputs=0      (2026-04-26T19:12:14.731932200Z     11.2M used)
Progress update: steps=541, test inputs generated=501, failing inputs=0      (2026-04-26T19:12:22.718947700Z     211M used)
Normal method executions: 74301
Exceptional method executions: 61

Average method execution time (normal termination):      0.000766
Average method execution time (exceptional termination): 0.274
Approximate memory usage 211M
Explorer = ForwardGenerator(steps: 541, null steps: 40, num_sequences_generated: 501;
    allSequences: 501, regresson seqs: 500, error seqs: 0=0=0, invalid seqs: 0, subsumed_sequences: 0, num_failed_output_test: 1;
    sideEffectFreeMethods: 1113, runtimePrimitivesSeen: 51)

No error-revealing tests to output.

About to look for failing assertions in 275 regression sequences.

Regression test output:
Regression test count: 275
Writing regression JUnit tests...
Created file C:\Users\miaot\Github\BioTest\compares\baselines\randoop\results\htsjdk-1401\work\randoop-tests\randoop\bench\RegressionTest0.java
Created file C:\Users\miaot\Github\BioTest\compares\baselines\randoop\results\htsjdk-1401\work\randoop-tests\randoop\bench\RegressionTest.java
Wrote regression JUnit tests.
About to look for flaky methods.

Invalid tests generated: 0
[randoop] generated 2 java source(s)
[randoop] compile (2 srcs) -> C:\Users\miaot\Github\BioTest\compares\baselines\randoop\results\htsjdk-1401\work\classes_post
[randoop] compile (2 srcs) -> C:\Users\miaot\Github\BioTest\compares\baselines\randoop\results\htsjdk-1401\work\classes_pre
C:\Users\miaot\Github\BioTest\compares\baselines\randoop\results\htsjdk-1401\work\randoop-tests\randoop\bench\RegressionTest0.java:104: error: cannot find symbol
            htsjdk.variant.vcf.VCFHeader.validateVersionTransition(vCFHeaderVersion0, vCFHeaderVersion1);
                                        ^
  symbol:   method validateVersionTransition(VCFHeaderVersion,VCFHeaderVersion)
  location: class VCFHeader
C:\Users\miaot\Github\BioTest\compares\baselines\randoop\results\htsjdk-1401\work\randoop-tests\randoop\bench\RegressionTest0.java:152: error: cannot find symbol
            vCFHeader0.setVCFHeaderVersion(vCFHeaderVersion4);
                      ^
  symbol:   method setVCFHeaderVersion(VCFHeaderVersion)
  location: variable vCFHeader0 of type VCFHeader
C:\Users\miaot\Github\BioTest\compares\baselines\randoop\results\htsjdk-1401\work\randoop-tests\randoop\bench\RegressionTest0.java:316: error: no suitable constructor found for VCFHeader(VCFHeaderVersion,Set<VCFHeaderLine>,Set<String>)
            htsjdk.variant.vcf.VCFHeader vCFHeader4 = new htsjdk.variant.vcf.VCFHeader(vCFHeaderVersion0, vCFHeaderLineSet2, strSet3);
                                                      ^
    constructor VCFHeader.VCFHeader() is not applicable
      (actual and formal argument lists differ in length)
    constructor VCFHeader.VCFHeader(Set<VCFHeaderLine>) is not applicable
      (actual and formal argument lists differ in length)
    constructor VCFHeader.VCFHeader(VCFHeader) is not applicable
      (actual and formal argument lists differ in length)
    constructor VCFHeader.VCFHeader(Set<VCFHeaderLine>,Set<String>) is not applicable
      (actual and formal argument lists differ in length)
    constructor VCFHeader.VCFHeader(Set<VCFHeaderLine>,List<String>) is not applicable
      (actual and formal argument lists differ in length)
C:\Users\miaot\Github\BioTest\compares\baselines\randoop\results\htsjdk-1401\work\randoop-tests\randoop\bench\RegressionTest0.java:341: error: no suitable constructor found for VCFHeader(VCFHeaderVersion,Set<VCFHeaderLine>,Set<String>)
            htsjdk.variant.vcf.VCFHeader vCFHeader19 = new htsjdk.variant.vcf.VCFHeader(vCFHeaderVersion0, (java.util.Set<htsjdk.variant.vcf.VCFHeaderLine>) vCFHeaderLineSet2, (java.util.Set<java.lang.String>) strSet17);
                                                       ^
    constructor VCFHeader.VCFHeader() is not applicable
      (actual and formal argument lists differ in length)
    constructor VCFHeader.VCFHeader(Set<VCFHeaderLine>) is not applicable
      (actual and formal argument lists differ in length)
    constructor VCFHeader.VCFHeader(VCFHeader) is not applicable
      (actual and formal argument lists differ in length)
    constructor VCFHeader.VCFHeader(Set<VCFHeaderLine>,Set<String>) is not applicable
      (actual and formal argument lists differ in length)
    constructor VCFHeader.VCFHeader(Set<VCFHeaderLine>,List<String>) is not applicable
      (actual and formal argument lists differ in length)
C:\Users\miaot\Github\BioTest\compares\baselines\randoop\results\htsjdk-1401\work\randoop-tests\randoop\bench\RegressionTest0.java:427: error: cannot find symbol
            vCFHeader0.setVCFHeaderVersion(vCFHeaderVersion5);
                      ^
  symbol:   method setVCFHeaderVersion(VCFHeaderVersion)
  location: variable vCFHeader0 of type VCFHeader
C:\Users\miaot\Github\BioTest\compares\baselines\randoop\results\htsjdk-1401\work\randoop-tests\randoop\bench\RegressionTest0.java:456: error: no suitable constructor found for VCFHeader(VCFHeaderVersion,Set<VCFHeaderLine>,Set<String>)
            htsjdk.variant.vcf.VCFHeader vCFHeader27 = new htsjdk.variant.vcf.VCFHeader(vCFHeaderVersion0, (java.util.Set<htsjdk.variant.vcf.VCFHeaderLine>) vCFHeaderLineSet2, (java.util.Set<java.lang.String>) strSet25);
                                                       ^
    constructor VCFHeader.VCFHeader() is not applicable
      (actual and formal argument lists differ in length)
    constructor VCFHeader.VCFHeader(Set<VCFHeaderLine>) is not applicable
      (actual and formal argument lists differ in length)
    constructor VCFHeader.VCFHeader(VCFHeader) is not applicable
      (actual and formal argument lists differ in length)
    constructor VCFHeader.VCFHeader(Set<VCFHeaderLine>,Set<String>) is not applicable
      (actual and formal argument lists differ in length)
    constructor VCFHeader.VCFHeader(Set<VCFHeaderLine>,List<String>) is not applicable
      (actual and formal argument lists differ in length)
C:\Users\miaot\Github\BioTest\compares\baselines\randoop\results\htsjdk-1401\work\randoop-tests\randoop\bench\RegressionTest0.java:519: error: cannot find symbol
            vCFHeader0.setVCFHeaderVersion(vCFHeaderVersion6);
                      ^
  symbol:   method setVCFHeaderVersion(VCFHeaderVersion)
  location: variable vCFHeader0 of type VCFHeader
C:\Users\miaot\Github\BioTest\compares\baselines\randoop\results\htsjdk-1401\work\randoop-tests\randoop\bench\RegressionTest0.java:546: error: no suitable constructor found for VCFHeader(VCFHeaderVersion,Set<VCFHeaderLine>,Set<String>)
            htsjdk.variant.vcf.VCFHeader vCFHeader11 = new htsjdk.variant.vcf.VCFHeader(vCFHeaderVersion0, vCFHeaderLineSet2, (java.util.Set<java.lang.String>) strSet8);
                                                       ^
    constructor VCFHeader.VCFHeader() is not applicable
      (actual and formal argument lists differ in length)
    constructor VCFHeader.VCFHeader(Set<VCFHeaderLine>) is not applicable
      (actual and formal argument lists differ in length)
    constructor VCFHeader.VCFHeader(VCFHeader) is not applicable
      (actual and formal argument lists differ in length)
    constructor VCFHeader.VCFHeader(Set<VCFHeaderLine>,Set<String>) is not applicable
      (actual and formal argument lists differ in length)
    constructor VCFHeader.VCFHeader(Set<VCFHeaderLine>,List<String>) is not applicable
      (actual and formal argument lists differ in length)
C:\Users\miaot\Github\BioTest\compares\baselines\randoop\results\htsjdk-1401\work\randoop-tests\randoop\bench\RegressionTest0.java:590: error: cannot find symbol
            vCFHeader4.setVCFHeaderVersion(vCFHeaderVersion7);
                      ^
  symbol:   method setVCFHeaderVersion(VCFHeaderVersion)
  location: variable vCFHeader4 of type VCFHeader
C:\Users\miaot\Github\BioTest\compares\baselines\randoop\results\htsjdk-1401\work\randoop-tests\randoop\bench\RegressionTest0.java:650: error: no suitable constructor found for VCFHeader(VCFHeaderVersion,Set<VCFHeaderLine>,Set<String>)
            htsjdk.variant.vcf.VCFHeader vCFHeader19 = new htsjdk.variant.vcf.VCFHeader(vCFHeaderVersion0, vCFHeaderLineSet4, (java.util.Set<java.lang.String>) strSet17);
                                                       ^
    constructor VCFHeader.VCFHeader() is not applicable
      (actual and formal argument lists differ in length)
    constructor VCFHeader.VCFHeader(Set<VCFHeaderLine>) is not applicable
      (actual and formal argument lists differ in length)
    constructor VCFHeader.VCFHeader(VCFHeader) is not applicable
      (actual and formal argument lists differ in length)
    constructor VCFHeader.VCFHeader(Set<VCFHeaderLine>,Set<String>) is not applicable
      (actual and formal argument lists differ in length)
    constructor VCFHeader.VCFHeader(Set<VCFHeaderLine>,List<String>) is not applicable
      (actual and formal argument lists differ in length)
C:\Users\miaot\Github\BioTest\compares\baselines\randoop\results\htsjdk-1401\work\randoop-tests\randoop\bench\RegressionTest0.java:734: error: no suitable constructor found for VCFHeader(VCFHeaderVersion,Set<VCFHeaderLine>,Set<String>)
            htsjdk.variant.vcf.VCFHeader vCFHeader18 = new htsjdk.variant.vcf.VCFHeader(vCFHeaderVersion0, (java.util.Set<htsjdk.variant.vcf.VCFHeaderLine>) vCFHeaderLineSet2, (java.util.Set<java.lang.String>) strSet15);
                                                       ^
    constructor VCFHeader.VCFHeader() is not applicable
      (actual and formal argument lists differ in length)
    constructor VCFHeader.VCFHeader(Set<VCFHeaderLine>) is not applicable
      (actual and formal argument lists differ in length)
    constructor VCFHeader.VCFHeader(VCFHeader) is not applicable
      (actual and formal argument lists differ in length)
    constructor VCFHeader.VCFHeader(Set<VCFHeaderLine>,Set<String>) is not applicable
      (actual and formal argument lists differ in length)
    constructor VCFHeader.VCFHeader(Set<VCFHeaderLine>,List<String>) is not applicable
      (actual and formal argument lists differ in length)
C:\Users\miaot\Github\BioTest\compares\baselines\randoop\results\htsjdk-1401\work\randoop-tests\randoop\bench\RegressionTest0.java:757: error: cannot find symbol
        htsjdk.variant.vcf.VCFHeaderVersion vCFHeaderVersion4 = vCFHeader0.getVCFHeaderVersion();
                                                                          ^
  symbol:   method getVCFHeaderVersion()
  location: variable vCFHeader0 of type VCFHeader
C:\Users\miaot\Github\BioTest\compares\baselines\randoop\results\htsjdk-1401\work\randoop-tests\randoop\bench\RegressionTest0.java:914: error: cannot find symbol
        htsjdk.variant.vcf.VCFHeaderVersion vCFHeaderVersion4 = vCFHeader0.getVCFHeaderVersion();
                                                                          ^
  symbol:   method getVCFHeaderVersion()
  location: variable vCFHeader0 of type VCFHeader
C:\Users\miaot\Github\BioTest\compares\baselines\randoop\results\htsjdk-1401\work\randoop-tests\randoop\bench\RegressionTest0.java:1028: error: cannot find symbol
        htsjdk.variant.vcf.VCFHeaderVersion vCFHeaderVersion9 = vCFHeader0.getVCFHeaderVersion();
                                                                          ^
  symbol:   method getVCFHeaderVersion()
  location: variable vCFHeader0 of type VCFHeader
C:\Users\miaot\Github\BioTest\compares\baselines\randoop\results\htsjdk-1401\work\randoop-tests\randoop\bench\RegressionTest0.java:1048: error: cannot find symbol
        htsjdk.variant.vcf.VCFHeaderVersion vCFHeaderVersion2 = vCFHeader0.getVCFHeaderVersion();
                                                                          ^
  symbol:   method getVCFHeaderVersion()
  location: variable vCFHeader0 of type VCFHeader
C:\Users\miaot\Github\BioTest\compares\baselines\randoop\results\htsjdk-1401\work\randoop-tests\randoop\bench\RegressionTest0.java:1060: error: cannot find symbol
        htsjdk.variant.vcf.VCFHeaderVersion vCFHeaderVersion4 = vCFHeader0.getVCFHeaderVersion();
                                                                          ^
  symbol:   method getVCFHeaderVersion()
  location: variable vCFHeader0 of type VCFHeader
C:\Users\miaot\Github\BioTest\compares\baselines\randoop\results\htsjdk-1401\work\randoop-tests\randoop\bench\RegressionTest0.java:1104: error: no suitable constructor found for VCFHeader(VCFHeaderVersion,Set<VCFHeaderLine>,Set<String>)
            htsjdk.variant.vcf.VCFHeader vCFHeader27 = new htsjdk.variant.vcf.VCFHeader(vCFHeaderVersion0, (java.util.Set<htsjdk.variant.vcf.VCFHeaderLine>) vCFHeaderLineSet2, (java.util.Set<java.lang.String>) strSet24);
                                                       ^
    constructor VCFHeader.VCFHeader() is not applicable
      (actual and formal argument lists differ in length)
    constructor VCFHeader.VCFHeader(Set<VCFHeaderLine>) is not applicable
      (actual and formal argument lists differ in length)
    constructor VCFHeader.VCFHeader(VCFHeader) is not applicable
      (actual and formal argument lists differ in length)
    constructor VCFHeader.VCFHeader(Set<VCFHeaderLine>,Set<String>) is not applicable
      (actual and formal argument lists differ in length)
    constructor VCFHeader.VCFHeader(Set<VCFHeaderLine>,List<String>) is not applicable
      (actual and formal argument lists differ in length)
C:\Users\miaot\Github\BioTest\compares\baselines\randoop\results\htsjdk-1401\work\randoop-tests\randoop\bench\RegressionTest0.java:1137: error: cannot find symbol
            vCFHeader0.setVCFHeaderVersion(vCFHeaderVersion10);
                      ^
  symbol:   method setVCFHeaderVersion(VCFHeaderVersion)
  location: variable vCFHeader0 of type VCFHeader
C:\Users\miaot\Github\BioTest\compares\baselines\randoop\results\htsjdk-1401\work\randoop-tests\randoop\bench\RegressionTest0.java:1240: error: no suitable constructor found for VCFHeader(VCFHeaderVersion,Set<VCFHeaderLine>,Set<String>)
            htsjdk.variant.vcf.VCFHeader vCFHeader16 = new htsjdk.variant.vcf.VCFHeader(vCFHeaderVersion0, vCFHeaderLineSet14, strSet15);
                                                       ^
    constructor VCFHeader.VCFHeader() is not applicable
      (actual and formal argument lists differ in length)
    constructor VCFHeader.VCFHeader(Set<VCFHeaderLine>) is not applicable
      (actual and formal argument lists differ in length)
    constructor VCFHeader.VCFHeader(VCFHeader) is not applicable
      (actual and formal argument lists differ in length)
    constructor VCFHeader.VCFHeader(Set<VCFHeaderLine>,Set<String>) is not applicable
      (actual and formal argument lists differ in length)
    constructor VCFHeader.VCFHeader(Set<VCFHeaderLine>,List<String>) is not applicable
      (actual and formal argument lists differ in length)
C:\Users\miaot\Github\BioTest\compares\baselines\randoop\results\htsjdk-1401\work\randoop-tests\randoop\bench\RegressionTest0.java:1288: error: cannot find symbol
        htsjdk.variant.vcf.VCFHeaderVersion vCFHeaderVersion9 = vCFHeader0.getVCFHeaderVersion();
                                                                          ^
  symbol:   method getVCFHeaderVersion()
  location: variable vCFHeader0 of type VCFHeader
C:\Users\miaot\Github\BioTest\compares\baselines\randoop\results\htsjdk-1401\work\randoop-tests\randoop\bench\RegressionTest0.java:1317: error: cannot find symbol
        htsjdk.variant.vcf.VCFHeaderVersion vCFHeaderVersion12 = vCFHeader0.getVCFHeaderVersion();
                                                                           ^
  symbol:   method getVCFHeaderVersion()
  location: variable vCFHeader0 of type VCFHeader
C:\Users\miaot\Github\BioTest\compares\baselines\randoop\results\htsjdk-1401\work\randoop-tests\randoop\bench\RegressionTest0.java:1342: error: cannot find symbol
            vCFHeader0.setVCFHeaderVersion(vCFHeaderVersion7);
                      ^
  symbol:   method setVCFHeaderVersion(VCFHeaderVersion)
  location: variable vCFHeader0 of type VCFHeader
C:\Users\miaot\Github\BioTest\compares\baselines\randoop\results\htsjdk-1401\work\randoop-tests\randoop\bench\RegressionTest0.java:1386: error: cannot find symbol
        htsjdk.variant.vcf.VCFHeaderVersion vCFHeaderVersion2 = vCFHeader0.getVCFHeaderVersion();
                                                                          ^
  symbol:   method getVCFHeaderVersion()
  location: variable vCFHeader0 of type VCFHeader
C:\Users\miaot\Github\BioTest\compares\baselines\randoop\results\htsjdk-1401\work\randoop-tests\randoop\bench\RegressionTest0.java:1512: error: cannot find symbol
        htsjdk.variant.vcf.VCFHeaderVersion vCFHeaderVersion2 = vCFHeader0.getVCFHeaderVersion();
                                                                          ^
  symbol:   method getVCFHeaderVersion()
  location: variable vCFHeader0 of type VCFHeader
C:\Users\miaot\Github\BioTest\compares\baselines\randoop\results\htsjdk-1401\work\randoop-tests\randoop\bench\RegressionTest0.java:1528: error: cannot find symbol
            vCFHeader0.setVCFHeaderVersion(vCFHeaderVersion6);
                      ^
  symbol:   method setVCFHeaderVersion(VCFHeaderVersion)
  location: variable vCFHeader0 of type VCFHeader
C:\Users\miaot\Github\BioTest\compares\baselines\randoop\results\htsjdk-1401\work\randoop-tests\randoop\bench\RegressionTest0.java:1622: error: cannot find symbol
        htsjdk.variant.vcf.VCFHeaderVersion vCFHeaderVersion11 = vCFHeader0.getVCFHeaderVersion();
                                                                           ^
  symbol:   method getVCFHeaderVersion()
  location: variable vCFHeader0 of type VCFHeader
C:\Users\miaot\Github\BioTest\compares\baselines\randoop\results\htsjdk-1401\work\randoop-tests\randoop\bench\RegressionTest0.java:1693: error: no suitable constructor found for VCFHeader(VCFHeaderVersion,Set<VCFHeaderLine>,Set<String>)
            htsjdk.variant.vcf.VCFHeader vCFHeader26 = new htsjdk.variant.vcf.VCFHeader(vCFHeaderVersion0, vCFHeaderLineSet1, (java.util.Set<java.lang.String>) strSet23);
                                                       ^
    constructor VCFHeader.VCFHeader() is not applicable
      (actual and formal argument lists differ in length)
    constructor VCFHeader.VCFHeader(Set<VCFHeaderLine>) is not applicable
      (actual and formal argument lists differ in length)
    constructor VCFHeader.VCFHeader(VCFHeader) is not applicable
      (actual and formal argument lists differ in length)
    constructor VCFHeader.VCFHeader(Set<VCFHeaderLine>,Set<String>) is not applicable
      (actual and formal argument lists differ in length)
    constructor VCFHeader.VCFHeader(Set<VCFHeaderLine>,List<String>) is not applicable
      (actual and formal argument lists differ in length)
C:\Users\miaot\Github\BioTest\compares\baselines\randoop\results\htsjdk-1401\work\randoop-tests\randoop\bench\RegressionTest0.java:1729: error: no suitable constructor found for VCFHeader(VCFHeaderVersion,Set<VCFHeaderLine>,Set<String>)
            htsjdk.variant.vcf.VCFHeader vCFHeader19 = new htsjdk.variant.vcf.VCFHeader(vCFHeaderVersion0, vCFHeaderLineSet4, (java.util.Set<java.lang.String>) strSet16);
                                                       ^
    constructor VCFHeader.VCFHeader() is not applicable
      (actual and formal argument lists differ in length)
    constructor VCFHeader.VCFHeader(Set<VCFHeaderLine>) is not applicable
      (actual and formal argument lists differ in length)
    constructor VCFHeader.VCFHeader(VCFHeader) is not applicable
      (actual and formal argument lists differ in length)
    constructor VCFHeader.VCFHeader(Set<VCFHeaderLine>,Set<String>) is not applicable
      (actual and formal argument lists differ in length)
    constructor VCFHeader.VCFHeader(Set<VCFHeaderLine>,List<String>) is not applicable
      (actual and formal argument lists differ in length)
C:\Users\miaot\Github\BioTest\compares\baselines\randoop\results\htsjdk-1401\work\randoop-tests\randoop\bench\RegressionTest0.java:1942: error: cannot find symbol
        htsjdk.variant.vcf.VCFHeaderVersion vCFHeaderVersion6 = vCFHeader0.getVCFHeaderVersion();
                                                                          ^
  symbol:   method getVCFHeaderVersion()
  location: variable vCFHeader0 of type VCFHeader
C:\Users\miaot\Github\BioTest\compares\baselines\randoop\results\htsjdk-1401\work\randoop-tests\randoop\bench\RegressionTest0.java:1997: error: no suitable constructor found for VCFHeader(VCFHeaderVersion,Set<VCFHeaderLine>,Set<String>)
            htsjdk.variant.vcf.VCFHeader vCFHeader64 = new htsjdk.variant.vcf.VCFHeader(vCFHeaderVersion0, (java.util.Set<htsjdk.variant.vcf.VCFHeaderLine>) vCFHeaderLineSet2, (java.util.Set<java.lang.String>) strSet61);
                                                       ^
    constructor VCFHeader.VCFHeader() is not applicable
      (actual and formal argument lists differ in length)
    constructor VCFHeader.VCFHeader(Set<VCFHeaderLine>) is not applicable
      (actual and formal argument lists differ in length)
    constructor VCFHeader.VCFHeader(VCFHeader) is not applicable
      (actual and formal argument lists differ in length)
    constructor VCFHeader.VCFHeader(Set<VCFHeaderLine>,Set<String>) is not applicable
      (actual and formal argument lists differ in length)
    constructor VCFHeader.VCFHeader(Set<VCFHeaderLine>,List<String>) is not applicable
      (actual and formal argument lists differ in length)
C:\Users\miaot\Github\BioTest\compares\baselines\randoop\results\htsjdk-1401\work\randoop-tests\randoop\bench\RegressionTest0.java:2046: error: cannot find symbol
            vCFHeader0.setVCFHeaderVersion(vCFHeaderVersion11);
                      ^
  symbol:   method setVCFHeaderVersion(VCFHeaderVersion)
  location: variable vCFHeader0 of type VCFHeader
C:\Users\miaot\Github\BioTest\compares\baselines\randoop\results\htsjdk-1401\work\randoop-tests\randoop\bench\RegressionTest0.java:2098: error: cannot find symbol
        htsjdk.variant.vcf.VCFHeaderVersion vCFHeaderVersion9 = vCFHeader0.getVCFHeaderVersion();
                                                                          ^
  symbol:   method getVCFHeaderVersion()
  location: variable vCFHeader0 of type VCFHeader
C:\Users\miaot\Github\BioTest\compares\baselines\randoop\results\htsjdk-1401\work\randoop-tests\randoop\bench\RegressionTest0.java:2131: error: cannot find symbol
        htsjdk.variant.vcf.VCFHeaderVersion vCFHeaderVersion4 = vCFHeader0.getVCFHeaderVersion();
                                                                          ^
  symbol:   method getVCFHeaderVersion()
  location: variable vCFHeader0 of type VCFHeader
C:\Users\miaot\Github\BioTest\compares\baselines\randoop\results\htsjdk-1401\work\randoop-tests\randoop\bench\RegressionTest0.java:2199: error: no suitable constructor found for VCFHeader(VCFHeaderVersion,Set<VCFHeaderLine>,Set<String>)
            htsjdk.variant.vcf.VCFHeader vCFHeader37 = new htsjdk.variant.vcf.VCFHeader(vCFHeaderVersion0, vCFHeaderLineSet4, (java.util.Set<java.lang.String>) strSet33);
                                                       ^
    constructor VCFHeader.VCFHeader() is not applicable
      (actual and formal argument lists differ in length)
    constructor VCFHeader.VCFHeader(Set<VCFHeaderLine>) is not applicable
      (actual and formal argument lists differ in length)
    constructor VCFHeader.VCFHeader(VCFHeader) is not applicable
      (actual and formal argument lists differ in length)
    constructor VCFHeader.VCFHeader(Set<VCFHeaderLine>,Set<String>) is not applicable
      (actual and formal argument lists differ in length)
    constructor VCFHeader.VCFHeader(Set<VCFHeaderLine>,List<String>) is not applicable
      (actual and formal argument lists differ in length)
C:\Users\miaot\Github\BioTest\compares\baselines\randoop\results\htsjdk-1401\work\randoop-tests\randoop\bench\RegressionTest0.java:2842: error: no suitable constructor found for VCFHeader(VCFHeaderVersion,Set<VCFHeaderLine>,Set<String>)
            htsjdk.variant.vcf.VCFHeader vCFHeader45 = new htsjdk.variant.vcf.VCFHeader(vCFHeaderVersion0, (java.util.Set<htsjdk.variant.vcf.VCFHeaderLine>) vCFHeaderLineSet2, (java.util.Set<java.lang.String>) strSet40);
                                                       ^
    constructor VCFHeader.VCFHeader() is not applicable
      (actual and formal argument lists differ in length)
    constructor VCFHeader.VCFHeader(Set<VCFHeaderLine>) is not applicable
      (actual and formal argument lists differ in length)
    constructor VCFHeader.VCFHeader(VCFHeader) is not applicable
      (actual and formal argument lists differ in length)
    constructor VCFHeader.VCFHeader(Set<VCFHeaderLine>,Set<String>) is not applicable
      (actual and formal argument lists differ in length)
    constructor VCFHeader.VCFHeader(Set<VCFHeaderLine>,List<String>) is not applicable
      (actual and formal argument lists differ in length)
C:\Users\miaot\Github\BioTest\compares\baselines\randoop\results\htsjdk-1401\work\randoop-tests\randoop\bench\RegressionTest0.java:2934: error: cannot find symbol
        htsjdk.variant.vcf.VCFHeaderVersion vCFHeaderVersion2 = vCFHeader0.getVCFHeaderVersion();
                                                                          ^
  symbol:   method getVCFHeaderVersion()
  location: variable vCFHeader0 of type VCFHeader
C:\Users\miaot\Github\BioTest\compares\baselines\randoop\results\htsjdk-1401\work\randoop-tests\randoop\bench\RegressionTest0.java:2982: error: no suitable constructor found for VCFHeader(VCFHeaderVersion,Set<VCFHeaderLine>,Set<String>)
            htsjdk.variant.vcf.VCFHeader vCFHeader55 = new htsjdk.variant.vcf.VCFHeader(vCFHeaderVersion0, (java.util.Set<htsjdk.variant.vcf.VCFHeaderLine>) vCFHeaderLineSet2, (java.util.Set<java.lang.String>) strSet51);
                                                       ^
    constructor VCFHeader.VCFHeader() is not applicable
      (actual and formal argument lists differ in length)
    constructor VCFHeader.VCFHeader(Set<VCFHeaderLine>) is not applicable
      (actual and formal argument lists differ in length)
    constructor VCFHeader.VCFHeader(VCFHeader) is not applicable
      (actual and formal argument lists differ in length)
    constructor VCFHeader.VCFHeader(Set<VCFHeaderLine>,Set<String>) is not applicable
      (actual and formal argument lists differ in length)
    constructor VCFHeader.VCFHeader(Set<VCFHeaderLine>,List<String>) is not applicable
      (actual and formal argument lists differ in length)
C:\Users\miaot\Github\BioTest\compares\baselines\randoop\results\htsjdk-1401\work\randoop-tests\randoop\bench\RegressionTest0.java:3175: error: cannot find symbol
        htsjdk.variant.vcf.VCFHeaderVersion vCFHeaderVersion9 = vCFHeader0.getVCFHeaderVersion();
                                                                          ^
  symbol:   method getVCFHeaderVersion()
  location: variable vCFHeader0 of type VCFHeader
C:\Users\miaot\Github\BioTest\compares\baselines\randoop\results\htsjdk-1401\work\randoop-tests\randoop\bench\RegressionTest0.java:3230: error: no suitable constructor found for VCFHeader(VCFHeaderVersion,Set<VCFHeaderLine>,Set<String>)
            htsjdk.variant.vcf.VCFHeader vCFHeader23 = new htsjdk.variant.vcf.VCFHeader(vCFHeaderVersion0, vCFHeaderLineSet14, (java.util.Set<java.lang.String>) strSet20);
                                                       ^
    constructor VCFHeader.VCFHeader() is not applicable
      (actual and formal argument lists differ in length)
    constructor VCFHeader.VCFHeader(Set<VCFHeaderLine>) is not applicable
      (actual and formal argument lists differ in length)
    constructor VCFHeader.VCFHeader(VCFHeader) is not applicable
      (actual and formal argument lists differ in length)
    constructor VCFHeader.VCFHeader(Set<VCFHeaderLine>,Set<String>) is not applicable
      (actual and formal argument lists differ in length)
    constructor VCFHeader.VCFHeader(Set<VCFHeaderLine>,List<String>) is not applicable
      (actual and formal argument lists differ in length)
C:\Users\miaot\Github\BioTest\compares\baselines\randoop\results\htsjdk-1401\work\randoop-tests\randoop\bench\RegressionTest0.java:3295: error: cannot find symbol
        htsjdk.variant.vcf.VCFHeaderVersion vCFHeaderVersion11 = vCFHeader0.getVCFHeaderVersion();
                                                                           ^
  symbol:   method getVCFHeaderVersion()
  location: variable vCFHeader0 of type VCFHeader
C:\Users\miaot\Github\BioTest\compares\baselines\randoop\results\htsjdk-1401\work\randoop-tests\randoop\bench\RegressionTest0.java:3714: error: cannot find symbol
        htsjdk.variant.vcf.VCFHeaderVersion vCFHeaderVersion26 = vCFHeader23.getVCFHeaderVersion();
                                                                            ^
  symbol:   method getVCFHeaderVersion()
  location: variable vCFHeader23 of type VCFHeader
C:\Users\miaot\Github\BioTest\compares\baselines\randoop\results\htsjdk-1401\work\randoop-tests\randoop\bench\RegressionTest0.java:4107: error: cannot find symbol
        htsjdk.variant.vcf.VCFHeaderVersion vCFHeaderVersion4 = vCFHeader0.getVCFHeaderVersion();
                                                                          ^
  symbol:   method getVCFHeaderVersion()
  location: variable vCFHeader0 of type VCFHeader
C:\Users\miaot\Github\BioTest\compares\baselines\randoop\results\htsjdk-1401\work\randoop-tests\randoop\bench\RegressionTest0.java:4317: error: cannot find symbol
        htsjdk.variant.vcf.VCFHeaderVersion vCFHeaderVersion10 = vCFHeader9.getVCFHeaderVersion();
                                                                           ^
  symbol:   method getVCFHeaderVersion()
  location: variable vCFHeader9 of type VCFHeader
C:\Users\miaot\Github\BioTest\compares\baselines\randoop\results\htsjdk-1401\work\randoop-tests\randoop\bench\RegressionTest0.java:4698: error: cannot find symbol
        htsjdk.variant.vcf.VCFHeaderVersion vCFHeaderVersion9 = vCFHeader0.getVCFHeaderVersion();
                                                                          ^
  symbol:   method getVCFHeaderVersion()
  location: variable vCFHeader0 of type VCFHeader
C:\Users\miaot\Github\BioTest\compares\baselines\randoop\results\htsjdk-1401\work\randoop-tests\randoop\bench\RegressionTest0.java:4966: error: cannot find symbol
        htsjdk.variant.vcf.VCFHeaderVersion vCFHeaderVersion13 = vCFHeader0.getVCFHeaderVersion();
                                                                           ^
  symbol:   method getVCFHeaderVersion()
  location: variable vCFHeader0 of type VCFHeader
C:\Users\miaot\Github\BioTest\compares\baselines\randoop\results\htsjdk-1401\work\randoop-tests\randoop\bench\RegressionTest0.java:5212: error: cannot find symbol
        htsjdk.variant.vcf.VCFHeaderVersion vCFHeaderVersion4 = vCFHeader0.getVCFHeaderVersion();
                                                                          ^
  symbol:   method getVCFHeaderVersion()
  location: variable vCFHeader0 of type VCFHeader
C:\Users\miaot\Github\BioTest\compares\baselines\randoop\results\htsjdk-1401\work\randoop-tests\randoop\bench\RegressionTest0.java:5237: error: cannot find symbol
        htsjdk.variant.vcf.VCFHeaderVersion vCFHeaderVersion9 = vCFHeader0.getVCFHeaderVersion();
                                                                          ^
  symbol:   method getVCFHeaderVersion()
  location: variable vCFHeader0 of type VCFHeader
C:\Users\miaot\Github\BioTest\compares\baselines\randoop\results\htsjdk-1401\work\randoop-tests\randoop\bench\RegressionTest0.java:5460: error: cannot find symbol
        htsjdk.variant.vcf.VCFHeaderVersion vCFHeaderVersion9 = vCFHeader0.getVCFHeaderVersion();
                                                                          ^
  symbol:   method getVCFHeaderVersion()
  location: variable vCFHeader0 of type VCFHeader
C:\Users\miaot\Github\BioTest\compares\baselines\randoop\results\htsjdk-1401\work\randoop-tests\randoop\bench\RegressionTest0.java:5645: error: cannot find symbol
        htsjdk.variant.vcf.VCFHeaderVersion vCFHeaderVersion9 = vCFHeader0.getVCFHeaderVersion();
                                                                          ^
  symbol:   method getVCFHeaderVersion()
  location: variable vCFHeader0 of type VCFHeader
C:\Users\miaot\Github\BioTest\compares\baselines\randoop\results\htsjdk-1401\work\randoop-tests\randoop\bench\RegressionTest0.java:5693: error: cannot find symbol
        htsjdk.variant.vcf.VCFHeaderVersion vCFHeaderVersion9 = vCFHeader0.getVCFHeaderVersion();
                                                                          ^
  symbol:   method getVCFHeaderVersion()
  location: variable vCFHeader0 of type VCFHeader
C:\Users\miaot\Github\BioTest\compares\baselines\randoop\results\htsjdk-1401\work\randoop-tests\randoop\bench\RegressionTest0.java:5764: error: cannot find symbol
        htsjdk.variant.vcf.VCFHeaderVersion vCFHeaderVersion4 = vCFHeader0.getVCFHeaderVersion();
                                                                          ^
  symbol:   method getVCFHeaderVersion()
  location: variable vCFHeader0 of type VCFHeader
51 errors
[randoop] javac rc=1
[randoop] 1 test class(es) generated
[randoop] junit randoop.bench.RegressionTest0 rc=0 pass=True | Time: 0.048 //  // OK (275 tests)
[randoop] detected=1/1 (pre_pass=0 post_pass=1)
