[13:21:46] [vcfpy_vcf     ] === cascade start (host, max_iter=2) ===
[13:21:46] [vcfpy_vcf     ]     initial seeds: VCF=33  SAM=74
[13:21:46] [vcfpy_vcf     ] --- rep 0 ---
[13:21:46] [vcfpy_vcf     ]     seeds entering rep: {'vcf_total': 33, 'vcf_kept': 0, 'vcf_synthetic': 0, 'sam_total': 74, 'sam_kept': 0, 'sam_synthetic': 0}
[13:21:46] [vcfpy_vcf     ]     reset data/ + bug_reports/ + coverage_artifacts/ (seeds preserved — independent trials)
[13:21:46] [vcfpy_vcf     ]     cmd: python harness_run.py --mode E2 --config biotest_config.rep0.yaml --phase B,C,E
[13:21:46] [vcfpy_vcf     ]     budget: 5400s (host)
[14:19:39] [vcfpy_vcf     ]     rep 0 exit=0 elapsed=3473s
[14:19:40] [vcfpy_vcf     ]     -> line=71.90% covered=846/1176 status=ok seeds_after={'vcf_total': 33, 'vcf_kept': 0, 'vcf_synthetic': 0, 'sam_total': 74, 'sam_kept': 0, 'sam_synthetic': 0}
[14:19:40] [vcfpy_vcf     ] --- rep 1 ---
[14:19:40] [vcfpy_vcf     ]     seeds entering rep: {'vcf_total': 33, 'vcf_kept': 0, 'vcf_synthetic': 0, 'sam_total': 74, 'sam_kept': 0, 'sam_synthetic': 0}
[14:19:44] [vcfpy_vcf     ]     reset data/ + bug_reports/ + coverage_artifacts/ (seeds preserved — independent trials)
[14:19:44] [vcfpy_vcf     ]     cmd: python harness_run.py --mode E2 --config biotest_config.rep1.yaml --phase B,C,E
[14:19:44] [vcfpy_vcf     ]     budget: 5400s (host)
[15:23:01] [vcfpy_vcf     ]     rep 1 exit=0 elapsed=3797s
[15:23:02] [vcfpy_vcf     ]     -> line=72.60% covered=854/1176 status=ok seeds_after={'vcf_total': 33, 'vcf_kept': 0, 'vcf_synthetic': 0, 'sam_total': 74, 'sam_kept': 0, 'sam_synthetic': 0}
[15:23:02] [vcfpy_vcf     ] --- rep 2 ---
[15:23:02] [vcfpy_vcf     ]     seeds entering rep: {'vcf_total': 33, 'vcf_kept': 0, 'vcf_synthetic': 0, 'sam_total': 74, 'sam_kept': 0, 'sam_synthetic': 0}
[15:23:09] [vcfpy_vcf     ]     reset data/ + bug_reports/ + coverage_artifacts/ (seeds preserved — independent trials)
[15:23:09] [vcfpy_vcf     ]     cmd: python harness_run.py --mode E2 --config biotest_config.rep2.yaml --phase B,C,E
[15:23:09] [vcfpy_vcf     ]     budget: 5400s (host)
[16:28:34] [vcfpy_vcf     ]     rep 2 exit=0 elapsed=3925s
[16:28:35] [vcfpy_vcf     ]     -> line=71.90% covered=846/1176 status=ok seeds_after={'vcf_total': 33, 'vcf_kept': 0, 'vcf_synthetic': 0, 'sam_total': 74, 'sam_kept': 0, 'sam_synthetic': 0}
[16:28:35] [vcfpy_vcf     ] --- rep 3 ---
[16:28:35] [vcfpy_vcf     ]     seeds entering rep: {'vcf_total': 33, 'vcf_kept': 0, 'vcf_synthetic': 0, 'sam_total': 74, 'sam_kept': 0, 'sam_synthetic': 0}
[16:28:42] [vcfpy_vcf     ]     reset data/ + bug_reports/ + coverage_artifacts/ (seeds preserved — independent trials)
[16:28:42] [vcfpy_vcf     ]     cmd: python harness_run.py --mode E2 --config biotest_config.rep3.yaml --phase B,C,E
[16:28:42] [vcfpy_vcf     ]     budget: 5400s (host)
[17:05:16] [vcfpy_vcf     ]     rep 3 exit=0 elapsed=2194s
[17:05:17] [vcfpy_vcf     ]     -> line=71.70% covered=843/1176 status=ok seeds_after={'vcf_total': 33, 'vcf_kept': 0, 'vcf_synthetic': 0, 'sam_total': 74, 'sam_kept': 0, 'sam_synthetic': 0}
[17:05:17] [vcfpy_vcf     ] === cascade complete (4 reps) ===
