[master] cells: ['vcfpy_vcf', 'biopython_sam', 'seqan3_sam']
[master] budgets: vcf=5400s sam=5400s reps=4
[setup] preparing container cov binaries...
[setup] container cov binaries ready
[master] launching 3 cells in parallel...
[master] cumulative=False
[master] [biopython_sam] CASCADE OK
[master] [vcfpy_vcf] CASCADE OK
[master] [seqan3_sam] CASCADE OK

[master] all cells complete in 89.6 min
[master] cells: ['htsjdk_vcf', 'noodles_vcf', 'htsjdk_sam']
[master] budgets: vcf=5400s sam=5400s reps=4
[setup] preparing container cov binaries...
[setup] container cov binaries ready
[master] launching 3 cells in parallel...
[master] cumulative=False
[master] [htsjdk_sam] CASCADE OK
[master] [htsjdk_vcf] CASCADE OK
[master] [noodles_vcf] CASCADE OK

[master] all cells complete in 41.1 min
[master] cells: ['htsjdk_vcf', 'noodles_vcf', 'htsjdk_sam']
[master] budgets: vcf=5400s sam=5400s reps=4
[setup] preparing container cov binaries...
[setup] container cov binaries ready
[master] launching 3 cells in parallel...
[master] cumulative=False
[master] [noodles_vcf] CASCADE OK
[master] [htsjdk_vcf] CASCADE OK
[master] [htsjdk_sam] CASCADE OK

[master] all cells complete in 71.7 min
[master] cells: ['htsjdk_vcf', 'noodles_vcf', 'htsjdk_sam']
[master] budgets: vcf=5400s sam=5400s reps=4
[setup] preparing container cov binaries...
[setup] container cov binaries ready
[master] launching 3 cells in parallel...
[master] cumulative=False
[master] [noodles_vcf] CASCADE OK
[master] [htsjdk_sam] CASCADE OK
[master] [htsjdk_vcf] CASCADE OK

[master] all cells complete in 187.6 min
