[22:55:47] [htsjdk_vcf    ] === cascade start (host, max_iter=2) ===
[22:55:47] [htsjdk_vcf    ]     initial seeds: VCF=33  SAM=74
[22:55:47] [htsjdk_vcf    ] --- rep 0 ---
[22:55:47] [htsjdk_vcf    ]     seeds entering rep: {'vcf_total': 33, 'vcf_kept': 0, 'vcf_synthetic': 0, 'sam_total': 74, 'sam_kept': 0, 'sam_synthetic': 0}
[22:55:47] [htsjdk_vcf    ]     reset data/ + bug_reports/ (seeds + coverage_artifacts preserved — cumulative cascade)
[22:55:47] [htsjdk_vcf    ]     cmd: python harness_run.py --mode E0 --config biotest_config.rep0.yaml --phase D,E
[22:55:47] [htsjdk_vcf    ]     budget: 5400s (host)
[00:25:48] [htsjdk_vcf    ]     timeout after 5400s — sending CTRL_BREAK_EVENT (graceful)
[00:25:48] [htsjdk_vcf    ]     rep 0 exit=3221225786 elapsed=5400s
[00:25:52] [htsjdk_vcf    ]     -> line=46.90% covered=1742/3716 status=ok seeds_after={'vcf_total': 137, 'vcf_kept': 104, 'vcf_synthetic': 0, 'sam_total': 74, 'sam_kept': 0, 'sam_synthetic': 0}
[00:25:52] [htsjdk_vcf    ] --- rep 1 ---
[00:25:52] [htsjdk_vcf    ]     seeds entering rep: {'vcf_total': 137, 'vcf_kept': 104, 'vcf_synthetic': 0, 'sam_total': 74, 'sam_kept': 0, 'sam_synthetic': 0}
[00:25:56] [htsjdk_vcf    ]     reset data/ + bug_reports/ (seeds + coverage_artifacts preserved — cumulative cascade)
[00:25:56] [htsjdk_vcf    ]     cmd: python harness_run.py --mode E0 --config biotest_config.rep1.yaml --phase D,E
[00:25:56] [htsjdk_vcf    ]     budget: 5400s (host)
[01:55:56] [htsjdk_vcf    ]     timeout after 5400s — sending CTRL_BREAK_EVENT (graceful)
[01:55:56] [htsjdk_vcf    ]     rep 1 exit=3221225786 elapsed=5400s
[01:55:59] [htsjdk_vcf    ]     -> line=47.40% covered=1763/3716 status=ok seeds_after={'vcf_total': 292, 'vcf_kept': 259, 'vcf_synthetic': 0, 'sam_total': 74, 'sam_kept': 0, 'sam_synthetic': 0}
[01:55:59] [htsjdk_vcf    ] --- rep 2 ---
[01:55:59] [htsjdk_vcf    ]     seeds entering rep: {'vcf_total': 292, 'vcf_kept': 259, 'vcf_synthetic': 0, 'sam_total': 74, 'sam_kept': 0, 'sam_synthetic': 0}
[01:55:59] [htsjdk_vcf    ]     reset data/ + bug_reports/ (seeds + coverage_artifacts preserved — cumulative cascade)
[01:55:59] [htsjdk_vcf    ]     cmd: python harness_run.py --mode E0 --config biotest_config.rep2.yaml --phase D,E
[01:55:59] [htsjdk_vcf    ]     budget: 5400s (host)
[03:25:59] [htsjdk_vcf    ]     timeout after 5400s — sending CTRL_BREAK_EVENT (graceful)
[03:25:59] [htsjdk_vcf    ]     rep 2 exit=3221225786 elapsed=5400s
[03:26:02] [htsjdk_vcf    ]     -> line=47.60% covered=1769/3716 status=ok seeds_after={'vcf_total': 548, 'vcf_kept': 515, 'vcf_synthetic': 0, 'sam_total': 74, 'sam_kept': 0, 'sam_synthetic': 0}
[03:26:02] [htsjdk_vcf    ] === cascade complete (3 reps) ===
