[17:12:39] [htsjdk_sam    ] === cascade start (host, max_iter=2) ===
[17:12:40] [htsjdk_sam    ]     initial seeds: VCF=33  SAM=74
[17:12:40] [htsjdk_sam    ] --- rep 0 ---
[17:12:40] [htsjdk_sam    ]     seeds entering rep: {'vcf_total': 33, 'vcf_kept': 0, 'vcf_synthetic': 0, 'sam_total': 74, 'sam_kept': 0, 'sam_synthetic': 0}
[17:12:40] [htsjdk_sam    ]     reset data/ + bug_reports/ + coverage_artifacts/ (seeds preserved — independent trials)
[17:12:40] [htsjdk_sam    ]     cmd: python harness_run.py --mode E0 --config biotest_config.rep0.yaml --phase D,E
[17:12:40] [htsjdk_sam    ]     budget: 5400s (host)
[17:12:40] [htsjdk_sam    ]     env: BIOTEST_MULTISHOT_K=2  BIOTEST_AUTO_INVOKE_PUBLIC_METHODS=1 (refine round 4)
[18:42:40] [htsjdk_sam    ]     timeout after 5400s — terminating
[18:42:40] [htsjdk_sam    ]     rep 0 exit=1 elapsed=5400s
[18:42:43] [htsjdk_sam    ]     -> line=30.90% covered=1593/5154 status=ok seeds_after={'vcf_total': 33, 'vcf_kept': 0, 'vcf_synthetic': 0, 'sam_total': 343, 'sam_kept': 269, 'sam_synthetic': 0}
[18:42:43] [htsjdk_sam    ] --- rep 1 ---
[18:42:43] [htsjdk_sam    ]     seeds entering rep: {'vcf_total': 33, 'vcf_kept': 0, 'vcf_synthetic': 0, 'sam_total': 343, 'sam_kept': 269, 'sam_synthetic': 0}
[18:42:52] [htsjdk_sam    ]     reset data/ + bug_reports/ + coverage_artifacts/ (seeds preserved — independent trials)
[18:42:52] [htsjdk_sam    ]     cmd: python harness_run.py --mode E0 --config biotest_config.rep1.yaml --phase D,E
[18:42:52] [htsjdk_sam    ]     budget: 5400s (host)
[18:42:52] [htsjdk_sam    ]     env: BIOTEST_MULTISHOT_K=2  BIOTEST_AUTO_INVOKE_PUBLIC_METHODS=1 (refine round 4)
[20:12:52] [htsjdk_sam    ]     timeout after 5400s — terminating
[20:12:52] [htsjdk_sam    ]     rep 1 exit=1 elapsed=5400s
[20:12:55] [htsjdk_sam    ]     -> line=30.90% covered=1594/5154 status=ok seeds_after={'vcf_total': 33, 'vcf_kept': 0, 'vcf_synthetic': 0, 'sam_total': 681, 'sam_kept': 607, 'sam_synthetic': 0}
[20:12:55] [htsjdk_sam    ] --- rep 2 ---
[20:12:55] [htsjdk_sam    ]     seeds entering rep: {'vcf_total': 33, 'vcf_kept': 0, 'vcf_synthetic': 0, 'sam_total': 681, 'sam_kept': 607, 'sam_synthetic': 0}
[20:13:09] [htsjdk_sam    ]     reset data/ + bug_reports/ + coverage_artifacts/ (seeds preserved — independent trials)
[20:13:09] [htsjdk_sam    ]     cmd: python harness_run.py --mode E0 --config biotest_config.rep2.yaml --phase D,E
[20:13:09] [htsjdk_sam    ]     budget: 5400s (host)
[20:13:09] [htsjdk_sam    ]     env: BIOTEST_MULTISHOT_K=2  BIOTEST_AUTO_INVOKE_PUBLIC_METHODS=1 (refine round 4)
[21:43:09] [htsjdk_sam    ]     timeout after 5400s — terminating
[21:43:09] [htsjdk_sam    ]     rep 2 exit=1 elapsed=5400s
[21:43:15] [htsjdk_sam    ]     -> line=30.90% covered=1591/5154 status=ok seeds_after={'vcf_total': 33, 'vcf_kept': 0, 'vcf_synthetic': 0, 'sam_total': 980, 'sam_kept': 906, 'sam_synthetic': 0}
[21:43:15] [htsjdk_sam    ] --- rep 3 ---
[21:43:15] [htsjdk_sam    ]     seeds entering rep: {'vcf_total': 33, 'vcf_kept': 0, 'vcf_synthetic': 0, 'sam_total': 980, 'sam_kept': 906, 'sam_synthetic': 0}
[21:43:27] [htsjdk_sam    ]     reset data/ + bug_reports/ + coverage_artifacts/ (seeds preserved — independent trials)
[21:43:27] [htsjdk_sam    ]     cmd: python harness_run.py --mode E0 --config biotest_config.rep3.yaml --phase D,E
[21:43:27] [htsjdk_sam    ]     budget: 5400s (host)
[21:43:27] [htsjdk_sam    ]     env: BIOTEST_MULTISHOT_K=2  BIOTEST_AUTO_INVOKE_PUBLIC_METHODS=1 (refine round 4)
[23:13:27] [htsjdk_sam    ]     timeout after 5400s — terminating
[23:13:27] [htsjdk_sam    ]     rep 3 exit=1 elapsed=5400s
[23:13:30] [htsjdk_sam    ]     -> line=27.50% covered=1418/5154 status=ok seeds_after={'vcf_total': 33, 'vcf_kept': 0, 'vcf_synthetic': 0, 'sam_total': 1236, 'sam_kept': 1162, 'sam_synthetic': 0}
[23:13:30] [htsjdk_sam    ] === cascade complete (4 reps) ===
