[03:26:31] [seqan3_sam    ] === cascade start (container, max_iter=2) ===
[03:26:31] [seqan3_sam    ]     initial seeds: VCF=33  SAM=74
[03:26:31] [seqan3_sam    ] --- rep 0 ---
[03:26:31] [seqan3_sam    ]     seeds entering rep: {'vcf_total': 33, 'vcf_kept': 0, 'vcf_synthetic': 0, 'sam_total': 74, 'sam_kept': 0, 'sam_synthetic': 0}
[03:26:31] [seqan3_sam    ]     reset data/ + bug_reports/ (seeds + coverage_artifacts preserved — cumulative cascade)
[03:26:32] [seqan3_sam    ]     env (container): BIOTEST_MULTISHOT_K=2 (refine round 4)
[03:26:32] [seqan3_sam    ]     cmd: docker exec biotest-bench-setup python3.12 harness_run.py --mode E0 ...
[03:26:32] [seqan3_sam    ]     budget: 5400s (container)
[04:57:03] [seqan3_sam    ]     rep 0 exit=0 elapsed=5432s
[04:59:12] [seqan3_sam    ]     -> line=93.90% covered=756/805 status=ok seeds_after={'vcf_total': 33, 'vcf_kept': 0, 'vcf_synthetic': 0, 'sam_total': 619, 'sam_kept': 540, 'sam_synthetic': 5}
[04:59:12] [seqan3_sam    ] --- rep 1 ---
[04:59:12] [seqan3_sam    ]     seeds entering rep: {'vcf_total': 33, 'vcf_kept': 0, 'vcf_synthetic': 0, 'sam_total': 619, 'sam_kept': 540, 'sam_synthetic': 5}
[04:59:29] [seqan3_sam    ]     reset data/ + bug_reports/ (seeds + coverage_artifacts preserved — cumulative cascade)
[04:59:29] [seqan3_sam    ]     env (container): BIOTEST_MULTISHOT_K=2 (refine round 4)
[04:59:29] [seqan3_sam    ]     cmd: docker exec biotest-bench-setup python3.12 harness_run.py --mode E0 ...
[04:59:29] [seqan3_sam    ]     budget: 5400s (container)
[06:30:04] [seqan3_sam    ]     rep 1 exit=0 elapsed=5435s
[06:30:09] [seqan3_sam    ]     -> line=93.90% covered=756/805 status=ok seeds_after={'vcf_total': 33, 'vcf_kept': 0, 'vcf_synthetic': 0, 'sam_total': 1266, 'sam_kept': 1187, 'sam_synthetic': 5}
[06:30:09] [seqan3_sam    ] --- rep 2 ---
[06:30:09] [seqan3_sam    ]     seeds entering rep: {'vcf_total': 33, 'vcf_kept': 0, 'vcf_synthetic': 0, 'sam_total': 1266, 'sam_kept': 1187, 'sam_synthetic': 5}
[06:30:25] [seqan3_sam    ]     reset data/ + bug_reports/ (seeds + coverage_artifacts preserved — cumulative cascade)
[06:30:25] [seqan3_sam    ]     env (container): BIOTEST_MULTISHOT_K=2 (refine round 4)
[06:30:25] [seqan3_sam    ]     cmd: docker exec biotest-bench-setup python3.12 harness_run.py --mode E0 ...
[06:30:25] [seqan3_sam    ]     budget: 5400s (container)
[08:02:08] [seqan3_sam    ]     rep 2 exit=0 elapsed=5503s
[08:02:12] [seqan3_sam    ]     -> line=93.90% covered=756/805 status=ok seeds_after={'vcf_total': 33, 'vcf_kept': 0, 'vcf_synthetic': 0, 'sam_total': 2053, 'sam_kept': 1974, 'sam_synthetic': 5}
[08:02:12] [seqan3_sam    ] === cascade complete (3 reps) ===
