[20:58:08] [vcfpy_vcf     ] === cascade start (host, max_iter=2) ===
[20:58:08] [vcfpy_vcf     ]     initial seeds: VCF=33  SAM=74
[20:58:08] [vcfpy_vcf     ] --- rep 0 ---
[20:58:08] [vcfpy_vcf     ]     seeds entering rep: {'vcf_total': 33, 'vcf_kept': 0, 'vcf_synthetic': 0, 'sam_total': 74, 'sam_kept': 0, 'sam_synthetic': 0}
[20:58:08] [vcfpy_vcf     ]     reset data/ + bug_reports/ (seeds + coverage_artifacts preserved — cumulative cascade)
[20:58:08] [vcfpy_vcf     ]     cmd: python harness_run.py --mode E0 --config biotest_config.rep0.yaml --phase D,E
[20:58:08] [vcfpy_vcf     ]     budget: 5400s (host)
[22:28:08] [vcfpy_vcf     ]     timeout after 5400s — sending CTRL_BREAK_EVENT (graceful)
[22:28:09] [vcfpy_vcf     ]     rep 0 exit=3221225786 elapsed=5400s
[22:28:09] [vcfpy_vcf     ]     -> line=71.80% covered=844/1176 status=ok seeds_after={'vcf_total': 49, 'vcf_kept': 16, 'vcf_synthetic': 0, 'sam_total': 74, 'sam_kept': 0, 'sam_synthetic': 0}
[22:28:09] [vcfpy_vcf     ] --- rep 1 ---
[22:28:09] [vcfpy_vcf     ]     seeds entering rep: {'vcf_total': 49, 'vcf_kept': 16, 'vcf_synthetic': 0, 'sam_total': 74, 'sam_kept': 0, 'sam_synthetic': 0}
[22:28:18] [vcfpy_vcf     ]     reset data/ + bug_reports/ (seeds + coverage_artifacts preserved — cumulative cascade)
[22:28:18] [vcfpy_vcf     ]     cmd: python harness_run.py --mode E0 --config biotest_config.rep1.yaml --phase D,E
[22:28:18] [vcfpy_vcf     ]     budget: 5400s (host)
[23:58:18] [vcfpy_vcf     ]     timeout after 5400s — sending CTRL_BREAK_EVENT (graceful)
[23:58:18] [vcfpy_vcf     ]     rep 1 exit=3221225786 elapsed=5400s
[23:58:19] [vcfpy_vcf     ]     -> line=71.90% covered=845/1176 status=ok seeds_after={'vcf_total': 100, 'vcf_kept': 67, 'vcf_synthetic': 0, 'sam_total': 74, 'sam_kept': 0, 'sam_synthetic': 0}
[23:58:19] [vcfpy_vcf     ] --- rep 2 ---
[23:58:19] [vcfpy_vcf     ]     seeds entering rep: {'vcf_total': 100, 'vcf_kept': 67, 'vcf_synthetic': 0, 'sam_total': 74, 'sam_kept': 0, 'sam_synthetic': 0}
[23:58:21] [vcfpy_vcf     ]     reset data/ + bug_reports/ (seeds + coverage_artifacts preserved — cumulative cascade)
[23:58:21] [vcfpy_vcf     ]     cmd: python harness_run.py --mode E0 --config biotest_config.rep2.yaml --phase D,E
[23:58:21] [vcfpy_vcf     ]     budget: 5400s (host)
[01:27:44] [vcfpy_vcf     ]     rep 2 exit=0 elapsed=5362s
[01:27:45] [vcfpy_vcf     ]     -> line=71.90% covered=846/1176 status=ok seeds_after={'vcf_total': 199, 'vcf_kept': 166, 'vcf_synthetic': 0, 'sam_total': 74, 'sam_kept': 0, 'sam_synthetic': 0}
[01:27:45] [vcfpy_vcf     ] === cascade complete (3 reps) ===
