[12:28:12] [htsjdk_sam    ] === cascade start (host, max_iter=2) ===
[12:28:12] [htsjdk_sam    ]     initial seeds: VCF=33  SAM=74
[12:28:12] [htsjdk_sam    ] --- rep 0 ---
[12:28:12] [htsjdk_sam    ]     seeds entering rep: {'vcf_total': 33, 'vcf_kept': 0, 'vcf_synthetic': 0, 'sam_total': 74, 'sam_kept': 0, 'sam_synthetic': 0}
[12:28:12] [htsjdk_sam    ]     reset data/ + bug_reports/ + coverage_artifacts/ (seeds preserved — independent trials)
[12:28:12] [htsjdk_sam    ]     cmd: python harness_run.py --mode E3 --config biotest_config.rep0.yaml --phase B,C,E
[12:28:12] [htsjdk_sam    ]     budget: 5400s (host)
[12:28:12] [htsjdk_sam    ]     env: BIOTEST_MULTISHOT_K=2  BIOTEST_AUTO_INVOKE_PUBLIC_METHODS=1 (refine round 4)
[12:35:50] [htsjdk_sam    ]     rep 0 exit=1 elapsed=457s
[12:35:50] [htsjdk_sam    ]     -> line=0.00% covered=0/0 status=missing seeds_after={'vcf_total': 33, 'vcf_kept': 0, 'vcf_synthetic': 0, 'sam_total': 74, 'sam_kept': 0, 'sam_synthetic': 0}
[12:35:50] [htsjdk_sam    ] --- rep 1 ---
[12:35:50] [htsjdk_sam    ]     seeds entering rep: {'vcf_total': 33, 'vcf_kept': 0, 'vcf_synthetic': 0, 'sam_total': 74, 'sam_kept': 0, 'sam_synthetic': 0}
[12:35:50] [htsjdk_sam    ]     reset data/ + bug_reports/ + coverage_artifacts/ (seeds preserved — independent trials)
[12:35:50] [htsjdk_sam    ]     cmd: python harness_run.py --mode E3 --config biotest_config.rep1.yaml --phase B,C,E
[12:35:50] [htsjdk_sam    ]     budget: 5400s (host)
[12:35:50] [htsjdk_sam    ]     env: BIOTEST_MULTISHOT_K=2  BIOTEST_AUTO_INVOKE_PUBLIC_METHODS=1 (refine round 4)
[13:14:36] [htsjdk_sam    ]     rep 1 exit=0 elapsed=2327s
[13:14:38] [htsjdk_sam    ]     -> line=30.40% covered=1580/5200 status=ok seeds_after={'vcf_total': 33, 'vcf_kept': 0, 'vcf_synthetic': 0, 'sam_total': 74, 'sam_kept': 0, 'sam_synthetic': 0}
[13:14:38] [htsjdk_sam    ] --- rep 2 ---
[13:14:38] [htsjdk_sam    ]     seeds entering rep: {'vcf_total': 33, 'vcf_kept': 0, 'vcf_synthetic': 0, 'sam_total': 74, 'sam_kept': 0, 'sam_synthetic': 0}
[13:14:44] [htsjdk_sam    ]     reset data/ + bug_reports/ + coverage_artifacts/ (seeds preserved — independent trials)
[13:14:44] [htsjdk_sam    ]     cmd: python harness_run.py --mode E3 --config biotest_config.rep2.yaml --phase B,C,E
[13:14:44] [htsjdk_sam    ]     budget: 5400s (host)
[13:14:44] [htsjdk_sam    ]     env: BIOTEST_MULTISHOT_K=2  BIOTEST_AUTO_INVOKE_PUBLIC_METHODS=1 (refine round 4)
[13:41:32] [htsjdk_sam    ]     rep 2 exit=1 elapsed=1608s
[13:41:32] [htsjdk_sam    ]     -> line=0.00% covered=0/0 status=missing seeds_after={'vcf_total': 33, 'vcf_kept': 0, 'vcf_synthetic': 0, 'sam_total': 74, 'sam_kept': 0, 'sam_synthetic': 0}
[13:41:32] [htsjdk_sam    ] --- rep 3 ---
[13:41:32] [htsjdk_sam    ]     seeds entering rep: {'vcf_total': 33, 'vcf_kept': 0, 'vcf_synthetic': 0, 'sam_total': 74, 'sam_kept': 0, 'sam_synthetic': 0}
[13:41:32] [htsjdk_sam    ]     reset data/ + bug_reports/ + coverage_artifacts/ (seeds preserved — independent trials)
[13:41:32] [htsjdk_sam    ]     cmd: python harness_run.py --mode E3 --config biotest_config.rep3.yaml --phase B,C,E
[13:41:32] [htsjdk_sam    ]     budget: 5400s (host)
[13:41:32] [htsjdk_sam    ]     env: BIOTEST_MULTISHOT_K=2  BIOTEST_AUTO_INVOKE_PUBLIC_METHODS=1 (refine round 4)
[15:11:32] [htsjdk_sam    ]     timeout after 5400s — sending CTRL_BREAK_EVENT (graceful)
[15:11:32] [htsjdk_sam    ]     rep 3 exit=3221225786 elapsed=5400s
[15:11:32] [htsjdk_sam    ]     -> line=0.00% covered=0/0 status=missing seeds_after={'vcf_total': 33, 'vcf_kept': 0, 'vcf_synthetic': 0, 'sam_total': 74, 'sam_kept': 0, 'sam_synthetic': 0}
[15:11:32] [htsjdk_sam    ] === cascade complete (4 reps) ===
