[03:35:36] [vcfpy_vcf     ] === cascade start (host, max_iter=2) ===
[03:35:36] [vcfpy_vcf     ]     initial seeds: VCF=33  SAM=74
[03:35:36] [vcfpy_vcf     ] --- rep 0 ---
[03:35:36] [vcfpy_vcf     ]     seeds entering rep: {'vcf_total': 33, 'vcf_kept': 0, 'vcf_synthetic': 0, 'sam_total': 74, 'sam_kept': 0, 'sam_synthetic': 0}
[03:35:36] [vcfpy_vcf     ]     reset data/ + bug_reports/ (seeds + coverage_artifacts preserved — cumulative cascade)
[03:35:36] [vcfpy_vcf     ]     cmd: python harness_run.py --mode E1S --config biotest_config.rep0.yaml --phase D,E
[03:35:36] [vcfpy_vcf     ]     budget: 5400s (host)
[05:05:36] [vcfpy_vcf     ]     timeout after 5400s — sending CTRL_BREAK_EVENT (graceful)
[05:05:36] [vcfpy_vcf     ]     rep 0 exit=3221225786 elapsed=5400s
[05:05:37] [vcfpy_vcf     ]     -> line=70.60% covered=830/1176 status=ok seeds_after={'vcf_total': 34, 'vcf_kept': 1, 'vcf_synthetic': 0, 'sam_total': 74, 'sam_kept': 0, 'sam_synthetic': 0}
[05:05:37] [vcfpy_vcf     ] --- rep 1 ---
[05:05:37] [vcfpy_vcf     ]     seeds entering rep: {'vcf_total': 34, 'vcf_kept': 1, 'vcf_synthetic': 0, 'sam_total': 74, 'sam_kept': 0, 'sam_synthetic': 0}
[05:05:44] [vcfpy_vcf     ]     reset data/ + bug_reports/ (seeds + coverage_artifacts preserved — cumulative cascade)
[05:05:44] [vcfpy_vcf     ]     cmd: python harness_run.py --mode E1S --config biotest_config.rep1.yaml --phase D,E
[05:05:44] [vcfpy_vcf     ]     budget: 5400s (host)
[06:35:44] [vcfpy_vcf     ]     timeout after 5400s — sending CTRL_BREAK_EVENT (graceful)
[06:35:44] [vcfpy_vcf     ]     rep 1 exit=3221225786 elapsed=5400s
[06:35:45] [vcfpy_vcf     ]     -> line=72.50% covered=853/1176 status=ok seeds_after={'vcf_total': 44, 'vcf_kept': 1, 'vcf_synthetic': 10, 'sam_total': 74, 'sam_kept': 0, 'sam_synthetic': 0}
[06:35:45] [vcfpy_vcf     ] --- rep 2 ---
[06:35:45] [vcfpy_vcf     ]     seeds entering rep: {'vcf_total': 44, 'vcf_kept': 1, 'vcf_synthetic': 10, 'sam_total': 74, 'sam_kept': 0, 'sam_synthetic': 0}
[06:35:50] [vcfpy_vcf     ]     reset data/ + bug_reports/ (seeds + coverage_artifacts preserved — cumulative cascade)
[06:35:50] [vcfpy_vcf     ]     cmd: python harness_run.py --mode E1S --config biotest_config.rep2.yaml --phase D,E
[06:35:50] [vcfpy_vcf     ]     budget: 5400s (host)
[07:40:02] [vcfpy_vcf     ]     rep 2 exit=0 elapsed=3853s
[07:40:03] [vcfpy_vcf     ]     -> line=63.30% covered=744/1176 status=ok seeds_after={'vcf_total': 61, 'vcf_kept': 18, 'vcf_synthetic': 10, 'sam_total': 74, 'sam_kept': 0, 'sam_synthetic': 0}
[07:40:03] [vcfpy_vcf     ] === cascade complete (3 reps) ===
