[22:36:39] [noodles_vcf   ] === cascade start (container, max_iter=2) ===
[22:36:40] [noodles_vcf   ]     initial seeds: VCF=33  SAM=74
[22:36:40] [noodles_vcf   ] --- rep 0 ---
[22:36:40] [noodles_vcf   ]     seeds entering rep: {'vcf_total': 33, 'vcf_kept': 0, 'vcf_synthetic': 0, 'sam_total': 74, 'sam_kept': 0, 'sam_synthetic': 0}
[22:36:40] [noodles_vcf   ]     reset data/ + bug_reports/ + coverage_artifacts/ (seeds preserved — independent trials)
[22:36:40] [noodles_vcf   ]     cmd: docker exec biotest-bench-setup python3.12 harness_run.py --mode E2 ...
[22:36:40] [noodles_vcf   ]     budget: 5400s (container)
[23:24:37] [noodles_vcf   ]     rep 0 exit=0 elapsed=2877s
[23:24:47] [noodles_vcf   ]     -> line=37.10% covered=2812/7584 status=ok seeds_after={'vcf_total': 33, 'vcf_kept': 0, 'vcf_synthetic': 0, 'sam_total': 74, 'sam_kept': 0, 'sam_synthetic': 0}
[23:24:47] [noodles_vcf   ] --- rep 1 ---
[23:24:47] [noodles_vcf   ]     seeds entering rep: {'vcf_total': 33, 'vcf_kept': 0, 'vcf_synthetic': 0, 'sam_total': 74, 'sam_kept': 0, 'sam_synthetic': 0}
[23:24:51] [noodles_vcf   ]     reset data/ + bug_reports/ + coverage_artifacts/ (seeds preserved — independent trials)
[23:24:51] [noodles_vcf   ]     cmd: docker exec biotest-bench-setup python3.12 harness_run.py --mode E2 ...
[23:24:51] [noodles_vcf   ]     budget: 5400s (container)
[00:00:15] [noodles_vcf   ]     rep 1 exit=0 elapsed=2124s
[00:00:24] [noodles_vcf   ]     -> line=37.00% covered=2807/7584 status=ok seeds_after={'vcf_total': 33, 'vcf_kept': 0, 'vcf_synthetic': 0, 'sam_total': 74, 'sam_kept': 0, 'sam_synthetic': 0}
[00:00:24] [noodles_vcf   ] --- rep 2 ---
[00:00:24] [noodles_vcf   ]     seeds entering rep: {'vcf_total': 33, 'vcf_kept': 0, 'vcf_synthetic': 0, 'sam_total': 74, 'sam_kept': 0, 'sam_synthetic': 0}
[00:00:29] [noodles_vcf   ]     reset data/ + bug_reports/ + coverage_artifacts/ (seeds preserved — independent trials)
[00:00:29] [noodles_vcf   ]     cmd: docker exec biotest-bench-setup python3.12 harness_run.py --mode E2 ...
[00:00:29] [noodles_vcf   ]     budget: 5400s (container)
[00:37:52] [noodles_vcf   ]     rep 2 exit=0 elapsed=2243s
[00:38:04] [noodles_vcf   ]     -> line=37.10% covered=2811/7584 status=ok seeds_after={'vcf_total': 33, 'vcf_kept': 0, 'vcf_synthetic': 0, 'sam_total': 74, 'sam_kept': 0, 'sam_synthetic': 0}
[00:38:04] [noodles_vcf   ] --- rep 3 ---
[00:38:04] [noodles_vcf   ]     seeds entering rep: {'vcf_total': 33, 'vcf_kept': 0, 'vcf_synthetic': 0, 'sam_total': 74, 'sam_kept': 0, 'sam_synthetic': 0}
[00:38:08] [noodles_vcf   ]     reset data/ + bug_reports/ + coverage_artifacts/ (seeds preserved — independent trials)
[00:38:08] [noodles_vcf   ]     cmd: docker exec biotest-bench-setup python3.12 harness_run.py --mode E2 ...
[00:38:08] [noodles_vcf   ]     budget: 5400s (container)
[01:07:46] [noodles_vcf   ]     rep 3 exit=0 elapsed=1778s
[01:08:37] [noodles_vcf   ]     -> line=37.10% covered=2812/7584 status=ok seeds_after={'vcf_total': 33, 'vcf_kept': 0, 'vcf_synthetic': 0, 'sam_total': 74, 'sam_kept': 0, 'sam_synthetic': 0}
[01:08:37] [noodles_vcf   ] === cascade complete (4 reps) ===
