[22:28:42] [htsjdk_sam    ] === cascade start (host, max_iter=2) ===
[22:28:42] [htsjdk_sam    ]     initial seeds: VCF=33  SAM=74
[22:28:42] [htsjdk_sam    ] --- rep 0 ---
[22:28:42] [htsjdk_sam    ]     seeds entering rep: {'vcf_total': 33, 'vcf_kept': 0, 'vcf_synthetic': 0, 'sam_total': 74, 'sam_kept': 0, 'sam_synthetic': 0}
[22:28:42] [htsjdk_sam    ]     reset data/ + bug_reports/ + coverage_artifacts/ (seeds preserved — independent trials)
[22:28:42] [htsjdk_sam    ]     cmd: python harness_run.py --mode E1S --config biotest_config.rep0.yaml --phase D,E
[22:28:42] [htsjdk_sam    ]     budget: 5400s (host)
[22:28:42] [htsjdk_sam    ]     env: BIOTEST_MULTISHOT_K=2  BIOTEST_AUTO_INVOKE_PUBLIC_METHODS=1 (refine round 4)
[23:58:42] [htsjdk_sam    ]     timeout after 5400s — terminating
[23:58:42] [htsjdk_sam    ]     rep 0 exit=1 elapsed=5400s
[23:58:45] [htsjdk_sam    ]     -> line=30.90% covered=1593/5154 status=ok seeds_after={'vcf_total': 33, 'vcf_kept': 0, 'vcf_synthetic': 0, 'sam_total': 273, 'sam_kept': 199, 'sam_synthetic': 0}
[23:58:45] [htsjdk_sam    ] --- rep 1 ---
[23:58:45] [htsjdk_sam    ]     seeds entering rep: {'vcf_total': 33, 'vcf_kept': 0, 'vcf_synthetic': 0, 'sam_total': 273, 'sam_kept': 199, 'sam_synthetic': 0}
[23:58:56] [htsjdk_sam    ]     reset data/ + bug_reports/ + coverage_artifacts/ (seeds preserved — independent trials)
[23:58:56] [htsjdk_sam    ]     cmd: python harness_run.py --mode E1S --config biotest_config.rep1.yaml --phase D,E
[23:58:56] [htsjdk_sam    ]     budget: 5400s (host)
[23:58:56] [htsjdk_sam    ]     env: BIOTEST_MULTISHOT_K=2  BIOTEST_AUTO_INVOKE_PUBLIC_METHODS=1 (refine round 4)
[01:28:56] [htsjdk_sam    ]     timeout after 5400s — terminating
[01:28:56] [htsjdk_sam    ]     rep 1 exit=1 elapsed=5400s
[01:28:58] [htsjdk_sam    ]     -> line=28.00% covered=1441/5154 status=ok seeds_after={'vcf_total': 33, 'vcf_kept': 0, 'vcf_synthetic': 0, 'sam_total': 591, 'sam_kept': 512, 'sam_synthetic': 5}
[01:28:58] [htsjdk_sam    ] --- rep 2 ---
[01:28:58] [htsjdk_sam    ]     seeds entering rep: {'vcf_total': 33, 'vcf_kept': 0, 'vcf_synthetic': 0, 'sam_total': 591, 'sam_kept': 512, 'sam_synthetic': 5}
[01:29:09] [htsjdk_sam    ]     reset data/ + bug_reports/ + coverage_artifacts/ (seeds preserved — independent trials)
[01:29:09] [htsjdk_sam    ]     cmd: python harness_run.py --mode E1S --config biotest_config.rep2.yaml --phase D,E
[01:29:09] [htsjdk_sam    ]     budget: 5400s (host)
[01:29:09] [htsjdk_sam    ]     env: BIOTEST_MULTISHOT_K=2  BIOTEST_AUTO_INVOKE_PUBLIC_METHODS=1 (refine round 4)
[01:41:31] [htsjdk_sam    ]     rep 2 exit=0 elapsed=741s
[01:41:31] [htsjdk_sam    ]     -> line=0.00% covered=0/0 status=missing seeds_after={'vcf_total': 33, 'vcf_kept': 0, 'vcf_synthetic': 0, 'sam_total': 591, 'sam_kept': 512, 'sam_synthetic': 5}
[01:41:31] [htsjdk_sam    ] --- rep 3 ---
[01:41:31] [htsjdk_sam    ]     seeds entering rep: {'vcf_total': 33, 'vcf_kept': 0, 'vcf_synthetic': 0, 'sam_total': 591, 'sam_kept': 512, 'sam_synthetic': 5}
[01:41:31] [htsjdk_sam    ]     reset data/ + bug_reports/ + coverage_artifacts/ (seeds preserved — independent trials)
[01:41:31] [htsjdk_sam    ]     cmd: python harness_run.py --mode E1S --config biotest_config.rep3.yaml --phase D,E
[01:41:31] [htsjdk_sam    ]     budget: 5400s (host)
[01:41:31] [htsjdk_sam    ]     env: BIOTEST_MULTISHOT_K=2  BIOTEST_AUTO_INVOKE_PUBLIC_METHODS=1 (refine round 4)
[02:15:39] [htsjdk_sam    ]     rep 3 exit=0 elapsed=2048s
[02:15:41] [htsjdk_sam    ]     -> line=27.40% covered=1414/5154 status=ok seeds_after={'vcf_total': 33, 'vcf_kept': 0, 'vcf_synthetic': 0, 'sam_total': 673, 'sam_kept': 594, 'sam_synthetic': 5}
[02:15:41] [htsjdk_sam    ] === cascade complete (4 reps) ===
