[17:12:41] [biopython_sam ] === cascade start (host, max_iter=2) ===
[17:12:42] [biopython_sam ]     initial seeds: VCF=33  SAM=74
[17:12:42] [biopython_sam ] --- rep 0 ---
[17:12:42] [biopython_sam ]     seeds entering rep: {'vcf_total': 33, 'vcf_kept': 0, 'vcf_synthetic': 0, 'sam_total': 74, 'sam_kept': 0, 'sam_synthetic': 0}
[17:12:42] [biopython_sam ]     reset data/ + bug_reports/ + coverage_artifacts/ (seeds preserved — independent trials)
[17:12:42] [biopython_sam ]     cmd: python harness_run.py --mode E1 --config biotest_config.rep0.yaml --phase D,E
[17:12:42] [biopython_sam ]     budget: 5400s (host)
[17:12:42] [biopython_sam ]     env: BIOTEST_MULTISHOT_K=2  BIOTEST_AUTO_INVOKE_PUBLIC_METHODS=1 (refine round 4)
[18:42:42] [biopython_sam ]     timeout after 5400s — terminating
[18:42:42] [biopython_sam ]     rep 0 exit=1 elapsed=5400s
[18:42:42] [biopython_sam ]     -> line=0.00% covered=0/0 status=missing seeds_after={'vcf_total': 33, 'vcf_kept': 0, 'vcf_synthetic': 0, 'sam_total': 400, 'sam_kept': 326, 'sam_synthetic': 0}
[18:42:42] [biopython_sam ] --- rep 1 ---
[18:42:42] [biopython_sam ]     seeds entering rep: {'vcf_total': 33, 'vcf_kept': 0, 'vcf_synthetic': 0, 'sam_total': 400, 'sam_kept': 326, 'sam_synthetic': 0}
[18:42:52] [biopython_sam ]     reset data/ + bug_reports/ + coverage_artifacts/ (seeds preserved — independent trials)
[18:42:52] [biopython_sam ]     cmd: python harness_run.py --mode E1 --config biotest_config.rep1.yaml --phase D,E
[18:42:52] [biopython_sam ]     budget: 5400s (host)
[18:42:52] [biopython_sam ]     env: BIOTEST_MULTISHOT_K=2  BIOTEST_AUTO_INVOKE_PUBLIC_METHODS=1 (refine round 4)
[20:12:52] [biopython_sam ]     timeout after 5400s — terminating
[20:12:52] [biopython_sam ]     rep 1 exit=1 elapsed=5400s
[20:12:52] [biopython_sam ]     -> line=0.00% covered=0/0 status=missing seeds_after={'vcf_total': 33, 'vcf_kept': 0, 'vcf_synthetic': 0, 'sam_total': 743, 'sam_kept': 669, 'sam_synthetic': 0}
[20:12:52] [biopython_sam ] --- rep 2 ---
[20:12:52] [biopython_sam ]     seeds entering rep: {'vcf_total': 33, 'vcf_kept': 0, 'vcf_synthetic': 0, 'sam_total': 743, 'sam_kept': 669, 'sam_synthetic': 0}
[20:13:09] [biopython_sam ]     reset data/ + bug_reports/ + coverage_artifacts/ (seeds preserved — independent trials)
[20:13:09] [biopython_sam ]     cmd: python harness_run.py --mode E1 --config biotest_config.rep2.yaml --phase D,E
[20:13:09] [biopython_sam ]     budget: 5400s (host)
[20:13:09] [biopython_sam ]     env: BIOTEST_MULTISHOT_K=2  BIOTEST_AUTO_INVOKE_PUBLIC_METHODS=1 (refine round 4)
[21:43:09] [biopython_sam ]     timeout after 5400s — terminating
[21:43:10] [biopython_sam ]     rep 2 exit=1 elapsed=5400s
[21:43:10] [biopython_sam ]     -> line=0.00% covered=0/0 status=missing seeds_after={'vcf_total': 33, 'vcf_kept': 0, 'vcf_synthetic': 0, 'sam_total': 1035, 'sam_kept': 961, 'sam_synthetic': 0}
[21:43:10] [biopython_sam ] --- rep 3 ---
[21:43:10] [biopython_sam ]     seeds entering rep: {'vcf_total': 33, 'vcf_kept': 0, 'vcf_synthetic': 0, 'sam_total': 1035, 'sam_kept': 961, 'sam_synthetic': 0}
[21:43:31] [biopython_sam ]     reset data/ + bug_reports/ + coverage_artifacts/ (seeds preserved — independent trials)
[21:43:31] [biopython_sam ]     cmd: python harness_run.py --mode E1 --config biotest_config.rep3.yaml --phase D,E
[21:43:31] [biopython_sam ]     budget: 5400s (host)
[21:43:31] [biopython_sam ]     env: BIOTEST_MULTISHOT_K=2  BIOTEST_AUTO_INVOKE_PUBLIC_METHODS=1 (refine round 4)
