[13:54:39] [vcfpy_vcf     ] === cascade start (host, max_iter=2) ===
[13:54:39] [vcfpy_vcf     ]     initial seeds: VCF=33  SAM=74
[13:54:39] [vcfpy_vcf     ] --- rep 0 ---
[13:54:39] [vcfpy_vcf     ]     seeds entering rep: {'vcf_total': 33, 'vcf_kept': 0, 'vcf_synthetic': 0, 'sam_total': 74, 'sam_kept': 0, 'sam_synthetic': 0}
[13:54:39] [vcfpy_vcf     ]     reset data/ + bug_reports/ (seeds + coverage_artifacts preserved — cumulative cascade)
[13:54:39] [vcfpy_vcf     ]     cmd: python harness_run.py --mode E0 --config biotest_config.rep0.yaml --phase D,E
[13:54:39] [vcfpy_vcf     ]     budget: 5400s (host)
[15:24:39] [vcfpy_vcf     ]     timeout after 5400s — terminating
[15:24:39] [vcfpy_vcf     ]     rep 0 exit=1 elapsed=5400s
[15:24:41] [vcfpy_vcf     ]     -> line=72.60% covered=854/1176 status=ok seeds_after={'vcf_total': 92, 'vcf_kept': 59, 'vcf_synthetic': 0, 'sam_total': 74, 'sam_kept': 0, 'sam_synthetic': 0}
[15:24:41] [vcfpy_vcf     ] --- rep 1 ---
[15:24:41] [vcfpy_vcf     ]     seeds entering rep: {'vcf_total': 92, 'vcf_kept': 59, 'vcf_synthetic': 0, 'sam_total': 74, 'sam_kept': 0, 'sam_synthetic': 0}
[15:24:51] [vcfpy_vcf     ]     reset data/ + bug_reports/ (seeds + coverage_artifacts preserved — cumulative cascade)
[15:24:51] [vcfpy_vcf     ]     cmd: python harness_run.py --mode E0 --config biotest_config.rep1.yaml --phase D,E
[15:24:51] [vcfpy_vcf     ]     budget: 5400s (host)
[16:54:51] [vcfpy_vcf     ]     timeout after 5400s — terminating
[16:54:51] [vcfpy_vcf     ]     rep 1 exit=1 elapsed=5400s
[16:54:53] [vcfpy_vcf     ]     -> line=72.60% covered=854/1176 status=ok seeds_after={'vcf_total': 160, 'vcf_kept': 127, 'vcf_synthetic': 0, 'sam_total': 74, 'sam_kept': 0, 'sam_synthetic': 0}
[16:54:53] [vcfpy_vcf     ] --- rep 2 ---
[16:54:53] [vcfpy_vcf     ]     seeds entering rep: {'vcf_total': 160, 'vcf_kept': 127, 'vcf_synthetic': 0, 'sam_total': 74, 'sam_kept': 0, 'sam_synthetic': 0}
[16:54:55] [vcfpy_vcf     ]     reset data/ + bug_reports/ (seeds + coverage_artifacts preserved — cumulative cascade)
[16:54:55] [vcfpy_vcf     ]     cmd: python harness_run.py --mode E0 --config biotest_config.rep2.yaml --phase D,E
[16:54:55] [vcfpy_vcf     ]     budget: 5400s (host)
[18:24:55] [vcfpy_vcf     ]     timeout after 5400s — terminating
[18:24:55] [vcfpy_vcf     ]     rep 2 exit=1 elapsed=5400s
[18:24:56] [vcfpy_vcf     ]     -> line=72.60% covered=854/1176 status=ok seeds_after={'vcf_total': 279, 'vcf_kept': 246, 'vcf_synthetic': 0, 'sam_total': 74, 'sam_kept': 0, 'sam_synthetic': 0}
[18:24:56] [vcfpy_vcf     ] === cascade complete (3 reps) ===
