[randoop] bug=htsjdk-1637 targets=['htsjdk.variant.variantcontext.VariantContextComparator'] pre=3.0.3 post=3.0.4 budget=600s
[randoop] generate: java --add-opens=java.base/java.lang=ALL-UNNAMED --add-opens=java.base/java.util=ALL-UNNAMED --add-opens=java.base/java.io=ALL-UNNAMED --add-opens=java.base/java.net=ALL-UNNAMED --add-opens=java.base/java.text=ALL-UNNAMED --add-opens=java.base/sun.nio.ch=ALL-UNNAMED --add-opens=java.desktop/java.awt=ALL-UNNAMED -classpath C:\Users\miaot\Github\BioTest\compares\baselines\randoop\source\randoop-all-4.3.3.jar;C:\Users\miaot\Github\BioTest\compares\baselines\evosuite\fatjar\htsjdk-3.0.4.jar;C:\Users\miaot\Github\BioTest\compares\baselines\evosuite\deps\commons-compress-1.26.0.jar;C:\Users\miaot\Github\BioTest\compares\baselines\evosuite\deps\commons-jexl-2.1.1.jar;C:\Users\miaot\Github\BioTest\compares\baselines\evosuite\deps\commons-logging-1.3.0.jar;C:\Users\miaot\Github\BioTest\compares\baselines\evosuite\deps\json-20231013.jar;C:\Users\miaot\Github\BioTest\compares\baselines\evosuite\deps\nashorn-core-15.4.jar;C:\Users\miaot\Github\BioTest\compares\baselines\evosuite\deps\ngs-java-2.9.0.jar;C:\Users\miaot\Github\BioTest\compares\baselines\evosuite\deps\snappy-java-1.1.10.5.jar;C:\Users\miaot\Github\BioTest\compares\baselines\evosuite\deps\xz-1.9.jar randoop.main.Main gentests --time-limit=420 --output-limit=500 --junit-output-dir=C:\Users\miaot\Github\BioTest\compares\baselines\randoop\results\htsjdk-1637\work\randoop-tests --junit-package-name=randoop.bench --flaky-test-behavior=OUTPUT --no-error-revealing-tests=false --no-regression-tests=false --testclass=htsjdk.variant.variantcontext.VariantContextComparator
Randoop for Java version "4.3.3, local changes, branch master, commit 8f08f5b, 2024-05-02".

Will try to generate tests for 1 classes.
PUBLIC MEMBERS=15
Explorer = ForwardGenerator(steps: 0, null steps: 0, num_sequences_generated: 0;
    allSequences: 0, regresson seqs: 0, error seqs: 0=0=0, invalid seqs: 0, subsumed_sequences: 0, num_failed_output_test: 0;
    sideEffectFreeMethods: 1113, runtimePrimitivesSeen: 38)

Progress update: steps=1, test inputs generated=0, failing inputs=0      (2026-04-26T18:59:33.471608600Z     11.2M used)
Progress update: steps=1000, test inputs generated=326, failing inputs=0      (2026-04-26T18:59:43.207349600Z     38.2M used)
Progress update: steps=1672, test inputs generated=501, failing inputs=0      (2026-04-26T18:59:48.030948Z     88.5M used)
Normal method executions: 3290975
Exceptional method executions: 144

Average method execution time (normal termination):      4.03e-05
Average method execution time (exceptional termination): 0.184
Approximate memory usage 88.5M
Explorer = ForwardGenerator(steps: 1672, null steps: 1171, num_sequences_generated: 501;
    allSequences: 501, regresson seqs: 500, error seqs: 0=0=0, invalid seqs: 0, subsumed_sequences: 0, num_failed_output_test: 1;
    sideEffectFreeMethods: 1113, runtimePrimitivesSeen: 38)

No error-revealing tests to output.

About to look for failing assertions in 313 regression sequences.

Regression test output:
Regression test count: 313
Writing regression JUnit tests...
Created file C:\Users\miaot\Github\BioTest\compares\baselines\randoop\results\htsjdk-1637\work\randoop-tests\randoop\bench\RegressionTest0.java
Created file C:\Users\miaot\Github\BioTest\compares\baselines\randoop\results\htsjdk-1637\work\randoop-tests\randoop\bench\RegressionTest.java
Wrote regression JUnit tests.
About to look for flaky methods.

Invalid tests generated: 0
[randoop] generated 2 java source(s)
[randoop] compile (2 srcs) -> C:\Users\miaot\Github\BioTest\compares\baselines\randoop\results\htsjdk-1637\work\classes_post
[randoop] compile (2 srcs) -> C:\Users\miaot\Github\BioTest\compares\baselines\randoop\results\htsjdk-1637\work\classes_pre
[randoop] 1 test class(es) generated
[randoop] junit randoop.bench.RegressionTest0 rc=0 pass=True | Time: 0.054 //  // OK (313 tests)
[randoop] junit randoop.bench.RegressionTest0 rc=0 pass=True | Time: 0.057 //  // OK (313 tests)
[randoop] detected=0/1 (pre_pass=1 post_pass=1)
