[22:36:39] [vcfpy_vcf     ] === cascade start (host, max_iter=2) ===
[22:36:40] [vcfpy_vcf     ]     initial seeds: VCF=33  SAM=74
[22:36:40] [vcfpy_vcf     ] --- rep 0 ---
[22:36:40] [vcfpy_vcf     ]     seeds entering rep: {'vcf_total': 33, 'vcf_kept': 0, 'vcf_synthetic': 0, 'sam_total': 74, 'sam_kept': 0, 'sam_synthetic': 0}
[22:36:40] [vcfpy_vcf     ]     reset data/ + bug_reports/ + coverage_artifacts/ (seeds preserved — independent trials)
[22:36:40] [vcfpy_vcf     ]     cmd: python harness_run.py --mode E2 --config biotest_config.rep0.yaml --phase B,C,E
[22:36:40] [vcfpy_vcf     ]     budget: 5400s (host)
[00:03:05] [vcfpy_vcf     ]     rep 0 exit=0 elapsed=5185s
[00:03:06] [vcfpy_vcf     ]     -> line=72.60% covered=854/1176 status=ok seeds_after={'vcf_total': 33, 'vcf_kept': 0, 'vcf_synthetic': 0, 'sam_total': 74, 'sam_kept': 0, 'sam_synthetic': 0}
[00:03:06] [vcfpy_vcf     ] --- rep 1 ---
[00:03:06] [vcfpy_vcf     ]     seeds entering rep: {'vcf_total': 33, 'vcf_kept': 0, 'vcf_synthetic': 0, 'sam_total': 74, 'sam_kept': 0, 'sam_synthetic': 0}
[00:03:09] [vcfpy_vcf     ]     reset data/ + bug_reports/ + coverage_artifacts/ (seeds preserved — independent trials)
[00:03:09] [vcfpy_vcf     ]     cmd: python harness_run.py --mode E2 --config biotest_config.rep1.yaml --phase B,C,E
[00:03:09] [vcfpy_vcf     ]     budget: 5400s (host)
[01:07:45] [vcfpy_vcf     ]     rep 1 exit=0 elapsed=3876s
[01:07:46] [vcfpy_vcf     ]     -> line=71.90% covered=846/1176 status=ok seeds_after={'vcf_total': 33, 'vcf_kept': 0, 'vcf_synthetic': 0, 'sam_total': 74, 'sam_kept': 0, 'sam_synthetic': 0}
[01:07:46] [vcfpy_vcf     ] --- rep 2 ---
[01:07:46] [vcfpy_vcf     ]     seeds entering rep: {'vcf_total': 33, 'vcf_kept': 0, 'vcf_synthetic': 0, 'sam_total': 74, 'sam_kept': 0, 'sam_synthetic': 0}
[01:07:49] [vcfpy_vcf     ]     reset data/ + bug_reports/ + coverage_artifacts/ (seeds preserved — independent trials)
[01:07:49] [vcfpy_vcf     ]     cmd: python harness_run.py --mode E2 --config biotest_config.rep2.yaml --phase B,C,E
[01:07:49] [vcfpy_vcf     ]     budget: 5400s (host)
[02:09:24] [vcfpy_vcf     ]     rep 2 exit=0 elapsed=3695s
[02:09:25] [vcfpy_vcf     ]     -> line=71.90% covered=846/1176 status=ok seeds_after={'vcf_total': 33, 'vcf_kept': 0, 'vcf_synthetic': 0, 'sam_total': 74, 'sam_kept': 0, 'sam_synthetic': 0}
[02:09:25] [vcfpy_vcf     ] --- rep 3 ---
[02:09:25] [vcfpy_vcf     ]     seeds entering rep: {'vcf_total': 33, 'vcf_kept': 0, 'vcf_synthetic': 0, 'sam_total': 74, 'sam_kept': 0, 'sam_synthetic': 0}
[02:09:28] [vcfpy_vcf     ]     reset data/ + bug_reports/ + coverage_artifacts/ (seeds preserved — independent trials)
[02:09:28] [vcfpy_vcf     ]     cmd: python harness_run.py --mode E2 --config biotest_config.rep3.yaml --phase B,C,E
[02:09:28] [vcfpy_vcf     ]     budget: 5400s (host)
[03:04:40] [vcfpy_vcf     ]     rep 3 exit=0 elapsed=3312s
[03:04:41] [vcfpy_vcf     ]     -> line=72.60% covered=854/1176 status=ok seeds_after={'vcf_total': 33, 'vcf_kept': 0, 'vcf_synthetic': 0, 'sam_total': 74, 'sam_kept': 0, 'sam_synthetic': 0}
[03:04:41] [vcfpy_vcf     ] === cascade complete (4 reps) ===
