[18:25:14] [seqan3_sam    ] === cascade start (container, max_iter=2) ===
[18:25:14] [seqan3_sam    ]     initial seeds: VCF=33  SAM=74
[18:25:14] [seqan3_sam    ] --- rep 0 ---
[18:25:14] [seqan3_sam    ]     seeds entering rep: {'vcf_total': 33, 'vcf_kept': 0, 'vcf_synthetic': 0, 'sam_total': 74, 'sam_kept': 0, 'sam_synthetic': 0}
[18:25:14] [seqan3_sam    ]     reset data/ + bug_reports/ (seeds + coverage_artifacts preserved — cumulative cascade)
[18:25:14] [seqan3_sam    ]     env (container): BIOTEST_MULTISHOT_K=2 (refine round 4)
[18:25:14] [seqan3_sam    ]     cmd: docker exec biotest-bench-setup python3.12 harness_run.py --mode E0 ...
[18:25:14] [seqan3_sam    ]     budget: 5400s (container)
[19:32:50] [seqan3_sam    ]     rep 0 exit=0 elapsed=4056s
[19:32:58] [seqan3_sam    ]     -> line=93.70% covered=754/805 status=ok seeds_after={'vcf_total': 33, 'vcf_kept': 0, 'vcf_synthetic': 0, 'sam_total': 399, 'sam_kept': 325, 'sam_synthetic': 0}
[19:32:58] [seqan3_sam    ] --- rep 1 ---
[19:32:58] [seqan3_sam    ]     seeds entering rep: {'vcf_total': 33, 'vcf_kept': 0, 'vcf_synthetic': 0, 'sam_total': 399, 'sam_kept': 325, 'sam_synthetic': 0}
[19:33:09] [seqan3_sam    ]     reset data/ + bug_reports/ (seeds + coverage_artifacts preserved — cumulative cascade)
[19:33:09] [seqan3_sam    ]     env (container): BIOTEST_MULTISHOT_K=2 (refine round 4)
[19:33:09] [seqan3_sam    ]     cmd: docker exec biotest-bench-setup python3.12 harness_run.py --mode E0 ...
[19:33:09] [seqan3_sam    ]     budget: 5400s (container)
[21:03:22] [seqan3_sam    ]     rep 1 exit=0 elapsed=5413s
[21:03:39] [seqan3_sam    ]     -> line=93.70% covered=754/805 status=ok seeds_after={'vcf_total': 33, 'vcf_kept': 0, 'vcf_synthetic': 0, 'sam_total': 839, 'sam_kept': 765, 'sam_synthetic': 0}
[21:03:39] [seqan3_sam    ] --- rep 2 ---
[21:03:39] [seqan3_sam    ]     seeds entering rep: {'vcf_total': 33, 'vcf_kept': 0, 'vcf_synthetic': 0, 'sam_total': 839, 'sam_kept': 765, 'sam_synthetic': 0}
[21:03:55] [seqan3_sam    ]     reset data/ + bug_reports/ (seeds + coverage_artifacts preserved — cumulative cascade)
[21:03:55] [seqan3_sam    ]     env (container): BIOTEST_MULTISHOT_K=2 (refine round 4)
[21:03:55] [seqan3_sam    ]     cmd: docker exec biotest-bench-setup python3.12 harness_run.py --mode E0 ...
[21:03:55] [seqan3_sam    ]     budget: 5400s (container)
[22:34:11] [seqan3_sam    ]     rep 2 exit=0 elapsed=5417s
[22:34:18] [seqan3_sam    ]     -> line=93.70% covered=754/805 status=ok seeds_after={'vcf_total': 33, 'vcf_kept': 0, 'vcf_synthetic': 0, 'sam_total': 1262, 'sam_kept': 1188, 'sam_synthetic': 0}
[22:34:18] [seqan3_sam    ] === cascade complete (3 reps) ===
