[13:54:39] [biopython_sam ] === cascade start (host, max_iter=2) ===
[13:54:39] [biopython_sam ]     initial seeds: VCF=33  SAM=74
[13:54:39] [biopython_sam ] --- rep 0 ---
[13:54:39] [biopython_sam ]     seeds entering rep: {'vcf_total': 33, 'vcf_kept': 0, 'vcf_synthetic': 0, 'sam_total': 74, 'sam_kept': 0, 'sam_synthetic': 0}
[13:54:39] [biopython_sam ]     reset data/ + bug_reports/ (seeds + coverage_artifacts preserved — cumulative cascade)
[13:54:39] [biopython_sam ]     cmd: python harness_run.py --mode E0 --config biotest_config.rep0.yaml --phase D,E
[13:54:39] [biopython_sam ]     budget: 5400s (host)
[13:54:39] [biopython_sam ]     env: BIOTEST_MULTISHOT_K=2  BIOTEST_AUTO_INVOKE_PUBLIC_METHODS=1 (refine round 4)
[15:24:39] [biopython_sam ]     timeout after 5400s — terminating
[15:24:39] [biopython_sam ]     rep 0 exit=1 elapsed=5400s
[15:24:41] [biopython_sam ]     -> line=53.20% covered=318/598 status=ok seeds_after={'vcf_total': 33, 'vcf_kept': 0, 'vcf_synthetic': 0, 'sam_total': 411, 'sam_kept': 337, 'sam_synthetic': 0}
[15:24:41] [biopython_sam ] --- rep 1 ---
[15:24:41] [biopython_sam ]     seeds entering rep: {'vcf_total': 33, 'vcf_kept': 0, 'vcf_synthetic': 0, 'sam_total': 411, 'sam_kept': 337, 'sam_synthetic': 0}
[15:24:50] [biopython_sam ]     reset data/ + bug_reports/ (seeds + coverage_artifacts preserved — cumulative cascade)
[15:24:50] [biopython_sam ]     cmd: python harness_run.py --mode E0 --config biotest_config.rep1.yaml --phase D,E
[15:24:50] [biopython_sam ]     budget: 5400s (host)
[15:24:50] [biopython_sam ]     env: BIOTEST_MULTISHOT_K=2  BIOTEST_AUTO_INVOKE_PUBLIC_METHODS=1 (refine round 4)
[16:54:50] [biopython_sam ]     timeout after 5400s — terminating
[16:54:50] [biopython_sam ]     rep 1 exit=1 elapsed=5400s
[16:54:51] [biopython_sam ]     -> line=53.20% covered=318/598 status=ok seeds_after={'vcf_total': 33, 'vcf_kept': 0, 'vcf_synthetic': 0, 'sam_total': 578, 'sam_kept': 504, 'sam_synthetic': 0}
[16:54:51] [biopython_sam ] --- rep 2 ---
[16:54:51] [biopython_sam ]     seeds entering rep: {'vcf_total': 33, 'vcf_kept': 0, 'vcf_synthetic': 0, 'sam_total': 578, 'sam_kept': 504, 'sam_synthetic': 0}
[16:55:00] [biopython_sam ]     reset data/ + bug_reports/ (seeds + coverage_artifacts preserved — cumulative cascade)
[16:55:00] [biopython_sam ]     cmd: python harness_run.py --mode E0 --config biotest_config.rep2.yaml --phase D,E
[16:55:00] [biopython_sam ]     budget: 5400s (host)
[16:55:00] [biopython_sam ]     env: BIOTEST_MULTISHOT_K=2  BIOTEST_AUTO_INVOKE_PUBLIC_METHODS=1 (refine round 4)
[18:25:00] [biopython_sam ]     timeout after 5400s — terminating
[18:25:00] [biopython_sam ]     rep 2 exit=1 elapsed=5400s
[18:25:01] [biopython_sam ]     -> line=53.20% covered=318/598 status=ok seeds_after={'vcf_total': 33, 'vcf_kept': 0, 'vcf_synthetic': 0, 'sam_total': 862, 'sam_kept': 788, 'sam_synthetic': 0}
[18:25:01] [biopython_sam ] === cascade complete (3 reps) ===
