[03:26:31] [noodles_vcf   ] === cascade start (container, max_iter=2) ===
[03:26:31] [noodles_vcf   ]     initial seeds: VCF=33  SAM=74
[03:26:31] [noodles_vcf   ] --- rep 0 ---
[03:26:31] [noodles_vcf   ]     seeds entering rep: {'vcf_total': 33, 'vcf_kept': 0, 'vcf_synthetic': 0, 'sam_total': 74, 'sam_kept': 0, 'sam_synthetic': 0}
[03:26:31] [noodles_vcf   ]     reset data/ + bug_reports/ (seeds + coverage_artifacts preserved — cumulative cascade)
[03:26:32] [noodles_vcf   ]     cmd: docker exec biotest-bench-setup python3.12 harness_run.py --mode E0 ...
[03:26:32] [noodles_vcf   ]     budget: 5400s (container)
[04:33:31] [noodles_vcf   ]     rep 0 exit=0 elapsed=4019s
[04:33:48] [noodles_vcf   ]     -> line=36.90% covered=2796/7584 status=ok seeds_after={'vcf_total': 130, 'vcf_kept': 87, 'vcf_synthetic': 10, 'sam_total': 74, 'sam_kept': 0, 'sam_synthetic': 0}
[04:33:48] [noodles_vcf   ] --- rep 1 ---
[04:33:48] [noodles_vcf   ]     seeds entering rep: {'vcf_total': 130, 'vcf_kept': 87, 'vcf_synthetic': 10, 'sam_total': 74, 'sam_kept': 0, 'sam_synthetic': 0}
[04:33:53] [noodles_vcf   ]     reset data/ + bug_reports/ (seeds + coverage_artifacts preserved — cumulative cascade)
[04:33:53] [noodles_vcf   ]     cmd: docker exec biotest-bench-setup python3.12 harness_run.py --mode E0 ...
[04:33:53] [noodles_vcf   ]     budget: 5400s (container)
[05:40:16] [noodles_vcf   ]     rep 1 exit=0 elapsed=3983s
[05:40:37] [noodles_vcf   ]     -> line=37.60% covered=2852/7584 status=ok seeds_after={'vcf_total': 303, 'vcf_kept': 250, 'vcf_synthetic': 20, 'sam_total': 74, 'sam_kept': 0, 'sam_synthetic': 0}
[05:40:37] [noodles_vcf   ] --- rep 2 ---
[05:40:37] [noodles_vcf   ]     seeds entering rep: {'vcf_total': 303, 'vcf_kept': 250, 'vcf_synthetic': 20, 'sam_total': 74, 'sam_kept': 0, 'sam_synthetic': 0}
[05:40:41] [noodles_vcf   ]     reset data/ + bug_reports/ (seeds + coverage_artifacts preserved — cumulative cascade)
[05:40:41] [noodles_vcf   ]     cmd: docker exec biotest-bench-setup python3.12 harness_run.py --mode E0 ...
[05:40:41] [noodles_vcf   ]     budget: 5400s (container)
[06:50:07] [noodles_vcf   ]     rep 2 exit=0 elapsed=4166s
[06:50:41] [noodles_vcf   ]     -> line=38.10% covered=2890/7584 status=ok seeds_after={'vcf_total': 627, 'vcf_kept': 564, 'vcf_synthetic': 30, 'sam_total': 74, 'sam_kept': 0, 'sam_synthetic': 0}
[06:50:41] [noodles_vcf   ] === cascade complete (3 reps) ===
