starting E1 4-rep at Sat May  2 17:12:40 CDT 2026
[master] cells: ['htsjdk_vcf', 'vcfpy_vcf', 'noodles_vcf', 'htsjdk_sam', 'biopython_sam', 'seqan3_sam']
[master] vcf_budget_s=5400  sam_budget_s=5400  reps=4
[setup] preparing container cov binaries...
[setup] container cov binaries ready
[master] launching 6 cells in parallel...
[master] cumulative=False
[17:12:41] [htsjdk_vcf    ] === cascade start (host, max_iter=2) ===
[17:12:41] [vcfpy_vcf     ] === cascade start (host, max_iter=2) ===
[17:12:41] [noodles_vcf   ] === cascade start (container, max_iter=2) ===
[17:12:41] [htsjdk_sam    ] === cascade start (host, max_iter=2) ===
[17:12:41] [biopython_sam ] === cascade start (host, max_iter=2) ===
[17:12:41] [seqan3_sam    ] === cascade start (container, max_iter=2) ===
[17:12:42] [seqan3_sam    ]     initial seeds: VCF=33  SAM=74
[17:12:42] [seqan3_sam    ] --- rep 0 ---
[17:12:42] [seqan3_sam    ]     seeds entering rep: {'vcf_total': 33, 'vcf_kept': 0, 'vcf_synthetic': 0, 'sam_total': 74, 'sam_kept': 0, 'sam_synthetic': 0}
[17:12:42] [seqan3_sam    ]     reset data/ + bug_reports/ + coverage_artifacts/ (seeds preserved — independent trials)
[17:12:42] [seqan3_sam    ]     env (container): BIOTEST_MULTISHOT_K=2 (refine round 4)
[17:12:42] [seqan3_sam    ]     cmd: docker exec biotest-bench-setup python3.12 harness_run.py --mode E1 ...
[17:12:42] [seqan3_sam    ]     budget: 5400s (container)
[17:12:42] [htsjdk_sam    ]     initial seeds: VCF=33  SAM=74
[17:12:42] [htsjdk_sam    ] --- rep 0 ---
[17:12:42] [htsjdk_sam    ]     seeds entering rep: {'vcf_total': 33, 'vcf_kept': 0, 'vcf_synthetic': 0, 'sam_total': 74, 'sam_kept': 0, 'sam_synthetic': 0}
[17:12:42] [biopython_sam ]     initial seeds: VCF=33  SAM=74
[17:12:42] [biopython_sam ] --- rep 0 ---
[17:12:42] [noodles_vcf   ]     initial seeds: VCF=33  SAM=74
[17:12:42] [noodles_vcf   ] --- rep 0 ---
[17:12:42] [htsjdk_sam    ]     reset data/ + bug_reports/ + coverage_artifacts/ (seeds preserved — independent trials)
[17:12:42] [vcfpy_vcf     ]     initial seeds: VCF=33  SAM=74
[17:12:42] [vcfpy_vcf     ] --- rep 0 ---
[17:12:42] [noodles_vcf   ]     seeds entering rep: {'vcf_total': 33, 'vcf_kept': 0, 'vcf_synthetic': 0, 'sam_total': 74, 'sam_kept': 0, 'sam_synthetic': 0}
[17:12:42] [biopython_sam ]     seeds entering rep: {'vcf_total': 33, 'vcf_kept': 0, 'vcf_synthetic': 0, 'sam_total': 74, 'sam_kept': 0, 'sam_synthetic': 0}
[17:12:42] [htsjdk_vcf    ]     initial seeds: VCF=33  SAM=74
[17:12:42] [htsjdk_vcf    ] --- rep 0 ---
[17:12:42] [htsjdk_sam    ]     cmd: python harness_run.py --mode E1 --config biotest_config.rep0.yaml --phase D,E
[17:12:42] [htsjdk_sam    ]     budget: 5400s (host)
[17:12:42] [htsjdk_sam    ]     env: BIOTEST_MULTISHOT_K=2  BIOTEST_AUTO_INVOKE_PUBLIC_METHODS=1 (refine round 4)
[17:12:42] [vcfpy_vcf     ]     seeds entering rep: {'vcf_total': 33, 'vcf_kept': 0, 'vcf_synthetic': 0, 'sam_total': 74, 'sam_kept': 0, 'sam_synthetic': 0}
[17:12:42] [htsjdk_vcf    ]     seeds entering rep: {'vcf_total': 33, 'vcf_kept': 0, 'vcf_synthetic': 0, 'sam_total': 74, 'sam_kept': 0, 'sam_synthetic': 0}
[17:12:42] [noodles_vcf   ]     reset data/ + bug_reports/ + coverage_artifacts/ (seeds preserved — independent trials)
[17:12:42] [biopython_sam ]     reset data/ + bug_reports/ + coverage_artifacts/ (seeds preserved — independent trials)
[17:12:42] [vcfpy_vcf     ]     reset data/ + bug_reports/ + coverage_artifacts/ (seeds preserved — independent trials)
[17:12:42] [htsjdk_vcf    ]     reset data/ + bug_reports/ + coverage_artifacts/ (seeds preserved — independent trials)
[17:12:42] [vcfpy_vcf     ]     cmd: python harness_run.py --mode E1 --config biotest_config.rep0.yaml --phase D,E
[17:12:42] [noodles_vcf   ]     cmd: docker exec biotest-bench-setup python3.12 harness_run.py --mode E1 ...
[17:12:42] [noodles_vcf   ]     budget: 5400s (container)
[17:12:42] [vcfpy_vcf     ]     budget: 5400s (host)
[17:12:42] [biopython_sam ]     cmd: python harness_run.py --mode E1 --config biotest_config.rep0.yaml --phase D,E
[17:12:42] [biopython_sam ]     budget: 5400s (host)
[17:12:42] [htsjdk_vcf    ]     cmd: python harness_run.py --mode E1 --config biotest_config.rep0.yaml --phase D,E
[17:12:42] [htsjdk_vcf    ]     budget: 5400s (host)
[17:12:42] [biopython_sam ]     env: BIOTEST_MULTISHOT_K=2  BIOTEST_AUTO_INVOKE_PUBLIC_METHODS=1 (refine round 4)
[18:34:38] [noodles_vcf   ]     rep 0 exit=0 elapsed=4916s
[18:34:59] [noodles_vcf   ]     -> line=37.10% covered=2812/7584 status=ok seeds_after={'vcf_total': 152, 'vcf_kept': 109, 'vcf_synthetic': 10, 'sam_total': 74, 'sam_kept': 0, 'sam_synthetic': 0}
[18:34:59] [noodles_vcf   ] --- rep 1 ---
[18:34:59] [noodles_vcf   ]     seeds entering rep: {'vcf_total': 152, 'vcf_kept': 109, 'vcf_synthetic': 10, 'sam_total': 74, 'sam_kept': 0, 'sam_synthetic': 0}
[18:35:04] [noodles_vcf   ]     reset data/ + bug_reports/ + coverage_artifacts/ (seeds preserved — independent trials)
[18:35:04] [noodles_vcf   ]     cmd: docker exec biotest-bench-setup python3.12 harness_run.py --mode E1 ...
[18:35:04] [noodles_vcf   ]     budget: 5400s (container)
[18:42:42] [htsjdk_sam    ]     timeout after 5400s — terminating
[18:42:42] [htsjdk_sam    ]     rep 0 exit=1 elapsed=5400s
[18:42:42] [vcfpy_vcf     ]     timeout after 5400s — terminating
[18:42:42] [biopython_sam ]     timeout after 5400s — terminating
[18:42:42] [htsjdk_vcf    ]     timeout after 5400s — terminating
[18:42:42] [biopython_sam ]     rep 0 exit=1 elapsed=5400s
[18:42:42] [biopython_sam ]     -> line=0.00% covered=0/0 status=missing seeds_after={'vcf_total': 33, 'vcf_kept': 0, 'vcf_synthetic': 0, 'sam_total': 400, 'sam_kept': 326, 'sam_synthetic': 0}
[18:42:42] [biopython_sam ] --- rep 1 ---
[18:42:42] [biopython_sam ]     seeds entering rep: {'vcf_total': 33, 'vcf_kept': 0, 'vcf_synthetic': 0, 'sam_total': 400, 'sam_kept': 326, 'sam_synthetic': 0}
[18:42:42] [vcfpy_vcf     ]     rep 0 exit=1 elapsed=5400s
[18:42:42] [vcfpy_vcf     ]     -> line=0.00% covered=0/0 status=missing seeds_after={'vcf_total': 170, 'vcf_kept': 137, 'vcf_synthetic': 0, 'sam_total': 74, 'sam_kept': 0, 'sam_synthetic': 0}
[18:42:42] [vcfpy_vcf     ] --- rep 1 ---
[18:42:42] [htsjdk_vcf    ]     rep 0 exit=1 elapsed=5400s
[18:42:42] [vcfpy_vcf     ]     seeds entering rep: {'vcf_total': 170, 'vcf_kept': 137, 'vcf_synthetic': 0, 'sam_total': 74, 'sam_kept': 0, 'sam_synthetic': 0}
[18:42:42] [htsjdk_sam    ]     jacoco regen failed: Exception in thread "main" java.io.IOException: The process cannot access the file because another process has locked a portion of the file
	at java.base/java.io.FileInputStream.readBytes(Native Meth
[18:42:42] [htsjdk_sam    ]     -> line=0.00% covered=0/0 status=missing seeds_after={'vcf_total': 33, 'vcf_kept': 0, 'vcf_synthetic': 0, 'sam_total': 358, 'sam_kept': 284, 'sam_synthetic': 0}
[18:42:42] [htsjdk_sam    ] --- rep 1 ---
[18:42:42] [htsjdk_sam    ]     seeds entering rep: {'vcf_total': 33, 'vcf_kept': 0, 'vcf_synthetic': 0, 'sam_total': 358, 'sam_kept': 284, 'sam_synthetic': 0}
[18:42:45] [htsjdk_vcf    ]     -> line=43.40% covered=1613/3716 status=ok seeds_after={'vcf_total': 180, 'vcf_kept': 147, 'vcf_synthetic': 0, 'sam_total': 74, 'sam_kept': 0, 'sam_synthetic': 0}
[18:42:45] [htsjdk_vcf    ] --- rep 1 ---
[18:42:45] [htsjdk_vcf    ]     seeds entering rep: {'vcf_total': 180, 'vcf_kept': 147, 'vcf_synthetic': 0, 'sam_total': 74, 'sam_kept': 0, 'sam_synthetic': 0}
[18:42:50] [vcfpy_vcf     ]     reset data/ + bug_reports/ + coverage_artifacts/ (seeds preserved — independent trials)
[18:42:50] [vcfpy_vcf     ]     cmd: python harness_run.py --mode E1 --config biotest_config.rep1.yaml --phase D,E
[18:42:50] [vcfpy_vcf     ]     budget: 5400s (host)
[18:42:50] [htsjdk_vcf    ]     reset data/ + bug_reports/ + coverage_artifacts/ (seeds preserved — independent trials)
[18:42:50] [htsjdk_vcf    ]     cmd: python harness_run.py --mode E1 --config biotest_config.rep1.yaml --phase D,E
[18:42:50] [htsjdk_vcf    ]     budget: 5400s (host)
[18:42:52] [biopython_sam ]     reset data/ + bug_reports/ + coverage_artifacts/ (seeds preserved — independent trials)
[18:42:52] [biopython_sam ]     cmd: python harness_run.py --mode E1 --config biotest_config.rep1.yaml --phase D,E
[18:42:52] [biopython_sam ]     budget: 5400s (host)
[18:42:52] [biopython_sam ]     env: BIOTEST_MULTISHOT_K=2  BIOTEST_AUTO_INVOKE_PUBLIC_METHODS=1 (refine round 4)
[18:42:54] [htsjdk_sam    ]     reset data/ + bug_reports/ + coverage_artifacts/ (seeds preserved — independent trials)
[18:42:54] [htsjdk_sam    ]     cmd: python harness_run.py --mode E1 --config biotest_config.rep1.yaml --phase D,E
[18:42:54] [htsjdk_sam    ]     budget: 5400s (host)
[18:42:54] [htsjdk_sam    ]     env: BIOTEST_MULTISHOT_K=2  BIOTEST_AUTO_INVOKE_PUBLIC_METHODS=1 (refine round 4)
[18:47:20] [seqan3_sam    ]     rep 0 exit=0 elapsed=5679s
[18:48:39] [seqan3_sam    ]     -> line=94.20% covered=758/805 status=ok seeds_after={'vcf_total': 33, 'vcf_kept': 0, 'vcf_synthetic': 0, 'sam_total': 699, 'sam_kept': 625, 'sam_synthetic': 0}
[18:48:39] [seqan3_sam    ] --- rep 1 ---
[18:48:39] [seqan3_sam    ]     seeds entering rep: {'vcf_total': 33, 'vcf_kept': 0, 'vcf_synthetic': 0, 'sam_total': 699, 'sam_kept': 625, 'sam_synthetic': 0}
[18:48:57] [seqan3_sam    ]     reset data/ + bug_reports/ + coverage_artifacts/ (seeds preserved — independent trials)
[18:48:57] [seqan3_sam    ]     env (container): BIOTEST_MULTISHOT_K=2 (refine round 4)
[18:48:57] [seqan3_sam    ]     cmd: docker exec biotest-bench-setup python3.12 harness_run.py --mode E1 ...
[18:48:57] [seqan3_sam    ]     budget: 5400s (container)
[19:33:15] [noodles_vcf   ]     rep 1 exit=0 elapsed=3491s
[19:33:28] [noodles_vcf   ]     -> line=36.90% covered=2801/7584 status=ok seeds_after={'vcf_total': 368, 'vcf_kept': 315, 'vcf_synthetic': 20, 'sam_total': 74, 'sam_kept': 0, 'sam_synthetic': 0}
[19:33:28] [noodles_vcf   ] --- rep 2 ---
[19:33:28] [noodles_vcf   ]     seeds entering rep: {'vcf_total': 368, 'vcf_kept': 315, 'vcf_synthetic': 20, 'sam_total': 74, 'sam_kept': 0, 'sam_synthetic': 0}
[19:33:32] [noodles_vcf   ]     reset data/ + bug_reports/ + coverage_artifacts/ (seeds preserved — independent trials)
[19:33:32] [noodles_vcf   ]     cmd: docker exec biotest-bench-setup python3.12 harness_run.py --mode E1 ...
[19:33:32] [noodles_vcf   ]     budget: 5400s (container)
[20:12:50] [vcfpy_vcf     ]     timeout after 5400s — terminating
[20:12:50] [vcfpy_vcf     ]     rep 1 exit=1 elapsed=5400s
[20:12:50] [vcfpy_vcf     ]     -> line=0.00% covered=0/0 status=missing seeds_after={'vcf_total': 473, 'vcf_kept': 440, 'vcf_synthetic': 0, 'sam_total': 74, 'sam_kept': 0, 'sam_synthetic': 0}
[20:12:50] [vcfpy_vcf     ] --- rep 2 ---
[20:12:50] [vcfpy_vcf     ]     seeds entering rep: {'vcf_total': 473, 'vcf_kept': 440, 'vcf_synthetic': 0, 'sam_total': 74, 'sam_kept': 0, 'sam_synthetic': 0}
[20:12:50] [htsjdk_vcf    ]     timeout after 5400s — terminating
[20:12:50] [htsjdk_vcf    ]     rep 1 exit=1 elapsed=5400s
[20:12:52] [biopython_sam ]     timeout after 5400s — terminating
[20:12:52] [biopython_sam ]     rep 1 exit=1 elapsed=5400s
[20:12:52] [biopython_sam ]     -> line=0.00% covered=0/0 status=missing seeds_after={'vcf_total': 33, 'vcf_kept': 0, 'vcf_synthetic': 0, 'sam_total': 743, 'sam_kept': 669, 'sam_synthetic': 0}
[20:12:52] [biopython_sam ] --- rep 2 ---
[20:12:52] [biopython_sam ]     seeds entering rep: {'vcf_total': 33, 'vcf_kept': 0, 'vcf_synthetic': 0, 'sam_total': 743, 'sam_kept': 669, 'sam_synthetic': 0}
[20:12:53] [htsjdk_vcf    ]     -> line=43.40% covered=1612/3716 status=ok seeds_after={'vcf_total': 391, 'vcf_kept': 358, 'vcf_synthetic': 0, 'sam_total': 74, 'sam_kept': 0, 'sam_synthetic': 0}
[20:12:53] [htsjdk_vcf    ] --- rep 2 ---
[20:12:53] [htsjdk_vcf    ]     seeds entering rep: {'vcf_total': 391, 'vcf_kept': 358, 'vcf_synthetic': 0, 'sam_total': 74, 'sam_kept': 0, 'sam_synthetic': 0}
[20:12:54] [htsjdk_sam    ]     timeout after 5400s — terminating
[20:12:55] [htsjdk_sam    ]     rep 1 exit=1 elapsed=5400s
[20:12:55] [htsjdk_sam    ]     jacoco regen failed: Exception in thread "main" java.io.IOException: The process cannot access the file because another process has locked a portion of the file
	at java.base/java.io.FileInputStream.readBytes(Native Meth
[20:12:55] [htsjdk_sam    ]     -> line=0.00% covered=0/0 status=missing seeds_after={'vcf_total': 33, 'vcf_kept': 0, 'vcf_synthetic': 0, 'sam_total': 629, 'sam_kept': 555, 'sam_synthetic': 0}
[20:12:55] [htsjdk_sam    ] --- rep 2 ---
[20:12:55] [htsjdk_sam    ]     seeds entering rep: {'vcf_total': 33, 'vcf_kept': 0, 'vcf_synthetic': 0, 'sam_total': 629, 'sam_kept': 555, 'sam_synthetic': 0}
[20:12:55] [htsjdk_vcf    ]     reset data/ + bug_reports/ + coverage_artifacts/ (seeds preserved — independent trials)
[20:12:55] [htsjdk_vcf    ]     cmd: python harness_run.py --mode E1 --config biotest_config.rep2.yaml --phase D,E
[20:12:55] [htsjdk_vcf    ]     budget: 5400s (host)
[20:12:58] [vcfpy_vcf     ]     reset data/ + bug_reports/ + coverage_artifacts/ (seeds preserved — independent trials)
[20:12:58] [vcfpy_vcf     ]     cmd: python harness_run.py --mode E1 --config biotest_config.rep2.yaml --phase D,E
[20:12:58] [vcfpy_vcf     ]     budget: 5400s (host)
[20:13:09] [biopython_sam ]     reset data/ + bug_reports/ + coverage_artifacts/ (seeds preserved — independent trials)
[20:13:09] [biopython_sam ]     cmd: python harness_run.py --mode E1 --config biotest_config.rep2.yaml --phase D,E
[20:13:09] [biopython_sam ]     budget: 5400s (host)
[20:13:09] [biopython_sam ]     env: BIOTEST_MULTISHOT_K=2  BIOTEST_AUTO_INVOKE_PUBLIC_METHODS=1 (refine round 4)
[20:13:14] [htsjdk_sam    ]     reset data/ + bug_reports/ + coverage_artifacts/ (seeds preserved — independent trials)
[20:13:14] [htsjdk_sam    ]     cmd: python harness_run.py --mode E1 --config biotest_config.rep2.yaml --phase D,E
[20:13:14] [htsjdk_sam    ]     budget: 5400s (host)
[20:13:14] [htsjdk_sam    ]     env: BIOTEST_MULTISHOT_K=2  BIOTEST_AUTO_INVOKE_PUBLIC_METHODS=1 (refine round 4)
[20:23:43] [seqan3_sam    ]     rep 1 exit=0 elapsed=5686s
[20:23:53] [seqan3_sam    ]     -> line=94.20% covered=758/805 status=ok seeds_after={'vcf_total': 33, 'vcf_kept': 0, 'vcf_synthetic': 0, 'sam_total': 1317, 'sam_kept': 1243, 'sam_synthetic': 0}
[20:23:53] [seqan3_sam    ] --- rep 2 ---
[20:23:53] [seqan3_sam    ]     seeds entering rep: {'vcf_total': 33, 'vcf_kept': 0, 'vcf_synthetic': 0, 'sam_total': 1317, 'sam_kept': 1243, 'sam_synthetic': 0}
[20:24:11] [seqan3_sam    ]     reset data/ + bug_reports/ + coverage_artifacts/ (seeds preserved — independent trials)
[20:24:11] [seqan3_sam    ]     env (container): BIOTEST_MULTISHOT_K=2 (refine round 4)
[20:24:11] [seqan3_sam    ]     cmd: docker exec biotest-bench-setup python3.12 harness_run.py --mode E1 ...
[20:24:11] [seqan3_sam    ]     budget: 5400s (container)
[21:08:22] [noodles_vcf   ]     rep 2 exit=0 elapsed=5690s
[21:08:54] [noodles_vcf   ]     -> line=36.20% covered=2745/7584 status=ok seeds_after={'vcf_total': 694, 'vcf_kept': 633, 'vcf_synthetic': 28, 'sam_total': 74, 'sam_kept': 0, 'sam_synthetic': 0}
[21:08:54] [noodles_vcf   ] --- rep 3 ---
[21:08:54] [noodles_vcf   ]     seeds entering rep: {'vcf_total': 694, 'vcf_kept': 633, 'vcf_synthetic': 28, 'sam_total': 74, 'sam_kept': 0, 'sam_synthetic': 0}
[21:08:59] [noodles_vcf   ]     reset data/ + bug_reports/ + coverage_artifacts/ (seeds preserved — independent trials)
[21:08:59] [noodles_vcf   ]     cmd: docker exec biotest-bench-setup python3.12 harness_run.py --mode E1 ...
[21:08:59] [noodles_vcf   ]     budget: 5400s (container)
[21:42:55] [htsjdk_vcf    ]     timeout after 5400s — terminating
[21:42:55] [htsjdk_vcf    ]     rep 2 exit=1 elapsed=5400s
[21:42:58] [vcfpy_vcf     ]     timeout after 5400s — terminating
[21:42:58] [vcfpy_vcf     ]     rep 2 exit=1 elapsed=5400s
[21:42:58] [htsjdk_vcf    ]     -> line=32.90% covered=1221/3716 status=ok seeds_after={'vcf_total': 603, 'vcf_kept': 570, 'vcf_synthetic': 0, 'sam_total': 74, 'sam_kept': 0, 'sam_synthetic': 0}
[21:42:58] [htsjdk_vcf    ] --- rep 3 ---
[21:42:58] [htsjdk_vcf    ]     seeds entering rep: {'vcf_total': 603, 'vcf_kept': 570, 'vcf_synthetic': 0, 'sam_total': 74, 'sam_kept': 0, 'sam_synthetic': 0}
[21:42:59] [vcfpy_vcf     ]     -> line=73.00% covered=859/1176 status=ok seeds_after={'vcf_total': 551, 'vcf_kept': 518, 'vcf_synthetic': 0, 'sam_total': 74, 'sam_kept': 0, 'sam_synthetic': 0}
[21:42:59] [vcfpy_vcf     ] --- rep 3 ---
[21:42:59] [vcfpy_vcf     ]     seeds entering rep: {'vcf_total': 551, 'vcf_kept': 518, 'vcf_synthetic': 0, 'sam_total': 74, 'sam_kept': 0, 'sam_synthetic': 0}
[21:43:00] [htsjdk_vcf    ]     reset data/ + bug_reports/ + coverage_artifacts/ (seeds preserved — independent trials)
[21:43:01] [htsjdk_vcf    ]     cmd: python harness_run.py --mode E1 --config biotest_config.rep3.yaml --phase D,E
[21:43:01] [htsjdk_vcf    ]     budget: 5400s (host)
[21:43:08] [vcfpy_vcf     ]     reset data/ + bug_reports/ + coverage_artifacts/ (seeds preserved — independent trials)
[21:43:08] [vcfpy_vcf     ]     cmd: python harness_run.py --mode E1 --config biotest_config.rep3.yaml --phase D,E
[21:43:08] [vcfpy_vcf     ]     budget: 5400s (host)
[21:43:09] [biopython_sam ]     timeout after 5400s — terminating
[21:43:10] [biopython_sam ]     rep 2 exit=1 elapsed=5400s
[21:43:10] [biopython_sam ]     -> line=0.00% covered=0/0 status=missing seeds_after={'vcf_total': 33, 'vcf_kept': 0, 'vcf_synthetic': 0, 'sam_total': 1035, 'sam_kept': 961, 'sam_synthetic': 0}
[21:43:10] [biopython_sam ] --- rep 3 ---
[21:43:10] [biopython_sam ]     seeds entering rep: {'vcf_total': 33, 'vcf_kept': 0, 'vcf_synthetic': 0, 'sam_total': 1035, 'sam_kept': 961, 'sam_synthetic': 0}
[21:43:14] [htsjdk_sam    ]     timeout after 5400s — terminating
[21:43:15] [htsjdk_sam    ]     rep 2 exit=1 elapsed=5400s
[21:43:20] [htsjdk_sam    ]     -> line=27.50% covered=1418/5154 status=ok seeds_after={'vcf_total': 33, 'vcf_kept': 0, 'vcf_synthetic': 0, 'sam_total': 1530, 'sam_kept': 1456, 'sam_synthetic': 0}
[21:43:20] [htsjdk_sam    ] --- rep 3 ---
[21:43:20] [htsjdk_sam    ]     seeds entering rep: {'vcf_total': 33, 'vcf_kept': 0, 'vcf_synthetic': 0, 'sam_total': 1530, 'sam_kept': 1456, 'sam_synthetic': 0}
[21:43:31] [biopython_sam ]     reset data/ + bug_reports/ + coverage_artifacts/ (seeds preserved — independent trials)
[21:43:31] [biopython_sam ]     cmd: python harness_run.py --mode E1 --config biotest_config.rep3.yaml --phase D,E
[21:43:31] [biopython_sam ]     budget: 5400s (host)
[21:43:31] [biopython_sam ]     env: BIOTEST_MULTISHOT_K=2  BIOTEST_AUTO_INVOKE_PUBLIC_METHODS=1 (refine round 4)
[21:44:15] [htsjdk_sam    ]     reset data/ + bug_reports/ + coverage_artifacts/ (seeds preserved — independent trials)
[21:44:15] [htsjdk_sam    ]     cmd: python harness_run.py --mode E1 --config biotest_config.rep3.yaml --phase D,E
[21:44:15] [htsjdk_sam    ]     budget: 5400s (host)
[21:44:15] [htsjdk_sam    ]     env: BIOTEST_MULTISHOT_K=2  BIOTEST_AUTO_INVOKE_PUBLIC_METHODS=1 (refine round 4)
[21:59:06] [seqan3_sam    ]     rep 2 exit=0 elapsed=5696s
[21:59:16] [seqan3_sam    ]     -> line=93.90% covered=756/805 status=ok seeds_after={'vcf_total': 33, 'vcf_kept': 0, 'vcf_synthetic': 0, 'sam_total': 1703, 'sam_kept': 1629, 'sam_synthetic': 0}
[21:59:16] [seqan3_sam    ] --- rep 3 ---
[21:59:16] [seqan3_sam    ]     seeds entering rep: {'vcf_total': 33, 'vcf_kept': 0, 'vcf_synthetic': 0, 'sam_total': 1703, 'sam_kept': 1629, 'sam_synthetic': 0}
[21:59:29] [seqan3_sam    ]     reset data/ + bug_reports/ + coverage_artifacts/ (seeds preserved — independent trials)
[21:59:29] [seqan3_sam    ]     env (container): BIOTEST_MULTISHOT_K=2 (refine round 4)
[21:59:29] [seqan3_sam    ]     cmd: docker exec biotest-bench-setup python3.12 harness_run.py --mode E1 ...
[21:59:29] [seqan3_sam    ]     budget: 5400s (container)
