/c/Users/miaot/Github/BioTest/compares/ApplicationStudy/rerun_v4_strands.sh: line 61: flock: command not found
[master] cells: ['seqan3_sam']
[master] vcf_budget_s=5400  sam_budget_s=5400  reps=3
[setup] preparing container cov binaries...
[setup] container cov binaries ready
[master] launching 1 cells in parallel...
[master] cumulative=True
[12:49:29] [seqan3_sam    ] === cascade start (container, max_iter=2) ===
[12:49:30] [seqan3_sam    ]     initial seeds: VCF=33  SAM=74
[12:49:30] [seqan3_sam    ] --- rep 0 ---
[12:49:30] [seqan3_sam    ]     seeds entering rep: {'vcf_total': 33, 'vcf_kept': 0, 'vcf_synthetic': 0, 'sam_total': 74, 'sam_kept': 0, 'sam_synthetic': 0}
[12:49:30] [seqan3_sam    ]     reset data/ + bug_reports/ (seeds + coverage_artifacts preserved — cumulative cascade)
[12:49:30] [seqan3_sam    ]     env (container): BIOTEST_MULTISHOT_K=2 (refine round 4)
[12:49:30] [seqan3_sam    ]     cmd: docker exec biotest-bench-setup python3.12 harness_run.py --mode E0 ...
[12:49:30] [seqan3_sam    ]     budget: 5400s (container)
[master] cells: ['seqan3_sam']
[master] vcf_budget_s=5400  sam_budget_s=5400  reps=3
[setup] preparing container cov binaries...
[setup] container cov binaries ready
[master] launching 1 cells in parallel...
[master] cumulative=True
[17:47:41] [seqan3_sam    ] === cascade start (container, max_iter=2) ===
[17:47:41] [seqan3_sam    ]     initial seeds: VCF=33  SAM=74
[17:47:41] [seqan3_sam    ] --- rep 0 ---
[17:47:41] [seqan3_sam    ]     seeds entering rep: {'vcf_total': 33, 'vcf_kept': 0, 'vcf_synthetic': 0, 'sam_total': 74, 'sam_kept': 0, 'sam_synthetic': 0}
[17:47:41] [seqan3_sam    ]     reset data/ + bug_reports/ (seeds + coverage_artifacts preserved — cumulative cascade)
[17:47:41] [seqan3_sam    ]     env (container): BIOTEST_MULTISHOT_K=2 (refine round 4)
[17:47:41] [seqan3_sam    ]     cmd: docker exec biotest-bench-setup python3.12 harness_run.py --mode E0 ...
[17:47:41] [seqan3_sam    ]     budget: 5400s (container)
[19:21:13] [seqan3_sam    ]     rep 0 exit=0 elapsed=5612s
[19:21:17] [seqan3_sam    ]     -> line=93.90% covered=756/805 status=ok seeds_after={'vcf_total': 33, 'vcf_kept': 0, 'vcf_synthetic': 0, 'sam_total': 1477, 'sam_kept': 1403, 'sam_synthetic': 0}
[19:21:17] [seqan3_sam    ] --- rep 1 ---
[19:21:17] [seqan3_sam    ]     seeds entering rep: {'vcf_total': 33, 'vcf_kept': 0, 'vcf_synthetic': 0, 'sam_total': 1477, 'sam_kept': 1403, 'sam_synthetic': 0}
[19:21:38] [seqan3_sam    ]     reset data/ + bug_reports/ (seeds + coverage_artifacts preserved — cumulative cascade)
[19:21:38] [seqan3_sam    ]     env (container): BIOTEST_MULTISHOT_K=2 (refine round 4)
[19:21:38] [seqan3_sam    ]     cmd: docker exec biotest-bench-setup python3.12 harness_run.py --mode E0 ...
[19:21:38] [seqan3_sam    ]     budget: 5400s (container)
[20:32:44] [seqan3_sam    ]     rep 1 exit=0 elapsed=4266s
[20:32:49] [seqan3_sam    ]     -> line=93.90% covered=756/805 status=ok seeds_after={'vcf_total': 33, 'vcf_kept': 0, 'vcf_synthetic': 0, 'sam_total': 2074, 'sam_kept': 2000, 'sam_synthetic': 0}
[20:32:49] [seqan3_sam    ] --- rep 2 ---
[20:32:49] [seqan3_sam    ]     seeds entering rep: {'vcf_total': 33, 'vcf_kept': 0, 'vcf_synthetic': 0, 'sam_total': 2074, 'sam_kept': 2000, 'sam_synthetic': 0}
[20:33:04] [seqan3_sam    ]     reset data/ + bug_reports/ (seeds + coverage_artifacts preserved — cumulative cascade)
[20:33:04] [seqan3_sam    ]     env (container): BIOTEST_MULTISHOT_K=2 (refine round 4)
[20:33:04] [seqan3_sam    ]     cmd: docker exec biotest-bench-setup python3.12 harness_run.py --mode E0 ...
[20:33:04] [seqan3_sam    ]     budget: 5400s (container)
[20:57:49] [seqan3_sam    ]     rep 2 exit=0 elapsed=1484s
[20:57:52] [seqan3_sam    ]     -> line=91.90% covered=740/805 status=ok seeds_after={'vcf_total': 33, 'vcf_kept': 0, 'vcf_synthetic': 0, 'sam_total': 2078, 'sam_kept': 2000, 'sam_synthetic': 4}
[20:57:52] [seqan3_sam    ] === cascade complete (3 reps) ===
[master] [seqan3_sam] CASCADE OK

[master] all cells complete in 190.2 min
[master] cells: ['vcfpy_vcf', 'biopython_sam']
[master] vcf_budget_s=5400  sam_budget_s=5400  reps=3
[master] launching 2 cells in parallel...
[master] cumulative=True
[20:58:08] [vcfpy_vcf     ] === cascade start (host, max_iter=2) ===
[20:58:08] [biopython_sam ] === cascade start (host, max_iter=2) ===
[20:58:08] [biopython_sam ]     initial seeds: VCF=33  SAM=74
[20:58:08] [biopython_sam ] --- rep 0 ---
[20:58:08] [vcfpy_vcf     ]     initial seeds: VCF=33  SAM=74
[20:58:08] [vcfpy_vcf     ] --- rep 0 ---
[20:58:08] [vcfpy_vcf     ]     seeds entering rep: {'vcf_total': 33, 'vcf_kept': 0, 'vcf_synthetic': 0, 'sam_total': 74, 'sam_kept': 0, 'sam_synthetic': 0}
[20:58:08] [biopython_sam ]     seeds entering rep: {'vcf_total': 33, 'vcf_kept': 0, 'vcf_synthetic': 0, 'sam_total': 74, 'sam_kept': 0, 'sam_synthetic': 0}
[20:58:08] [biopython_sam ]     reset data/ + bug_reports/ (seeds + coverage_artifacts preserved — cumulative cascade)
[20:58:08] [vcfpy_vcf     ]     reset data/ + bug_reports/ (seeds + coverage_artifacts preserved — cumulative cascade)
[20:58:08] [vcfpy_vcf     ]     cmd: python harness_run.py --mode E0 --config biotest_config.rep0.yaml --phase D,E
[20:58:08] [vcfpy_vcf     ]     budget: 5400s (host)
[20:58:08] [biopython_sam ]     cmd: python harness_run.py --mode E0 --config biotest_config.rep0.yaml --phase D,E
[20:58:08] [biopython_sam ]     budget: 5400s (host)
[20:58:08] [biopython_sam ]     env: BIOTEST_MULTISHOT_K=2  BIOTEST_AUTO_INVOKE_PUBLIC_METHODS=1 (refine round 4)
[22:28:08] [vcfpy_vcf     ]     timeout after 5400s — sending CTRL_BREAK_EVENT (graceful)
[22:28:08] [biopython_sam ]     timeout after 5400s — sending CTRL_BREAK_EVENT (graceful)
[22:28:09] [biopython_sam ]     rep 0 exit=3221225786 elapsed=5400s
[22:28:09] [vcfpy_vcf     ]     rep 0 exit=3221225786 elapsed=5400s
[22:28:09] [biopython_sam ]     -> line=0.00% covered=0/0 status=missing seeds_after={'vcf_total': 33, 'vcf_kept': 0, 'vcf_synthetic': 0, 'sam_total': 481, 'sam_kept': 407, 'sam_synthetic': 0}
[22:28:09] [biopython_sam ] --- rep 1 ---
[22:28:09] [biopython_sam ]     seeds entering rep: {'vcf_total': 33, 'vcf_kept': 0, 'vcf_synthetic': 0, 'sam_total': 481, 'sam_kept': 407, 'sam_synthetic': 0}
[22:28:09] [vcfpy_vcf     ]     -> line=71.80% covered=844/1176 status=ok seeds_after={'vcf_total': 49, 'vcf_kept': 16, 'vcf_synthetic': 0, 'sam_total': 74, 'sam_kept': 0, 'sam_synthetic': 0}
[22:28:09] [vcfpy_vcf     ] --- rep 1 ---
[22:28:09] [vcfpy_vcf     ]     seeds entering rep: {'vcf_total': 49, 'vcf_kept': 16, 'vcf_synthetic': 0, 'sam_total': 74, 'sam_kept': 0, 'sam_synthetic': 0}
[22:28:18] [vcfpy_vcf     ]     reset data/ + bug_reports/ (seeds + coverage_artifacts preserved — cumulative cascade)
[22:28:18] [vcfpy_vcf     ]     cmd: python harness_run.py --mode E0 --config biotest_config.rep1.yaml --phase D,E
[22:28:18] [vcfpy_vcf     ]     budget: 5400s (host)
[22:28:18] [biopython_sam ]     reset data/ + bug_reports/ (seeds + coverage_artifacts preserved — cumulative cascade)
[22:28:18] [biopython_sam ]     cmd: python harness_run.py --mode E0 --config biotest_config.rep1.yaml --phase D,E
[22:28:18] [biopython_sam ]     budget: 5400s (host)
[22:28:18] [biopython_sam ]     env: BIOTEST_MULTISHOT_K=2  BIOTEST_AUTO_INVOKE_PUBLIC_METHODS=1 (refine round 4)
[23:58:18] [vcfpy_vcf     ]     timeout after 5400s — sending CTRL_BREAK_EVENT (graceful)
[23:58:18] [biopython_sam ]     timeout after 5400s — sending CTRL_BREAK_EVENT (graceful)
[23:58:18] [vcfpy_vcf     ]     rep 1 exit=3221225786 elapsed=5400s
[23:58:18] [biopython_sam ]     rep 1 exit=3221225786 elapsed=5400s
[23:58:18] [biopython_sam ]     -> line=0.00% covered=0/0 status=missing seeds_after={'vcf_total': 33, 'vcf_kept': 0, 'vcf_synthetic': 0, 'sam_total': 1040, 'sam_kept': 966, 'sam_synthetic': 0}
[23:58:18] [biopython_sam ] --- rep 2 ---
[23:58:18] [biopython_sam ]     seeds entering rep: {'vcf_total': 33, 'vcf_kept': 0, 'vcf_synthetic': 0, 'sam_total': 1040, 'sam_kept': 966, 'sam_synthetic': 0}
[23:58:19] [vcfpy_vcf     ]     -> line=71.90% covered=845/1176 status=ok seeds_after={'vcf_total': 100, 'vcf_kept': 67, 'vcf_synthetic': 0, 'sam_total': 74, 'sam_kept': 0, 'sam_synthetic': 0}
[23:58:19] [vcfpy_vcf     ] --- rep 2 ---
[23:58:19] [vcfpy_vcf     ]     seeds entering rep: {'vcf_total': 100, 'vcf_kept': 67, 'vcf_synthetic': 0, 'sam_total': 74, 'sam_kept': 0, 'sam_synthetic': 0}
[23:58:21] [vcfpy_vcf     ]     reset data/ + bug_reports/ (seeds + coverage_artifacts preserved — cumulative cascade)
[23:58:21] [vcfpy_vcf     ]     cmd: python harness_run.py --mode E0 --config biotest_config.rep2.yaml --phase D,E
[23:58:21] [vcfpy_vcf     ]     budget: 5400s (host)
[23:58:25] [biopython_sam ]     reset data/ + bug_reports/ (seeds + coverage_artifacts preserved — cumulative cascade)
[23:58:25] [biopython_sam ]     cmd: python harness_run.py --mode E0 --config biotest_config.rep2.yaml --phase D,E
[23:58:25] [biopython_sam ]     budget: 5400s (host)
[23:58:25] [biopython_sam ]     env: BIOTEST_MULTISHOT_K=2  BIOTEST_AUTO_INVOKE_PUBLIC_METHODS=1 (refine round 4)
[01:27:44] [vcfpy_vcf     ]     rep 2 exit=0 elapsed=5362s
[01:27:45] [vcfpy_vcf     ]     -> line=71.90% covered=846/1176 status=ok seeds_after={'vcf_total': 199, 'vcf_kept': 166, 'vcf_synthetic': 0, 'sam_total': 74, 'sam_kept': 0, 'sam_synthetic': 0}
[01:27:45] [vcfpy_vcf     ] === cascade complete (3 reps) ===
[master] [vcfpy_vcf] CASCADE OK
[01:28:25] [biopython_sam ]     timeout after 5400s — sending CTRL_BREAK_EVENT (graceful)
[01:28:25] [biopython_sam ]     rep 2 exit=3221225786 elapsed=5400s
[01:28:25] [biopython_sam ]     -> line=0.00% covered=0/0 status=missing seeds_after={'vcf_total': 33, 'vcf_kept': 0, 'vcf_synthetic': 0, 'sam_total': 1750, 'sam_kept': 1676, 'sam_synthetic': 0}
[01:28:25] [biopython_sam ] === cascade complete (3 reps) ===
[master] [biopython_sam] CASCADE OK

[master] all cells complete in 270.3 min
[master] cells: ['vcfpy_vcf', 'biopython_sam']
[master] vcf_budget_s=5400  sam_budget_s=5400  reps=3
[master] launching 2 cells in parallel...
[master] cumulative=True
[01:28:38] [vcfpy_vcf     ] === cascade start (host, max_iter=2) ===
[01:28:38] [biopython_sam ] === cascade start (host, max_iter=2) ===
[01:28:38] [biopython_sam ]     initial seeds: VCF=33  SAM=74
[01:28:38] [biopython_sam ] --- rep 0 ---
[01:28:38] [vcfpy_vcf     ]     initial seeds: VCF=33  SAM=74
[01:28:38] [vcfpy_vcf     ] --- rep 0 ---
[01:28:38] [vcfpy_vcf     ]     seeds entering rep: {'vcf_total': 33, 'vcf_kept': 0, 'vcf_synthetic': 0, 'sam_total': 74, 'sam_kept': 0, 'sam_synthetic': 0}
[01:28:38] [biopython_sam ]     seeds entering rep: {'vcf_total': 33, 'vcf_kept': 0, 'vcf_synthetic': 0, 'sam_total': 74, 'sam_kept': 0, 'sam_synthetic': 0}
[01:28:38] [vcfpy_vcf     ]     reset data/ + bug_reports/ (seeds + coverage_artifacts preserved — cumulative cascade)
[01:28:38] [biopython_sam ]     reset data/ + bug_reports/ (seeds + coverage_artifacts preserved — cumulative cascade)
[01:28:38] [vcfpy_vcf     ]     cmd: python harness_run.py --mode E0 --config biotest_config.rep0.yaml --phase D,E
[01:28:38] [vcfpy_vcf     ]     budget: 5400s (host)
[01:28:38] [biopython_sam ]     cmd: python harness_run.py --mode E0 --config biotest_config.rep0.yaml --phase D,E
[01:28:38] [biopython_sam ]     budget: 5400s (host)
[01:28:38] [biopython_sam ]     env: BIOTEST_MULTISHOT_K=2  BIOTEST_AUTO_INVOKE_PUBLIC_METHODS=1 (refine round 4)
[02:56:42] [vcfpy_vcf     ]     rep 0 exit=0 elapsed=5284s
[02:56:43] [vcfpy_vcf     ]     -> line=72.50% covered=853/1176 status=ok seeds_after={'vcf_total': 47, 'vcf_kept': 14, 'vcf_synthetic': 0, 'sam_total': 74, 'sam_kept': 0, 'sam_synthetic': 0}
[02:56:43] [vcfpy_vcf     ] --- rep 1 ---
[02:56:43] [vcfpy_vcf     ]     seeds entering rep: {'vcf_total': 47, 'vcf_kept': 14, 'vcf_synthetic': 0, 'sam_total': 74, 'sam_kept': 0, 'sam_synthetic': 0}
[02:56:49] [vcfpy_vcf     ]     reset data/ + bug_reports/ (seeds + coverage_artifacts preserved — cumulative cascade)
[02:56:49] [vcfpy_vcf     ]     cmd: python harness_run.py --mode E0 --config biotest_config.rep1.yaml --phase D,E
[02:56:49] [vcfpy_vcf     ]     budget: 5400s (host)
[02:58:38] [biopython_sam ]     timeout after 5400s — sending CTRL_BREAK_EVENT (graceful)
[02:58:38] [biopython_sam ]     rep 0 exit=3221225786 elapsed=5400s
[02:58:39] [biopython_sam ]     -> line=54.20% covered=324/598 status=ok seeds_after={'vcf_total': 33, 'vcf_kept': 0, 'vcf_synthetic': 0, 'sam_total': 287, 'sam_kept': 213, 'sam_synthetic': 0}
[02:58:39] [biopython_sam ] --- rep 1 ---
[02:58:39] [biopython_sam ]     seeds entering rep: {'vcf_total': 33, 'vcf_kept': 0, 'vcf_synthetic': 0, 'sam_total': 287, 'sam_kept': 213, 'sam_synthetic': 0}
[02:58:43] [biopython_sam ]     reset data/ + bug_reports/ (seeds + coverage_artifacts preserved — cumulative cascade)
[02:58:43] [biopython_sam ]     cmd: python harness_run.py --mode E0 --config biotest_config.rep1.yaml --phase D,E
[02:58:43] [biopython_sam ]     budget: 5400s (host)
[02:58:43] [biopython_sam ]     env: BIOTEST_MULTISHOT_K=2  BIOTEST_AUTO_INVOKE_PUBLIC_METHODS=1 (refine round 4)
[04:05:12] [vcfpy_vcf     ]     rep 1 exit=0 elapsed=4103s
[04:05:13] [vcfpy_vcf     ]     -> line=72.40% covered=852/1176 status=ok seeds_after={'vcf_total': 76, 'vcf_kept': 43, 'vcf_synthetic': 0, 'sam_total': 74, 'sam_kept': 0, 'sam_synthetic': 0}
[04:05:13] [vcfpy_vcf     ] --- rep 2 ---
[04:05:13] [vcfpy_vcf     ]     seeds entering rep: {'vcf_total': 76, 'vcf_kept': 43, 'vcf_synthetic': 0, 'sam_total': 74, 'sam_kept': 0, 'sam_synthetic': 0}
[04:05:15] [vcfpy_vcf     ]     reset data/ + bug_reports/ (seeds + coverage_artifacts preserved — cumulative cascade)
[04:05:15] [vcfpy_vcf     ]     cmd: python harness_run.py --mode E0 --config biotest_config.rep2.yaml --phase D,E
[04:05:15] [vcfpy_vcf     ]     budget: 5400s (host)
[04:28:43] [biopython_sam ]     timeout after 5400s — sending CTRL_BREAK_EVENT (graceful)
[04:28:43] [biopython_sam ]     rep 1 exit=3221225786 elapsed=5400s
[04:28:44] [biopython_sam ]     -> line=54.20% covered=324/598 status=ok seeds_after={'vcf_total': 33, 'vcf_kept': 0, 'vcf_synthetic': 0, 'sam_total': 819, 'sam_kept': 745, 'sam_synthetic': 0}
[04:28:44] [biopython_sam ] --- rep 2 ---
[04:28:44] [biopython_sam ]     seeds entering rep: {'vcf_total': 33, 'vcf_kept': 0, 'vcf_synthetic': 0, 'sam_total': 819, 'sam_kept': 745, 'sam_synthetic': 0}
[04:28:52] [biopython_sam ]     reset data/ + bug_reports/ (seeds + coverage_artifacts preserved — cumulative cascade)
[04:28:52] [biopython_sam ]     cmd: python harness_run.py --mode E0 --config biotest_config.rep2.yaml --phase D,E
[04:28:52] [biopython_sam ]     budget: 5400s (host)
[04:28:52] [biopython_sam ]     env: BIOTEST_MULTISHOT_K=2  BIOTEST_AUTO_INVOKE_PUBLIC_METHODS=1 (refine round 4)
[05:22:14] [vcfpy_vcf     ]     rep 2 exit=0 elapsed=4619s
[05:22:15] [vcfpy_vcf     ]     -> line=72.60% covered=854/1176 status=ok seeds_after={'vcf_total': 135, 'vcf_kept': 102, 'vcf_synthetic': 0, 'sam_total': 74, 'sam_kept': 0, 'sam_synthetic': 0}
[05:22:15] [vcfpy_vcf     ] === cascade complete (3 reps) ===
[master] [vcfpy_vcf] CASCADE OK
[05:58:52] [biopython_sam ]     timeout after 5400s — sending CTRL_BREAK_EVENT (graceful)
[05:58:52] [biopython_sam ]     rep 2 exit=3221225786 elapsed=5400s
[05:58:53] [biopython_sam ]     -> line=54.20% covered=324/598 status=ok seeds_after={'vcf_total': 33, 'vcf_kept': 0, 'vcf_synthetic': 0, 'sam_total': 1421, 'sam_kept': 1347, 'sam_synthetic': 0}
[05:58:53] [biopython_sam ] === cascade complete (3 reps) ===
[master] [biopython_sam] CASCADE OK

[master] all cells complete in 270.3 min
[master] cells: ['vcfpy_vcf', 'biopython_sam']
[master] vcf_budget_s=5400  sam_budget_s=5400  reps=3
[master] launching 2 cells in parallel...
[master] cumulative=True
[05:59:04] [vcfpy_vcf     ] === cascade start (host, max_iter=2) ===
[05:59:04] [biopython_sam ] === cascade start (host, max_iter=2) ===
[05:59:04] [vcfpy_vcf     ]     initial seeds: VCF=33  SAM=74
[05:59:04] [vcfpy_vcf     ] --- rep 0 ---
[05:59:04] [biopython_sam ]     initial seeds: VCF=33  SAM=74
[05:59:04] [biopython_sam ] --- rep 0 ---
[05:59:04] [vcfpy_vcf     ]     seeds entering rep: {'vcf_total': 33, 'vcf_kept': 0, 'vcf_synthetic': 0, 'sam_total': 74, 'sam_kept': 0, 'sam_synthetic': 0}
[05:59:04] [biopython_sam ]     seeds entering rep: {'vcf_total': 33, 'vcf_kept': 0, 'vcf_synthetic': 0, 'sam_total': 74, 'sam_kept': 0, 'sam_synthetic': 0}
[05:59:04] [vcfpy_vcf     ]     reset data/ + bug_reports/ (seeds + coverage_artifacts preserved — cumulative cascade)
[05:59:04] [biopython_sam ]     reset data/ + bug_reports/ (seeds + coverage_artifacts preserved — cumulative cascade)
[05:59:04] [vcfpy_vcf     ]     cmd: python harness_run.py --mode E0 --config biotest_config.rep0.yaml --phase D,E
[05:59:04] [vcfpy_vcf     ]     budget: 5400s (host)
[05:59:04] [biopython_sam ]     cmd: python harness_run.py --mode E0 --config biotest_config.rep0.yaml --phase D,E
[05:59:04] [biopython_sam ]     budget: 5400s (host)
[05:59:04] [biopython_sam ]     env: BIOTEST_MULTISHOT_K=2  BIOTEST_AUTO_INVOKE_PUBLIC_METHODS=1 (refine round 4)
[07:17:16] [vcfpy_vcf     ]     rep 0 exit=0 elapsed=4692s
[07:17:17] [vcfpy_vcf     ]     -> line=72.50% covered=853/1176 status=ok seeds_after={'vcf_total': 49, 'vcf_kept': 16, 'vcf_synthetic': 0, 'sam_total': 74, 'sam_kept': 0, 'sam_synthetic': 0}
[07:17:17] [vcfpy_vcf     ] --- rep 1 ---
[07:17:17] [vcfpy_vcf     ]     seeds entering rep: {'vcf_total': 49, 'vcf_kept': 16, 'vcf_synthetic': 0, 'sam_total': 74, 'sam_kept': 0, 'sam_synthetic': 0}
[07:17:22] [vcfpy_vcf     ]     reset data/ + bug_reports/ (seeds + coverage_artifacts preserved — cumulative cascade)
[07:17:22] [vcfpy_vcf     ]     cmd: python harness_run.py --mode E0 --config biotest_config.rep1.yaml --phase D,E
[07:17:22] [vcfpy_vcf     ]     budget: 5400s (host)
[07:22:19] [biopython_sam ]     rep 0 exit=0 elapsed=4996s
[07:22:20] [biopython_sam ]     -> line=54.30% covered=325/598 status=ok seeds_after={'vcf_total': 33, 'vcf_kept': 0, 'vcf_synthetic': 0, 'sam_total': 275, 'sam_kept': 201, 'sam_synthetic': 0}
[07:22:20] [biopython_sam ] --- rep 1 ---
[07:22:20] [biopython_sam ]     seeds entering rep: {'vcf_total': 33, 'vcf_kept': 0, 'vcf_synthetic': 0, 'sam_total': 275, 'sam_kept': 201, 'sam_synthetic': 0}
[07:22:25] [biopython_sam ]     reset data/ + bug_reports/ (seeds + coverage_artifacts preserved — cumulative cascade)
[07:22:25] [biopython_sam ]     cmd: python harness_run.py --mode E0 --config biotest_config.rep1.yaml --phase D,E
[07:22:25] [biopython_sam ]     budget: 5400s (host)
[07:22:25] [biopython_sam ]     env: BIOTEST_MULTISHOT_K=2  BIOTEST_AUTO_INVOKE_PUBLIC_METHODS=1 (refine round 4)
[08:36:31] [vcfpy_vcf     ]     rep 1 exit=0 elapsed=4749s
[08:36:31] [vcfpy_vcf     ]     -> line=71.90% covered=846/1176 status=ok seeds_after={'vcf_total': 105, 'vcf_kept': 72, 'vcf_synthetic': 0, 'sam_total': 74, 'sam_kept': 0, 'sam_synthetic': 0}
[08:36:31] [vcfpy_vcf     ] --- rep 2 ---
[08:36:31] [vcfpy_vcf     ]     seeds entering rep: {'vcf_total': 105, 'vcf_kept': 72, 'vcf_synthetic': 0, 'sam_total': 74, 'sam_kept': 0, 'sam_synthetic': 0}
[08:36:34] [vcfpy_vcf     ]     reset data/ + bug_reports/ (seeds + coverage_artifacts preserved — cumulative cascade)
[08:36:34] [vcfpy_vcf     ]     cmd: python harness_run.py --mode E0 --config biotest_config.rep2.yaml --phase D,E
[08:36:34] [vcfpy_vcf     ]     budget: 5400s (host)
[08:52:25] [biopython_sam ]     timeout after 5400s — sending CTRL_BREAK_EVENT (graceful)
[08:52:25] [biopython_sam ]     rep 1 exit=3221225786 elapsed=5400s
[08:52:26] [biopython_sam ]     -> line=54.30% covered=325/598 status=ok seeds_after={'vcf_total': 33, 'vcf_kept': 0, 'vcf_synthetic': 0, 'sam_total': 817, 'sam_kept': 743, 'sam_synthetic': 0}
[08:52:26] [biopython_sam ] --- rep 2 ---
[08:52:26] [biopython_sam ]     seeds entering rep: {'vcf_total': 33, 'vcf_kept': 0, 'vcf_synthetic': 0, 'sam_total': 817, 'sam_kept': 743, 'sam_synthetic': 0}
[08:52:33] [biopython_sam ]     reset data/ + bug_reports/ (seeds + coverage_artifacts preserved — cumulative cascade)
[08:52:33] [biopython_sam ]     cmd: python harness_run.py --mode E0 --config biotest_config.rep2.yaml --phase D,E
[08:52:33] [biopython_sam ]     budget: 5400s (host)
[08:52:33] [biopython_sam ]     env: BIOTEST_MULTISHOT_K=2  BIOTEST_AUTO_INVOKE_PUBLIC_METHODS=1 (refine round 4)
[10:01:27] [vcfpy_vcf     ]     rep 2 exit=0 elapsed=5093s
[10:01:28] [vcfpy_vcf     ]     -> line=72.50% covered=853/1176 status=ok seeds_after={'vcf_total': 197, 'vcf_kept': 164, 'vcf_synthetic': 0, 'sam_total': 74, 'sam_kept': 0, 'sam_synthetic': 0}
[10:01:28] [vcfpy_vcf     ] === cascade complete (3 reps) ===
[master] [vcfpy_vcf] CASCADE OK
[10:22:33] [biopython_sam ]     timeout after 5400s — sending CTRL_BREAK_EVENT (graceful)
[10:22:33] [biopython_sam ]     rep 2 exit=3221225786 elapsed=5400s
[10:22:34] [biopython_sam ]     -> line=54.30% covered=325/598 status=ok seeds_after={'vcf_total': 33, 'vcf_kept': 0, 'vcf_synthetic': 0, 'sam_total': 1462, 'sam_kept': 1388, 'sam_synthetic': 0}
[10:22:34] [biopython_sam ] === cascade complete (3 reps) ===
[master] [biopython_sam] CASCADE OK

[master] all cells complete in 263.5 min
