[master] cells: ['htsjdk_sam']
[master] vcf_budget_s=5400  sam_budget_s=5400  reps=3
[master] launching 1 cells in parallel...
[master] cumulative=True
[12:45:21] [htsjdk_sam    ] === cascade start (host, max_iter=2) ===
[12:45:21] [htsjdk_sam    ]     initial seeds: VCF=33  SAM=74
[12:45:21] [htsjdk_sam    ] --- rep 0 ---
[12:45:21] [htsjdk_sam    ]     seeds entering rep: {'vcf_total': 33, 'vcf_kept': 0, 'vcf_synthetic': 0, 'sam_total': 74, 'sam_kept': 0, 'sam_synthetic': 0}
[12:45:21] [htsjdk_sam    ]     reset data/ + bug_reports/ (seeds + coverage_artifacts preserved — cumulative cascade)
[12:45:21] [htsjdk_sam    ]     cmd: python harness_run.py --mode E1S --config biotest_config.rep0.yaml --phase D,E
[12:45:21] [htsjdk_sam    ]     budget: 5400s (host)
[12:45:21] [htsjdk_sam    ]     env: BIOTEST_MULTISHOT_K=2  BIOTEST_AUTO_INVOKE_PUBLIC_METHODS=1 (refine round 4)
[13:17:03] [htsjdk_sam    ]     rep 0 exit=4294967295 elapsed=1902s
[master] cells: ['htsjdk_sam']
[master] vcf_budget_s=5400  sam_budget_s=5400  reps=3
[master] launching 1 cells in parallel...
[master] cumulative=True
[13:21:42] [htsjdk_sam    ] === cascade start (host, max_iter=2) ===
[13:21:42] [htsjdk_sam    ]     initial seeds: VCF=33  SAM=74
[13:21:42] [htsjdk_sam    ] --- rep 0 ---
[13:21:42] [htsjdk_sam    ]     seeds entering rep: {'vcf_total': 33, 'vcf_kept': 0, 'vcf_synthetic': 0, 'sam_total': 74, 'sam_kept': 0, 'sam_synthetic': 0}
[13:21:42] [htsjdk_sam    ]     reset data/ + bug_reports/ (seeds + coverage_artifacts preserved — cumulative cascade)
[13:21:42] [htsjdk_sam    ]     cmd: python harness_run.py --mode E1S --config biotest_config.rep0.yaml --phase D,E
[13:21:42] [htsjdk_sam    ]     budget: 5400s (host)
[13:21:42] [htsjdk_sam    ]     env: BIOTEST_MULTISHOT_K=2  BIOTEST_AUTO_INVOKE_PUBLIC_METHODS=1 (refine round 4)
[13:34:06] [htsjdk_sam    ]     rep 0 exit=0 elapsed=745s
[13:34:06] [htsjdk_sam    ]     -> line=0.00% covered=0/0 status=missing seeds_after={'vcf_total': 33, 'vcf_kept': 0, 'vcf_synthetic': 0, 'sam_total': 74, 'sam_kept': 0, 'sam_synthetic': 0}
[13:34:06] [htsjdk_sam    ] --- rep 1 ---
[13:34:06] [htsjdk_sam    ]     seeds entering rep: {'vcf_total': 33, 'vcf_kept': 0, 'vcf_synthetic': 0, 'sam_total': 74, 'sam_kept': 0, 'sam_synthetic': 0}
[13:34:06] [htsjdk_sam    ]     reset data/ + bug_reports/ (seeds + coverage_artifacts preserved — cumulative cascade)
[13:34:06] [htsjdk_sam    ]     cmd: python harness_run.py --mode E1S --config biotest_config.rep1.yaml --phase D,E
[13:34:06] [htsjdk_sam    ]     budget: 5400s (host)
[13:34:06] [htsjdk_sam    ]     env: BIOTEST_MULTISHOT_K=2  BIOTEST_AUTO_INVOKE_PUBLIC_METHODS=1 (refine round 4)
[15:04:06] [htsjdk_sam    ]     timeout after 5400s — sending CTRL_BREAK_EVENT (graceful)
[15:04:06] [htsjdk_sam    ]     rep 1 exit=3221225786 elapsed=5400s
[15:04:09] [htsjdk_sam    ]     -> line=30.90% covered=1605/5200 status=ok seeds_after={'vcf_total': 33, 'vcf_kept': 0, 'vcf_synthetic': 0, 'sam_total': 505, 'sam_kept': 426, 'sam_synthetic': 5}
[15:04:09] [htsjdk_sam    ] --- rep 2 ---
[15:04:09] [htsjdk_sam    ]     seeds entering rep: {'vcf_total': 33, 'vcf_kept': 0, 'vcf_synthetic': 0, 'sam_total': 505, 'sam_kept': 426, 'sam_synthetic': 5}
[15:04:27] [htsjdk_sam    ]     reset data/ + bug_reports/ (seeds + coverage_artifacts preserved — cumulative cascade)
[15:04:27] [htsjdk_sam    ]     cmd: python harness_run.py --mode E1S --config biotest_config.rep2.yaml --phase D,E
[15:04:27] [htsjdk_sam    ]     budget: 5400s (host)
[15:04:27] [htsjdk_sam    ]     env: BIOTEST_MULTISHOT_K=2  BIOTEST_AUTO_INVOKE_PUBLIC_METHODS=1 (refine round 4)
[16:34:27] [htsjdk_sam    ]     timeout after 5400s — sending CTRL_BREAK_EVENT (graceful)
[16:34:27] [htsjdk_sam    ]     rep 2 exit=3221225786 elapsed=5400s
[16:34:29] [htsjdk_sam    ]     -> line=30.90% covered=1605/5200 status=ok seeds_after={'vcf_total': 33, 'vcf_kept': 0, 'vcf_synthetic': 0, 'sam_total': 1036, 'sam_kept': 957, 'sam_synthetic': 5}
[16:34:29] [htsjdk_sam    ] === cascade complete (3 reps) ===
[master] [htsjdk_sam] CASCADE OK

[master] all cells complete in 192.8 min
[master] cells: ['htsjdk_vcf', 'htsjdk_sam']
[master] vcf_budget_s=5400  sam_budget_s=5400  reps=3
[master] launching 2 cells in parallel...
[master] cumulative=True
[16:34:33] [htsjdk_sam    ] === cascade start (host, max_iter=2) ===
[16:34:33] [htsjdk_vcf    ] === cascade start (host, max_iter=2) ===
[16:34:33] [htsjdk_vcf    ]     initial seeds: VCF=33  SAM=74
[16:34:33] [htsjdk_vcf    ] --- rep 0 ---
[16:34:33] [htsjdk_sam    ]     initial seeds: VCF=33  SAM=74
[16:34:33] [htsjdk_sam    ] --- rep 0 ---
[16:34:33] [htsjdk_sam    ]     seeds entering rep: {'vcf_total': 33, 'vcf_kept': 0, 'vcf_synthetic': 0, 'sam_total': 74, 'sam_kept': 0, 'sam_synthetic': 0}
[16:34:33] [htsjdk_vcf    ]     seeds entering rep: {'vcf_total': 33, 'vcf_kept': 0, 'vcf_synthetic': 0, 'sam_total': 74, 'sam_kept': 0, 'sam_synthetic': 0}
[16:34:33] [htsjdk_vcf    ]     reset data/ + bug_reports/ (seeds + coverage_artifacts preserved — cumulative cascade)
[16:34:33] [htsjdk_sam    ]     reset data/ + bug_reports/ (seeds + coverage_artifacts preserved — cumulative cascade)
[16:34:33] [htsjdk_vcf    ]     cmd: python harness_run.py --mode E1S --config biotest_config.rep0.yaml --phase D,E
[16:34:33] [htsjdk_vcf    ]     budget: 5400s (host)
[16:34:33] [htsjdk_sam    ]     cmd: python harness_run.py --mode E1S --config biotest_config.rep0.yaml --phase D,E
[16:34:33] [htsjdk_sam    ]     budget: 5400s (host)
[16:34:33] [htsjdk_sam    ]     env: BIOTEST_MULTISHOT_K=2  BIOTEST_AUTO_INVOKE_PUBLIC_METHODS=1 (refine round 4)
[16:46:00] [htsjdk_sam    ]     rep 0 exit=0 elapsed=687s
[16:46:00] [htsjdk_sam    ]     -> line=0.00% covered=0/0 status=missing seeds_after={'vcf_total': 33, 'vcf_kept': 0, 'vcf_synthetic': 0, 'sam_total': 74, 'sam_kept': 0, 'sam_synthetic': 0}
[16:46:00] [htsjdk_sam    ] --- rep 1 ---
[16:46:00] [htsjdk_sam    ]     seeds entering rep: {'vcf_total': 33, 'vcf_kept': 0, 'vcf_synthetic': 0, 'sam_total': 74, 'sam_kept': 0, 'sam_synthetic': 0}
[16:46:00] [htsjdk_sam    ]     reset data/ + bug_reports/ (seeds + coverage_artifacts preserved — cumulative cascade)
[16:46:00] [htsjdk_sam    ]     cmd: python harness_run.py --mode E1S --config biotest_config.rep1.yaml --phase D,E
[16:46:00] [htsjdk_sam    ]     budget: 5400s (host)
[16:46:00] [htsjdk_sam    ]     env: BIOTEST_MULTISHOT_K=2  BIOTEST_AUTO_INVOKE_PUBLIC_METHODS=1 (refine round 4)
[16:51:13] [htsjdk_vcf    ]     rep 0 exit=0 elapsed=1000s
[16:51:13] [htsjdk_vcf    ]     -> line=0.00% covered=0/0 status=missing seeds_after={'vcf_total': 33, 'vcf_kept': 0, 'vcf_synthetic': 0, 'sam_total': 74, 'sam_kept': 0, 'sam_synthetic': 0}
[16:51:13] [htsjdk_vcf    ] --- rep 1 ---
[16:51:13] [htsjdk_vcf    ]     seeds entering rep: {'vcf_total': 33, 'vcf_kept': 0, 'vcf_synthetic': 0, 'sam_total': 74, 'sam_kept': 0, 'sam_synthetic': 0}
[16:51:13] [htsjdk_vcf    ]     reset data/ + bug_reports/ (seeds + coverage_artifacts preserved — cumulative cascade)
[16:51:13] [htsjdk_vcf    ]     cmd: python harness_run.py --mode E1S --config biotest_config.rep1.yaml --phase D,E
[16:51:13] [htsjdk_vcf    ]     budget: 5400s (host)
[16:56:04] [htsjdk_sam    ]     rep 1 exit=0 elapsed=603s
[16:56:04] [htsjdk_sam    ]     -> line=0.00% covered=0/0 status=missing seeds_after={'vcf_total': 33, 'vcf_kept': 0, 'vcf_synthetic': 0, 'sam_total': 74, 'sam_kept': 0, 'sam_synthetic': 0}
[16:56:04] [htsjdk_sam    ] --- rep 2 ---
[16:56:04] [htsjdk_sam    ]     seeds entering rep: {'vcf_total': 33, 'vcf_kept': 0, 'vcf_synthetic': 0, 'sam_total': 74, 'sam_kept': 0, 'sam_synthetic': 0}
[16:56:04] [htsjdk_sam    ]     reset data/ + bug_reports/ (seeds + coverage_artifacts preserved — cumulative cascade)
[16:56:04] [htsjdk_sam    ]     cmd: python harness_run.py --mode E1S --config biotest_config.rep2.yaml --phase D,E
[16:56:04] [htsjdk_sam    ]     budget: 5400s (host)
[16:56:04] [htsjdk_sam    ]     env: BIOTEST_MULTISHOT_K=2  BIOTEST_AUTO_INVOKE_PUBLIC_METHODS=1 (refine round 4)
[17:06:03] [htsjdk_vcf    ]     rep 1 exit=0 elapsed=890s
[17:06:03] [htsjdk_vcf    ]     -> line=0.00% covered=0/0 status=missing seeds_after={'vcf_total': 33, 'vcf_kept': 0, 'vcf_synthetic': 0, 'sam_total': 74, 'sam_kept': 0, 'sam_synthetic': 0}
[17:06:03] [htsjdk_vcf    ] --- rep 2 ---
[17:06:03] [htsjdk_vcf    ]     seeds entering rep: {'vcf_total': 33, 'vcf_kept': 0, 'vcf_synthetic': 0, 'sam_total': 74, 'sam_kept': 0, 'sam_synthetic': 0}
[17:06:03] [htsjdk_vcf    ]     reset data/ + bug_reports/ (seeds + coverage_artifacts preserved — cumulative cascade)
[17:06:03] [htsjdk_vcf    ]     cmd: python harness_run.py --mode E1S --config biotest_config.rep2.yaml --phase D,E
[17:06:03] [htsjdk_vcf    ]     budget: 5400s (host)
[17:17:21] [htsjdk_vcf    ]     rep 2 exit=0 elapsed=678s
[17:17:21] [htsjdk_vcf    ]     -> line=0.00% covered=0/0 status=missing seeds_after={'vcf_total': 33, 'vcf_kept': 0, 'vcf_synthetic': 0, 'sam_total': 74, 'sam_kept': 0, 'sam_synthetic': 0}
[17:17:21] [htsjdk_vcf    ] === cascade complete (3 reps) ===
[master] [htsjdk_vcf] CASCADE OK
[17:18:29] [htsjdk_sam    ]     rep 2 exit=0 elapsed=1346s
[17:18:31] [htsjdk_sam    ]     -> line=27.30% covered=1419/5200 status=ok seeds_after={'vcf_total': 33, 'vcf_kept': 0, 'vcf_synthetic': 0, 'sam_total': 148, 'sam_kept': 74, 'sam_synthetic': 0}
[17:18:31] [htsjdk_sam    ] === cascade complete (3 reps) ===
[master] [htsjdk_sam] CASCADE OK

[master] all cells complete in 44.0 min
