/c/Users/miaot/Github/BioTest/compares/ApplicationStudy/rerun_v4_strands.sh: line 61: flock: command not found
[master] cells: ['vcfpy_vcf', 'biopython_sam', 'seqan3_sam']
[master] vcf_budget_s=5400  sam_budget_s=5400  reps=4
[setup] preparing container cov binaries...
[setup] container cov binaries ready
[master] launching 3 cells in parallel...
[master] cumulative=False
[12:45:10] [vcfpy_vcf     ] === cascade start (host, max_iter=2) ===
[12:45:10] [biopython_sam ] === cascade start (host, max_iter=2) ===
[12:45:10] [seqan3_sam    ] === cascade start (container, max_iter=2) ===
[12:45:10] [biopython_sam ]     initial seeds: VCF=33  SAM=74
[12:45:10] [biopython_sam ] --- rep 0 ---
[12:45:10] [vcfpy_vcf     ]     initial seeds: VCF=33  SAM=74
[12:45:10] [vcfpy_vcf     ] --- rep 0 ---
[12:45:10] [seqan3_sam    ]     initial seeds: VCF=33  SAM=74
[12:45:10] [seqan3_sam    ] --- rep 0 ---
[12:45:10] [biopython_sam ]     seeds entering rep: {'vcf_total': 33, 'vcf_kept': 0, 'vcf_synthetic': 0, 'sam_total': 74, 'sam_kept': 0, 'sam_synthetic': 0}
[12:45:10] [vcfpy_vcf     ]     seeds entering rep: {'vcf_total': 33, 'vcf_kept': 0, 'vcf_synthetic': 0, 'sam_total': 74, 'sam_kept': 0, 'sam_synthetic': 0}
[12:45:10] [seqan3_sam    ]     seeds entering rep: {'vcf_total': 33, 'vcf_kept': 0, 'vcf_synthetic': 0, 'sam_total': 74, 'sam_kept': 0, 'sam_synthetic': 0}
[12:45:10] [biopython_sam ]     reset data/ + bug_reports/ + coverage_artifacts/ (seeds preserved — independent trials)
[12:45:10] [vcfpy_vcf     ]     reset data/ + bug_reports/ + coverage_artifacts/ (seeds preserved — independent trials)
[12:45:10] [seqan3_sam    ]     reset data/ + bug_reports/ + coverage_artifacts/ (seeds preserved — independent trials)
[12:45:10] [biopython_sam ]     cmd: python harness_run.py --mode E2 --config biotest_config.rep0.yaml --phase B,C,E
[12:45:10] [biopython_sam ]     budget: 5400s (host)
[12:45:10] [biopython_sam ]     env: BIOTEST_MULTISHOT_K=2  BIOTEST_AUTO_INVOKE_PUBLIC_METHODS=1 (refine round 4)
[12:45:10] [vcfpy_vcf     ]     cmd: python harness_run.py --mode E2 --config biotest_config.rep0.yaml --phase B,C,E
[12:45:10] [vcfpy_vcf     ]     budget: 5400s (host)
[12:45:10] [seqan3_sam    ]     env (container): BIOTEST_MULTISHOT_K=2 (refine round 4)
[12:45:10] [seqan3_sam    ]     cmd: docker exec biotest-bench-setup python3.12 harness_run.py --mode E2 ...
[12:45:10] [seqan3_sam    ]     budget: 5400s (container)
[13:12:11] [seqan3_sam    ]     rep 0 exit=0 elapsed=1621s
[13:12:16] [seqan3_sam    ]     -> line=93.90% covered=756/805 status=ok seeds_after={'vcf_total': 33, 'vcf_kept': 0, 'vcf_synthetic': 0, 'sam_total': 74, 'sam_kept': 0, 'sam_synthetic': 0}
[13:12:16] [seqan3_sam    ] --- rep 1 ---
[13:12:16] [seqan3_sam    ]     seeds entering rep: {'vcf_total': 33, 'vcf_kept': 0, 'vcf_synthetic': 0, 'sam_total': 74, 'sam_kept': 0, 'sam_synthetic': 0}
[13:12:23] [seqan3_sam    ]     reset data/ + bug_reports/ + coverage_artifacts/ (seeds preserved — independent trials)
[13:12:23] [seqan3_sam    ]     env (container): BIOTEST_MULTISHOT_K=2 (refine round 4)
[13:12:23] [seqan3_sam    ]     cmd: docker exec biotest-bench-setup python3.12 harness_run.py --mode E2 ...
[13:12:23] [seqan3_sam    ]     budget: 5400s (container)
[13:17:03] [vcfpy_vcf     ]     rep 0 exit=4294967295 elapsed=1913s
[13:17:03] [vcfpy_vcf     ]     -> line=0.00% covered=0/0 status=missing seeds_after={'vcf_total': 33, 'vcf_kept': 0, 'vcf_synthetic': 0, 'sam_total': 74, 'sam_kept': 0, 'sam_synthetic': 0}
[13:17:03] [vcfpy_vcf     ] --- rep 1 ---
[13:17:03] [vcfpy_vcf     ]     seeds entering rep: {'vcf_total': 33, 'vcf_kept': 0, 'vcf_synthetic': 0, 'sam_total': 74, 'sam_kept': 0, 'sam_synthetic': 0}
[13:17:03] [biopython_sam ]     rep 0 exit=4294967295 elapsed=1913s
[13:17:03] [biopython_sam ]     -> line=0.00% covered=0/0 status=missing seeds_after={'vcf_total': 33, 'vcf_kept': 0, 'vcf_synthetic': 0, 'sam_total': 74, 'sam_kept': 0, 'sam_synthetic': 0}
[13:17:03] [biopython_sam ] --- rep 1 ---
[13:17:03] [biopython_sam ]     seeds entering rep: {'vcf_total': 33, 'vcf_kept': 0, 'vcf_synthetic': 0, 'sam_total': 74, 'sam_kept': 0, 'sam_synthetic': 0}
[master] cells: ['vcfpy_vcf', 'biopython_sam', 'seqan3_sam']
[master] vcf_budget_s=5400  sam_budget_s=5400  reps=4
[setup] preparing container cov binaries...
[setup] container cov binaries ready
[master] launching 3 cells in parallel...
[master] cumulative=False
[13:21:46] [vcfpy_vcf     ] === cascade start (host, max_iter=2) ===
[13:21:46] [biopython_sam ] === cascade start (host, max_iter=2) ===
[13:21:46] [seqan3_sam    ] === cascade start (container, max_iter=2) ===
[13:21:46] [vcfpy_vcf     ]     initial seeds: VCF=33  SAM=74
[13:21:46] [vcfpy_vcf     ] --- rep 0 ---
[13:21:46] [vcfpy_vcf     ]     seeds entering rep: {'vcf_total': 33, 'vcf_kept': 0, 'vcf_synthetic': 0, 'sam_total': 74, 'sam_kept': 0, 'sam_synthetic': 0}
[13:21:46] [vcfpy_vcf     ]     reset data/ + bug_reports/ + coverage_artifacts/ (seeds preserved — independent trials)
[13:21:46] [seqan3_sam    ]     initial seeds: VCF=33  SAM=74
[13:21:46] [seqan3_sam    ] --- rep 0 ---
[13:21:46] [vcfpy_vcf     ]     cmd: python harness_run.py --mode E2 --config biotest_config.rep0.yaml --phase B,C,E
[13:21:46] [vcfpy_vcf     ]     budget: 5400s (host)
[13:21:46] [biopython_sam ]     initial seeds: VCF=33  SAM=74
[13:21:46] [biopython_sam ] --- rep 0 ---
[13:21:46] [seqan3_sam    ]     seeds entering rep: {'vcf_total': 33, 'vcf_kept': 0, 'vcf_synthetic': 0, 'sam_total': 74, 'sam_kept': 0, 'sam_synthetic': 0}
[13:21:46] [biopython_sam ]     seeds entering rep: {'vcf_total': 33, 'vcf_kept': 0, 'vcf_synthetic': 0, 'sam_total': 74, 'sam_kept': 0, 'sam_synthetic': 0}
[13:21:46] [seqan3_sam    ]     reset data/ + bug_reports/ + coverage_artifacts/ (seeds preserved — independent trials)
[13:21:46] [biopython_sam ]     reset data/ + bug_reports/ + coverage_artifacts/ (seeds preserved — independent trials)
[13:21:46] [biopython_sam ]     cmd: python harness_run.py --mode E2 --config biotest_config.rep0.yaml --phase B,C,E
[13:21:46] [biopython_sam ]     budget: 5400s (host)
[13:21:46] [biopython_sam ]     env: BIOTEST_MULTISHOT_K=2  BIOTEST_AUTO_INVOKE_PUBLIC_METHODS=1 (refine round 4)
[13:21:46] [seqan3_sam    ]     env (container): BIOTEST_MULTISHOT_K=2 (refine round 4)
[13:21:46] [seqan3_sam    ]     cmd: docker exec biotest-bench-setup python3.12 harness_run.py --mode E2 ...
[13:21:46] [seqan3_sam    ]     budget: 5400s (container)
[13:46:53] [seqan3_sam    ]     rep 0 exit=0 elapsed=1506s
[13:46:57] [seqan3_sam    ]     -> line=93.70% covered=754/805 status=ok seeds_after={'vcf_total': 33, 'vcf_kept': 0, 'vcf_synthetic': 0, 'sam_total': 74, 'sam_kept': 0, 'sam_synthetic': 0}
[13:46:57] [seqan3_sam    ] --- rep 1 ---
[13:46:57] [seqan3_sam    ]     seeds entering rep: {'vcf_total': 33, 'vcf_kept': 0, 'vcf_synthetic': 0, 'sam_total': 74, 'sam_kept': 0, 'sam_synthetic': 0}
[13:47:08] [seqan3_sam    ]     reset data/ + bug_reports/ + coverage_artifacts/ (seeds preserved — independent trials)
[13:47:08] [seqan3_sam    ]     env (container): BIOTEST_MULTISHOT_K=2 (refine round 4)
[13:47:08] [seqan3_sam    ]     cmd: docker exec biotest-bench-setup python3.12 harness_run.py --mode E2 ...
[13:47:08] [seqan3_sam    ]     budget: 5400s (container)
[14:11:48] [seqan3_sam    ]     rep 1 exit=0 elapsed=1481s
[14:11:53] [seqan3_sam    ]     -> line=93.40% covered=752/805 status=ok seeds_after={'vcf_total': 33, 'vcf_kept': 0, 'vcf_synthetic': 0, 'sam_total': 74, 'sam_kept': 0, 'sam_synthetic': 0}
[14:11:53] [seqan3_sam    ] --- rep 2 ---
[14:11:53] [seqan3_sam    ]     seeds entering rep: {'vcf_total': 33, 'vcf_kept': 0, 'vcf_synthetic': 0, 'sam_total': 74, 'sam_kept': 0, 'sam_synthetic': 0}
[14:11:57] [seqan3_sam    ]     reset data/ + bug_reports/ + coverage_artifacts/ (seeds preserved — independent trials)
[14:11:57] [seqan3_sam    ]     env (container): BIOTEST_MULTISHOT_K=2 (refine round 4)
[14:11:57] [seqan3_sam    ]     cmd: docker exec biotest-bench-setup python3.12 harness_run.py --mode E2 ...
[14:11:57] [seqan3_sam    ]     budget: 5400s (container)
[14:19:39] [vcfpy_vcf     ]     rep 0 exit=0 elapsed=3473s
[14:19:40] [vcfpy_vcf     ]     -> line=71.90% covered=846/1176 status=ok seeds_after={'vcf_total': 33, 'vcf_kept': 0, 'vcf_synthetic': 0, 'sam_total': 74, 'sam_kept': 0, 'sam_synthetic': 0}
[14:19:40] [vcfpy_vcf     ] --- rep 1 ---
[14:19:40] [vcfpy_vcf     ]     seeds entering rep: {'vcf_total': 33, 'vcf_kept': 0, 'vcf_synthetic': 0, 'sam_total': 74, 'sam_kept': 0, 'sam_synthetic': 0}
[14:19:44] [vcfpy_vcf     ]     reset data/ + bug_reports/ + coverage_artifacts/ (seeds preserved — independent trials)
[14:19:44] [vcfpy_vcf     ]     cmd: python harness_run.py --mode E2 --config biotest_config.rep1.yaml --phase B,C,E
[14:19:44] [vcfpy_vcf     ]     budget: 5400s (host)
[14:35:39] [seqan3_sam    ]     rep 2 exit=0 elapsed=1422s
[14:35:43] [seqan3_sam    ]     -> line=93.90% covered=756/805 status=ok seeds_after={'vcf_total': 33, 'vcf_kept': 0, 'vcf_synthetic': 0, 'sam_total': 74, 'sam_kept': 0, 'sam_synthetic': 0}
[14:35:43] [seqan3_sam    ] --- rep 3 ---
[14:35:43] [seqan3_sam    ]     seeds entering rep: {'vcf_total': 33, 'vcf_kept': 0, 'vcf_synthetic': 0, 'sam_total': 74, 'sam_kept': 0, 'sam_synthetic': 0}
[14:35:47] [seqan3_sam    ]     reset data/ + bug_reports/ + coverage_artifacts/ (seeds preserved — independent trials)
[14:35:47] [seqan3_sam    ]     env (container): BIOTEST_MULTISHOT_K=2 (refine round 4)
[14:35:47] [seqan3_sam    ]     cmd: docker exec biotest-bench-setup python3.12 harness_run.py --mode E2 ...
[14:35:47] [seqan3_sam    ]     budget: 5400s (container)
[14:44:49] [biopython_sam ]     rep 0 exit=0 elapsed=4982s
[14:44:49] [biopython_sam ]     -> line=54.30% covered=325/598 status=ok seeds_after={'vcf_total': 33, 'vcf_kept': 0, 'vcf_synthetic': 0, 'sam_total': 74, 'sam_kept': 0, 'sam_synthetic': 0}
[14:44:49] [biopython_sam ] --- rep 1 ---
[14:44:49] [biopython_sam ]     seeds entering rep: {'vcf_total': 33, 'vcf_kept': 0, 'vcf_synthetic': 0, 'sam_total': 74, 'sam_kept': 0, 'sam_synthetic': 0}
[14:44:55] [biopython_sam ]     reset data/ + bug_reports/ + coverage_artifacts/ (seeds preserved — independent trials)
[14:44:55] [biopython_sam ]     cmd: python harness_run.py --mode E2 --config biotest_config.rep1.yaml --phase B,C,E
[14:44:55] [biopython_sam ]     budget: 5400s (host)
[14:44:55] [biopython_sam ]     env: BIOTEST_MULTISHOT_K=2  BIOTEST_AUTO_INVOKE_PUBLIC_METHODS=1 (refine round 4)
[14:59:18] [seqan3_sam    ]     rep 3 exit=0 elapsed=1411s
[14:59:23] [seqan3_sam    ]     -> line=93.70% covered=754/805 status=ok seeds_after={'vcf_total': 33, 'vcf_kept': 0, 'vcf_synthetic': 0, 'sam_total': 74, 'sam_kept': 0, 'sam_synthetic': 0}
[14:59:23] [seqan3_sam    ] === cascade complete (4 reps) ===
[master] [seqan3_sam] CASCADE OK
[15:23:01] [vcfpy_vcf     ]     rep 1 exit=0 elapsed=3797s
[15:23:02] [vcfpy_vcf     ]     -> line=72.60% covered=854/1176 status=ok seeds_after={'vcf_total': 33, 'vcf_kept': 0, 'vcf_synthetic': 0, 'sam_total': 74, 'sam_kept': 0, 'sam_synthetic': 0}
[15:23:02] [vcfpy_vcf     ] --- rep 2 ---
[15:23:02] [vcfpy_vcf     ]     seeds entering rep: {'vcf_total': 33, 'vcf_kept': 0, 'vcf_synthetic': 0, 'sam_total': 74, 'sam_kept': 0, 'sam_synthetic': 0}
[15:23:09] [vcfpy_vcf     ]     reset data/ + bug_reports/ + coverage_artifacts/ (seeds preserved — independent trials)
[15:23:09] [vcfpy_vcf     ]     cmd: python harness_run.py --mode E2 --config biotest_config.rep2.yaml --phase B,C,E
[15:23:09] [vcfpy_vcf     ]     budget: 5400s (host)
[15:38:23] [biopython_sam ]     rep 1 exit=0 elapsed=3208s
[15:38:24] [biopython_sam ]     -> line=54.30% covered=325/598 status=ok seeds_after={'vcf_total': 33, 'vcf_kept': 0, 'vcf_synthetic': 0, 'sam_total': 74, 'sam_kept': 0, 'sam_synthetic': 0}
[15:38:24] [biopython_sam ] --- rep 2 ---
[15:38:24] [biopython_sam ]     seeds entering rep: {'vcf_total': 33, 'vcf_kept': 0, 'vcf_synthetic': 0, 'sam_total': 74, 'sam_kept': 0, 'sam_synthetic': 0}
[15:38:28] [biopython_sam ]     reset data/ + bug_reports/ + coverage_artifacts/ (seeds preserved — independent trials)
[15:38:28] [biopython_sam ]     cmd: python harness_run.py --mode E2 --config biotest_config.rep2.yaml --phase B,C,E
[15:38:28] [biopython_sam ]     budget: 5400s (host)
[15:38:28] [biopython_sam ]     env: BIOTEST_MULTISHOT_K=2  BIOTEST_AUTO_INVOKE_PUBLIC_METHODS=1 (refine round 4)
[16:28:34] [vcfpy_vcf     ]     rep 2 exit=0 elapsed=3925s
[16:28:35] [vcfpy_vcf     ]     -> line=71.90% covered=846/1176 status=ok seeds_after={'vcf_total': 33, 'vcf_kept': 0, 'vcf_synthetic': 0, 'sam_total': 74, 'sam_kept': 0, 'sam_synthetic': 0}
[16:28:35] [vcfpy_vcf     ] --- rep 3 ---
[16:28:35] [vcfpy_vcf     ]     seeds entering rep: {'vcf_total': 33, 'vcf_kept': 0, 'vcf_synthetic': 0, 'sam_total': 74, 'sam_kept': 0, 'sam_synthetic': 0}
[16:28:42] [vcfpy_vcf     ]     reset data/ + bug_reports/ + coverage_artifacts/ (seeds preserved — independent trials)
[16:28:42] [vcfpy_vcf     ]     cmd: python harness_run.py --mode E2 --config biotest_config.rep3.yaml --phase B,C,E
[16:28:42] [vcfpy_vcf     ]     budget: 5400s (host)
[16:38:55] [biopython_sam ]     rep 2 exit=0 elapsed=3627s
[16:38:56] [biopython_sam ]     -> line=54.30% covered=325/598 status=ok seeds_after={'vcf_total': 33, 'vcf_kept': 0, 'vcf_synthetic': 0, 'sam_total': 74, 'sam_kept': 0, 'sam_synthetic': 0}
[16:38:56] [biopython_sam ] --- rep 3 ---
[16:38:56] [biopython_sam ]     seeds entering rep: {'vcf_total': 33, 'vcf_kept': 0, 'vcf_synthetic': 0, 'sam_total': 74, 'sam_kept': 0, 'sam_synthetic': 0}
[16:39:01] [biopython_sam ]     reset data/ + bug_reports/ + coverage_artifacts/ (seeds preserved — independent trials)
[16:39:01] [biopython_sam ]     cmd: python harness_run.py --mode E2 --config biotest_config.rep3.yaml --phase B,C,E
[16:39:01] [biopython_sam ]     budget: 5400s (host)
[16:39:01] [biopython_sam ]     env: BIOTEST_MULTISHOT_K=2  BIOTEST_AUTO_INVOKE_PUBLIC_METHODS=1 (refine round 4)
[17:05:16] [vcfpy_vcf     ]     rep 3 exit=0 elapsed=2194s
[17:05:17] [vcfpy_vcf     ]     -> line=71.70% covered=843/1176 status=ok seeds_after={'vcf_total': 33, 'vcf_kept': 0, 'vcf_synthetic': 0, 'sam_total': 74, 'sam_kept': 0, 'sam_synthetic': 0}
[17:05:17] [vcfpy_vcf     ] === cascade complete (4 reps) ===
[master] [vcfpy_vcf] CASCADE OK
[17:47:35] [biopython_sam ]     rep 3 exit=0 elapsed=4114s
[17:47:36] [biopython_sam ]     -> line=54.20% covered=324/598 status=ok seeds_after={'vcf_total': 33, 'vcf_kept': 0, 'vcf_synthetic': 0, 'sam_total': 74, 'sam_kept': 0, 'sam_synthetic': 0}
[17:47:36] [biopython_sam ] === cascade complete (4 reps) ===
[master] [biopython_sam] CASCADE OK

[master] all cells complete in 265.8 min
