[20:57:59] [vcfpy_vcf     ] === cascade start (host, max_iter=2) ===
[20:58:00] [vcfpy_vcf     ]     initial seeds: VCF=33  SAM=74
[20:58:00] [vcfpy_vcf     ] --- rep 0 ---
[20:58:00] [vcfpy_vcf     ]     seeds entering rep: {'vcf_total': 33, 'vcf_kept': 0, 'vcf_synthetic': 0, 'sam_total': 74, 'sam_kept': 0, 'sam_synthetic': 0}
[20:58:00] [vcfpy_vcf     ]     reset data/ + bug_reports/ + coverage_artifacts/ (seeds preserved — independent trials)
[20:58:00] [vcfpy_vcf     ]     cmd: python harness_run.py --mode E3 --config biotest_config.rep0.yaml --phase B,C,E
[20:58:00] [vcfpy_vcf     ]     budget: 5400s (host)
[21:06:34] [vcfpy_vcf     ]     rep 0 exit=1 elapsed=514s
[21:06:34] [vcfpy_vcf     ]     -> line=31.90% covered=375/1176 status=ok seeds_after={'vcf_total': 33, 'vcf_kept': 0, 'vcf_synthetic': 0, 'sam_total': 74, 'sam_kept': 0, 'sam_synthetic': 0}
[21:06:34] [vcfpy_vcf     ] --- rep 1 ---
[21:06:34] [vcfpy_vcf     ]     seeds entering rep: {'vcf_total': 33, 'vcf_kept': 0, 'vcf_synthetic': 0, 'sam_total': 74, 'sam_kept': 0, 'sam_synthetic': 0}
[21:06:34] [vcfpy_vcf     ]     reset data/ + bug_reports/ + coverage_artifacts/ (seeds preserved — independent trials)
[21:06:34] [vcfpy_vcf     ]     cmd: python harness_run.py --mode E3 --config biotest_config.rep1.yaml --phase B,C,E
[21:06:34] [vcfpy_vcf     ]     budget: 5400s (host)
[21:37:51] [vcfpy_vcf     ]     rep 1 exit=0 elapsed=1877s
[21:37:52] [vcfpy_vcf     ]     -> line=70.50% covered=829/1176 status=ok seeds_after={'vcf_total': 33, 'vcf_kept': 0, 'vcf_synthetic': 0, 'sam_total': 74, 'sam_kept': 0, 'sam_synthetic': 0}
[21:37:52] [vcfpy_vcf     ] --- rep 2 ---
[21:37:52] [vcfpy_vcf     ]     seeds entering rep: {'vcf_total': 33, 'vcf_kept': 0, 'vcf_synthetic': 0, 'sam_total': 74, 'sam_kept': 0, 'sam_synthetic': 0}
[21:37:55] [vcfpy_vcf     ]     reset data/ + bug_reports/ + coverage_artifacts/ (seeds preserved — independent trials)
[21:37:55] [vcfpy_vcf     ]     cmd: python harness_run.py --mode E3 --config biotest_config.rep2.yaml --phase B,C,E
[21:37:55] [vcfpy_vcf     ]     budget: 5400s (host)
[21:55:51] [vcfpy_vcf     ]     rep 2 exit=0 elapsed=1076s
[21:55:52] [vcfpy_vcf     ]     -> line=63.00% covered=741/1176 status=ok seeds_after={'vcf_total': 33, 'vcf_kept': 0, 'vcf_synthetic': 0, 'sam_total': 74, 'sam_kept': 0, 'sam_synthetic': 0}
[21:55:52] [vcfpy_vcf     ] --- rep 3 ---
[21:55:52] [vcfpy_vcf     ]     seeds entering rep: {'vcf_total': 33, 'vcf_kept': 0, 'vcf_synthetic': 0, 'sam_total': 74, 'sam_kept': 0, 'sam_synthetic': 0}
[21:55:52] [vcfpy_vcf     ]     reset data/ + bug_reports/ + coverage_artifacts/ (seeds preserved — independent trials)
[21:55:52] [vcfpy_vcf     ]     cmd: python harness_run.py --mode E3 --config biotest_config.rep3.yaml --phase B,C,E
[21:55:52] [vcfpy_vcf     ]     budget: 5400s (host)
[22:03:33] [vcfpy_vcf     ]     rep 3 exit=1 elapsed=460s
[22:03:34] [vcfpy_vcf     ]     -> line=31.90% covered=375/1176 status=ok seeds_after={'vcf_total': 33, 'vcf_kept': 0, 'vcf_synthetic': 0, 'sam_total': 74, 'sam_kept': 0, 'sam_synthetic': 0}
[22:03:34] [vcfpy_vcf     ] === cascade complete (4 reps) ===
