[18:33:11] [biopython_sam ] === cascade start (host, max_iter=2) ===
[18:33:11] [biopython_sam ]     initial seeds: VCF=33  SAM=74
[18:33:11] [biopython_sam ] --- rep 0 ---
[18:33:11] [biopython_sam ]     seeds entering rep: {'vcf_total': 33, 'vcf_kept': 0, 'vcf_synthetic': 0, 'sam_total': 74, 'sam_kept': 0, 'sam_synthetic': 0}
[18:33:11] [biopython_sam ]     reset data/ + bug_reports/ (seeds + coverage_artifacts preserved — cumulative cascade)
[18:33:11] [biopython_sam ]     cmd: python harness_run.py --mode E1S --config biotest_config.rep0.yaml --phase D,E
[18:33:11] [biopython_sam ]     budget: 5400s (host)
[18:33:11] [biopython_sam ]     env: BIOTEST_MULTISHOT_K=2  BIOTEST_AUTO_INVOKE_PUBLIC_METHODS=1 (refine round 4)
[20:03:11] [biopython_sam ]     timeout after 5400s — terminating
[20:03:11] [biopython_sam ]     rep 0 exit=1 elapsed=5400s
[20:03:12] [biopython_sam ]     -> line=54.20% covered=324/598 status=ok seeds_after={'vcf_total': 33, 'vcf_kept': 0, 'vcf_synthetic': 0, 'sam_total': 134, 'sam_kept': 55, 'sam_synthetic': 5}
[20:03:12] [biopython_sam ] --- rep 1 ---
[20:03:12] [biopython_sam ]     seeds entering rep: {'vcf_total': 33, 'vcf_kept': 0, 'vcf_synthetic': 0, 'sam_total': 134, 'sam_kept': 55, 'sam_synthetic': 5}
[20:03:17] [biopython_sam ]     reset data/ + bug_reports/ (seeds + coverage_artifacts preserved — cumulative cascade)
[20:03:17] [biopython_sam ]     cmd: python harness_run.py --mode E1S --config biotest_config.rep1.yaml --phase D,E
[20:03:17] [biopython_sam ]     budget: 5400s (host)
[20:03:17] [biopython_sam ]     env: BIOTEST_MULTISHOT_K=2  BIOTEST_AUTO_INVOKE_PUBLIC_METHODS=1 (refine round 4)
[21:29:32] [biopython_sam ]     rep 1 exit=0 elapsed=5175s
[21:29:35] [biopython_sam ]     -> line=3.00% covered=18/598 status=ok seeds_after={'vcf_total': 33, 'vcf_kept': 0, 'vcf_synthetic': 0, 'sam_total': 139, 'sam_kept': 55, 'sam_synthetic': 10}
[21:29:35] [biopython_sam ] --- rep 2 ---
[21:29:35] [biopython_sam ]     seeds entering rep: {'vcf_total': 33, 'vcf_kept': 0, 'vcf_synthetic': 0, 'sam_total': 139, 'sam_kept': 55, 'sam_synthetic': 10}
[21:29:35] [biopython_sam ]     reset data/ + bug_reports/ (seeds + coverage_artifacts preserved — cumulative cascade)
[21:29:35] [biopython_sam ]     cmd: python harness_run.py --mode E1S --config biotest_config.rep2.yaml --phase D,E
[21:29:35] [biopython_sam ]     budget: 5400s (host)
[21:29:35] [biopython_sam ]     env: BIOTEST_MULTISHOT_K=2  BIOTEST_AUTO_INVOKE_PUBLIC_METHODS=1 (refine round 4)
[22:59:35] [biopython_sam ]     timeout after 5400s — terminating
[22:59:36] [biopython_sam ]     rep 2 exit=1 elapsed=5400s
[22:59:45] [biopython_sam ]     -> line=3.00% covered=18/598 status=ok seeds_after={'vcf_total': 33, 'vcf_kept': 0, 'vcf_synthetic': 0, 'sam_total': 498, 'sam_kept': 414, 'sam_synthetic': 10}
[22:59:45] [biopython_sam ] === cascade complete (3 reps) ===
