[13:21:46] [biopython_sam ] === cascade start (host, max_iter=2) ===
[13:21:46] [biopython_sam ]     initial seeds: VCF=33  SAM=74
[13:21:46] [biopython_sam ] --- rep 0 ---
[13:21:46] [biopython_sam ]     seeds entering rep: {'vcf_total': 33, 'vcf_kept': 0, 'vcf_synthetic': 0, 'sam_total': 74, 'sam_kept': 0, 'sam_synthetic': 0}
[13:21:46] [biopython_sam ]     reset data/ + bug_reports/ + coverage_artifacts/ (seeds preserved — independent trials)
[13:21:46] [biopython_sam ]     cmd: python harness_run.py --mode E2 --config biotest_config.rep0.yaml --phase B,C,E
[13:21:46] [biopython_sam ]     budget: 5400s (host)
[13:21:46] [biopython_sam ]     env: BIOTEST_MULTISHOT_K=2  BIOTEST_AUTO_INVOKE_PUBLIC_METHODS=1 (refine round 4)
[14:44:49] [biopython_sam ]     rep 0 exit=0 elapsed=4982s
[14:44:49] [biopython_sam ]     -> line=54.30% covered=325/598 status=ok seeds_after={'vcf_total': 33, 'vcf_kept': 0, 'vcf_synthetic': 0, 'sam_total': 74, 'sam_kept': 0, 'sam_synthetic': 0}
[14:44:49] [biopython_sam ] --- rep 1 ---
[14:44:49] [biopython_sam ]     seeds entering rep: {'vcf_total': 33, 'vcf_kept': 0, 'vcf_synthetic': 0, 'sam_total': 74, 'sam_kept': 0, 'sam_synthetic': 0}
[14:44:55] [biopython_sam ]     reset data/ + bug_reports/ + coverage_artifacts/ (seeds preserved — independent trials)
[14:44:55] [biopython_sam ]     cmd: python harness_run.py --mode E2 --config biotest_config.rep1.yaml --phase B,C,E
[14:44:55] [biopython_sam ]     budget: 5400s (host)
[14:44:55] [biopython_sam ]     env: BIOTEST_MULTISHOT_K=2  BIOTEST_AUTO_INVOKE_PUBLIC_METHODS=1 (refine round 4)
[15:38:23] [biopython_sam ]     rep 1 exit=0 elapsed=3208s
[15:38:24] [biopython_sam ]     -> line=54.30% covered=325/598 status=ok seeds_after={'vcf_total': 33, 'vcf_kept': 0, 'vcf_synthetic': 0, 'sam_total': 74, 'sam_kept': 0, 'sam_synthetic': 0}
[15:38:24] [biopython_sam ] --- rep 2 ---
[15:38:24] [biopython_sam ]     seeds entering rep: {'vcf_total': 33, 'vcf_kept': 0, 'vcf_synthetic': 0, 'sam_total': 74, 'sam_kept': 0, 'sam_synthetic': 0}
[15:38:28] [biopython_sam ]     reset data/ + bug_reports/ + coverage_artifacts/ (seeds preserved — independent trials)
[15:38:28] [biopython_sam ]     cmd: python harness_run.py --mode E2 --config biotest_config.rep2.yaml --phase B,C,E
[15:38:28] [biopython_sam ]     budget: 5400s (host)
[15:38:28] [biopython_sam ]     env: BIOTEST_MULTISHOT_K=2  BIOTEST_AUTO_INVOKE_PUBLIC_METHODS=1 (refine round 4)
[16:38:55] [biopython_sam ]     rep 2 exit=0 elapsed=3627s
[16:38:56] [biopython_sam ]     -> line=54.30% covered=325/598 status=ok seeds_after={'vcf_total': 33, 'vcf_kept': 0, 'vcf_synthetic': 0, 'sam_total': 74, 'sam_kept': 0, 'sam_synthetic': 0}
[16:38:56] [biopython_sam ] --- rep 3 ---
[16:38:56] [biopython_sam ]     seeds entering rep: {'vcf_total': 33, 'vcf_kept': 0, 'vcf_synthetic': 0, 'sam_total': 74, 'sam_kept': 0, 'sam_synthetic': 0}
[16:39:01] [biopython_sam ]     reset data/ + bug_reports/ + coverage_artifacts/ (seeds preserved — independent trials)
[16:39:01] [biopython_sam ]     cmd: python harness_run.py --mode E2 --config biotest_config.rep3.yaml --phase B,C,E
[16:39:01] [biopython_sam ]     budget: 5400s (host)
[16:39:01] [biopython_sam ]     env: BIOTEST_MULTISHOT_K=2  BIOTEST_AUTO_INVOKE_PUBLIC_METHODS=1 (refine round 4)
[17:47:35] [biopython_sam ]     rep 3 exit=0 elapsed=4114s
[17:47:36] [biopython_sam ]     -> line=54.20% covered=324/598 status=ok seeds_after={'vcf_total': 33, 'vcf_kept': 0, 'vcf_synthetic': 0, 'sam_total': 74, 'sam_kept': 0, 'sam_synthetic': 0}
[17:47:36] [biopython_sam ] === cascade complete (4 reps) ===
