[23:04:58] [vcfpy_vcf     ] === cascade start (host, max_iter=2) ===
[23:04:58] [vcfpy_vcf     ]     initial seeds: VCF=33  SAM=74
[23:04:58] [vcfpy_vcf     ] --- rep 0 ---
[23:04:58] [vcfpy_vcf     ]     seeds entering rep: {'vcf_total': 33, 'vcf_kept': 0, 'vcf_synthetic': 0, 'sam_total': 74, 'sam_kept': 0, 'sam_synthetic': 0}
[23:04:58] [vcfpy_vcf     ]     reset data/ + bug_reports/ (seeds + coverage_artifacts preserved — cumulative cascade)
[23:04:58] [vcfpy_vcf     ]     cmd: python harness_run.py --mode E1S --config biotest_config.rep0.yaml --phase D,E
[23:04:58] [vcfpy_vcf     ]     budget: 5400s (host)
[00:34:58] [vcfpy_vcf     ]     timeout after 5400s — sending CTRL_BREAK_EVENT (graceful)
[00:34:58] [vcfpy_vcf     ]     rep 0 exit=3221225786 elapsed=5400s
[00:35:00] [vcfpy_vcf     ]     -> line=31.90% covered=375/1176 status=ok seeds_after={'vcf_total': 74, 'vcf_kept': 31, 'vcf_synthetic': 10, 'sam_total': 74, 'sam_kept': 0, 'sam_synthetic': 0}
[00:35:00] [vcfpy_vcf     ] --- rep 1 ---
[00:35:00] [vcfpy_vcf     ]     seeds entering rep: {'vcf_total': 74, 'vcf_kept': 31, 'vcf_synthetic': 10, 'sam_total': 74, 'sam_kept': 0, 'sam_synthetic': 0}
[00:35:03] [vcfpy_vcf     ]     reset data/ + bug_reports/ (seeds + coverage_artifacts preserved — cumulative cascade)
[00:35:03] [vcfpy_vcf     ]     cmd: python harness_run.py --mode E1S --config biotest_config.rep1.yaml --phase D,E
[00:35:03] [vcfpy_vcf     ]     budget: 5400s (host)
[02:05:03] [vcfpy_vcf     ]     timeout after 5400s — sending CTRL_BREAK_EVENT (graceful)
[02:05:04] [vcfpy_vcf     ]     rep 1 exit=3221225786 elapsed=5400s
[02:05:05] [vcfpy_vcf     ]     -> line=72.10% covered=848/1176 status=ok seeds_after={'vcf_total': 84, 'vcf_kept': 31, 'vcf_synthetic': 20, 'sam_total': 74, 'sam_kept': 0, 'sam_synthetic': 0}
[02:05:05] [vcfpy_vcf     ] --- rep 2 ---
[02:05:05] [vcfpy_vcf     ]     seeds entering rep: {'vcf_total': 84, 'vcf_kept': 31, 'vcf_synthetic': 20, 'sam_total': 74, 'sam_kept': 0, 'sam_synthetic': 0}
[02:05:07] [vcfpy_vcf     ]     reset data/ + bug_reports/ (seeds + coverage_artifacts preserved — cumulative cascade)
[02:05:07] [vcfpy_vcf     ]     cmd: python harness_run.py --mode E1S --config biotest_config.rep2.yaml --phase D,E
[02:05:07] [vcfpy_vcf     ]     budget: 5400s (host)
[03:35:07] [vcfpy_vcf     ]     timeout after 5400s — sending CTRL_BREAK_EVENT (graceful)
[03:35:07] [vcfpy_vcf     ]     rep 2 exit=3221225786 elapsed=5400s
[03:35:08] [vcfpy_vcf     ]     -> line=31.90% covered=375/1176 status=ok seeds_after={'vcf_total': 196, 'vcf_kept': 133, 'vcf_synthetic': 30, 'sam_total': 74, 'sam_kept': 0, 'sam_synthetic': 0}
[03:35:08] [vcfpy_vcf     ] === cascade complete (3 reps) ===
