[baseline] wrote 120 entries to /work/compares/ApplicationStudy/E1S_strict/results_metrics/b/vcfpy_vcf/vcfpy/baseline.json
ineWarning: Seen FILTER header more than once: LowQual, using first occurence
  warnings.warn(
/work/compares/ApplicationStudy/E1S_strict/results_metrics/b/vcfpy_vcf/vcfpy/mutants/vcfpy/header.py:6596: HeaderMissingDescription: Field "Description" not found in header line INFO=<ID=HOMSEQ,Number=.,Type=String>
  warnings.warn(
/work/compares/ApplicationStudy/E1S_strict/results_metrics/b/vcfpy_vcf/vcfpy/mutants/vcfpy/header.py:8822: HeaderMissingDescription: Field "Description" not found in header line FORMAT=<ID=CNL,Number=.,Type=Integer>
  warnings.warn(
/work/compares/ApplicationStudy/E1S_strict/results_metrics/b/vcfpy_vcf/vcfpy/mutants/vcfpy/header.py:3187: FieldInfoNotFound: INFO END not found using Integer/1 instead
  warnings.warn(
/work/compares/ApplicationStudy/E1S_strict/results_metrics/b/vcfpy_vcf/vcfpy/mutants/vcfpy/header.py:3187: FieldInfoNotFound: FORMAT PL not found using Integer/'G' instead
  warnings.warn(
/work/compares/ApplicationStudy/E1S_strict/results_metrics/b/vcfpy_vcf/vcfpy/mutants/vcfpy/header.py:3187: FieldInfoNotFound: FORMAT GT not found using String/1 instead
  warnings.warn(
/work/compares/ApplicationStudy/E1S_strict/results_metrics/b/vcfpy_vcf/vcfpy/mutants/vcfpy/header.py:4669: FieldInfoNotFound: Field "length" not found in header line contig=<ID=1>
  warnings.warn(
/work/compares/ApplicationStudy/E1S_strict/results_metrics/b/vcfpy_vcf/vcfpy/mutants/vcfpy/header.py:3187: FieldInfoNotFound: INFO AA not found using String/1 instead
  warnings.warn(
/work/compares/ApplicationStudy/E1S_strict/results_metrics/b/vcfpy_vcf/vcfpy/mutants/vcfpy/header.py:3187: FieldInfoNotFound: INFO H2 not found using Flag/0 instead
  warnings.warn(
/work/compares/ApplicationStudy/E1S_strict/results_metrics/b/vcfpy_vcf/vcfpy/mutants/vcfpy/header.py:3187: FieldInfoNotFound: FORMAT GQ not found using Integer/'G' instead
  warnings.warn(
/work/compares/ApplicationStudy/E1S_strict/results_metrics/b/vcfpy_vcf/vcfpy/mutants/vcfpy/header.py:4669: FieldInfoNotFound: Field "length" not found in header line contig=<ID=3>
  warnings.warn(
/work/compares/ApplicationStudy/E1S_strict/results_metrics/b/vcfpy_vcf/vcfpy/mutants/vcfpy/header.py:3187: FieldInfoNotFound: INFO DP not found using Integer/1 instead
  warnings.warn(
/work/compares/ApplicationStudy/E1S_strict/results_metrics/b/vcfpy_vcf/vcfpy/mutants/vcfpy/parser.py:3535: CannotConvertValue: NaN cannot be converted to Integer, keeping as string.
  warnings.warn(
/work/compares/ApplicationStudy/E1S_strict/results_metrics/b/vcfpy_vcf/vcfpy/mutants/vcfpy/parser.py:3535: CannotConvertValue: nan cannot be converted to Integer, keeping as string.
  warnings.warn(
/work/compares/ApplicationStudy/E1S_strict/results_metrics/b/vcfpy_vcf/vcfpy/mutants/vcfpy/parser.py:3535: CannotConvertValue: -nan cannot be converted to Integer, keeping as string.
  warnings.warn(
/work/compares/ApplicationStudy/E1S_strict/results_metrics/b/vcfpy_vcf/vcfpy/mutants/vcfpy/parser.py:3535: CannotConvertValue: +nan cannot be converted to Integer, keeping as string.
  warnings.warn(
/work/compares/ApplicationStudy/E1S_strict/results_metrics/b/vcfpy_vcf/vcfpy/mutants/vcfpy/header.py:1608: DuplicateHeaderLineWarning: Seen contig header more than once: chrJ, using first occurence
  warnings.warn(
/work/compares/ApplicationStudy/E1S_strict/results_metrics/b/vcfpy_vcf/vcfpy/mutants/vcfpy/header.py:3187: FieldInfoNotFound: FORMAT DP not found using Integer/1 instead
  warnings.warn(
/work/compares/ApplicationStudy/E1S_strict/results_metrics/b/vcfpy_vcf/vcfpy/mutants/vcfpy/header.py:3187: FieldInfoNotFound: INFO AF not found using Float/'A' instead
  warnings.warn(
/work/compares/ApplicationStudy/E1S_strict/results_metrics/b/vcfpy_vcf/vcfpy/mutants/vcfpy/header.py:3187: FieldInfoNotFound: FORMAT AD not found using Integer/'R' instead
  warnings.warn(
/work/compares/ApplicationStudy/E1S_strict/results_metrics/b/vcfpy_vcf/vcfpy/mutants/vcfpy/header.py:3187: FieldInfoNotFound: INFO SOR not found using String/'.' instead
  warnings.warn(
/work/compares/ApplicationStudy/E1S_strict/results_metrics/b/vcfpy_vcf/vcfpy/mutants/vcfpy/header.py:3187: FieldInfoNotFound: INFO FractionInformativeReads not found using String/'.' instead
  warnings.warn(
/work/compares/ApplicationStudy/E1S_strict/results_metrics/b/vcfpy_vcf/vcfpy/mutants/vcfpy/header.py:3187: FieldInfoNotFound: INFO R2_5P_bias not found using String/'.' instead
  warnings.warn(
/work/compares/ApplicationStudy/E1S_strict/results_metrics/b/vcfpy_vcf/vcfpy/mutants/vcfpy/header.py:3187: FieldInfoNotFound: FORMAT AF not found using String/'.' instead
  warnings.warn(
/work/compares/ApplicationStudy/E1S_strict/results_metrics/b/vcfpy_vcf/vcfpy/mutants/vcfpy/header.py:3187: FieldInfoNotFound: FORMAT GL not found using Float/'G' instead
  warnings.warn(
/work/compares/ApplicationStudy/E1S_strict/results_metrics/b/vcfpy_vcf/vcfpy/mutants/vcfpy/header.py:3187: FieldInfoNotFound: FORMAT GP not found using Float/'G' instead
  warnings.warn(
/work/compares/ApplicationStudy/E1S_strict/results_metrics/b/vcfpy_vcf/vcfpy/mutants/vcfpy/header.py:3187: FieldInfoNotFound: FORMAT PRI not found using String/'.' instead
  warnings.warn(
/work/compares/ApplicationStudy/E1S_strict/results_metrics/b/vcfpy_vcf/vcfpy/mutants/vcfpy/header.py:3187: FieldInfoNotFound: FORMAT SB not found using String/'.' instead
  warnings.warn(
/work/compares/ApplicationStudy/E1S_strict/results_metrics/b/vcfpy_vcf/vcfpy/mutants/vcfpy/header.py:3187: FieldInfoNotFound: FORMAT MB not found using String/'.' instead
  warnings.warn(
/work/compares/ApplicationStudy/E1S_strict/results_metrics/b/vcfpy_vcf/vcfpy/mutants/vcfpy/header.py:3187: FieldInfoNotFound: FORMAT . not found using String/'.' instead
  warnings.warn(
/work/compares/ApplicationStudy/E1S_strict/results_metrics/b/vcfpy_vcf/vcfpy/mutants/vcfpy/header.py:4669: FieldInfoNotFound: Field "length" not found in header line contig=<ID=chr17>
  warnings.warn(
/work/compares/ApplicationStudy/E1S_strict/results_metrics/b/vcfpy_vcf/vcfpy/mutants/vcfpy/header.py:4669: FieldInfoNotFound: Field "length" not found in header line contig=<ID=chr22>
  warnings.warn(
/work/compares/ApplicationStudy/E1S_strict/results_metrics/b/vcfpy_vcf/vcfpy/mutants/vcfpy/header.py:4669: FieldInfoNotFound: Field "length" not found in header line contig=<ID=chr5>
  warnings.warn(
/work/compares/ApplicationStudy/E1S_strict/results_metrics/b/vcfpy_vcf/vcfpy/mutants/vcfpy/header.py:4669: FieldInfoNotFound: Field "length" not found in header line contig=<ID=chr15>
  warnings.warn(
/work/compares/ApplicationStudy/E1S_strict/results_metrics/b/vcfpy_vcf/vcfpy/mutants/vcfpy/header.py:1608: DuplicateHeaderLineWarning: Seen contig header more than once: chr5, using first occurence
  warnings.warn(
/work/compares/ApplicationStudy/E1S_strict/results_metrics/b/vcfpy_vcf/vcfpy/mutants/vcfpy/header.py:3187: FieldInfoNotFound: INFO NS not found using Integer/1 instead
  warnings.warn(
/work/compares/ApplicationStudy/E1S_strict/results_metrics/b/vcfpy_vcf/vcfpy/mutants/vcfpy/header.py:3187: FieldInfoNotFound: FORMAT <ID not found using String/'.' instead
  warnings.warn(
/work/compares/ApplicationStudy/E1S_strict/results_metrics/b/vcfpy_vcf/vcfpy/mutants/vcfpy/header.py:3187: FieldInfoNotFound: INFO DB not found using Flag/0 instead
  warnings.warn(
/work/compares/ApplicationStudy/E1S_strict/results_metrics/b/vcfpy_vcf/vcfpy/mutants/vcfpy/header.py:3187: FieldInfoNotFound: INFO MQ not found using Integer/1 instead
  warnings.warn(
/work/compares/ApplicationStudy/E1S_strict/results_metrics/b/vcfpy_vcf/vcfpy/mutants/vcfpy/parser.py:3535: CannotConvertValue: 38.1 cannot be converted to Integer, keeping as string.
  warnings.warn(
/work/compares/ApplicationStudy/E1S_strict/results_metrics/b/vcfpy_vcf/vcfpy/mutants/vcfpy/header.py:3187: FieldInfoNotFound: INFO SVTYPE not found using String/1 instead
  warnings.warn(
/work/compares/ApplicationStudy/E1S_strict/results_metrics/b/vcfpy_vcf/vcfpy/mutants/vcfpy/header.py:4669: FieldInfoNotFound: Field "length" not found in header line contig=<ID=chr18>
  warnings.warn(
/work/compares/ApplicationStudy/E1S_strict/results_metrics/b/vcfpy_vcf/vcfpy/mutants/vcfpy/header.py:4669: FieldInfoNotFound: Field "length" not found in header line contig=<ID=chr11>
  warnings.warn(
/work/compares/ApplicationStudy/E1S_strict/results_metrics/b/vcfpy_vcf/vcfpy/mutants/vcfpy/header.py:4669: FieldInfoNotFound: Field "length" not found in header line contig=<ID=chr13>
  warnings.warn(
/work/compares/ApplicationStudy/E1S_strict/results_metrics/b/vcfpy_vcf/vcfpy/mutants/vcfpy/header.py:4669: FieldInfoNotFound: Field "length" not found in header line contig=<ID=chr20>
  warnings.warn(
/work/compares/ApplicationStudy/E1S_strict/results_metrics/b/vcfpy_vcf/vcfpy/mutants/vcfpy/header.py:3187: FieldInfoNotFound: INFO MEINFO not found using String/4 instead
  warnings.warn(
/work/compares/ApplicationStudy/E1S_strict/results_metrics/b/vcfpy_vcf/vcfpy/mutants/vcfpy/header.py:4669: FieldInfoNotFound: Field "length" not found in header line contig=<ID=chr8>
  warnings.warn(
/work/compares/ApplicationStudy/E1S_strict/results_metrics/b/vcfpy_vcf/vcfpy/mutants/vcfpy/header.py:4669: FieldInfoNotFound: Field "length" not found in header line contig=<ID=chr21>
  warnings.warn(
/work/compares/ApplicationStudy/E1S_strict/results_metrics/b/vcfpy_vcf/vcfpy/mutants/vcfpy/parser.py:15003: UnknownFilter: Filter not found in header: q10; problem in FILTER column
  warnings.warn(
/work/compares/ApplicationStudy/E1S_strict/results_metrics/b/vcfpy_vcf/vcfpy/mutants/vcfpy/header.py:3187: FieldInfoNotFound: INFO LATEX not found using String/'.' instead
  warnings.warn(
/work/compares/ApplicationStudy/E1S_strict/results_metrics/b/vcfpy_vcf/vcfpy/mutants/vcfpy/header.py:4669: FieldInfoNotFound: Field "length" not found in header line contig=<ID=chr12>
  warnings.warn(
/work/compares/ApplicationStudy/E1S_strict/results_metrics/b/vcfpy_vcf/vcfpy/mutants/vcfpy/header.py:4669: FieldInfoNotFound: Field "length" not found in header line contig=<ID=chr16>
  warnings.warn(
/work/compares/ApplicationStudy/E1S_strict/results_metrics/b/vcfpy_vcf/vcfpy/mutants/vcfpy/header.py:4669: FieldInfoNotFound: Field "length" not found in header line contig=<ID=chr19>
  warnings.warn(
/work/compares/ApplicationStudy/E1S_strict/results_metrics/b/vcfpy_vcf/vcfpy/mutants/vcfpy/header.py:3187: FieldInfoNotFound: INFO CIPOS not found using Integer/2 instead
  warnings.warn(
/work/compares/ApplicationStudy/E1S_strict/results_metrics/b/vcfpy_vcf/vcfpy/mutants/vcfpy/header.py:3187: FieldInfoNotFound: INFO OLD_VARIANT not found using String/'.' instead
  warnings.warn(
/work/compares/ApplicationStudy/E1S_strict/results_metrics/b/vcfpy_vcf/vcfpy/mutants/vcfpy/parser.py:15003: UnknownFilter: Filter not found in header: LATEX_FILTER; problem in FILTER column
  warnings.warn(
/work/compares/ApplicationStudy/E1S_strict/results_metrics/b/vcfpy_vcf/vcfpy/mutants/vcfpy/header.py:3187: FieldInfoNotFound: INFO T|synonymous_variant|LOW|GENE2|ENSG000002|Transcript|NM_002|protein_coding|2/2|c.200A>T|p.Thr34 not found using String/'.' instead
  warnings.warn(
