[23:04:58] [seqan3_sam    ] === cascade start (container, max_iter=2) ===
[23:04:58] [seqan3_sam    ]     initial seeds: VCF=33  SAM=74
[23:04:58] [seqan3_sam    ] --- rep 0 ---
[23:04:58] [seqan3_sam    ]     seeds entering rep: {'vcf_total': 33, 'vcf_kept': 0, 'vcf_synthetic': 0, 'sam_total': 74, 'sam_kept': 0, 'sam_synthetic': 0}
[23:04:58] [seqan3_sam    ]     reset data/ + bug_reports/ (seeds + coverage_artifacts preserved — cumulative cascade)
[23:04:58] [seqan3_sam    ]     env (container): BIOTEST_MULTISHOT_K=2 (refine round 4)
[23:04:58] [seqan3_sam    ]     cmd: docker exec biotest-bench-setup python3.12 harness_run.py --mode E1S ...
[23:04:58] [seqan3_sam    ]     budget: 5400s (container)
[23:46:36] [seqan3_sam    ]     rep 0 exit=0 elapsed=2498s
[23:46:49] [seqan3_sam    ]     -> line=93.90% covered=756/805 status=ok seeds_after={'vcf_total': 33, 'vcf_kept': 0, 'vcf_synthetic': 0, 'sam_total': 309, 'sam_kept': 235, 'sam_synthetic': 0}
[23:46:49] [seqan3_sam    ] --- rep 1 ---
[23:46:49] [seqan3_sam    ]     seeds entering rep: {'vcf_total': 33, 'vcf_kept': 0, 'vcf_synthetic': 0, 'sam_total': 309, 'sam_kept': 235, 'sam_synthetic': 0}
[23:46:49] [seqan3_sam    ]     reset data/ + bug_reports/ (seeds + coverage_artifacts preserved — cumulative cascade)
[23:46:49] [seqan3_sam    ]     env (container): BIOTEST_MULTISHOT_K=2 (refine round 4)
[23:46:49] [seqan3_sam    ]     cmd: docker exec biotest-bench-setup python3.12 harness_run.py --mode E1S ...
[23:46:49] [seqan3_sam    ]     budget: 5400s (container)
[01:13:48] [seqan3_sam    ]     rep 1 exit=0 elapsed=5219s
[01:13:58] [seqan3_sam    ]     -> line=93.70% covered=754/805 status=ok seeds_after={'vcf_total': 33, 'vcf_kept': 0, 'vcf_synthetic': 0, 'sam_total': 727, 'sam_kept': 653, 'sam_synthetic': 0}
[01:13:58] [seqan3_sam    ] --- rep 2 ---
[01:13:58] [seqan3_sam    ]     seeds entering rep: {'vcf_total': 33, 'vcf_kept': 0, 'vcf_synthetic': 0, 'sam_total': 727, 'sam_kept': 653, 'sam_synthetic': 0}
[01:14:11] [seqan3_sam    ]     reset data/ + bug_reports/ (seeds + coverage_artifacts preserved — cumulative cascade)
[01:14:11] [seqan3_sam    ]     env (container): BIOTEST_MULTISHOT_K=2 (refine round 4)
[01:14:11] [seqan3_sam    ]     cmd: docker exec biotest-bench-setup python3.12 harness_run.py --mode E1S ...
[01:14:11] [seqan3_sam    ]     budget: 5400s (container)
[01:26:46] [seqan3_sam    ]     rep 2 exit=0 elapsed=754s
[01:26:56] [seqan3_sam    ]     -> line=93.40% covered=752/805 status=ok seeds_after={'vcf_total': 33, 'vcf_kept': 0, 'vcf_synthetic': 0, 'sam_total': 727, 'sam_kept': 653, 'sam_synthetic': 0}
[01:26:56] [seqan3_sam    ] === cascade complete (3 reps) ===
