* EvoSuite 1.2.0
* Going to generate test cases for class: htsjdk.variant.variantcontext.GenotypeLikelihoods
* Starting Client-0
* Connecting to master process on port 17255
* Analyzing classpath: 
  - C:/Users/miaot/Github/BioTest/compares/baselines/evosuite/fatjar/htsjdk-with-deps.jar
[MASTER] 13:15:28.109 [pool-3-thread-1] WARN  InheritanceTree - Class not in inheritance graph: java.util.Locale$IsoCountryCode
* Finished analyzing classpath
* Generating tests for class htsjdk.variant.variantcontext.GenotypeLikelihoods
* Test criteria:
  - Branch Coverage
  - Line Coverage
Originally, MOSA was implemented with a 'RANK_CROWD_DISTANCE_TOURNAMENT' selection function. You may want to consider using it.
* Total number of test goals for DYNAMOSA: 267
* Using seed 1776622526556
* Starting evolution
* Initial Number of Goals in DynaMOSA = 127 / 267
[MASTER] 13:15:36.808 [pool-3-thread-1] WARN  TestCluster - Failed to check cache for java.util.Comparator<T> : Type points to itself
* Search finished after 34s and 194 generations, 102349 statements, best individual has fitness: 27.0
[MASTER] 13:16:04.078 [pool-3-thread-1] WARN  TimeController - Phase SEARCH lasted too long, 5 seconds more than allowed.
* Minimizing test suite
[MASTER] 13:16:31.018 [pool-3-thread-1] WARN  TestSuiteMinimizer - Minimization timeout. Roll back to original test suite
* Going to analyze the coverage criteria
* Coverage analysis for criterion BRANCH
[MASTER] 13:16:40.527 [pool-3-thread-1] ERROR ClientNodeImpl - Error when generating tests for: htsjdk.variant.variantcontext.GenotypeLikelihoods with seed 1776622526556. Configuration id : null
java.lang.OutOfMemoryError: Java heap space
* Computation finished
