* EvoSuite 1.2.0
* Going to generate test cases for class: htsjdk.variant.vcf.VCFPedigreeHeaderLine
* Starting Client-0
* Connecting to master process on port 12381
* Analyzing classpath: 
  - C:/Users/miaot/Github/BioTest/compares/baselines/evosuite/fatjar/htsjdk-with-deps.jar
* Finished analyzing classpath
* Generating tests for class htsjdk.variant.vcf.VCFPedigreeHeaderLine
* Test criteria:
  - Branch Coverage
  - Line Coverage
Originally, MOSA was implemented with a 'RANK_CROWD_DISTANCE_TOURNAMENT' selection function. You may want to consider using it.
* Total number of test goals for DYNAMOSA: 3
* Using seed 1776622170405
* Starting evolution
* Initial Number of Goals in DynaMOSA = 3 / 3
* Search finished after 31s and 1579 generations, 171943 statements, best individual has fitness: 2.0
* Minimizing test suite
* Going to analyze the coverage criteria
* Coverage analysis for criterion BRANCH
* Coverage of criterion BRANCH: 100%
* Total number of goals: 1
* Number of covered goals: 1
* Coverage analysis for criterion LINE
* Coverage of criterion LINE: 0%
* Total number of goals: 2
* Number of covered goals: 0
* Generated 1 tests with total length 2
* Resulting test suite's coverage: 50% (average coverage for all fitness functions)
* Compiling and checking tests
WARNING: A terminally deprecated method in java.lang.System has been called
WARNING: System::setSecurityManager has been called by org.evosuite.runtime.sandbox.MSecurityManager (file:/C:/Users/miaot/Github/BioTest/compares/baselines/evosuite/source/evosuite-1.2.0.jar)
WARNING: Please consider reporting this to the maintainers of org.evosuite.runtime.sandbox.MSecurityManager
WARNING: System::setSecurityManager will be removed in a future release
[MASTER] 13:10:03.983 [pool-3-thread-1] WARN  JUnitAnalyzer - EvoSuite problem: tests set up a security manager, but they do not remove it after execution
[MASTER] 13:10:04.081 [pool-3-thread-1] WARN  JUnitAnalyzer - EvoSuite problem: tests set up a security manager, but they do not remove it after execution
* Writing tests to file
* Writing JUnit test case 'VCFPedigreeHeaderLine_ESTest' to evosuite-tests
* Done!

* Computation finished
