* EvoSuite 1.2.0
* Going to generate test cases for class: htsjdk.variant.variantcontext.GenotypeBuilder
* Starting Client-0
* Connecting to master process on port 12418
* Analyzing classpath: 
  - C:/Users/miaot/Github/BioTest/compares/baselines/evosuite/fatjar/htsjdk-with-deps.jar
[MASTER] 13:15:15.028 [pool-3-thread-1] WARN  InheritanceTree - Class not in inheritance graph: java.util.Locale$IsoCountryCode
* Finished analyzing classpath
* Generating tests for class htsjdk.variant.variantcontext.GenotypeBuilder
* Test criteria:
  - Branch Coverage
  - Line Coverage
Originally, MOSA was implemented with a 'RANK_CROWD_DISTANCE_TOURNAMENT' selection function. You may want to consider using it.
* Total number of test goals for DYNAMOSA: 187
* Using seed 1776622513293
* Starting evolution
* Initial Number of Goals in DynaMOSA = 172 / 187
[MASTER] 13:15:15.337 [pool-3-thread-1] WARN  TestCluster - Failed to check cache for java.util.Map<K, V>.Entry<K, V> : Type points to itself
[MASTER] 13:15:16.666 [pool-3-thread-1] WARN  TestCluster - Failed to check cache for java.util.Comparator<T> : Type points to itself
* Search finished after 2s and 3 generations, 3275 statements, best individual has fitness: 0.0
* Minimizing test suite
* Going to analyze the coverage criteria
* Coverage analysis for criterion BRANCH
* Coverage of criterion BRANCH: 100%
* Total number of goals: 55
* Number of covered goals: 55
* Coverage analysis for criterion LINE
* Coverage of criterion LINE: 100%
* Total number of goals: 132
* Number of covered goals: 132
* Generated 23 tests with total length 73
* Resulting test suite's coverage: 100% (average coverage for all fitness functions)
* Compiling and checking tests
WARNING: A terminally deprecated method in java.lang.System has been called
WARNING: System::setSecurityManager has been called by org.evosuite.runtime.sandbox.MSecurityManager (file:/C:/Users/miaot/Github/BioTest/compares/baselines/evosuite/source/evosuite-1.2.0.jar)
WARNING: Please consider reporting this to the maintainers of org.evosuite.runtime.sandbox.MSecurityManager
WARNING: System::setSecurityManager will be removed in a future release
[MASTER] 13:15:20.346 [pool-3-thread-1] WARN  JUnitAnalyzer - EvoSuite problem: tests set up a security manager, but they do not remove it after execution
[MASTER] 13:15:20.590 [pool-3-thread-1] WARN  JUnitAnalyzer - EvoSuite problem: tests set up a security manager, but they do not remove it after execution
[MASTER] 13:15:20.789 [pool-3-thread-1] WARN  JUnitAnalyzer - EvoSuite problem: tests set up a security manager, but they do not remove it after execution
[MASTER] 13:15:21.000 [pool-3-thread-1] WARN  JUnitAnalyzer - EvoSuite problem: tests set up a security manager, but they do not remove it after execution
[MASTER] 13:15:21.186 [pool-3-thread-1] WARN  JUnitAnalyzer - EvoSuite problem: tests set up a security manager, but they do not remove it after execution
[MASTER] 13:15:21.360 [pool-3-thread-1] WARN  JUnitAnalyzer - EvoSuite problem: tests set up a security manager, but they do not remove it after execution
[MASTER] 13:15:21.539 [pool-3-thread-1] WARN  JUnitAnalyzer - EvoSuite problem: tests set up a security manager, but they do not remove it after execution
[MASTER] 13:15:21.650 [pool-3-thread-1] WARN  JUnitAnalyzer - EvoSuite problem: tests set up a security manager, but they do not remove it after execution
[MASTER] 13:15:21.752 [pool-3-thread-1] WARN  JUnitAnalyzer - EvoSuite problem: tests set up a security manager, but they do not remove it after execution
[MASTER] 13:15:21.857 [pool-3-thread-1] WARN  JUnitAnalyzer - EvoSuite problem: tests set up a security manager, but they do not remove it after execution
[MASTER] 13:15:21.965 [pool-3-thread-1] WARN  JUnitAnalyzer - EvoSuite problem: tests set up a security manager, but they do not remove it after execution
[MASTER] 13:15:22.063 [pool-3-thread-1] WARN  JUnitAnalyzer - EvoSuite problem: tests set up a security manager, but they do not remove it after execution
[MASTER] 13:15:22.147 [pool-3-thread-1] WARN  JUnitAnalyzer - EvoSuite problem: tests set up a security manager, but they do not remove it after execution
[MASTER] 13:15:22.214 [pool-3-thread-1] WARN  JUnitAnalyzer - EvoSuite problem: tests set up a security manager, but they do not remove it after execution
[MASTER] 13:15:22.277 [pool-3-thread-1] WARN  JUnitAnalyzer - EvoSuite problem: tests set up a security manager, but they do not remove it after execution
[MASTER] 13:15:22.357 [pool-3-thread-1] WARN  JUnitAnalyzer - EvoSuite problem: tests set up a security manager, but they do not remove it after execution
[MASTER] 13:15:22.428 [pool-3-thread-1] WARN  JUnitAnalyzer - EvoSuite problem: tests set up a security manager, but they do not remove it after execution
[MASTER] 13:15:22.490 [pool-3-thread-1] WARN  JUnitAnalyzer - EvoSuite problem: tests set up a security manager, but they do not remove it after execution
[MASTER] 13:15:22.551 [pool-3-thread-1] WARN  JUnitAnalyzer - EvoSuite problem: tests set up a security manager, but they do not remove it after execution
[MASTER] 13:15:22.618 [pool-3-thread-1] WARN  JUnitAnalyzer - EvoSuite problem: tests set up a security manager, but they do not remove it after execution
[MASTER] 13:15:22.682 [pool-3-thread-1] WARN  JUnitAnalyzer - EvoSuite problem: tests set up a security manager, but they do not remove it after execution
[MASTER] 13:15:22.745 [pool-3-thread-1] WARN  JUnitAnalyzer - EvoSuite problem: tests set up a security manager, but they do not remove it after execution
[MASTER] 13:15:22.811 [pool-3-thread-1] WARN  JUnitAnalyzer - EvoSuite problem: tests set up a security manager, but they do not remove it after execution
[MASTER] 13:15:22.917 [pool-3-thread-1] WARN  JUnitAnalyzer - EvoSuite problem: tests set up a security manager, but they do not remove it after execution
[MASTER] 13:15:23.027 [pool-3-thread-1] WARN  JUnitAnalyzer - EvoSuite problem: tests set up a security manager, but they do not remove it after execution
* Writing tests to file
* Writing JUnit test case 'GenotypeBuilder_ESTest' to evosuite-tests
* Done!

* Computation finished
