* EvoSuite 1.2.0
* Going to generate test cases for class: htsjdk.variant.vcf.VCFHeader
* Starting Client-0
* Connecting to master process on port 5895
* Analyzing classpath: 
  - C:/Users/miaot/Github/BioTest/compares/baselines/evosuite/fatjar/htsjdk-with-deps.jar
[MASTER] 13:05:14.052 [pool-3-thread-1] WARN  InheritanceTree - Class not in inheritance graph: java.util.Locale$IsoCountryCode
* Finished analyzing classpath
* Generating tests for class htsjdk.variant.vcf.VCFHeader
* Test criteria:
  - Branch Coverage
  - Line Coverage
Originally, MOSA was implemented with a 'RANK_CROWD_DISTANCE_TOURNAMENT' selection function. You may want to consider using it.
* Total number of test goals for DYNAMOSA: 278
* Using seed 1776621912435
* Starting evolution
* Initial Number of Goals in DynaMOSA = 185 / 278
[MASTER] 13:05:15.722 [pool-3-thread-1] WARN  TestCluster - Failed to check cache for java.util.Comparator<T> : Type points to itself
[MASTER] 13:05:36.467 [pool-3-thread-1] WARN  TestCluster - Failed to check cache for java.util.List<E> : Type points to itself
* Search finished after 31s and 380 generations, 202456 statements, best individual has fitness: 30.0
* Minimizing test suite
* Going to analyze the coverage criteria
* Coverage analysis for criterion BRANCH
* Coverage of criterion BRANCH: 93%
* Total number of goals: 108
* Number of covered goals: 100
* Coverage analysis for criterion LINE
* Coverage of criterion LINE: 87%
* Total number of goals: 170
* Number of covered goals: 148
* Generated 46 tests with total length 184
* Resulting test suite's coverage: 90% (average coverage for all fitness functions)
* Compiling and checking tests
WARNING: A terminally deprecated method in java.lang.System has been called
WARNING: System::setSecurityManager has been called by org.evosuite.runtime.sandbox.MSecurityManager (file:/C:/Users/miaot/Github/BioTest/compares/baselines/evosuite/source/evosuite-1.2.0.jar)
WARNING: Please consider reporting this to the maintainers of org.evosuite.runtime.sandbox.MSecurityManager
WARNING: System::setSecurityManager will be removed in a future release
[MASTER] 13:05:49.799 [pool-3-thread-1] WARN  JUnitAnalyzer - EvoSuite problem: tests set up a security manager, but they do not remove it after execution
[MASTER] 13:05:50.007 [pool-3-thread-1] WARN  JUnitAnalyzer - EvoSuite problem: tests set up a security manager, but they do not remove it after execution
[MASTER] 13:05:50.224 [pool-3-thread-1] WARN  JUnitAnalyzer - EvoSuite problem: tests set up a security manager, but they do not remove it after execution
[MASTER] 13:05:50.422 [pool-3-thread-1] WARN  JUnitAnalyzer - EvoSuite problem: tests set up a security manager, but they do not remove it after execution
[MASTER] 13:05:50.638 [pool-3-thread-1] WARN  JUnitAnalyzer - EvoSuite problem: tests set up a security manager, but they do not remove it after execution
[MASTER] 13:05:50.828 [pool-3-thread-1] WARN  JUnitAnalyzer - EvoSuite problem: tests set up a security manager, but they do not remove it after execution
[MASTER] 13:05:50.952 [pool-3-thread-1] WARN  JUnitAnalyzer - EvoSuite problem: tests set up a security manager, but they do not remove it after execution
[MASTER] 13:05:51.061 [pool-3-thread-1] WARN  JUnitAnalyzer - EvoSuite problem: tests set up a security manager, but they do not remove it after execution
[MASTER] 13:05:51.149 [pool-3-thread-1] WARN  JUnitAnalyzer - EvoSuite problem: tests set up a security manager, but they do not remove it after execution
[MASTER] 13:05:51.245 [pool-3-thread-1] WARN  JUnitAnalyzer - EvoSuite problem: tests set up a security manager, but they do not remove it after execution
[MASTER] 13:05:51.329 [pool-3-thread-1] WARN  JUnitAnalyzer - EvoSuite problem: tests set up a security manager, but they do not remove it after execution
[MASTER] 13:05:51.410 [pool-3-thread-1] WARN  JUnitAnalyzer - EvoSuite problem: tests set up a security manager, but they do not remove it after execution
[MASTER] 13:05:51.495 [pool-3-thread-1] WARN  JUnitAnalyzer - EvoSuite problem: tests set up a security manager, but they do not remove it after execution
[MASTER] 13:05:51.593 [pool-3-thread-1] WARN  JUnitAnalyzer - EvoSuite problem: tests set up a security manager, but they do not remove it after execution
[MASTER] 13:05:51.679 [pool-3-thread-1] WARN  JUnitAnalyzer - EvoSuite problem: tests set up a security manager, but they do not remove it after execution
[MASTER] 13:05:51.760 [pool-3-thread-1] WARN  JUnitAnalyzer - EvoSuite problem: tests set up a security manager, but they do not remove it after execution
[MASTER] 13:05:51.843 [pool-3-thread-1] WARN  JUnitAnalyzer - EvoSuite problem: tests set up a security manager, but they do not remove it after execution
[MASTER] 13:05:51.936 [pool-3-thread-1] WARN  JUnitAnalyzer - EvoSuite problem: tests set up a security manager, but they do not remove it after execution
[MASTER] 13:05:52.025 [pool-3-thread-1] WARN  JUnitAnalyzer - EvoSuite problem: tests set up a security manager, but they do not remove it after execution
[MASTER] 13:05:52.103 [pool-3-thread-1] WARN  JUnitAnalyzer - EvoSuite problem: tests set up a security manager, but they do not remove it after execution
[MASTER] 13:05:52.181 [pool-3-thread-1] WARN  JUnitAnalyzer - EvoSuite problem: tests set up a security manager, but they do not remove it after execution
[MASTER] 13:05:52.257 [pool-3-thread-1] WARN  JUnitAnalyzer - EvoSuite problem: tests set up a security manager, but they do not remove it after execution
[MASTER] 13:05:52.335 [pool-3-thread-1] WARN  JUnitAnalyzer - EvoSuite problem: tests set up a security manager, but they do not remove it after execution
[MASTER] 13:05:52.411 [pool-3-thread-1] WARN  JUnitAnalyzer - EvoSuite problem: tests set up a security manager, but they do not remove it after execution
[MASTER] 13:05:52.478 [pool-3-thread-1] WARN  JUnitAnalyzer - EvoSuite problem: tests set up a security manager, but they do not remove it after execution
[MASTER] 13:05:52.549 [pool-3-thread-1] WARN  JUnitAnalyzer - EvoSuite problem: tests set up a security manager, but they do not remove it after execution
[MASTER] 13:05:52.646 [pool-3-thread-1] WARN  JUnitAnalyzer - EvoSuite problem: tests set up a security manager, but they do not remove it after execution
[MASTER] 13:05:52.727 [pool-3-thread-1] WARN  JUnitAnalyzer - EvoSuite problem: tests set up a security manager, but they do not remove it after execution
[MASTER] 13:05:52.808 [pool-3-thread-1] WARN  JUnitAnalyzer - EvoSuite problem: tests set up a security manager, but they do not remove it after execution
[MASTER] 13:05:52.891 [pool-3-thread-1] WARN  JUnitAnalyzer - EvoSuite problem: tests set up a security manager, but they do not remove it after execution
[MASTER] 13:05:52.970 [pool-3-thread-1] WARN  JUnitAnalyzer - EvoSuite problem: tests set up a security manager, but they do not remove it after execution
[MASTER] 13:05:53.047 [pool-3-thread-1] WARN  JUnitAnalyzer - EvoSuite problem: tests set up a security manager, but they do not remove it after execution
[MASTER] 13:05:53.121 [pool-3-thread-1] WARN  JUnitAnalyzer - EvoSuite problem: tests set up a security manager, but they do not remove it after execution
[MASTER] 13:05:53.199 [pool-3-thread-1] WARN  JUnitAnalyzer - EvoSuite problem: tests set up a security manager, but they do not remove it after execution
[MASTER] 13:05:53.273 [pool-3-thread-1] WARN  JUnitAnalyzer - EvoSuite problem: tests set up a security manager, but they do not remove it after execution
[MASTER] 13:05:53.352 [pool-3-thread-1] WARN  JUnitAnalyzer - EvoSuite problem: tests set up a security manager, but they do not remove it after execution
[MASTER] 13:05:53.423 [pool-3-thread-1] WARN  JUnitAnalyzer - EvoSuite problem: tests set up a security manager, but they do not remove it after execution
[MASTER] 13:05:53.498 [pool-3-thread-1] WARN  JUnitAnalyzer - EvoSuite problem: tests set up a security manager, but they do not remove it after execution
[MASTER] 13:05:53.573 [pool-3-thread-1] WARN  JUnitAnalyzer - EvoSuite problem: tests set up a security manager, but they do not remove it after execution
[MASTER] 13:05:53.648 [pool-3-thread-1] WARN  JUnitAnalyzer - EvoSuite problem: tests set up a security manager, but they do not remove it after execution
[MASTER] 13:05:53.723 [pool-3-thread-1] WARN  JUnitAnalyzer - EvoSuite problem: tests set up a security manager, but they do not remove it after execution
[MASTER] 13:05:53.791 [pool-3-thread-1] WARN  JUnitAnalyzer - EvoSuite problem: tests set up a security manager, but they do not remove it after execution
[MASTER] 13:05:53.866 [pool-3-thread-1] WARN  JUnitAnalyzer - EvoSuite problem: tests set up a security manager, but they do not remove it after execution
[MASTER] 13:05:53.940 [pool-3-thread-1] WARN  JUnitAnalyzer - EvoSuite problem: tests set up a security manager, but they do not remove it after execution
[MASTER] 13:05:54.020 [pool-3-thread-1] WARN  JUnitAnalyzer - EvoSuite problem: tests set up a security manager, but they do not remove it after execution
[MASTER] 13:05:54.095 [pool-3-thread-1] WARN  JUnitAnalyzer - EvoSuite problem: tests set up a security manager, but they do not remove it after execution
[MASTER] 13:05:54.252 [pool-3-thread-1] WARN  JUnitAnalyzer - EvoSuite problem: tests set up a security manager, but they do not remove it after execution
[MASTER] 13:05:54.436 [pool-3-thread-1] WARN  JUnitAnalyzer - EvoSuite problem: tests set up a security manager, but they do not remove it after execution
* Writing tests to file
* Writing JUnit test case 'VCFHeader_ESTest' to evosuite-tests
* Done!

* Computation finished
