* EvoSuite 1.2.0
* Going to generate test cases for class: htsjdk.variant.vcf.VCFIteratorBuilder
* Starting Client-0
* Connecting to master process on port 15320
* Analyzing classpath: 
  - C:/Users/miaot/Github/BioTest/compares/baselines/evosuite/fatjar/htsjdk-with-deps.jar
[MASTER] 13:07:54.739 [pool-3-thread-1] WARN  InheritanceTree - Class not in inheritance graph: java.io.ObjectInputFilter
[MASTER] 13:07:54.792 [pool-3-thread-1] WARN  InheritanceTree - Class not in inheritance graph: java.io.ObjectInputFilter$FilterInfo
[MASTER] 13:07:54.835 [pool-3-thread-1] WARN  InheritanceTree - Class not in inheritance graph: java.util.Locale$IsoCountryCode
* Finished analyzing classpath
* Generating tests for class htsjdk.variant.vcf.VCFIteratorBuilder
* Test criteria:
  - Branch Coverage
  - Line Coverage
Originally, MOSA was implemented with a 'RANK_CROWD_DISTANCE_TOURNAMENT' selection function. You may want to consider using it.
* Total number of test goals for DYNAMOSA: 57
* Using seed 1776622073442
* Starting evolution
* Initial Number of Goals in DynaMOSA = 45 / 57
[MASTER] 13:07:55.965 [pool-3-thread-1] WARN  TestCluster - Failed to check cache for java.util.function.Function<T, R> : Type points to itself
[MASTER] 13:07:56.322 [pool-3-thread-1] WARN  TestCluster - Failed to check cache for java.util.Enumeration<E> : Type points to itself
* Search finished after 34s and 48 generations, 12879 statements, best individual has fitness: 39.0
[MASTER] 13:08:29.694 [pool-3-thread-1] WARN  TimeController - Phase SEARCH lasted too long, 4 seconds more than allowed.
* Minimizing test suite
* Going to analyze the coverage criteria
* Coverage analysis for criterion BRANCH
* Coverage of criterion BRANCH: 36%
* Total number of goals: 22
* Number of covered goals: 8
* Coverage analysis for criterion LINE
* Coverage of criterion LINE: 29%
* Total number of goals: 35
* Number of covered goals: 10
* Generated 4 tests with total length 10
* Resulting test suite's coverage: 32% (average coverage for all fitness functions)
* Compiling and checking tests
WARNING: A terminally deprecated method in java.lang.System has been called
WARNING: System::setSecurityManager has been called by org.evosuite.runtime.sandbox.MSecurityManager (file:/C:/Users/miaot/Github/BioTest/compares/baselines/evosuite/source/evosuite-1.2.0.jar)
WARNING: Please consider reporting this to the maintainers of org.evosuite.runtime.sandbox.MSecurityManager
WARNING: System::setSecurityManager will be removed in a future release
[MASTER] 13:08:31.397 [pool-3-thread-1] WARN  JUnitAnalyzer - EvoSuite problem: tests set up a security manager, but they do not remove it after execution
[MASTER] 13:08:31.672 [pool-3-thread-1] WARN  JUnitAnalyzer - EvoSuite problem: tests set up a security manager, but they do not remove it after execution
[MASTER] 13:08:31.930 [pool-3-thread-1] WARN  JUnitAnalyzer - EvoSuite problem: tests set up a security manager, but they do not remove it after execution
[MASTER] 13:08:32.165 [pool-3-thread-1] WARN  JUnitAnalyzer - EvoSuite problem: tests set up a security manager, but they do not remove it after execution
[MASTER] 13:08:32.426 [pool-3-thread-1] WARN  JUnitAnalyzer - EvoSuite problem: tests set up a security manager, but they do not remove it after execution
[MASTER] 13:08:32.658 [pool-3-thread-1] WARN  JUnitAnalyzer - EvoSuite problem: tests set up a security manager, but they do not remove it after execution
* Writing tests to file
* Writing JUnit test case 'VCFIteratorBuilder_ESTest' to evosuite-tests
* Done!

* Computation finished
