[22:28:42] [seqan3_sam    ] === cascade start (container, max_iter=2) ===
[22:28:42] [seqan3_sam    ]     initial seeds: VCF=33  SAM=74
[22:28:42] [seqan3_sam    ] --- rep 0 ---
[22:28:42] [seqan3_sam    ]     seeds entering rep: {'vcf_total': 33, 'vcf_kept': 0, 'vcf_synthetic': 0, 'sam_total': 74, 'sam_kept': 0, 'sam_synthetic': 0}
[22:28:42] [seqan3_sam    ]     reset data/ + bug_reports/ + coverage_artifacts/ (seeds preserved — independent trials)
[22:28:42] [seqan3_sam    ]     env (container): BIOTEST_MULTISHOT_K=2 (refine round 4)
[22:28:42] [seqan3_sam    ]     cmd: docker exec biotest-bench-setup python3.12 harness_run.py --mode E1S ...
[22:28:42] [seqan3_sam    ]     budget: 5400s (container)
[23:00:42] [seqan3_sam    ]     rep 0 exit=0 elapsed=1920s
[23:00:51] [seqan3_sam    ]     -> line=93.90% covered=756/805 status=ok seeds_after={'vcf_total': 33, 'vcf_kept': 0, 'vcf_synthetic': 0, 'sam_total': 145, 'sam_kept': 71, 'sam_synthetic': 0}
[23:00:51] [seqan3_sam    ] --- rep 1 ---
[23:00:51] [seqan3_sam    ]     seeds entering rep: {'vcf_total': 33, 'vcf_kept': 0, 'vcf_synthetic': 0, 'sam_total': 145, 'sam_kept': 71, 'sam_synthetic': 0}
[23:00:53] [seqan3_sam    ]     reset data/ + bug_reports/ + coverage_artifacts/ (seeds preserved — independent trials)
[23:00:53] [seqan3_sam    ]     env (container): BIOTEST_MULTISHOT_K=2 (refine round 4)
[23:00:53] [seqan3_sam    ]     cmd: docker exec biotest-bench-setup python3.12 harness_run.py --mode E1S ...
[23:00:53] [seqan3_sam    ]     budget: 5400s (container)
[23:13:00] [seqan3_sam    ]     rep 1 exit=0 elapsed=727s
[23:13:10] [seqan3_sam    ]     -> line=93.70% covered=754/805 status=ok seeds_after={'vcf_total': 33, 'vcf_kept': 0, 'vcf_synthetic': 0, 'sam_total': 145, 'sam_kept': 71, 'sam_synthetic': 0}
[23:13:10] [seqan3_sam    ] --- rep 2 ---
[23:13:10] [seqan3_sam    ]     seeds entering rep: {'vcf_total': 33, 'vcf_kept': 0, 'vcf_synthetic': 0, 'sam_total': 145, 'sam_kept': 71, 'sam_synthetic': 0}
[23:13:10] [seqan3_sam    ]     reset data/ + bug_reports/ + coverage_artifacts/ (seeds preserved — independent trials)
[23:13:10] [seqan3_sam    ]     env (container): BIOTEST_MULTISHOT_K=2 (refine round 4)
[23:13:10] [seqan3_sam    ]     cmd: docker exec biotest-bench-setup python3.12 harness_run.py --mode E1S ...
[23:13:10] [seqan3_sam    ]     budget: 5400s (container)
[23:58:53] [seqan3_sam    ]     rep 2 exit=0 elapsed=2744s
[23:58:59] [seqan3_sam    ]     -> line=93.20% covered=750/805 status=ok seeds_after={'vcf_total': 33, 'vcf_kept': 0, 'vcf_synthetic': 0, 'sam_total': 458, 'sam_kept': 384, 'sam_synthetic': 0}
[23:58:59] [seqan3_sam    ] --- rep 3 ---
[23:58:59] [seqan3_sam    ]     seeds entering rep: {'vcf_total': 33, 'vcf_kept': 0, 'vcf_synthetic': 0, 'sam_total': 458, 'sam_kept': 384, 'sam_synthetic': 0}
[23:59:10] [seqan3_sam    ]     reset data/ + bug_reports/ + coverage_artifacts/ (seeds preserved — independent trials)
[23:59:10] [seqan3_sam    ]     env (container): BIOTEST_MULTISHOT_K=2 (refine round 4)
[23:59:10] [seqan3_sam    ]     cmd: docker exec biotest-bench-setup python3.12 harness_run.py --mode E1S ...
[23:59:10] [seqan3_sam    ]     budget: 5400s (container)
[01:34:31] [seqan3_sam    ]     rep 3 exit=0 elapsed=5721s
[01:34:36] [seqan3_sam    ]     -> line=81.70% covered=658/805 status=ok seeds_after={'vcf_total': 33, 'vcf_kept': 0, 'vcf_synthetic': 0, 'sam_total': 1062, 'sam_kept': 988, 'sam_synthetic': 0}
[01:34:36] [seqan3_sam    ] === cascade complete (4 reps) ===
