[13:21:05] [htsjdk_vcf    ] === cascade start (host, max_iter=2) ===
[13:21:05] [htsjdk_vcf    ]     initial seeds: VCF=33  SAM=74
[13:21:05] [htsjdk_vcf    ] --- rep 0 ---
[13:21:05] [htsjdk_vcf    ]     seeds entering rep: {'vcf_total': 33, 'vcf_kept': 0, 'vcf_synthetic': 0, 'sam_total': 74, 'sam_kept': 0, 'sam_synthetic': 0}
[13:21:05] [htsjdk_vcf    ]     reset data/ + bug_reports/ + coverage_artifacts/ (seeds preserved — independent trials)
[13:21:05] [htsjdk_vcf    ]     cmd: python harness_run.py --mode E2 --config biotest_config.rep0.yaml --phase B,C,E
[13:21:05] [htsjdk_vcf    ]     budget: 5400s (host)
[14:51:05] [htsjdk_vcf    ]     timeout after 5400s — terminating
[14:51:05] [htsjdk_vcf    ]     rep 0 exit=1 elapsed=5400s
[14:51:10] [htsjdk_vcf    ]     -> line=43.20% covered=1606/3716 status=ok seeds_after={'vcf_total': 33, 'vcf_kept': 0, 'vcf_synthetic': 0, 'sam_total': 74, 'sam_kept': 0, 'sam_synthetic': 0}
[14:51:10] [htsjdk_vcf    ] --- rep 1 ---
[14:51:10] [htsjdk_vcf    ]     seeds entering rep: {'vcf_total': 33, 'vcf_kept': 0, 'vcf_synthetic': 0, 'sam_total': 74, 'sam_kept': 0, 'sam_synthetic': 0}
[14:51:11] [htsjdk_vcf    ]     reset data/ + bug_reports/ + coverage_artifacts/ (seeds preserved — independent trials)
[14:51:11] [htsjdk_vcf    ]     cmd: python harness_run.py --mode E2 --config biotest_config.rep1.yaml --phase B,C,E
[14:51:11] [htsjdk_vcf    ]     budget: 5400s (host)
[16:21:11] [htsjdk_vcf    ]     timeout after 5400s — terminating
[16:21:11] [htsjdk_vcf    ]     rep 1 exit=1 elapsed=5400s
[16:21:15] [htsjdk_vcf    ]     -> line=43.10% covered=1601/3716 status=ok seeds_after={'vcf_total': 33, 'vcf_kept': 0, 'vcf_synthetic': 0, 'sam_total': 74, 'sam_kept': 0, 'sam_synthetic': 0}
[16:21:15] [htsjdk_vcf    ] --- rep 2 ---
[16:21:15] [htsjdk_vcf    ]     seeds entering rep: {'vcf_total': 33, 'vcf_kept': 0, 'vcf_synthetic': 0, 'sam_total': 74, 'sam_kept': 0, 'sam_synthetic': 0}
[16:21:16] [htsjdk_vcf    ]     reset data/ + bug_reports/ + coverage_artifacts/ (seeds preserved — independent trials)
[16:21:16] [htsjdk_vcf    ]     cmd: python harness_run.py --mode E2 --config biotest_config.rep2.yaml --phase B,C,E
[16:21:16] [htsjdk_vcf    ]     budget: 5400s (host)
[17:51:16] [htsjdk_vcf    ]     timeout after 5400s — terminating
[17:51:16] [htsjdk_vcf    ]     rep 2 exit=1 elapsed=5400s
[17:51:19] [htsjdk_vcf    ]     -> line=34.00% covered=1262/3716 status=ok seeds_after={'vcf_total': 33, 'vcf_kept': 0, 'vcf_synthetic': 0, 'sam_total': 74, 'sam_kept': 0, 'sam_synthetic': 0}
[17:51:19] [htsjdk_vcf    ] --- rep 3 ---
[17:51:19] [htsjdk_vcf    ]     seeds entering rep: {'vcf_total': 33, 'vcf_kept': 0, 'vcf_synthetic': 0, 'sam_total': 74, 'sam_kept': 0, 'sam_synthetic': 0}
[17:51:21] [htsjdk_vcf    ]     reset data/ + bug_reports/ + coverage_artifacts/ (seeds preserved — independent trials)
[17:51:21] [htsjdk_vcf    ]     cmd: python harness_run.py --mode E2 --config biotest_config.rep3.yaml --phase B,C,E
[17:51:21] [htsjdk_vcf    ]     budget: 5400s (host)
[19:21:21] [htsjdk_vcf    ]     timeout after 5400s — terminating
[19:21:21] [htsjdk_vcf    ]     rep 3 exit=1 elapsed=5400s
[19:21:24] [htsjdk_vcf    ]     -> line=45.70% covered=1698/3716 status=ok seeds_after={'vcf_total': 33, 'vcf_kept': 0, 'vcf_synthetic': 0, 'sam_total': 74, 'sam_kept': 0, 'sam_synthetic': 0}
[19:21:24] [htsjdk_vcf    ] === cascade complete (4 reps) ===
