[17:12:39] [noodles_vcf   ] === cascade start (container, max_iter=2) ===
[17:12:40] [noodles_vcf   ]     initial seeds: VCF=33  SAM=74
[17:12:40] [noodles_vcf   ] --- rep 0 ---
[17:12:40] [noodles_vcf   ]     seeds entering rep: {'vcf_total': 33, 'vcf_kept': 0, 'vcf_synthetic': 0, 'sam_total': 74, 'sam_kept': 0, 'sam_synthetic': 0}
[17:12:40] [noodles_vcf   ]     reset data/ + bug_reports/ + coverage_artifacts/ (seeds preserved — independent trials)
[17:12:40] [noodles_vcf   ]     cmd: docker exec biotest-bench-setup python3.12 harness_run.py --mode E0 ...
[17:12:40] [noodles_vcf   ]     budget: 5400s (container)
[18:08:04] [noodles_vcf   ]     rep 0 exit=0 elapsed=3324s
[18:08:16] [noodles_vcf   ]     -> line=36.60% covered=2779/7584 status=ok seeds_after={'vcf_total': 138, 'vcf_kept': 100, 'vcf_synthetic': 5, 'sam_total': 74, 'sam_kept': 0, 'sam_synthetic': 0}
[18:08:16] [noodles_vcf   ] --- rep 1 ---
[18:08:16] [noodles_vcf   ]     seeds entering rep: {'vcf_total': 138, 'vcf_kept': 100, 'vcf_synthetic': 5, 'sam_total': 74, 'sam_kept': 0, 'sam_synthetic': 0}
[18:08:21] [noodles_vcf   ]     reset data/ + bug_reports/ + coverage_artifacts/ (seeds preserved — independent trials)
[18:08:21] [noodles_vcf   ]     cmd: docker exec biotest-bench-setup python3.12 harness_run.py --mode E0 ...
[18:08:21] [noodles_vcf   ]     budget: 5400s (container)
[19:13:28] [noodles_vcf   ]     rep 1 exit=0 elapsed=3907s
[19:13:44] [noodles_vcf   ]     -> line=36.70% covered=2785/7584 status=ok seeds_after={'vcf_total': 343, 'vcf_kept': 296, 'vcf_synthetic': 14, 'sam_total': 74, 'sam_kept': 0, 'sam_synthetic': 0}
[19:13:44] [noodles_vcf   ] --- rep 2 ---
[19:13:44] [noodles_vcf   ]     seeds entering rep: {'vcf_total': 343, 'vcf_kept': 296, 'vcf_synthetic': 14, 'sam_total': 74, 'sam_kept': 0, 'sam_synthetic': 0}
[19:13:49] [noodles_vcf   ]     reset data/ + bug_reports/ + coverage_artifacts/ (seeds preserved — independent trials)
[19:13:49] [noodles_vcf   ]     cmd: docker exec biotest-bench-setup python3.12 harness_run.py --mode E0 ...
[19:13:49] [noodles_vcf   ]     budget: 5400s (container)
[20:45:00] [noodles_vcf   ]     rep 2 exit=0 elapsed=5472s
[20:45:30] [noodles_vcf   ]     -> line=35.40% covered=2685/7584 status=ok seeds_after={'vcf_total': 596, 'vcf_kept': 544, 'vcf_synthetic': 19, 'sam_total': 74, 'sam_kept': 0, 'sam_synthetic': 0}
[20:45:30] [noodles_vcf   ] --- rep 3 ---
[20:45:30] [noodles_vcf   ]     seeds entering rep: {'vcf_total': 596, 'vcf_kept': 544, 'vcf_synthetic': 19, 'sam_total': 74, 'sam_kept': 0, 'sam_synthetic': 0}
[20:45:35] [noodles_vcf   ]     reset data/ + bug_reports/ + coverage_artifacts/ (seeds preserved — independent trials)
[20:45:35] [noodles_vcf   ]     cmd: docker exec biotest-bench-setup python3.12 harness_run.py --mode E0 ...
[20:45:35] [noodles_vcf   ]     budget: 5400s (container)
[22:20:27] [noodles_vcf   ]     rep 3 exit=0 elapsed=5692s
[22:20:52] [noodles_vcf   ]     -> line=36.80% covered=2790/7584 status=ok seeds_after={'vcf_total': 817, 'vcf_kept': 755, 'vcf_synthetic': 29, 'sam_total': 74, 'sam_kept': 0, 'sam_synthetic': 0}
[22:20:52] [noodles_vcf   ] === cascade complete (4 reps) ===
