[20:57:59] [biopython_sam ] === cascade start (host, max_iter=2) ===
[20:58:00] [biopython_sam ]     initial seeds: VCF=33  SAM=74
[20:58:00] [biopython_sam ] --- rep 0 ---
[20:58:00] [biopython_sam ]     seeds entering rep: {'vcf_total': 33, 'vcf_kept': 0, 'vcf_synthetic': 0, 'sam_total': 74, 'sam_kept': 0, 'sam_synthetic': 0}
[20:58:00] [biopython_sam ]     reset data/ + bug_reports/ + coverage_artifacts/ (seeds preserved — independent trials)
[20:58:00] [biopython_sam ]     cmd: python harness_run.py --mode E3 --config biotest_config.rep0.yaml --phase B,C,E
[20:58:00] [biopython_sam ]     budget: 5400s (host)
[20:58:00] [biopython_sam ]     env: BIOTEST_MULTISHOT_K=2  BIOTEST_AUTO_INVOKE_PUBLIC_METHODS=1 (refine round 4)
[21:04:32] [biopython_sam ]     rep 0 exit=1 elapsed=392s
[21:04:33] [biopython_sam ]     -> line=3.00% covered=18/598 status=ok seeds_after={'vcf_total': 33, 'vcf_kept': 0, 'vcf_synthetic': 0, 'sam_total': 74, 'sam_kept': 0, 'sam_synthetic': 0}
[21:04:33] [biopython_sam ] --- rep 1 ---
[21:04:33] [biopython_sam ]     seeds entering rep: {'vcf_total': 33, 'vcf_kept': 0, 'vcf_synthetic': 0, 'sam_total': 74, 'sam_kept': 0, 'sam_synthetic': 0}
[21:04:33] [biopython_sam ]     reset data/ + bug_reports/ + coverage_artifacts/ (seeds preserved — independent trials)
[21:04:33] [biopython_sam ]     cmd: python harness_run.py --mode E3 --config biotest_config.rep1.yaml --phase B,C,E
[21:04:33] [biopython_sam ]     budget: 5400s (host)
[21:04:33] [biopython_sam ]     env: BIOTEST_MULTISHOT_K=2  BIOTEST_AUTO_INVOKE_PUBLIC_METHODS=1 (refine round 4)
[21:10:20] [biopython_sam ]     rep 1 exit=1 elapsed=347s
[21:10:20] [biopython_sam ]     -> line=3.00% covered=18/598 status=ok seeds_after={'vcf_total': 33, 'vcf_kept': 0, 'vcf_synthetic': 0, 'sam_total': 74, 'sam_kept': 0, 'sam_synthetic': 0}
[21:10:20] [biopython_sam ] --- rep 2 ---
[21:10:20] [biopython_sam ]     seeds entering rep: {'vcf_total': 33, 'vcf_kept': 0, 'vcf_synthetic': 0, 'sam_total': 74, 'sam_kept': 0, 'sam_synthetic': 0}
[21:10:21] [biopython_sam ]     reset data/ + bug_reports/ + coverage_artifacts/ (seeds preserved — independent trials)
[21:10:21] [biopython_sam ]     cmd: python harness_run.py --mode E3 --config biotest_config.rep2.yaml --phase B,C,E
[21:10:21] [biopython_sam ]     budget: 5400s (host)
[21:10:21] [biopython_sam ]     env: BIOTEST_MULTISHOT_K=2  BIOTEST_AUTO_INVOKE_PUBLIC_METHODS=1 (refine round 4)
[21:15:07] [biopython_sam ]     rep 2 exit=1 elapsed=287s
[21:15:08] [biopython_sam ]     -> line=3.00% covered=18/598 status=ok seeds_after={'vcf_total': 33, 'vcf_kept': 0, 'vcf_synthetic': 0, 'sam_total': 74, 'sam_kept': 0, 'sam_synthetic': 0}
[21:15:08] [biopython_sam ] --- rep 3 ---
[21:15:08] [biopython_sam ]     seeds entering rep: {'vcf_total': 33, 'vcf_kept': 0, 'vcf_synthetic': 0, 'sam_total': 74, 'sam_kept': 0, 'sam_synthetic': 0}
[21:15:08] [biopython_sam ]     reset data/ + bug_reports/ + coverage_artifacts/ (seeds preserved — independent trials)
[21:15:08] [biopython_sam ]     cmd: python harness_run.py --mode E3 --config biotest_config.rep3.yaml --phase B,C,E
[21:15:08] [biopython_sam ]     budget: 5400s (host)
[21:15:08] [biopython_sam ]     env: BIOTEST_MULTISHOT_K=2  BIOTEST_AUTO_INVOKE_PUBLIC_METHODS=1 (refine round 4)
[21:52:01] [biopython_sam ]     rep 3 exit=0 elapsed=2213s
[21:52:02] [biopython_sam ]     -> line=53.30% covered=319/598 status=ok seeds_after={'vcf_total': 33, 'vcf_kept': 0, 'vcf_synthetic': 0, 'sam_total': 74, 'sam_kept': 0, 'sam_synthetic': 0}
[21:52:02] [biopython_sam ] === cascade complete (4 reps) ===
