[12:28:12] [noodles_vcf   ] === cascade start (container, max_iter=2) ===
[12:28:12] [noodles_vcf   ]     initial seeds: VCF=33  SAM=74
[12:28:12] [noodles_vcf   ] --- rep 0 ---
[12:28:12] [noodles_vcf   ]     seeds entering rep: {'vcf_total': 33, 'vcf_kept': 0, 'vcf_synthetic': 0, 'sam_total': 74, 'sam_kept': 0, 'sam_synthetic': 0}
[12:28:12] [noodles_vcf   ]     reset data/ + bug_reports/ + coverage_artifacts/ (seeds preserved — independent trials)
[12:28:12] [noodles_vcf   ]     cmd: docker exec biotest-bench-setup python3.12 harness_run.py --mode E3 ...
[12:28:12] [noodles_vcf   ]     budget: 5400s (container)
[12:40:00] [noodles_vcf   ]     rep 0 exit=0 elapsed=708s
[12:40:04] [noodles_vcf   ]     -> line=32.70% covered=2481/7584 status=ok seeds_after={'vcf_total': 33, 'vcf_kept': 0, 'vcf_synthetic': 0, 'sam_total': 74, 'sam_kept': 0, 'sam_synthetic': 0}
[12:40:04] [noodles_vcf   ] --- rep 1 ---
[12:40:04] [noodles_vcf   ]     seeds entering rep: {'vcf_total': 33, 'vcf_kept': 0, 'vcf_synthetic': 0, 'sam_total': 74, 'sam_kept': 0, 'sam_synthetic': 0}
[12:40:05] [noodles_vcf   ]     reset data/ + bug_reports/ + coverage_artifacts/ (seeds preserved — independent trials)
[12:40:05] [noodles_vcf   ]     cmd: docker exec biotest-bench-setup python3.12 harness_run.py --mode E3 ...
[12:40:05] [noodles_vcf   ]     budget: 5400s (container)
[12:50:31] [noodles_vcf   ]     rep 1 exit=0 elapsed=626s
[12:50:34] [noodles_vcf   ]     -> line=15.40% covered=1170/7584 status=ok seeds_after={'vcf_total': 33, 'vcf_kept': 0, 'vcf_synthetic': 0, 'sam_total': 74, 'sam_kept': 0, 'sam_synthetic': 0}
[12:50:34] [noodles_vcf   ] --- rep 2 ---
[12:50:34] [noodles_vcf   ]     seeds entering rep: {'vcf_total': 33, 'vcf_kept': 0, 'vcf_synthetic': 0, 'sam_total': 74, 'sam_kept': 0, 'sam_synthetic': 0}
[12:50:34] [noodles_vcf   ]     reset data/ + bug_reports/ + coverage_artifacts/ (seeds preserved — independent trials)
[12:50:34] [noodles_vcf   ]     cmd: docker exec biotest-bench-setup python3.12 harness_run.py --mode E3 ...
[12:50:34] [noodles_vcf   ]     budget: 5400s (container)
[12:55:47] [noodles_vcf   ]     rep 2 exit=0 elapsed=312s
[12:55:47] [noodles_vcf   ]     llvm-cov regen failed: 
[12:55:47] [noodles_vcf   ]     -> line=0.00% covered=0/0 status=missing seeds_after={'vcf_total': 33, 'vcf_kept': 0, 'vcf_synthetic': 0, 'sam_total': 74, 'sam_kept': 0, 'sam_synthetic': 0}
[12:55:47] [noodles_vcf   ] --- rep 3 ---
[12:55:47] [noodles_vcf   ]     seeds entering rep: {'vcf_total': 33, 'vcf_kept': 0, 'vcf_synthetic': 0, 'sam_total': 74, 'sam_kept': 0, 'sam_synthetic': 0}
[12:55:47] [noodles_vcf   ]     reset data/ + bug_reports/ + coverage_artifacts/ (seeds preserved — independent trials)
[12:55:47] [noodles_vcf   ]     cmd: docker exec biotest-bench-setup python3.12 harness_run.py --mode E3 ...
[12:55:47] [noodles_vcf   ]     budget: 5400s (container)
[13:05:58] [noodles_vcf   ]     rep 3 exit=0 elapsed=612s
[13:06:03] [noodles_vcf   ]     -> line=15.60% covered=1183/7584 status=ok seeds_after={'vcf_total': 33, 'vcf_kept': 0, 'vcf_synthetic': 0, 'sam_total': 74, 'sam_kept': 0, 'sam_synthetic': 0}
[13:06:03] [noodles_vcf   ] === cascade complete (4 reps) ===
