[13:54:39] [htsjdk_vcf    ] === cascade start (host, max_iter=2) ===
[13:54:39] [htsjdk_vcf    ]     initial seeds: VCF=33  SAM=74
[13:54:39] [htsjdk_vcf    ] --- rep 0 ---
[13:54:39] [htsjdk_vcf    ]     seeds entering rep: {'vcf_total': 33, 'vcf_kept': 0, 'vcf_synthetic': 0, 'sam_total': 74, 'sam_kept': 0, 'sam_synthetic': 0}
[13:54:39] [htsjdk_vcf    ]     reset data/ + bug_reports/ (seeds + coverage_artifacts preserved — cumulative cascade)
[13:54:39] [htsjdk_vcf    ]     cmd: python harness_run.py --mode E0 --config biotest_config.rep0.yaml --phase D,E
[13:54:39] [htsjdk_vcf    ]     budget: 5400s (host)
[15:24:39] [htsjdk_vcf    ]     timeout after 5400s — terminating
[15:24:39] [htsjdk_vcf    ]     rep 0 exit=1 elapsed=5400s
[15:24:43] [htsjdk_vcf    ]     -> line=45.90% covered=1705/3716 status=ok seeds_after={'vcf_total': 418, 'vcf_kept': 380, 'vcf_synthetic': 5, 'sam_total': 74, 'sam_kept': 0, 'sam_synthetic': 0}
[15:24:43] [htsjdk_vcf    ] --- rep 1 ---
[15:24:43] [htsjdk_vcf    ]     seeds entering rep: {'vcf_total': 418, 'vcf_kept': 380, 'vcf_synthetic': 5, 'sam_total': 74, 'sam_kept': 0, 'sam_synthetic': 0}
[15:24:48] [htsjdk_vcf    ]     reset data/ + bug_reports/ (seeds + coverage_artifacts preserved — cumulative cascade)
[15:24:48] [htsjdk_vcf    ]     cmd: python harness_run.py --mode E0 --config biotest_config.rep1.yaml --phase D,E
[15:24:48] [htsjdk_vcf    ]     budget: 5400s (host)
[16:54:48] [htsjdk_vcf    ]     timeout after 5400s — terminating
[16:54:48] [htsjdk_vcf    ]     rep 1 exit=1 elapsed=5400s
[16:54:51] [htsjdk_vcf    ]     -> line=46.00% covered=1711/3716 status=ok seeds_after={'vcf_total': 754, 'vcf_kept': 716, 'vcf_synthetic': 5, 'sam_total': 74, 'sam_kept': 0, 'sam_synthetic': 0}
[16:54:51] [htsjdk_vcf    ] --- rep 2 ---
[16:54:51] [htsjdk_vcf    ]     seeds entering rep: {'vcf_total': 754, 'vcf_kept': 716, 'vcf_synthetic': 5, 'sam_total': 74, 'sam_kept': 0, 'sam_synthetic': 0}
[16:54:55] [htsjdk_vcf    ]     reset data/ + bug_reports/ (seeds + coverage_artifacts preserved — cumulative cascade)
[16:54:55] [htsjdk_vcf    ]     cmd: python harness_run.py --mode E0 --config biotest_config.rep2.yaml --phase D,E
[16:54:55] [htsjdk_vcf    ]     budget: 5400s (host)
[18:24:55] [htsjdk_vcf    ]     timeout after 5400s — terminating
[18:24:55] [htsjdk_vcf    ]     rep 2 exit=1 elapsed=5400s
[18:24:58] [htsjdk_vcf    ]     -> line=46.00% covered=1711/3716 status=ok seeds_after={'vcf_total': 929, 'vcf_kept': 891, 'vcf_synthetic': 5, 'sam_total': 74, 'sam_kept': 0, 'sam_synthetic': 0}
[18:24:58] [htsjdk_vcf    ] === cascade complete (3 reps) ===
