[13:54:39] [noodles_vcf   ] === cascade start (container, max_iter=2) ===
[13:54:39] [noodles_vcf   ]     initial seeds: VCF=33  SAM=74
[13:54:39] [noodles_vcf   ] --- rep 0 ---
[13:54:39] [noodles_vcf   ]     seeds entering rep: {'vcf_total': 33, 'vcf_kept': 0, 'vcf_synthetic': 0, 'sam_total': 74, 'sam_kept': 0, 'sam_synthetic': 0}
[13:54:39] [noodles_vcf   ]     reset data/ + bug_reports/ (seeds + coverage_artifacts preserved — cumulative cascade)
[13:54:39] [noodles_vcf   ]     cmd: docker exec biotest-bench-setup python3.12 harness_run.py --mode E0 ...
[13:54:39] [noodles_vcf   ]     budget: 5400s (container)
[15:18:55] [noodles_vcf   ]     rep 0 exit=0 elapsed=5056s
[15:20:05] [noodles_vcf   ]     -> line=33.90% covered=2571/7584 status=ok seeds_after={'vcf_total': 63, 'vcf_kept': 30, 'vcf_synthetic': 0, 'sam_total': 74, 'sam_kept': 0, 'sam_synthetic': 0}
[15:20:05] [noodles_vcf   ] --- rep 1 ---
[15:20:05] [noodles_vcf   ]     seeds entering rep: {'vcf_total': 63, 'vcf_kept': 30, 'vcf_synthetic': 0, 'sam_total': 74, 'sam_kept': 0, 'sam_synthetic': 0}
[15:20:06] [noodles_vcf   ]     reset data/ + bug_reports/ (seeds + coverage_artifacts preserved — cumulative cascade)
[15:20:06] [noodles_vcf   ]     cmd: docker exec biotest-bench-setup python3.12 harness_run.py --mode E0 ...
[15:20:06] [noodles_vcf   ]     budget: 5400s (container)
[16:41:30] [noodles_vcf   ]     rep 1 exit=0 elapsed=4883s
[16:41:53] [noodles_vcf   ]     -> line=36.30% covered=2750/7584 status=ok seeds_after={'vcf_total': 172, 'vcf_kept': 129, 'vcf_synthetic': 10, 'sam_total': 74, 'sam_kept': 0, 'sam_synthetic': 0}
[16:41:53] [noodles_vcf   ] --- rep 2 ---
[16:41:53] [noodles_vcf   ]     seeds entering rep: {'vcf_total': 172, 'vcf_kept': 129, 'vcf_synthetic': 10, 'sam_total': 74, 'sam_kept': 0, 'sam_synthetic': 0}
[16:41:55] [noodles_vcf   ]     reset data/ + bug_reports/ (seeds + coverage_artifacts preserved — cumulative cascade)
[16:41:55] [noodles_vcf   ]     cmd: docker exec biotest-bench-setup python3.12 harness_run.py --mode E0 ...
[16:41:55] [noodles_vcf   ]     budget: 5400s (container)
[18:08:34] [noodles_vcf   ]     rep 2 exit=0 elapsed=5199s
[18:09:07] [noodles_vcf   ]     -> line=37.50% covered=2843/7584 status=ok seeds_after={'vcf_total': 379, 'vcf_kept': 326, 'vcf_synthetic': 20, 'sam_total': 74, 'sam_kept': 0, 'sam_synthetic': 0}
[18:09:07] [noodles_vcf   ] === cascade complete (3 reps) ===
