[22:28:42] [htsjdk_vcf    ] === cascade start (host, max_iter=2) ===
[22:28:42] [htsjdk_vcf    ]     initial seeds: VCF=33  SAM=74
[22:28:42] [htsjdk_vcf    ] --- rep 0 ---
[22:28:42] [htsjdk_vcf    ]     seeds entering rep: {'vcf_total': 33, 'vcf_kept': 0, 'vcf_synthetic': 0, 'sam_total': 74, 'sam_kept': 0, 'sam_synthetic': 0}
[22:28:42] [htsjdk_vcf    ]     reset data/ + bug_reports/ + coverage_artifacts/ (seeds preserved — independent trials)
[22:28:42] [htsjdk_vcf    ]     cmd: python harness_run.py --mode E1S --config biotest_config.rep0.yaml --phase D,E
[22:28:42] [htsjdk_vcf    ]     budget: 5400s (host)
[23:54:38] [htsjdk_vcf    ]     rep 0 exit=0 elapsed=5156s
[23:54:41] [htsjdk_vcf    ]     -> line=32.90% covered=1223/3716 status=ok seeds_after={'vcf_total': 177, 'vcf_kept': 134, 'vcf_synthetic': 10, 'sam_total': 74, 'sam_kept': 0, 'sam_synthetic': 0}
[23:54:41] [htsjdk_vcf    ] --- rep 1 ---
[23:54:41] [htsjdk_vcf    ]     seeds entering rep: {'vcf_total': 177, 'vcf_kept': 134, 'vcf_synthetic': 10, 'sam_total': 74, 'sam_kept': 0, 'sam_synthetic': 0}
[23:54:42] [htsjdk_vcf    ]     reset data/ + bug_reports/ + coverage_artifacts/ (seeds preserved — independent trials)
[23:54:42] [htsjdk_vcf    ]     cmd: python harness_run.py --mode E1S --config biotest_config.rep1.yaml --phase D,E
[23:54:42] [htsjdk_vcf    ]     budget: 5400s (host)
[01:24:42] [htsjdk_vcf    ]     timeout after 5400s — terminating
[01:24:42] [htsjdk_vcf    ]     rep 1 exit=1 elapsed=5400s
[01:24:45] [htsjdk_vcf    ]     -> line=46.30% covered=1722/3716 status=ok seeds_after={'vcf_total': 393, 'vcf_kept': 345, 'vcf_synthetic': 15, 'sam_total': 74, 'sam_kept': 0, 'sam_synthetic': 0}
[01:24:45] [htsjdk_vcf    ] --- rep 2 ---
[01:24:45] [htsjdk_vcf    ]     seeds entering rep: {'vcf_total': 393, 'vcf_kept': 345, 'vcf_synthetic': 15, 'sam_total': 74, 'sam_kept': 0, 'sam_synthetic': 0}
[01:24:46] [htsjdk_vcf    ]     reset data/ + bug_reports/ + coverage_artifacts/ (seeds preserved — independent trials)
[01:24:46] [htsjdk_vcf    ]     cmd: python harness_run.py --mode E1S --config biotest_config.rep2.yaml --phase D,E
[01:24:46] [htsjdk_vcf    ]     budget: 5400s (host)
[02:54:46] [htsjdk_vcf    ]     timeout after 5400s — terminating
[02:54:46] [htsjdk_vcf    ]     rep 2 exit=1 elapsed=5400s
[02:54:49] [htsjdk_vcf    ]     -> line=46.60% covered=1732/3716 status=ok seeds_after={'vcf_total': 560, 'vcf_kept': 509, 'vcf_synthetic': 18, 'sam_total': 74, 'sam_kept': 0, 'sam_synthetic': 0}
[02:54:49] [htsjdk_vcf    ] --- rep 3 ---
[02:54:49] [htsjdk_vcf    ]     seeds entering rep: {'vcf_total': 560, 'vcf_kept': 509, 'vcf_synthetic': 18, 'sam_total': 74, 'sam_kept': 0, 'sam_synthetic': 0}
[02:54:53] [htsjdk_vcf    ]     reset data/ + bug_reports/ + coverage_artifacts/ (seeds preserved — independent trials)
[02:54:53] [htsjdk_vcf    ]     cmd: python harness_run.py --mode E1S --config biotest_config.rep3.yaml --phase D,E
[02:54:53] [htsjdk_vcf    ]     budget: 5400s (host)
[04:24:53] [htsjdk_vcf    ]     timeout after 5400s — terminating
[04:24:53] [htsjdk_vcf    ]     rep 3 exit=1 elapsed=5400s
[04:24:53] [htsjdk_vcf    ]     jacoco regen failed: Exception in thread "main" java.io.IOException: The process cannot access the file because another process has locked a portion of the file
	at java.base/java.io.FileInputStream.readBytes(Native Meth
[04:24:54] [htsjdk_vcf    ]     -> line=0.00% covered=0/3760 status=ok seeds_after={'vcf_total': 871, 'vcf_kept': 815, 'vcf_synthetic': 23, 'sam_total': 74, 'sam_kept': 0, 'sam_synthetic': 0}
[04:24:54] [htsjdk_vcf    ] === cascade complete (4 reps) ===
