[13:21:05] [htsjdk_sam    ] === cascade start (host, max_iter=2) ===
[13:21:05] [htsjdk_sam    ]     initial seeds: VCF=33  SAM=74
[13:21:05] [htsjdk_sam    ] --- rep 0 ---
[13:21:05] [htsjdk_sam    ]     seeds entering rep: {'vcf_total': 33, 'vcf_kept': 0, 'vcf_synthetic': 0, 'sam_total': 74, 'sam_kept': 0, 'sam_synthetic': 0}
[13:21:05] [htsjdk_sam    ]     reset data/ + bug_reports/ + coverage_artifacts/ (seeds preserved — independent trials)
[13:21:05] [htsjdk_sam    ]     cmd: python harness_run.py --mode E2 --config biotest_config.rep0.yaml --phase B,C,E
[13:21:05] [htsjdk_sam    ]     budget: 5400s (host)
[13:21:05] [htsjdk_sam    ]     env: BIOTEST_MULTISHOT_K=2  BIOTEST_AUTO_INVOKE_PUBLIC_METHODS=1 (refine round 4)
[14:51:05] [htsjdk_sam    ]     timeout after 5400s — terminating
[14:51:05] [htsjdk_sam    ]     rep 0 exit=1 elapsed=5400s
[14:51:10] [htsjdk_sam    ]     -> line=27.50% covered=1418/5154 status=ok seeds_after={'vcf_total': 33, 'vcf_kept': 0, 'vcf_synthetic': 0, 'sam_total': 74, 'sam_kept': 0, 'sam_synthetic': 0}
[14:51:10] [htsjdk_sam    ] --- rep 1 ---
[14:51:10] [htsjdk_sam    ]     seeds entering rep: {'vcf_total': 33, 'vcf_kept': 0, 'vcf_synthetic': 0, 'sam_total': 74, 'sam_kept': 0, 'sam_synthetic': 0}
[14:51:12] [htsjdk_sam    ]     reset data/ + bug_reports/ + coverage_artifacts/ (seeds preserved — independent trials)
[14:51:12] [htsjdk_sam    ]     cmd: python harness_run.py --mode E2 --config biotest_config.rep1.yaml --phase B,C,E
[14:51:12] [htsjdk_sam    ]     budget: 5400s (host)
[14:51:12] [htsjdk_sam    ]     env: BIOTEST_MULTISHOT_K=2  BIOTEST_AUTO_INVOKE_PUBLIC_METHODS=1 (refine round 4)
[16:21:12] [htsjdk_sam    ]     timeout after 5400s — terminating
[16:21:12] [htsjdk_sam    ]     rep 1 exit=1 elapsed=5400s
[16:21:15] [htsjdk_sam    ]     -> line=30.80% covered=1590/5154 status=ok seeds_after={'vcf_total': 33, 'vcf_kept': 0, 'vcf_synthetic': 0, 'sam_total': 74, 'sam_kept': 0, 'sam_synthetic': 0}
[16:21:15] [htsjdk_sam    ] --- rep 2 ---
[16:21:15] [htsjdk_sam    ]     seeds entering rep: {'vcf_total': 33, 'vcf_kept': 0, 'vcf_synthetic': 0, 'sam_total': 74, 'sam_kept': 0, 'sam_synthetic': 0}
[16:21:19] [htsjdk_sam    ]     reset data/ + bug_reports/ + coverage_artifacts/ (seeds preserved — independent trials)
[16:21:19] [htsjdk_sam    ]     cmd: python harness_run.py --mode E2 --config biotest_config.rep2.yaml --phase B,C,E
[16:21:19] [htsjdk_sam    ]     budget: 5400s (host)
[16:21:19] [htsjdk_sam    ]     env: BIOTEST_MULTISHOT_K=2  BIOTEST_AUTO_INVOKE_PUBLIC_METHODS=1 (refine round 4)
[17:51:19] [htsjdk_sam    ]     timeout after 5400s — terminating
[17:51:19] [htsjdk_sam    ]     rep 2 exit=1 elapsed=5400s
[17:51:24] [htsjdk_sam    ]     -> line=30.90% covered=1594/5154 status=ok seeds_after={'vcf_total': 33, 'vcf_kept': 0, 'vcf_synthetic': 0, 'sam_total': 74, 'sam_kept': 0, 'sam_synthetic': 0}
[17:51:24] [htsjdk_sam    ] --- rep 3 ---
[17:51:24] [htsjdk_sam    ]     seeds entering rep: {'vcf_total': 33, 'vcf_kept': 0, 'vcf_synthetic': 0, 'sam_total': 74, 'sam_kept': 0, 'sam_synthetic': 0}
[17:51:33] [htsjdk_sam    ]     reset data/ + bug_reports/ + coverage_artifacts/ (seeds preserved — independent trials)
[17:51:33] [htsjdk_sam    ]     cmd: python harness_run.py --mode E2 --config biotest_config.rep3.yaml --phase B,C,E
[17:51:33] [htsjdk_sam    ]     budget: 5400s (host)
[17:51:33] [htsjdk_sam    ]     env: BIOTEST_MULTISHOT_K=2  BIOTEST_AUTO_INVOKE_PUBLIC_METHODS=1 (refine round 4)
[19:21:33] [htsjdk_sam    ]     timeout after 5400s — terminating
[19:21:34] [htsjdk_sam    ]     rep 3 exit=1 elapsed=5400s
[19:21:36] [htsjdk_sam    ]     -> line=30.90% covered=1591/5154 status=ok seeds_after={'vcf_total': 33, 'vcf_kept': 0, 'vcf_synthetic': 0, 'sam_total': 74, 'sam_kept': 0, 'sam_synthetic': 0}
[19:21:36] [htsjdk_sam    ] === cascade complete (4 reps) ===
