[chain e3] starting at Mon May  4 14:16:22 CDT 2026 ‚Äî runs in parallel with v4b
[14:16:22] [chain e3] ===== chain E3 launch =====
[14:16:22] [chain e3] Phase 1: E3 main run for biopython_sam + seqan3_sam + vcfpy_vcf
[14:17:23] [chain e3] still waiting for SEQAN3_LOCK (60s) ‚Äî v4b's E0/E2 may be holding
[14:18:23] [chain e3] still waiting for SEQAN3_LOCK (120s) ‚Äî v4b's E0/E2 may be holding
[14:19:24] [chain e3] still waiting for SEQAN3_LOCK (180s) ‚Äî v4b's E0/E2 may be holding
[14:20:27] [chain e3] still waiting for SEQAN3_LOCK (240s) ‚Äî v4b's E0/E2 may be holding
[14:21:29] [chain e3] still waiting for SEQAN3_LOCK (300s) ‚Äî v4b's E0/E2 may be holding
[14:22:30] [chain e3] still waiting for SEQAN3_LOCK (360s) ‚Äî v4b's E0/E2 may be holding
[14:23:31] [chain e3] still waiting for SEQAN3_LOCK (420s) ‚Äî v4b's E0/E2 may be holding
[14:24:32] [chain e3] still waiting for SEQAN3_LOCK (480s) ‚Äî v4b's E0/E2 may be holding
[14:25:32] [chain e3] still waiting for SEQAN3_LOCK (540s) ‚Äî v4b's E0/E2 may be holding
[14:26:33] [chain e3] still waiting for SEQAN3_LOCK (600s) ‚Äî v4b's E0/E2 may be holding
[14:27:34] [chain e3] still waiting for SEQAN3_LOCK (660s) ‚Äî v4b's E0/E2 may be holding
[14:28:34] [chain e3] still waiting for SEQAN3_LOCK (720s) ‚Äî v4b's E0/E2 may be holding
[14:29:36] [chain e3] still waiting for SEQAN3_LOCK (780s) ‚Äî v4b's E0/E2 may be holding
[14:30:38] [chain e3] still waiting for SEQAN3_LOCK (840s) ‚Äî v4b's E0/E2 may be holding
[14:31:39] [chain e3] still waiting for SEQAN3_LOCK (900s) ‚Äî v4b's E0/E2 may be holding
[14:32:40] [chain e3] still waiting for SEQAN3_LOCK (960s) ‚Äî v4b's E0/E2 may be holding
[14:33:40] [chain e3] still waiting for SEQAN3_LOCK (1020s) ‚Äî v4b's E0/E2 may be holding
[14:34:41] [chain e3] still waiting for SEQAN3_LOCK (1080s) ‚Äî v4b's E0/E2 may be holding
[14:35:42] [chain e3] still waiting for SEQAN3_LOCK (1140s) ‚Äî v4b's E0/E2 may be holding
[14:36:42] [chain e3] still waiting for SEQAN3_LOCK (1200s) ‚Äî v4b's E0/E2 may be holding
[14:37:43] [chain e3] still waiting for SEQAN3_LOCK (1260s) ‚Äî v4b's E0/E2 may be holding
[14:38:44] [chain e3] still waiting for SEQAN3_LOCK (1320s) ‚Äî v4b's E0/E2 may be holding
[14:39:44] [chain e3] still waiting for SEQAN3_LOCK (1380s) ‚Äî v4b's E0/E2 may be holding
[14:40:45] [chain e3] still waiting for SEQAN3_LOCK (1440s) ‚Äî v4b's E0/E2 may be holding
[14:41:46] [chain e3] still waiting for SEQAN3_LOCK (1500s) ‚Äî v4b's E0/E2 may be holding
[14:42:46] [chain e3] still waiting for SEQAN3_LOCK (1560s) ‚Äî v4b's E0/E2 may be holding
[14:43:47] [chain e3] still waiting for SEQAN3_LOCK (1620s) ‚Äî v4b's E0/E2 may be holding
[14:44:48] [chain e3] still waiting for SEQAN3_LOCK (1680s) ‚Äî v4b's E0/E2 may be holding
[14:45:50] [chain e3] still waiting for SEQAN3_LOCK (1740s) ‚Äî v4b's E0/E2 may be holding
[14:46:51] [chain e3] still waiting for SEQAN3_LOCK (1800s) ‚Äî v4b's E0/E2 may be holding
[14:47:51] [chain e3] still waiting for SEQAN3_LOCK (1860s) ‚Äî v4b's E0/E2 may be holding
[14:48:52] [chain e3] still waiting for SEQAN3_LOCK (1920s) ‚Äî v4b's E0/E2 may be holding
[14:49:53] [chain e3] still waiting for SEQAN3_LOCK (1980s) ‚Äî v4b's E0/E2 may be holding
[14:50:53] [chain e3] still waiting for SEQAN3_LOCK (2040s) ‚Äî v4b's E0/E2 may be holding
[14:51:54] [chain e3] still waiting for SEQAN3_LOCK (2100s) ‚Äî v4b's E0/E2 may be holding
[14:52:55] [chain e3] still waiting for SEQAN3_LOCK (2160s) ‚Äî v4b's E0/E2 may be holding
[14:53:56] [chain e3] still waiting for SEQAN3_LOCK (2220s) ‚Äî v4b's E0/E2 may be holding
[14:54:56] [chain e3] still waiting for SEQAN3_LOCK (2280s) ‚Äî v4b's E0/E2 may be holding
[14:55:57] [chain e3] still waiting for SEQAN3_LOCK (2340s) ‚Äî v4b's E0/E2 may be holding
[14:56:58] [chain e3] still waiting for SEQAN3_LOCK (2400s) ‚Äî v4b's E0/E2 may be holding
[14:57:59] [chain e3] still waiting for SEQAN3_LOCK (2460s) ‚Äî v4b's E0/E2 may be holding
[14:58:59] [chain e3] still waiting for SEQAN3_LOCK (2520s) ‚Äî v4b's E0/E2 may be holding
[15:00:00] [chain e3] still waiting for SEQAN3_LOCK (2580s) ‚Äî v4b's E0/E2 may be holding
[15:01:01] [chain e3] still waiting for SEQAN3_LOCK (2640s) ‚Äî v4b's E0/E2 may be holding
[15:02:02] [chain e3] still waiting for SEQAN3_LOCK (2700s) ‚Äî v4b's E0/E2 may be holding
[15:03:02] [chain e3] still waiting for SEQAN3_LOCK (2760s) ‚Äî v4b's E0/E2 may be holding
[15:04:03] [chain e3] still waiting for SEQAN3_LOCK (2820s) ‚Äî v4b's E0/E2 may be holding
[15:05:04] [chain e3] still waiting for SEQAN3_LOCK (2880s) ‚Äî v4b's E0/E2 may be holding
[15:06:04] [chain e3] still waiting for SEQAN3_LOCK (2940s) ‚Äî v4b's E0/E2 may be holding
[15:07:05] [chain e3] still waiting for SEQAN3_LOCK (3000s) ‚Äî v4b's E0/E2 may be holding
[15:08:06] [chain e3] still waiting for SEQAN3_LOCK (3060s) ‚Äî v4b's E0/E2 may be holding
[15:09:06] [chain e3] still waiting for SEQAN3_LOCK (3120s) ‚Äî v4b's E0/E2 may be holding
[15:10:08] [chain e3] still waiting for SEQAN3_LOCK (3180s) ‚Äî v4b's E0/E2 may be holding
[15:11:09] [chain e3] still waiting for SEQAN3_LOCK (3240s) ‚Äî v4b's E0/E2 may be holding
[15:12:10] [chain e3] still waiting for SEQAN3_LOCK (3300s) ‚Äî v4b's E0/E2 may be holding
[15:13:11] [chain e3] still waiting for SEQAN3_LOCK (3360s) ‚Äî v4b's E0/E2 may be holding
[15:14:11] [chain e3] still waiting for SEQAN3_LOCK (3420s) ‚Äî v4b's E0/E2 may be holding
[15:15:12] [chain e3] still waiting for SEQAN3_LOCK (3480s) ‚Äî v4b's E0/E2 may be holding
[15:16:13] [chain e3] still waiting for SEQAN3_LOCK (3540s) ‚Äî v4b's E0/E2 may be holding
[15:17:13] [chain e3] still waiting for SEQAN3_LOCK (3600s) ‚Äî v4b's E0/E2 may be holding
[15:18:14] [chain e3] still waiting for SEQAN3_LOCK (3660s) ‚Äî v4b's E0/E2 may be holding
[15:19:15] [chain e3] still waiting for SEQAN3_LOCK (3720s) ‚Äî v4b's E0/E2 may be holding
[15:20:16] [chain e3] still waiting for SEQAN3_LOCK (3780s) ‚Äî v4b's E0/E2 may be holding
[15:21:16] [chain e3] still waiting for SEQAN3_LOCK (3840s) ‚Äî v4b's E0/E2 may be holding
[15:22:17] [chain e3] still waiting for SEQAN3_LOCK (3900s) ‚Äî v4b's E0/E2 may be holding
[15:23:18] [chain e3] still waiting for SEQAN3_LOCK (3960s) ‚Äî v4b's E0/E2 may be holding
[15:24:20] [chain e3] still waiting for SEQAN3_LOCK (4020s) ‚Äî v4b's E0/E2 may be holding
[15:25:21] [chain e3] still waiting for SEQAN3_LOCK (4080s) ‚Äî v4b's E0/E2 may be holding
[15:26:22] [chain e3] still waiting for SEQAN3_LOCK (4140s) ‚Äî v4b's E0/E2 may be holding
[15:27:22] [chain e3] still waiting for SEQAN3_LOCK (4200s) ‚Äî v4b's E0/E2 may be holding
[15:28:23] [chain e3] still waiting for SEQAN3_LOCK (4260s) ‚Äî v4b's E0/E2 may be holding
[15:29:24] [chain e3] still waiting for SEQAN3_LOCK (4320s) ‚Äî v4b's E0/E2 may be holding
[15:30:25] [chain e3] still waiting for SEQAN3_LOCK (4380s) ‚Äî v4b's E0/E2 may be holding
[15:31:25] [chain e3] still waiting for SEQAN3_LOCK (4440s) ‚Äî v4b's E0/E2 may be holding
[15:32:26] [chain e3] still waiting for SEQAN3_LOCK (4500s) ‚Äî v4b's E0/E2 may be holding
[15:33:27] [chain e3] still waiting for SEQAN3_LOCK (4560s) ‚Äî v4b's E0/E2 may be holding
[15:34:28] [chain e3] still waiting for SEQAN3_LOCK (4620s) ‚Äî v4b's E0/E2 may be holding
[15:35:29] [chain e3] still waiting for SEQAN3_LOCK (4680s) ‚Äî v4b's E0/E2 may be holding
[15:36:29] [chain e3] still waiting for SEQAN3_LOCK (4740s) ‚Äî v4b's E0/E2 may be holding
[15:37:30] [chain e3] still waiting for SEQAN3_LOCK (4800s) ‚Äî v4b's E0/E2 may be holding
[15:38:31] [chain e3] still waiting for SEQAN3_LOCK (4860s) ‚Äî v4b's E0/E2 may be holding
[15:39:33] [chain e3] still waiting for SEQAN3_LOCK (4920s) ‚Äî v4b's E0/E2 may be holding
[15:40:34] [chain e3] still waiting for SEQAN3_LOCK (4980s) ‚Äî v4b's E0/E2 may be holding
[15:41:34] [chain e3] still waiting for SEQAN3_LOCK (5040s) ‚Äî v4b's E0/E2 may be holding
[15:42:35] [chain e3] still waiting for SEQAN3_LOCK (5100s) ‚Äî v4b's E0/E2 may be holding
[15:43:36] [chain e3] still waiting for SEQAN3_LOCK (5160s) ‚Äî v4b's E0/E2 may be holding
[15:44:37] [chain e3] still waiting for SEQAN3_LOCK (5220s) ‚Äî v4b's E0/E2 may be holding
[15:45:37] [chain e3] still waiting for SEQAN3_LOCK (5280s) ‚Äî v4b's E0/E2 may be holding
[15:46:38] [chain e3] still waiting for SEQAN3_LOCK (5340s) ‚Äî v4b's E0/E2 may be holding
[15:47:39] [chain e3] still waiting for SEQAN3_LOCK (5400s) ‚Äî v4b's E0/E2 may be holding
[15:48:39] [chain e3] still waiting for SEQAN3_LOCK (5460s) ‚Äî v4b's E0/E2 may be holding
[15:49:40] [chain e3] still waiting for SEQAN3_LOCK (5520s) ‚Äî v4b's E0/E2 may be holding
[15:50:41] [chain e3] still waiting for SEQAN3_LOCK (5580s) ‚Äî v4b's E0/E2 may be holding
[15:51:41] [chain e3] still waiting for SEQAN3_LOCK (5640s) ‚Äî v4b's E0/E2 may be holding
[15:52:42] [chain e3] still waiting for SEQAN3_LOCK (5700s) ‚Äî v4b's E0/E2 may be holding
[15:53:43] [chain e3] still waiting for SEQAN3_LOCK (5760s) ‚Äî v4b's E0/E2 may be holding
[15:54:44] [chain e3] still waiting for SEQAN3_LOCK (5820s) ‚Äî v4b's E0/E2 may be holding
[15:55:45] [chain e3] still waiting for SEQAN3_LOCK (5880s) ‚Äî v4b's E0/E2 may be holding
[15:56:45] [chain e3] still waiting for SEQAN3_LOCK (5940s) ‚Äî v4b's E0/E2 may be holding
[15:57:46] [chain e3] still waiting for SEQAN3_LOCK (6000s) ‚Äî v4b's E0/E2 may be holding
[15:58:47] [chain e3] still waiting for SEQAN3_LOCK (6060s) ‚Äî v4b's E0/E2 may be holding
[15:59:47] [chain e3] still waiting for SEQAN3_LOCK (6120s) ‚Äî v4b's E0/E2 may be holding
[16:00:48] [chain e3] still waiting for SEQAN3_LOCK (6180s) ‚Äî v4b's E0/E2 may be holding
[16:01:49] [chain e3] still waiting for SEQAN3_LOCK (6240s) ‚Äî v4b's E0/E2 may be holding
[16:02:50] [chain e3] still waiting for SEQAN3_LOCK (6300s) ‚Äî v4b's E0/E2 may be holding
[16:03:50] [chain e3] still waiting for SEQAN3_LOCK (6360s) ‚Äî v4b's E0/E2 may be holding
[16:04:51] [chain e3] still waiting for SEQAN3_LOCK (6420s) ‚Äî v4b's E0/E2 may be holding
[16:05:52] [chain e3] still waiting for SEQAN3_LOCK (6480s) ‚Äî v4b's E0/E2 may be holding
[16:06:53] [chain e3] still waiting for SEQAN3_LOCK (6540s) ‚Äî v4b's E0/E2 may be holding
[16:07:53] [chain e3] still waiting for SEQAN3_LOCK (6600s) ‚Äî v4b's E0/E2 may be holding
[16:08:54] [chain e3] still waiting for SEQAN3_LOCK (6660s) ‚Äî v4b's E0/E2 may be holding
[16:09:55] [chain e3] still waiting for SEQAN3_LOCK (6720s) ‚Äî v4b's E0/E2 may be holding
[16:10:55] [chain e3] still waiting for SEQAN3_LOCK (6780s) ‚Äî v4b's E0/E2 may be holding
[16:11:56] [chain e3] still waiting for SEQAN3_LOCK (6840s) ‚Äî v4b's E0/E2 may be holding
[16:12:57] [chain e3] still waiting for SEQAN3_LOCK (6900s) ‚Äî v4b's E0/E2 may be holding
[16:13:57] [chain e3] still waiting for SEQAN3_LOCK (6960s) ‚Äî v4b's E0/E2 may be holding
[16:14:58] [chain e3] still waiting for SEQAN3_LOCK (7020s) ‚Äî v4b's E0/E2 may be holding
[16:15:59] [chain e3] still waiting for SEQAN3_LOCK (7080s) ‚Äî v4b's E0/E2 may be holding
[16:16:59] [chain e3] still waiting for SEQAN3_LOCK (7140s) ‚Äî v4b's E0/E2 may be holding
[16:18:00] [chain e3] still waiting for SEQAN3_LOCK (7200s) ‚Äî v4b's E0/E2 may be holding
[16:19:01] [chain e3] still waiting for SEQAN3_LOCK (7260s) ‚Äî v4b's E0/E2 may be holding
[16:20:02] [chain e3] still waiting for SEQAN3_LOCK (7320s) ‚Äî v4b's E0/E2 may be holding
[16:21:03] [chain e3] still waiting for SEQAN3_LOCK (7380s) ‚Äî v4b's E0/E2 may be holding
[16:22:03] [chain e3] still waiting for SEQAN3_LOCK (7440s) ‚Äî v4b's E0/E2 may be holding
[16:23:04] [chain e3] still waiting for SEQAN3_LOCK (7500s) ‚Äî v4b's E0/E2 may be holding
[16:24:05] [chain e3] still waiting for SEQAN3_LOCK (7560s) ‚Äî v4b's E0/E2 may be holding
[16:25:05] [chain e3] still waiting for SEQAN3_LOCK (7620s) ‚Äî v4b's E0/E2 may be holding
[16:26:06] [chain e3] still waiting for SEQAN3_LOCK (7680s) ‚Äî v4b's E0/E2 may be holding
[16:27:07] [chain e3] still waiting for SEQAN3_LOCK (7740s) ‚Äî v4b's E0/E2 may be holding
[16:28:08] [chain e3] still waiting for SEQAN3_LOCK (7800s) ‚Äî v4b's E0/E2 may be holding
[16:29:09] [chain e3] still waiting for SEQAN3_LOCK (7860s) ‚Äî v4b's E0/E2 may be holding
[16:30:11] [chain e3] still waiting for SEQAN3_LOCK (7920s) ‚Äî v4b's E0/E2 may be holding
[16:31:12] [chain e3] still waiting for SEQAN3_LOCK (7980s) ‚Äî v4b's E0/E2 may be holding
[16:32:13] [chain e3] still waiting for SEQAN3_LOCK (8040s) ‚Äî v4b's E0/E2 may be holding
[16:33:13] [chain e3] still waiting for SEQAN3_LOCK (8100s) ‚Äî v4b's E0/E2 may be holding
[16:34:14] [chain e3] still waiting for SEQAN3_LOCK (8160s) ‚Äî v4b's E0/E2 may be holding
[16:35:15] [chain e3] still waiting for SEQAN3_LOCK (8220s) ‚Äî v4b's E0/E2 may be holding
[16:36:15] [chain e3] still waiting for SEQAN3_LOCK (8280s) ‚Äî v4b's E0/E2 may be holding
[16:37:16] [chain e3] still waiting for SEQAN3_LOCK (8340s) ‚Äî v4b's E0/E2 may be holding
[16:38:17] [chain e3] still waiting for SEQAN3_LOCK (8400s) ‚Äî v4b's E0/E2 may be holding
[16:39:18] [chain e3] still waiting for SEQAN3_LOCK (8460s) ‚Äî v4b's E0/E2 may be holding
[16:40:23] [chain e3] still waiting for SEQAN3_LOCK (8520s) ‚Äî v4b's E0/E2 may be holding
[16:41:25] [chain e3] still waiting for SEQAN3_LOCK (8580s) ‚Äî v4b's E0/E2 may be holding
[16:42:26] [chain e3] still waiting for SEQAN3_LOCK (8640s) ‚Äî v4b's E0/E2 may be holding
[16:43:27] [chain e3] still waiting for SEQAN3_LOCK (8700s) ‚Äî v4b's E0/E2 may be holding
[16:44:29] [chain e3] still waiting for SEQAN3_LOCK (8760s) ‚Äî v4b's E0/E2 may be holding
[16:45:29] [chain e3] still waiting for SEQAN3_LOCK (8820s) ‚Äî v4b's E0/E2 may be holding
[16:46:30] [chain e3] still waiting for SEQAN3_LOCK (8880s) ‚Äî v4b's E0/E2 may be holding
[16:47:31] [chain e3] still waiting for SEQAN3_LOCK (8940s) ‚Äî v4b's E0/E2 may be holding
[16:48:31] [chain e3] still waiting for SEQAN3_LOCK (9000s) ‚Äî v4b's E0/E2 may be holding
[16:49:32] [chain e3] still waiting for SEQAN3_LOCK (9060s) ‚Äî v4b's E0/E2 may be holding
[16:50:33] [chain e3] still waiting for SEQAN3_LOCK (9120s) ‚Äî v4b's E0/E2 may be holding
[16:51:34] [chain e3] still waiting for SEQAN3_LOCK (9180s) ‚Äî v4b's E0/E2 may be holding
[16:52:35] [chain e3] still waiting for SEQAN3_LOCK (9240s) ‚Äî v4b's E0/E2 may be holding
[16:53:36] [chain e3] still waiting for SEQAN3_LOCK (9300s) ‚Äî v4b's E0/E2 may be holding
[16:54:37] [chain e3] still waiting for SEQAN3_LOCK (9360s) ‚Äî v4b's E0/E2 may be holding
[16:55:37] [chain e3] still waiting for SEQAN3_LOCK (9420s) ‚Äî v4b's E0/E2 may be holding
[16:56:38] [chain e3] still waiting for SEQAN3_LOCK (9480s) ‚Äî v4b's E0/E2 may be holding
[16:57:39] [chain e3] still waiting for SEQAN3_LOCK (9540s) ‚Äî v4b's E0/E2 may be holding
[16:58:42] [chain e3] still waiting for SEQAN3_LOCK (9600s) ‚Äî v4b's E0/E2 may be holding
[16:59:42] [chain e3] still waiting for SEQAN3_LOCK (9660s) ‚Äî v4b's E0/E2 may be holding
[17:00:43] [chain e3] still waiting for SEQAN3_LOCK (9720s) ‚Äî v4b's E0/E2 may be holding
[17:01:44] [chain e3] still waiting for SEQAN3_LOCK (9780s) ‚Äî v4b's E0/E2 may be holding
[17:02:46] [chain e3] still waiting for SEQAN3_LOCK (9840s) ‚Äî v4b's E0/E2 may be holding
[17:03:47] [chain e3] still waiting for SEQAN3_LOCK (9900s) ‚Äî v4b's E0/E2 may be holding
[17:04:48] [chain e3] still waiting for SEQAN3_LOCK (9960s) ‚Äî v4b's E0/E2 may be holding
[17:05:48] [chain e3] still waiting for SEQAN3_LOCK (10020s) ‚Äî v4b's E0/E2 may be holding
[17:06:49] [chain e3] still waiting for SEQAN3_LOCK (10080s) ‚Äî v4b's E0/E2 may be holding
[17:07:49] [chain e3] still waiting for SEQAN3_LOCK (10140s) ‚Äî v4b's E0/E2 may be holding
[17:08:50] [chain e3] still waiting for SEQAN3_LOCK (10200s) ‚Äî v4b's E0/E2 may be holding
[17:09:51] [chain e3] still waiting for SEQAN3_LOCK (10260s) ‚Äî v4b's E0/E2 may be holding
[17:10:52] [chain e3] still waiting for SEQAN3_LOCK (10320s) ‚Äî v4b's E0/E2 may be holding
[17:11:53] [chain e3] still waiting for SEQAN3_LOCK (10380s) ‚Äî v4b's E0/E2 may be holding
[17:12:55] [chain e3] still waiting for SEQAN3_LOCK (10440s) ‚Äî v4b's E0/E2 may be holding
[17:13:55] [chain e3] still waiting for SEQAN3_LOCK (10500s) ‚Äî v4b's E0/E2 may be holding
[17:14:56] [chain e3] still waiting for SEQAN3_LOCK (10560s) ‚Äî v4b's E0/E2 may be holding
[17:15:57] [chain e3] still waiting for SEQAN3_LOCK (10620s) ‚Äî v4b's E0/E2 may be holding
[17:16:58] [chain e3] still waiting for SEQAN3_LOCK (10680s) ‚Äî v4b's E0/E2 may be holding
[17:17:59] [chain e3] still waiting for SEQAN3_LOCK (10740s) ‚Äî v4b's E0/E2 may be holding
[17:18:59] [chain e3] still waiting for SEQAN3_LOCK (10800s) ‚Äî v4b's E0/E2 may be holding
[17:20:00] [chain e3] still waiting for SEQAN3_LOCK (10860s) ‚Äî v4b's E0/E2 may be holding
[17:21:01] [chain e3] still waiting for SEQAN3_LOCK (10920s) ‚Äî v4b's E0/E2 may be holding
[17:22:01] [chain e3] still waiting for SEQAN3_LOCK (10980s) ‚Äî v4b's E0/E2 may be holding
[17:23:02] [chain e3] still waiting for SEQAN3_LOCK (11040s) ‚Äî v4b's E0/E2 may be holding
[17:24:03] [chain e3] still waiting for SEQAN3_LOCK (11100s) ‚Äî v4b's E0/E2 may be holding
[17:25:03] [chain e3] still waiting for SEQAN3_LOCK (11160s) ‚Äî v4b's E0/E2 may be holding
[17:26:04] [chain e3] still waiting for SEQAN3_LOCK (11220s) ‚Äî v4b's E0/E2 may be holding
[17:27:05] [chain e3] still waiting for SEQAN3_LOCK (11280s) ‚Äî v4b's E0/E2 may be holding
[17:28:05] [chain e3] still waiting for SEQAN3_LOCK (11340s) ‚Äî v4b's E0/E2 may be holding
[17:29:06] [chain e3] still waiting for SEQAN3_LOCK (11400s) ‚Äî v4b's E0/E2 may be holding
[17:30:07] [chain e3] still waiting for SEQAN3_LOCK (11460s) ‚Äî v4b's E0/E2 may be holding
[17:31:07] [chain e3] still waiting for SEQAN3_LOCK (11520s) ‚Äî v4b's E0/E2 may be holding
[17:32:08] [chain e3] still waiting for SEQAN3_LOCK (11580s) ‚Äî v4b's E0/E2 may be holding
[17:33:09] [chain e3] still waiting for SEQAN3_LOCK (11640s) ‚Äî v4b's E0/E2 may be holding
[17:34:09] [chain e3] still waiting for SEQAN3_LOCK (11700s) ‚Äî v4b's E0/E2 may be holding
[17:35:10] [chain e3] still waiting for SEQAN3_LOCK (11760s) ‚Äî v4b's E0/E2 may be holding
[17:36:10] [chain e3] still waiting for SEQAN3_LOCK (11820s) ‚Äî v4b's E0/E2 may be holding
[17:37:11] [chain e3] still waiting for SEQAN3_LOCK (11880s) ‚Äî v4b's E0/E2 may be holding
[17:38:12] [chain e3] still waiting for SEQAN3_LOCK (11940s) ‚Äî v4b's E0/E2 may be holding
[17:39:13] [chain e3] still waiting for SEQAN3_LOCK (12000s) ‚Äî v4b's E0/E2 may be holding
[17:40:13] [chain e3] still waiting for SEQAN3_LOCK (12060s) ‚Äî v4b's E0/E2 may be holding
[17:41:14] [chain e3] still waiting for SEQAN3_LOCK (12120s) ‚Äî v4b's E0/E2 may be holding
[17:42:15] [chain e3] still waiting for SEQAN3_LOCK (12180s) ‚Äî v4b's E0/E2 may be holding
[17:43:15] [chain e3] still waiting for SEQAN3_LOCK (12240s) ‚Äî v4b's E0/E2 may be holding
[17:44:16] [chain e3] still waiting for SEQAN3_LOCK (12300s) ‚Äî v4b's E0/E2 may be holding
[17:45:17] [chain e3] still waiting for SEQAN3_LOCK (12360s) ‚Äî v4b's E0/E2 may be holding
[17:46:17] [chain e3] still waiting for SEQAN3_LOCK (12420s) ‚Äî v4b's E0/E2 may be holding
[17:47:18] [chain e3] still waiting for SEQAN3_LOCK (12480s) ‚Äî v4b's E0/E2 may be holding
[17:48:19] [chain e3] still waiting for SEQAN3_LOCK (12540s) ‚Äî v4b's E0/E2 may be holding
[17:49:19] [chain e3] still waiting for SEQAN3_LOCK (12600s) ‚Äî v4b's E0/E2 may be holding
[17:50:20] [chain e3] still waiting for SEQAN3_LOCK (12660s) ‚Äî v4b's E0/E2 may be holding
[17:51:21] [chain e3] still waiting for SEQAN3_LOCK (12720s) ‚Äî v4b's E0/E2 may be holding
[17:52:21] [chain e3] still waiting for SEQAN3_LOCK (12780s) ‚Äî v4b's E0/E2 may be holding
[17:53:22] [chain e3] still waiting for SEQAN3_LOCK (12840s) ‚Äî v4b's E0/E2 may be holding
[17:54:23] [chain e3] still waiting for SEQAN3_LOCK (12900s) ‚Äî v4b's E0/E2 may be holding
[17:55:23] [chain e3] still waiting for SEQAN3_LOCK (12960s) ‚Äî v4b's E0/E2 may be holding
[17:56:24] [chain e3] still waiting for SEQAN3_LOCK (13020s) ‚Äî v4b's E0/E2 may be holding
[17:57:25] [chain e3] still waiting for SEQAN3_LOCK (13080s) ‚Äî v4b's E0/E2 may be holding
[17:58:25] [chain e3] still waiting for SEQAN3_LOCK (13140s) ‚Äî v4b's E0/E2 may be holding
[17:59:26] [chain e3] still waiting for SEQAN3_LOCK (13200s) ‚Äî v4b's E0/E2 may be holding
[18:00:27] [chain e3] still waiting for SEQAN3_LOCK (13260s) ‚Äî v4b's E0/E2 may be holding
[18:01:27] [chain e3] still waiting for SEQAN3_LOCK (13320s) ‚Äî v4b's E0/E2 may be holding
[18:02:28] [chain e3] still waiting for SEQAN3_LOCK (13380s) ‚Äî v4b's E0/E2 may be holding
[18:03:29] [chain e3] still waiting for SEQAN3_LOCK (13440s) ‚Äî v4b's E0/E2 may be holding
[18:04:29] [chain e3] still waiting for SEQAN3_LOCK (13500s) ‚Äî v4b's E0/E2 may be holding
[18:05:30] [chain e3] still waiting for SEQAN3_LOCK (13560s) ‚Äî v4b's E0/E2 may be holding
[18:06:31] [chain e3] still waiting for SEQAN3_LOCK (13620s) ‚Äî v4b's E0/E2 may be holding
[18:07:31] [chain e3] still waiting for SEQAN3_LOCK (13680s) ‚Äî v4b's E0/E2 may be holding
[18:08:32] [chain e3] still waiting for SEQAN3_LOCK (13740s) ‚Äî v4b's E0/E2 may be holding
[18:09:33] [chain e3] still waiting for SEQAN3_LOCK (13800s) ‚Äî v4b's E0/E2 may be holding
[18:10:33] [chain e3] still waiting for SEQAN3_LOCK (13860s) ‚Äî v4b's E0/E2 may be holding
[18:11:34] [chain e3] still waiting for SEQAN3_LOCK (13920s) ‚Äî v4b's E0/E2 may be holding
[18:12:35] [chain e3] still waiting for SEQAN3_LOCK (13980s) ‚Äî v4b's E0/E2 may be holding
[18:13:35] [chain e3] still waiting for SEQAN3_LOCK (14040s) ‚Äî v4b's E0/E2 may be holding
[18:14:36] [chain e3] still waiting for SEQAN3_LOCK (14100s) ‚Äî v4b's E0/E2 may be holding
[18:15:37] [chain e3] still waiting for SEQAN3_LOCK (14160s) ‚Äî v4b's E0/E2 may be holding
[18:16:37] [chain e3] still waiting for SEQAN3_LOCK (14220s) ‚Äî v4b's E0/E2 may be holding
[18:17:38] [chain e3] still waiting for SEQAN3_LOCK (14280s) ‚Äî v4b's E0/E2 may be holding
[18:18:39] [chain e3] still waiting for SEQAN3_LOCK (14340s) ‚Äî v4b's E0/E2 may be holding
[18:19:39] [chain e3] still waiting for SEQAN3_LOCK (14400s) ‚Äî v4b's E0/E2 may be holding
[18:20:40] [chain e3] still waiting for SEQAN3_LOCK (14460s) ‚Äî v4b's E0/E2 may be holding
[18:21:41] [chain e3] still waiting for SEQAN3_LOCK (14520s) ‚Äî v4b's E0/E2 may be holding
[18:22:41] [chain e3] still waiting for SEQAN3_LOCK (14580s) ‚Äî v4b's E0/E2 may be holding
[18:23:42] [chain e3] still waiting for SEQAN3_LOCK (14640s) ‚Äî v4b's E0/E2 may be holding
[18:24:43] [chain e3] still waiting for SEQAN3_LOCK (14700s) ‚Äî v4b's E0/E2 may be holding
[18:25:43] [chain e3] still waiting for SEQAN3_LOCK (14760s) ‚Äî v4b's E0/E2 may be holding
[18:26:44] [chain e3] still waiting for SEQAN3_LOCK (14820s) ‚Äî v4b's E0/E2 may be holding
[18:27:45] [chain e3] still waiting for SEQAN3_LOCK (14880s) ‚Äî v4b's E0/E2 may be holding
[18:28:45] [chain e3] still waiting for SEQAN3_LOCK (14940s) ‚Äî v4b's E0/E2 may be holding
[18:29:46] [chain e3] still waiting for SEQAN3_LOCK (15000s) ‚Äî v4b's E0/E2 may be holding
[18:30:47] [chain e3] still waiting for SEQAN3_LOCK (15060s) ‚Äî v4b's E0/E2 may be holding
[18:31:47] [chain e3] still waiting for SEQAN3_LOCK (15120s) ‚Äî v4b's E0/E2 may be holding
[18:32:48] [chain e3] still waiting for SEQAN3_LOCK (15180s) ‚Äî v4b's E0/E2 may be holding
[18:33:49] [chain e3] still waiting for SEQAN3_LOCK (15240s) ‚Äî v4b's E0/E2 may be holding
[18:34:49] [chain e3] still waiting for SEQAN3_LOCK (15300s) ‚Äî v4b's E0/E2 may be holding
[18:35:50] [chain e3] still waiting for SEQAN3_LOCK (15360s) ‚Äî v4b's E0/E2 may be holding
[18:36:51] [chain e3] still waiting for SEQAN3_LOCK (15420s) ‚Äî v4b's E0/E2 may be holding
[18:37:51] [chain e3] still waiting for SEQAN3_LOCK (15480s) ‚Äî v4b's E0/E2 may be holding
[18:38:52] [chain e3] still waiting for SEQAN3_LOCK (15540s) ‚Äî v4b's E0/E2 may be holding
[18:39:53] [chain e3] still waiting for SEQAN3_LOCK (15600s) ‚Äî v4b's E0/E2 may be holding
[18:40:53] [chain e3] still waiting for SEQAN3_LOCK (15660s) ‚Äî v4b's E0/E2 may be holding
[18:41:54] [chain e3] still waiting for SEQAN3_LOCK (15720s) ‚Äî v4b's E0/E2 may be holding
[18:42:55] [chain e3] still waiting for SEQAN3_LOCK (15780s) ‚Äî v4b's E0/E2 may be holding
[18:43:55] [chain e3] still waiting for SEQAN3_LOCK (15840s) ‚Äî v4b's E0/E2 may be holding
[18:44:56] [chain e3] still waiting for SEQAN3_LOCK (15900s) ‚Äî v4b's E0/E2 may be holding
[18:45:56] [chain e3] still waiting for SEQAN3_LOCK (15960s) ‚Äî v4b's E0/E2 may be holding
[18:46:57] [chain e3] still waiting for SEQAN3_LOCK (16020s) ‚Äî v4b's E0/E2 may be holding
[18:47:58] [chain e3] still waiting for SEQAN3_LOCK (16080s) ‚Äî v4b's E0/E2 may be holding
[18:48:59] [chain e3] still waiting for SEQAN3_LOCK (16140s) ‚Äî v4b's E0/E2 may be holding
[18:49:59] [chain e3] still waiting for SEQAN3_LOCK (16200s) ‚Äî v4b's E0/E2 may be holding
[18:51:00] [chain e3] still waiting for SEQAN3_LOCK (16260s) ‚Äî v4b's E0/E2 may be holding
[18:52:01] [chain e3] still waiting for SEQAN3_LOCK (16320s) ‚Äî v4b's E0/E2 may be holding
[18:53:01] [chain e3] still waiting for SEQAN3_LOCK (16380s) ‚Äî v4b's E0/E2 may be holding
[18:54:02] [chain e3] still waiting for SEQAN3_LOCK (16440s) ‚Äî v4b's E0/E2 may be holding
[18:55:02] [chain e3] still waiting for SEQAN3_LOCK (16500s) ‚Äî v4b's E0/E2 may be holding
[18:56:03] [chain e3] still waiting for SEQAN3_LOCK (16560s) ‚Äî v4b's E0/E2 may be holding
[18:57:04] [chain e3] still waiting for SEQAN3_LOCK (16620s) ‚Äî v4b's E0/E2 may be holding
[18:58:04] [chain e3] still waiting for SEQAN3_LOCK (16680s) ‚Äî v4b's E0/E2 may be holding
[18:59:05] [chain e3] still waiting for SEQAN3_LOCK (16740s) ‚Äî v4b's E0/E2 may be holding
[19:00:06] [chain e3] still waiting for SEQAN3_LOCK (16800s) ‚Äî v4b's E0/E2 may be holding
[19:01:06] [chain e3] still waiting for SEQAN3_LOCK (16860s) ‚Äî v4b's E0/E2 may be holding
[19:02:07] [chain e3] still waiting for SEQAN3_LOCK (16920s) ‚Äî v4b's E0/E2 may be holding
[19:03:08] [chain e3] still waiting for SEQAN3_LOCK (16980s) ‚Äî v4b's E0/E2 may be holding
[19:04:09] [chain e3] still waiting for SEQAN3_LOCK (17040s) ‚Äî v4b's E0/E2 may be holding
[19:05:09] [chain e3] still waiting for SEQAN3_LOCK (17100s) ‚Äî v4b's E0/E2 may be holding
[19:06:10] [chain e3] still waiting for SEQAN3_LOCK (17160s) ‚Äî v4b's E0/E2 may be holding
[19:07:11] [chain e3] still waiting for SEQAN3_LOCK (17220s) ‚Äî v4b's E0/E2 may be holding
[19:08:11] [chain e3] still waiting for SEQAN3_LOCK (17280s) ‚Äî v4b's E0/E2 may be holding
[19:09:12] [chain e3] still waiting for SEQAN3_LOCK (17340s) ‚Äî v4b's E0/E2 may be holding
[19:10:13] [chain e3] still waiting for SEQAN3_LOCK (17400s) ‚Äî v4b's E0/E2 may be holding
[19:11:13] [chain e3] still waiting for SEQAN3_LOCK (17460s) ‚Äî v4b's E0/E2 may be holding
[19:12:14] [chain e3] still waiting for SEQAN3_LOCK (17520s) ‚Äî v4b's E0/E2 may be holding
[19:13:15] [chain e3] still waiting for SEQAN3_LOCK (17580s) ‚Äî v4b's E0/E2 may be holding
[19:14:15] [chain e3] still waiting for SEQAN3_LOCK (17640s) ‚Äî v4b's E0/E2 may be holding
[19:15:16] [chain e3] still waiting for SEQAN3_LOCK (17700s) ‚Äî v4b's E0/E2 may be holding
[19:16:16] [chain e3] still waiting for SEQAN3_LOCK (17760s) ‚Äî v4b's E0/E2 may be holding
[19:17:17] [chain e3] still waiting for SEQAN3_LOCK (17820s) ‚Äî v4b's E0/E2 may be holding
[19:18:18] [chain e3] still waiting for SEQAN3_LOCK (17880s) ‚Äî v4b's E0/E2 may be holding
[19:19:18] [chain e3] still waiting for SEQAN3_LOCK (17940s) ‚Äî v4b's E0/E2 may be holding
[19:20:19] [chain e3] still waiting for SEQAN3_LOCK (18000s) ‚Äî v4b's E0/E2 may be holding
[19:21:20] [chain e3] still waiting for SEQAN3_LOCK (18060s) ‚Äî v4b's E0/E2 may be holding
[19:22:21] [chain e3] still waiting for SEQAN3_LOCK (18120s) ‚Äî v4b's E0/E2 may be holding
[19:23:21] [chain e3] still waiting for SEQAN3_LOCK (18180s) ‚Äî v4b's E0/E2 may be holding
[19:24:22] [chain e3] still waiting for SEQAN3_LOCK (18240s) ‚Äî v4b's E0/E2 may be holding
[19:25:23] [chain e3] still waiting for SEQAN3_LOCK (18300s) ‚Äî v4b's E0/E2 may be holding
[19:26:23] [chain e3] still waiting for SEQAN3_LOCK (18360s) ‚Äî v4b's E0/E2 may be holding
[19:27:24] [chain e3] still waiting for SEQAN3_LOCK (18420s) ‚Äî v4b's E0/E2 may be holding
[19:28:25] [chain e3] still waiting for SEQAN3_LOCK (18480s) ‚Äî v4b's E0/E2 may be holding
[19:29:26] [chain e3] still waiting for SEQAN3_LOCK (18540s) ‚Äî v4b's E0/E2 may be holding
[19:30:26] [chain e3] still waiting for SEQAN3_LOCK (18600s) ‚Äî v4b's E0/E2 may be holding
[19:31:27] [chain e3] still waiting for SEQAN3_LOCK (18660s) ‚Äî v4b's E0/E2 may be holding
[19:32:28] [chain e3] still waiting for SEQAN3_LOCK (18720s) ‚Äî v4b's E0/E2 may be holding
[19:33:28] [chain e3] still waiting for SEQAN3_LOCK (18780s) ‚Äî v4b's E0/E2 may be holding
[19:34:29] [chain e3] still waiting for SEQAN3_LOCK (18840s) ‚Äî v4b's E0/E2 may be holding
[19:35:29] [chain e3] still waiting for SEQAN3_LOCK (18900s) ‚Äî v4b's E0/E2 may be holding
[19:36:30] [chain e3] still waiting for SEQAN3_LOCK (18960s) ‚Äî v4b's E0/E2 may be holding
[19:37:31] [chain e3] still waiting for SEQAN3_LOCK (19020s) ‚Äî v4b's E0/E2 may be holding
[19:38:31] [chain e3] still waiting for SEQAN3_LOCK (19080s) ‚Äî v4b's E0/E2 may be holding
[19:39:32] [chain e3] still waiting for SEQAN3_LOCK (19140s) ‚Äî v4b's E0/E2 may be holding
[19:40:33] [chain e3] still waiting for SEQAN3_LOCK (19200s) ‚Äî v4b's E0/E2 may be holding
[19:41:33] [chain e3] still waiting for SEQAN3_LOCK (19260s) ‚Äî v4b's E0/E2 may be holding
[19:42:34] [chain e3] still waiting for SEQAN3_LOCK (19320s) ‚Äî v4b's E0/E2 may be holding
[19:43:34] [chain e3] still waiting for SEQAN3_LOCK (19380s) ‚Äî v4b's E0/E2 may be holding
[19:44:35] [chain e3] still waiting for SEQAN3_LOCK (19440s) ‚Äî v4b's E0/E2 may be holding
[19:45:36] [chain e3] still waiting for SEQAN3_LOCK (19500s) ‚Äî v4b's E0/E2 may be holding
[19:46:36] [chain e3] still waiting for SEQAN3_LOCK (19560s) ‚Äî v4b's E0/E2 may be holding
[19:47:37] [chain e3] still waiting for SEQAN3_LOCK (19620s) ‚Äî v4b's E0/E2 may be holding
[19:48:38] [chain e3] still waiting for SEQAN3_LOCK (19680s) ‚Äî v4b's E0/E2 may be holding
[19:49:39] [chain e3] still waiting for SEQAN3_LOCK (19740s) ‚Äî v4b's E0/E2 may be holding
[19:50:39] [chain e3] still waiting for SEQAN3_LOCK (19800s) ‚Äî v4b's E0/E2 may be holding
[19:51:40] [chain e3] still waiting for SEQAN3_LOCK (19860s) ‚Äî v4b's E0/E2 may be holding
[19:52:40] [chain e3] still waiting for SEQAN3_LOCK (19920s) ‚Äî v4b's E0/E2 may be holding
[19:53:41] [chain e3] still waiting for SEQAN3_LOCK (19980s) ‚Äî v4b's E0/E2 may be holding
[19:54:42] [chain e3] still waiting for SEQAN3_LOCK (20040s) ‚Äî v4b's E0/E2 may be holding
[19:55:42] [chain e3] still waiting for SEQAN3_LOCK (20100s) ‚Äî v4b's E0/E2 may be holding
[19:56:43] [chain e3] still waiting for SEQAN3_LOCK (20160s) ‚Äî v4b's E0/E2 may be holding
[19:57:44] [chain e3] still waiting for SEQAN3_LOCK (20220s) ‚Äî v4b's E0/E2 may be holding
[19:58:44] [chain e3] still waiting for SEQAN3_LOCK (20280s) ‚Äî v4b's E0/E2 may be holding
[19:59:45] [chain e3] still waiting for SEQAN3_LOCK (20340s) ‚Äî v4b's E0/E2 may be holding
[20:00:45] [chain e3] still waiting for SEQAN3_LOCK (20400s) ‚Äî v4b's E0/E2 may be holding
[20:01:46] [chain e3] still waiting for SEQAN3_LOCK (20460s) ‚Äî v4b's E0/E2 may be holding
[20:02:47] [chain e3] still waiting for SEQAN3_LOCK (20520s) ‚Äî v4b's E0/E2 may be holding
[20:03:47] [chain e3] still waiting for SEQAN3_LOCK (20580s) ‚Äî v4b's E0/E2 may be holding
[20:04:48] [chain e3] still waiting for SEQAN3_LOCK (20640s) ‚Äî v4b's E0/E2 may be holding
[20:05:49] [chain e3] still waiting for SEQAN3_LOCK (20700s) ‚Äî v4b's E0/E2 may be holding
[20:06:50] [chain e3] still waiting for SEQAN3_LOCK (20760s) ‚Äî v4b's E0/E2 may be holding
[20:07:50] [chain e3] still waiting for SEQAN3_LOCK (20820s) ‚Äî v4b's E0/E2 may be holding
[20:08:51] [chain e3] still waiting for SEQAN3_LOCK (20880s) ‚Äî v4b's E0/E2 may be holding
[20:09:52] [chain e3] still waiting for SEQAN3_LOCK (20940s) ‚Äî v4b's E0/E2 may be holding
[20:10:52] [chain e3] still waiting for SEQAN3_LOCK (21000s) ‚Äî v4b's E0/E2 may be holding
[20:11:53] [chain e3] still waiting for SEQAN3_LOCK (21060s) ‚Äî v4b's E0/E2 may be holding
[20:12:54] [chain e3] still waiting for SEQAN3_LOCK (21120s) ‚Äî v4b's E0/E2 may be holding
[20:13:55] [chain e3] still waiting for SEQAN3_LOCK (21180s) ‚Äî v4b's E0/E2 may be holding
[20:14:55] [chain e3] still waiting for SEQAN3_LOCK (21240s) ‚Äî v4b's E0/E2 may be holding
[20:15:56] [chain e3] still waiting for SEQAN3_LOCK (21300s) ‚Äî v4b's E0/E2 may be holding
[20:16:57] [chain e3] still waiting for SEQAN3_LOCK (21360s) ‚Äî v4b's E0/E2 may be holding
[20:17:57] [chain e3] still waiting for SEQAN3_LOCK (21420s) ‚Äî v4b's E0/E2 may be holding
[20:18:58] [chain e3] still waiting for SEQAN3_LOCK (21480s) ‚Äî v4b's E0/E2 may be holding
[20:19:59] [chain e3] still waiting for SEQAN3_LOCK (21540s) ‚Äî v4b's E0/E2 may be holding
[20:20:59] [chain e3] still waiting for SEQAN3_LOCK (21600s) ‚Äî v4b's E0/E2 may be holding
[20:22:00] [chain e3] still waiting for SEQAN3_LOCK (21660s) ‚Äî v4b's E0/E2 may be holding
[20:23:01] [chain e3] still waiting for SEQAN3_LOCK (21720s) ‚Äî v4b's E0/E2 may be holding
[20:24:02] [chain e3] still waiting for SEQAN3_LOCK (21780s) ‚Äî v4b's E0/E2 may be holding
[20:25:02] [chain e3] still waiting for SEQAN3_LOCK (21840s) ‚Äî v4b's E0/E2 may be holding
[20:26:03] [chain e3] still waiting for SEQAN3_LOCK (21900s) ‚Äî v4b's E0/E2 may be holding
[20:27:04] [chain e3] still waiting for SEQAN3_LOCK (21960s) ‚Äî v4b's E0/E2 may be holding
[20:28:04] [chain e3] still waiting for SEQAN3_LOCK (22020s) ‚Äî v4b's E0/E2 may be holding
[20:29:05] [chain e3] still waiting for SEQAN3_LOCK (22080s) ‚Äî v4b's E0/E2 may be holding
[20:30:06] [chain e3] still waiting for SEQAN3_LOCK (22140s) ‚Äî v4b's E0/E2 may be holding
[20:31:06] [chain e3] still waiting for SEQAN3_LOCK (22200s) ‚Äî v4b's E0/E2 may be holding
[20:32:07] [chain e3] still waiting for SEQAN3_LOCK (22260s) ‚Äî v4b's E0/E2 may be holding
[20:33:08] [chain e3] still waiting for SEQAN3_LOCK (22320s) ‚Äî v4b's E0/E2 may be holding
[20:34:08] [chain e3] still waiting for SEQAN3_LOCK (22380s) ‚Äî v4b's E0/E2 may be holding
[20:35:09] [chain e3] still waiting for SEQAN3_LOCK (22440s) ‚Äî v4b's E0/E2 may be holding
[20:36:10] [chain e3] still waiting for SEQAN3_LOCK (22500s) ‚Äî v4b's E0/E2 may be holding
[20:37:11] [chain e3] still waiting for SEQAN3_LOCK (22560s) ‚Äî v4b's E0/E2 may be holding
[20:38:11] [chain e3] still waiting for SEQAN3_LOCK (22620s) ‚Äî v4b's E0/E2 may be holding
[20:39:12] [chain e3] still waiting for SEQAN3_LOCK (22680s) ‚Äî v4b's E0/E2 may be holding
[20:40:12] [chain e3] still waiting for SEQAN3_LOCK (22740s) ‚Äî v4b's E0/E2 may be holding
[20:41:13] [chain e3] still waiting for SEQAN3_LOCK (22800s) ‚Äî v4b's E0/E2 may be holding
[20:42:14] [chain e3] still waiting for SEQAN3_LOCK (22860s) ‚Äî v4b's E0/E2 may be holding
[20:43:14] [chain e3] still waiting for SEQAN3_LOCK (22920s) ‚Äî v4b's E0/E2 may be holding
[20:44:15] [chain e3] still waiting for SEQAN3_LOCK (22980s) ‚Äî v4b's E0/E2 may be holding
[20:45:16] [chain e3] still waiting for SEQAN3_LOCK (23040s) ‚Äî v4b's E0/E2 may be holding
[20:46:17] [chain e3] still waiting for SEQAN3_LOCK (23100s) ‚Äî v4b's E0/E2 may be holding
[20:47:17] [chain e3] still waiting for SEQAN3_LOCK (23160s) ‚Äî v4b's E0/E2 may be holding
[20:48:18] [chain e3] still waiting for SEQAN3_LOCK (23220s) ‚Äî v4b's E0/E2 may be holding
[20:49:19] [chain e3] still waiting for SEQAN3_LOCK (23280s) ‚Äî v4b's E0/E2 may be holding
[20:50:19] [chain e3] still waiting for SEQAN3_LOCK (23340s) ‚Äî v4b's E0/E2 may be holding
[20:51:20] [chain e3] still waiting for SEQAN3_LOCK (23400s) ‚Äî v4b's E0/E2 may be holding
[20:52:21] [chain e3] still waiting for SEQAN3_LOCK (23460s) ‚Äî v4b's E0/E2 may be holding
[20:53:21] [chain e3] still waiting for SEQAN3_LOCK (23520s) ‚Äî v4b's E0/E2 may be holding
[20:54:22] [chain e3] still waiting for SEQAN3_LOCK (23580s) ‚Äî v4b's E0/E2 may be holding
[20:55:23] [chain e3] still waiting for SEQAN3_LOCK (23640s) ‚Äî v4b's E0/E2 may be holding
[20:56:23] [chain e3] still waiting for SEQAN3_LOCK (23700s) ‚Äî v4b's E0/E2 may be holding
[20:57:24] [chain e3] still waiting for SEQAN3_LOCK (23760s) ‚Äî v4b's E0/E2 may be holding
[20:57:54] [chain e3] acquired SEQAN3_LOCK
[master] cells: ['vcfpy_vcf', 'biopython_sam', 'seqan3_sam']
[master] vcf_budget_s=5400  sam_budget_s=5400  reps=4
[setup] preparing container cov binaries...
[setup] container cov binaries ready
[master] launching 3 cells in parallel...
[master] cumulative=False
[20:57:59] [vcfpy_vcf     ] === cascade start (host, max_iter=2) ===
[20:57:59] [biopython_sam ] === cascade start (host, max_iter=2) ===
[20:57:59] [seqan3_sam    ] === cascade start (container, max_iter=2) ===
[20:58:00] [biopython_sam ]     initial seeds: VCF=33  SAM=74
[20:58:00] [biopython_sam ] --- rep 0 ---
[20:58:00] [seqan3_sam    ]     initial seeds: VCF=33  SAM=74
[20:58:00] [seqan3_sam    ] --- rep 0 ---
[20:58:00] [vcfpy_vcf     ]     initial seeds: VCF=33  SAM=74
[20:58:00] [vcfpy_vcf     ] --- rep 0 ---
[20:58:00] [biopython_sam ]     seeds entering rep: {'vcf_total': 33, 'vcf_kept': 0, 'vcf_synthetic': 0, 'sam_total': 74, 'sam_kept': 0, 'sam_synthetic': 0}
[20:58:00] [seqan3_sam    ]     seeds entering rep: {'vcf_total': 33, 'vcf_kept': 0, 'vcf_synthetic': 0, 'sam_total': 74, 'sam_kept': 0, 'sam_synthetic': 0}
[20:58:00] [vcfpy_vcf     ]     seeds entering rep: {'vcf_total': 33, 'vcf_kept': 0, 'vcf_synthetic': 0, 'sam_total': 74, 'sam_kept': 0, 'sam_synthetic': 0}
[20:58:00] [biopython_sam ]     reset data/ + bug_reports/ + coverage_artifacts/ (seeds preserved ó independent trials)
[20:58:00] [seqan3_sam    ]     reset data/ + bug_reports/ + coverage_artifacts/ (seeds preserved ó independent trials)
[20:58:00] [vcfpy_vcf     ]     reset data/ + bug_reports/ + coverage_artifacts/ (seeds preserved ó independent trials)
[20:58:00] [biopython_sam ]     cmd: python harness_run.py --mode E3 --config biotest_config.rep0.yaml --phase B,C,E
[20:58:00] [biopython_sam ]     budget: 5400s (host)
[20:58:00] [biopython_sam ]     env: BIOTEST_MULTISHOT_K=2  BIOTEST_AUTO_INVOKE_PUBLIC_METHODS=1 (refine round 4)
[20:58:00] [vcfpy_vcf     ]     cmd: python harness_run.py --mode E3 --config biotest_config.rep0.yaml --phase B,C,E
[20:58:00] [vcfpy_vcf     ]     budget: 5400s (host)
[20:58:00] [seqan3_sam    ]     env (container): BIOTEST_MULTISHOT_K=2 (refine round 4)
[20:58:00] [seqan3_sam    ]     cmd: docker exec biotest-bench-setup python3.12 harness_run.py --mode E3 ...
[20:58:00] [seqan3_sam    ]     budget: 5400s (container)
[21:04:32] [biopython_sam ]     rep 0 exit=1 elapsed=392s
[21:04:33] [biopython_sam ]     -> line=3.00% covered=18/598 status=ok seeds_after={'vcf_total': 33, 'vcf_kept': 0, 'vcf_synthetic': 0, 'sam_total': 74, 'sam_kept': 0, 'sam_synthetic': 0}
[21:04:33] [biopython_sam ] --- rep 1 ---
[21:04:33] [biopython_sam ]     seeds entering rep: {'vcf_total': 33, 'vcf_kept': 0, 'vcf_synthetic': 0, 'sam_total': 74, 'sam_kept': 0, 'sam_synthetic': 0}
[21:04:33] [biopython_sam ]     reset data/ + bug_reports/ + coverage_artifacts/ (seeds preserved ó independent trials)
[21:04:33] [biopython_sam ]     cmd: python harness_run.py --mode E3 --config biotest_config.rep1.yaml --phase B,C,E
[21:04:33] [biopython_sam ]     budget: 5400s (host)
[21:04:33] [biopython_sam ]     env: BIOTEST_MULTISHOT_K=2  BIOTEST_AUTO_INVOKE_PUBLIC_METHODS=1 (refine round 4)
[21:06:34] [vcfpy_vcf     ]     rep 0 exit=1 elapsed=514s
[21:06:34] [vcfpy_vcf     ]     -> line=31.90% covered=375/1176 status=ok seeds_after={'vcf_total': 33, 'vcf_kept': 0, 'vcf_synthetic': 0, 'sam_total': 74, 'sam_kept': 0, 'sam_synthetic': 0}
[21:06:34] [vcfpy_vcf     ] --- rep 1 ---
[21:06:34] [vcfpy_vcf     ]     seeds entering rep: {'vcf_total': 33, 'vcf_kept': 0, 'vcf_synthetic': 0, 'sam_total': 74, 'sam_kept': 0, 'sam_synthetic': 0}
[21:06:34] [vcfpy_vcf     ]     reset data/ + bug_reports/ + coverage_artifacts/ (seeds preserved ó independent trials)
[21:06:34] [vcfpy_vcf     ]     cmd: python harness_run.py --mode E3 --config biotest_config.rep1.yaml --phase B,C,E
[21:06:34] [vcfpy_vcf     ]     budget: 5400s (host)
[21:10:20] [biopython_sam ]     rep 1 exit=1 elapsed=347s
[21:10:20] [biopython_sam ]     -> line=3.00% covered=18/598 status=ok seeds_after={'vcf_total': 33, 'vcf_kept': 0, 'vcf_synthetic': 0, 'sam_total': 74, 'sam_kept': 0, 'sam_synthetic': 0}
[21:10:20] [biopython_sam ] --- rep 2 ---
[21:10:20] [biopython_sam ]     seeds entering rep: {'vcf_total': 33, 'vcf_kept': 0, 'vcf_synthetic': 0, 'sam_total': 74, 'sam_kept': 0, 'sam_synthetic': 0}
[21:10:21] [biopython_sam ]     reset data/ + bug_reports/ + coverage_artifacts/ (seeds preserved ó independent trials)
[21:10:21] [biopython_sam ]     cmd: python harness_run.py --mode E3 --config biotest_config.rep2.yaml --phase B,C,E
[21:10:21] [biopython_sam ]     budget: 5400s (host)
[21:10:21] [biopython_sam ]     env: BIOTEST_MULTISHOT_K=2  BIOTEST_AUTO_INVOKE_PUBLIC_METHODS=1 (refine round 4)
[21:15:07] [biopython_sam ]     rep 2 exit=1 elapsed=287s
[21:15:08] [biopython_sam ]     -> line=3.00% covered=18/598 status=ok seeds_after={'vcf_total': 33, 'vcf_kept': 0, 'vcf_synthetic': 0, 'sam_total': 74, 'sam_kept': 0, 'sam_synthetic': 0}
[21:15:08] [biopython_sam ] --- rep 3 ---
[21:15:08] [biopython_sam ]     seeds entering rep: {'vcf_total': 33, 'vcf_kept': 0, 'vcf_synthetic': 0, 'sam_total': 74, 'sam_kept': 0, 'sam_synthetic': 0}
[21:15:08] [biopython_sam ]     reset data/ + bug_reports/ + coverage_artifacts/ (seeds preserved ó independent trials)
[21:15:08] [biopython_sam ]     cmd: python harness_run.py --mode E3 --config biotest_config.rep3.yaml --phase B,C,E
[21:15:08] [biopython_sam ]     budget: 5400s (host)
[21:15:08] [biopython_sam ]     env: BIOTEST_MULTISHOT_K=2  BIOTEST_AUTO_INVOKE_PUBLIC_METHODS=1 (refine round 4)
[21:21:21] [seqan3_sam    ]     rep 0 exit=0 elapsed=1402s
[21:21:27] [seqan3_sam    ]     -> line=93.20% covered=750/805 status=ok seeds_after={'vcf_total': 33, 'vcf_kept': 0, 'vcf_synthetic': 0, 'sam_total': 74, 'sam_kept': 0, 'sam_synthetic': 0}
[21:21:27] [seqan3_sam    ] --- rep 1 ---
[21:21:27] [seqan3_sam    ]     seeds entering rep: {'vcf_total': 33, 'vcf_kept': 0, 'vcf_synthetic': 0, 'sam_total': 74, 'sam_kept': 0, 'sam_synthetic': 0}
[21:21:35] [seqan3_sam    ]     reset data/ + bug_reports/ + coverage_artifacts/ (seeds preserved ó independent trials)
[21:21:35] [seqan3_sam    ]     env (container): BIOTEST_MULTISHOT_K=2 (refine round 4)
[21:21:35] [seqan3_sam    ]     cmd: docker exec biotest-bench-setup python3.12 harness_run.py --mode E3 ...
[21:21:35] [seqan3_sam    ]     budget: 5400s (container)
[21:37:51] [vcfpy_vcf     ]     rep 1 exit=0 elapsed=1877s
[21:37:52] [vcfpy_vcf     ]     -> line=70.50% covered=829/1176 status=ok seeds_after={'vcf_total': 33, 'vcf_kept': 0, 'vcf_synthetic': 0, 'sam_total': 74, 'sam_kept': 0, 'sam_synthetic': 0}
[21:37:52] [vcfpy_vcf     ] --- rep 2 ---
[21:37:52] [vcfpy_vcf     ]     seeds entering rep: {'vcf_total': 33, 'vcf_kept': 0, 'vcf_synthetic': 0, 'sam_total': 74, 'sam_kept': 0, 'sam_synthetic': 0}
[21:37:55] [vcfpy_vcf     ]     reset data/ + bug_reports/ + coverage_artifacts/ (seeds preserved ó independent trials)
[21:37:55] [vcfpy_vcf     ]     cmd: python harness_run.py --mode E3 --config biotest_config.rep2.yaml --phase B,C,E
[21:37:55] [vcfpy_vcf     ]     budget: 5400s (host)
[21:52:01] [biopython_sam ]     rep 3 exit=0 elapsed=2213s
[21:52:02] [biopython_sam ]     -> line=53.30% covered=319/598 status=ok seeds_after={'vcf_total': 33, 'vcf_kept': 0, 'vcf_synthetic': 0, 'sam_total': 74, 'sam_kept': 0, 'sam_synthetic': 0}
[21:52:02] [biopython_sam ] === cascade complete (4 reps) ===
[master] [biopython_sam] CASCADE OK
[21:55:51] [vcfpy_vcf     ]     rep 2 exit=0 elapsed=1076s
[21:55:52] [vcfpy_vcf     ]     -> line=63.00% covered=741/1176 status=ok seeds_after={'vcf_total': 33, 'vcf_kept': 0, 'vcf_synthetic': 0, 'sam_total': 74, 'sam_kept': 0, 'sam_synthetic': 0}
[21:55:52] [vcfpy_vcf     ] --- rep 3 ---
[21:55:52] [vcfpy_vcf     ]     seeds entering rep: {'vcf_total': 33, 'vcf_kept': 0, 'vcf_synthetic': 0, 'sam_total': 74, 'sam_kept': 0, 'sam_synthetic': 0}
[21:55:52] [vcfpy_vcf     ]     reset data/ + bug_reports/ + coverage_artifacts/ (seeds preserved ó independent trials)
[21:55:52] [vcfpy_vcf     ]     cmd: python harness_run.py --mode E3 --config biotest_config.rep3.yaml --phase B,C,E
[21:55:52] [vcfpy_vcf     ]     budget: 5400s (host)
[22:03:33] [vcfpy_vcf     ]     rep 3 exit=1 elapsed=460s
[22:03:34] [vcfpy_vcf     ]     -> line=31.90% covered=375/1176 status=ok seeds_after={'vcf_total': 33, 'vcf_kept': 0, 'vcf_synthetic': 0, 'sam_total': 74, 'sam_kept': 0, 'sam_synthetic': 0}
[22:03:34] [vcfpy_vcf     ] === cascade complete (4 reps) ===
[master] [vcfpy_vcf] CASCADE OK
[22:15:02] [seqan3_sam    ]     rep 1 exit=0 elapsed=3207s
[22:15:07] [seqan3_sam    ]     -> line=93.20% covered=750/805 status=ok seeds_after={'vcf_total': 33, 'vcf_kept': 0, 'vcf_synthetic': 0, 'sam_total': 74, 'sam_kept': 0, 'sam_synthetic': 0}
[22:15:07] [seqan3_sam    ] --- rep 2 ---
[22:15:07] [seqan3_sam    ]     seeds entering rep: {'vcf_total': 33, 'vcf_kept': 0, 'vcf_synthetic': 0, 'sam_total': 74, 'sam_kept': 0, 'sam_synthetic': 0}
[22:15:29] [seqan3_sam    ]     reset data/ + bug_reports/ + coverage_artifacts/ (seeds preserved ó independent trials)
[22:15:29] [seqan3_sam    ]     env (container): BIOTEST_MULTISHOT_K=2 (refine round 4)
[22:15:29] [seqan3_sam    ]     cmd: docker exec biotest-bench-setup python3.12 harness_run.py --mode E3 ...
[22:15:29] [seqan3_sam    ]     budget: 5400s (container)
[22:21:18] [seqan3_sam    ]     rep 2 exit=0 elapsed=349s
[22:21:22] [seqan3_sam    ]     -> line=0.00% covered=0/805 status=ok seeds_after={'vcf_total': 33, 'vcf_kept': 0, 'vcf_synthetic': 0, 'sam_total': 74, 'sam_kept': 0, 'sam_synthetic': 0}
[22:21:22] [seqan3_sam    ] --- rep 3 ---
[22:21:22] [seqan3_sam    ]     seeds entering rep: {'vcf_total': 33, 'vcf_kept': 0, 'vcf_synthetic': 0, 'sam_total': 74, 'sam_kept': 0, 'sam_synthetic': 0}
[22:21:22] [seqan3_sam    ]     reset data/ + bug_reports/ + coverage_artifacts/ (seeds preserved ó independent trials)
[22:21:22] [seqan3_sam    ]     env (container): BIOTEST_MULTISHOT_K=2 (refine round 4)
[22:21:22] [seqan3_sam    ]     cmd: docker exec biotest-bench-setup python3.12 harness_run.py --mode E3 ...
[22:21:22] [seqan3_sam    ]     budget: 5400s (container)
[22:27:32] [seqan3_sam    ]     rep 3 exit=0 elapsed=370s
[22:27:37] [seqan3_sam    ]     -> line=0.00% covered=0/805 status=ok seeds_after={'vcf_total': 33, 'vcf_kept': 0, 'vcf_synthetic': 0, 'sam_total': 74, 'sam_kept': 0, 'sam_synthetic': 0}
[22:27:37] [seqan3_sam    ] === cascade complete (4 reps) ===
[master] [seqan3_sam] CASCADE OK

[master] all cells complete in 89.6 min
[22:27:37] [chain e3] Phase 1 main run done rc=0 elapsed=89min
[22:27:37] [chain e3] released SEQAN3_LOCK
[22:27:37] [chain e3] Phase 2: E3-only failure detection + reruns (max 2 passes)
[22:27:37] [chain e3] pass 1: detected 3 failed cells: htsjdk_sam htsjdk_vcf noodles_vcf
[master] cells: ['htsjdk_vcf', 'noodles_vcf', 'htsjdk_sam']
[master] vcf_budget_s=5400  sam_budget_s=5400  reps=4
[setup] preparing container cov binaries...
[setup] container cov binaries ready
[master] launching 3 cells in parallel...
[master] cumulative=False
[22:27:40] [htsjdk_vcf    ] === cascade start (host, max_iter=2) ===
[22:27:40] [noodles_vcf   ] === cascade start (container, max_iter=2) ===
[22:27:40] [htsjdk_sam    ] === cascade start (host, max_iter=2) ===
[22:27:40] [noodles_vcf   ]     initial seeds: VCF=33  SAM=74
[22:27:40] [noodles_vcf   ] --- rep 0 ---
[22:27:40] [htsjdk_vcf    ]     initial seeds: VCF=33  SAM=74
[22:27:40] [htsjdk_vcf    ] --- rep 0 ---
[22:27:40] [htsjdk_sam    ]     initial seeds: VCF=33  SAM=74
[22:27:40] [htsjdk_sam    ] --- rep 0 ---
[22:27:40] [noodles_vcf   ]     seeds entering rep: {'vcf_total': 33, 'vcf_kept': 0, 'vcf_synthetic': 0, 'sam_total': 74, 'sam_kept': 0, 'sam_synthetic': 0}
[22:27:40] [htsjdk_vcf    ]     seeds entering rep: {'vcf_total': 33, 'vcf_kept': 0, 'vcf_synthetic': 0, 'sam_total': 74, 'sam_kept': 0, 'sam_synthetic': 0}
[22:27:40] [htsjdk_sam    ]     seeds entering rep: {'vcf_total': 33, 'vcf_kept': 0, 'vcf_synthetic': 0, 'sam_total': 74, 'sam_kept': 0, 'sam_synthetic': 0}
[22:27:40] [noodles_vcf   ]     reset data/ + bug_reports/ + coverage_artifacts/ (seeds preserved ó independent trials)
[22:27:40] [htsjdk_vcf    ]     reset data/ + bug_reports/ + coverage_artifacts/ (seeds preserved ó independent trials)
[22:27:40] [htsjdk_sam    ]     reset data/ + bug_reports/ + coverage_artifacts/ (seeds preserved ó independent trials)
[22:27:41] [htsjdk_vcf    ]     cmd: python harness_run.py --mode E3 --config biotest_config.rep0.yaml --phase B,C,E
[22:27:41] [htsjdk_vcf    ]     budget: 5400s (host)
[22:27:41] [noodles_vcf   ]     cmd: docker exec biotest-bench-setup python3.12 harness_run.py --mode E3 ...
[22:27:41] [noodles_vcf   ]     budget: 5400s (container)
[22:27:41] [htsjdk_sam    ]     cmd: python harness_run.py --mode E3 --config biotest_config.rep0.yaml --phase B,C,E
[22:27:41] [htsjdk_sam    ]     budget: 5400s (host)
[22:27:41] [htsjdk_sam    ]     env: BIOTEST_MULTISHOT_K=2  BIOTEST_AUTO_INVOKE_PUBLIC_METHODS=1 (refine round 4)
[22:33:32] [htsjdk_sam    ]     rep 0 exit=1 elapsed=351s
[22:33:32] [htsjdk_sam    ]     -> line=0.00% covered=0/0 status=missing seeds_after={'vcf_total': 33, 'vcf_kept': 0, 'vcf_synthetic': 0, 'sam_total': 74, 'sam_kept': 0, 'sam_synthetic': 0}
[22:33:32] [htsjdk_sam    ] --- rep 1 ---
[22:33:32] [htsjdk_sam    ]     seeds entering rep: {'vcf_total': 33, 'vcf_kept': 0, 'vcf_synthetic': 0, 'sam_total': 74, 'sam_kept': 0, 'sam_synthetic': 0}
[22:33:32] [htsjdk_sam    ]     reset data/ + bug_reports/ + coverage_artifacts/ (seeds preserved ó independent trials)
[22:33:32] [htsjdk_sam    ]     cmd: python harness_run.py --mode E3 --config biotest_config.rep1.yaml --phase B,C,E
[22:33:32] [htsjdk_sam    ]     budget: 5400s (host)
[22:33:32] [htsjdk_sam    ]     env: BIOTEST_MULTISHOT_K=2  BIOTEST_AUTO_INVOKE_PUBLIC_METHODS=1 (refine round 4)
[22:38:11] [htsjdk_vcf    ]     rep 0 exit=0 elapsed=631s
[22:38:14] [htsjdk_vcf    ]     -> line=36.90% covered=1388/3760 status=ok seeds_after={'vcf_total': 33, 'vcf_kept': 0, 'vcf_synthetic': 0, 'sam_total': 74, 'sam_kept': 0, 'sam_synthetic': 0}
[22:38:14] [htsjdk_vcf    ] --- rep 1 ---
[22:38:14] [htsjdk_vcf    ]     seeds entering rep: {'vcf_total': 33, 'vcf_kept': 0, 'vcf_synthetic': 0, 'sam_total': 74, 'sam_kept': 0, 'sam_synthetic': 0}
[22:38:14] [htsjdk_vcf    ]     reset data/ + bug_reports/ + coverage_artifacts/ (seeds preserved ó independent trials)
[22:38:14] [htsjdk_vcf    ]     cmd: python harness_run.py --mode E3 --config biotest_config.rep1.yaml --phase B,C,E
[22:38:14] [htsjdk_vcf    ]     budget: 5400s (host)
[22:39:24] [htsjdk_sam    ]     rep 1 exit=1 elapsed=352s
[22:39:24] [htsjdk_sam    ]     -> line=0.00% covered=0/0 status=missing seeds_after={'vcf_total': 33, 'vcf_kept': 0, 'vcf_synthetic': 0, 'sam_total': 74, 'sam_kept': 0, 'sam_synthetic': 0}
[22:39:24] [htsjdk_sam    ] --- rep 2 ---
[22:39:24] [htsjdk_sam    ]     seeds entering rep: {'vcf_total': 33, 'vcf_kept': 0, 'vcf_synthetic': 0, 'sam_total': 74, 'sam_kept': 0, 'sam_synthetic': 0}
[22:39:24] [htsjdk_sam    ]     reset data/ + bug_reports/ + coverage_artifacts/ (seeds preserved ó independent trials)
[22:39:24] [htsjdk_sam    ]     cmd: python harness_run.py --mode E3 --config biotest_config.rep2.yaml --phase B,C,E
[22:39:24] [htsjdk_sam    ]     budget: 5400s (host)
[22:39:24] [htsjdk_sam    ]     env: BIOTEST_MULTISHOT_K=2  BIOTEST_AUTO_INVOKE_PUBLIC_METHODS=1 (refine round 4)
[22:39:25] [noodles_vcf   ]     rep 0 exit=0 elapsed=704s
[22:39:29] [noodles_vcf   ]     -> line=33.10% covered=2512/7584 status=ok seeds_after={'vcf_total': 33, 'vcf_kept': 0, 'vcf_synthetic': 0, 'sam_total': 74, 'sam_kept': 0, 'sam_synthetic': 0}
[22:39:29] [noodles_vcf   ] --- rep 1 ---
[22:39:29] [noodles_vcf   ]     seeds entering rep: {'vcf_total': 33, 'vcf_kept': 0, 'vcf_synthetic': 0, 'sam_total': 74, 'sam_kept': 0, 'sam_synthetic': 0}
[22:39:30] [noodles_vcf   ]     reset data/ + bug_reports/ + coverage_artifacts/ (seeds preserved ó independent trials)
[22:39:31] [noodles_vcf   ]     cmd: docker exec biotest-bench-setup python3.12 harness_run.py --mode E3 ...
[22:39:31] [noodles_vcf   ]     budget: 5400s (container)
[22:45:11] [htsjdk_sam    ]     rep 2 exit=1 elapsed=346s
[22:45:11] [htsjdk_sam    ]     -> line=0.00% covered=0/0 status=missing seeds_after={'vcf_total': 33, 'vcf_kept': 0, 'vcf_synthetic': 0, 'sam_total': 74, 'sam_kept': 0, 'sam_synthetic': 0}
[22:45:11] [htsjdk_sam    ] --- rep 3 ---
[22:45:11] [htsjdk_sam    ]     seeds entering rep: {'vcf_total': 33, 'vcf_kept': 0, 'vcf_synthetic': 0, 'sam_total': 74, 'sam_kept': 0, 'sam_synthetic': 0}
[22:45:11] [htsjdk_sam    ]     reset data/ + bug_reports/ + coverage_artifacts/ (seeds preserved ó independent trials)
[22:45:11] [htsjdk_sam    ]     cmd: python harness_run.py --mode E3 --config biotest_config.rep3.yaml --phase B,C,E
[22:45:11] [htsjdk_sam    ]     budget: 5400s (host)
[22:45:11] [htsjdk_sam    ]     env: BIOTEST_MULTISHOT_K=2  BIOTEST_AUTO_INVOKE_PUBLIC_METHODS=1 (refine round 4)
[22:45:34] [htsjdk_vcf    ]     rep 1 exit=1 elapsed=440s
[22:45:34] [htsjdk_vcf    ]     -> line=0.00% covered=0/0 status=missing seeds_after={'vcf_total': 33, 'vcf_kept': 0, 'vcf_synthetic': 0, 'sam_total': 74, 'sam_kept': 0, 'sam_synthetic': 0}
[22:45:34] [htsjdk_vcf    ] --- rep 2 ---
[22:45:34] [htsjdk_vcf    ]     seeds entering rep: {'vcf_total': 33, 'vcf_kept': 0, 'vcf_synthetic': 0, 'sam_total': 74, 'sam_kept': 0, 'sam_synthetic': 0}
[22:45:34] [htsjdk_vcf    ]     reset data/ + bug_reports/ + coverage_artifacts/ (seeds preserved ó independent trials)
[22:45:34] [htsjdk_vcf    ]     cmd: python harness_run.py --mode E3 --config biotest_config.rep2.yaml --phase B,C,E
[22:45:34] [htsjdk_vcf    ]     budget: 5400s (host)
[22:49:57] [htsjdk_sam    ]     rep 3 exit=1 elapsed=287s
[22:49:57] [htsjdk_sam    ]     -> line=0.00% covered=0/0 status=missing seeds_after={'vcf_total': 33, 'vcf_kept': 0, 'vcf_synthetic': 0, 'sam_total': 74, 'sam_kept': 0, 'sam_synthetic': 0}
[22:49:57] [htsjdk_sam    ] === cascade complete (4 reps) ===
[master] [htsjdk_sam] CASCADE OK
[22:50:22] [noodles_vcf   ]     rep 1 exit=0 elapsed=652s
[22:50:26] [noodles_vcf   ]     -> line=15.10% covered=1145/7584 status=ok seeds_after={'vcf_total': 33, 'vcf_kept': 0, 'vcf_synthetic': 0, 'sam_total': 74, 'sam_kept': 0, 'sam_synthetic': 0}
[22:50:26] [noodles_vcf   ] --- rep 2 ---
[22:50:26] [noodles_vcf   ]     seeds entering rep: {'vcf_total': 33, 'vcf_kept': 0, 'vcf_synthetic': 0, 'sam_total': 74, 'sam_kept': 0, 'sam_synthetic': 0}
[22:50:26] [noodles_vcf   ]     reset data/ + bug_reports/ + coverage_artifacts/ (seeds preserved ó independent trials)
[22:50:26] [noodles_vcf   ]     cmd: docker exec biotest-bench-setup python3.12 harness_run.py --mode E3 ...
[22:50:26] [noodles_vcf   ]     budget: 5400s (container)
[22:53:47] [htsjdk_vcf    ]     rep 2 exit=1 elapsed=493s
[22:53:47] [htsjdk_vcf    ]     -> line=0.00% covered=0/0 status=missing seeds_after={'vcf_total': 33, 'vcf_kept': 0, 'vcf_synthetic': 0, 'sam_total': 74, 'sam_kept': 0, 'sam_synthetic': 0}
[22:53:47] [htsjdk_vcf    ] --- rep 3 ---
[22:53:47] [htsjdk_vcf    ]     seeds entering rep: {'vcf_total': 33, 'vcf_kept': 0, 'vcf_synthetic': 0, 'sam_total': 74, 'sam_kept': 0, 'sam_synthetic': 0}
[22:53:47] [htsjdk_vcf    ]     reset data/ + bug_reports/ + coverage_artifacts/ (seeds preserved ó independent trials)
[22:53:47] [htsjdk_vcf    ]     cmd: python harness_run.py --mode E3 --config biotest_config.rep3.yaml --phase B,C,E
[22:53:47] [htsjdk_vcf    ]     budget: 5400s (host)
[22:59:29] [noodles_vcf   ]     rep 2 exit=0 elapsed=543s
[22:59:29] [noodles_vcf   ]     llvm-cov regen failed: 
[22:59:29] [noodles_vcf   ]     -> line=0.00% covered=0/0 status=missing seeds_after={'vcf_total': 33, 'vcf_kept': 0, 'vcf_synthetic': 0, 'sam_total': 74, 'sam_kept': 0, 'sam_synthetic': 0}
[22:59:29] [noodles_vcf   ] --- rep 3 ---
[22:59:29] [noodles_vcf   ]     seeds entering rep: {'vcf_total': 33, 'vcf_kept': 0, 'vcf_synthetic': 0, 'sam_total': 74, 'sam_kept': 0, 'sam_synthetic': 0}
[22:59:29] [noodles_vcf   ]     reset data/ + bug_reports/ + coverage_artifacts/ (seeds preserved ó independent trials)
[22:59:29] [noodles_vcf   ]     cmd: docker exec biotest-bench-setup python3.12 harness_run.py --mode E3 ...
[22:59:29] [noodles_vcf   ]     budget: 5400s (container)
[22:59:50] [htsjdk_vcf    ]     rep 3 exit=1 elapsed=363s
[22:59:50] [htsjdk_vcf    ]     -> line=0.00% covered=0/0 status=missing seeds_after={'vcf_total': 33, 'vcf_kept': 0, 'vcf_synthetic': 0, 'sam_total': 74, 'sam_kept': 0, 'sam_synthetic': 0}
[22:59:50] [htsjdk_vcf    ] === cascade complete (4 reps) ===
[master] [htsjdk_vcf] CASCADE OK
[23:08:43] [noodles_vcf   ]     rep 3 exit=0 elapsed=553s
[23:08:46] [noodles_vcf   ]     -> line=33.70% covered=2555/7584 status=ok seeds_after={'vcf_total': 33, 'vcf_kept': 0, 'vcf_synthetic': 0, 'sam_total': 74, 'sam_kept': 0, 'sam_synthetic': 0}
[23:08:46] [noodles_vcf   ] === cascade complete (4 reps) ===
[master] [noodles_vcf] CASCADE OK

[master] all cells complete in 41.1 min
[23:08:47] [chain e3] pass 1 rerun done rc=0 elapsed=41min
[23:08:47] [chain e3] pass 2: detected 3 failed cells: htsjdk_sam htsjdk_vcf noodles_vcf
[23:08:47] [chain e3] nuking C:/Users/miaot/Github/BioTest/compares/ApplicationStudy/E3_no_a_no_d/results_4rep/htsjdk_sam
[23:08:47] [chain e3] nuking C:/Users/miaot/Github/BioTest/compares/ApplicationStudy/E3_no_a_no_d/results_4rep/htsjdk_vcf
[23:08:48] [chain e3] nuking C:/Users/miaot/Github/BioTest/compares/ApplicationStudy/E3_no_a_no_d/results_4rep/noodles_vcf
[master] cells: ['htsjdk_vcf', 'noodles_vcf', 'htsjdk_sam']
[master] vcf_budget_s=5400  sam_budget_s=5400  reps=4
[setup] preparing container cov binaries...
[setup] container cov binaries ready
[master] launching 3 cells in parallel...
[master] cumulative=False
[23:08:51] [htsjdk_vcf    ] === cascade start (host, max_iter=2) ===
[23:08:51] [noodles_vcf   ] === cascade start (container, max_iter=2) ===
[23:08:51] [htsjdk_sam    ] === cascade start (host, max_iter=2) ===
[23:08:51] [htsjdk_vcf    ]     initial seeds: VCF=33  SAM=74
[23:08:51] [htsjdk_sam    ]     initial seeds: VCF=33  SAM=74
[23:08:51] [htsjdk_sam    ] --- rep 0 ---
[23:08:51] [noodles_vcf   ]     initial seeds: VCF=33  SAM=74
[23:08:51] [noodles_vcf   ] --- rep 0 ---
[23:08:51] [htsjdk_vcf    ] --- rep 0 ---
[23:08:51] [htsjdk_sam    ]     seeds entering rep: {'vcf_total': 33, 'vcf_kept': 0, 'vcf_synthetic': 0, 'sam_total': 74, 'sam_kept': 0, 'sam_synthetic': 0}
[23:08:51] [htsjdk_vcf    ]     seeds entering rep: {'vcf_total': 33, 'vcf_kept': 0, 'vcf_synthetic': 0, 'sam_total': 74, 'sam_kept': 0, 'sam_synthetic': 0}
[23:08:51] [noodles_vcf   ]     seeds entering rep: {'vcf_total': 33, 'vcf_kept': 0, 'vcf_synthetic': 0, 'sam_total': 74, 'sam_kept': 0, 'sam_synthetic': 0}
[23:08:51] [htsjdk_sam    ]     reset data/ + bug_reports/ + coverage_artifacts/ (seeds preserved ó independent trials)
[23:08:51] [htsjdk_vcf    ]     reset data/ + bug_reports/ + coverage_artifacts/ (seeds preserved ó independent trials)
[23:08:51] [noodles_vcf   ]     reset data/ + bug_reports/ + coverage_artifacts/ (seeds preserved ó independent trials)
[23:08:51] [htsjdk_sam    ]     cmd: python harness_run.py --mode E3 --config biotest_config.rep0.yaml --phase B,C,E
[23:08:51] [htsjdk_sam    ]     budget: 5400s (host)
[23:08:51] [htsjdk_sam    ]     env: BIOTEST_MULTISHOT_K=2  BIOTEST_AUTO_INVOKE_PUBLIC_METHODS=1 (refine round 4)
[23:08:51] [htsjdk_vcf    ]     cmd: python harness_run.py --mode E3 --config biotest_config.rep0.yaml --phase B,C,E
[23:08:51] [htsjdk_vcf    ]     budget: 5400s (host)
[23:08:51] [noodles_vcf   ]     cmd: docker exec biotest-bench-setup python3.12 harness_run.py --mode E3 ...
[23:08:51] [noodles_vcf   ]     budget: 5400s (container)
[23:14:16] [htsjdk_sam    ]     rep 0 exit=1 elapsed=325s
[23:14:16] [htsjdk_sam    ]     -> line=0.00% covered=0/0 status=missing seeds_after={'vcf_total': 33, 'vcf_kept': 0, 'vcf_synthetic': 0, 'sam_total': 74, 'sam_kept': 0, 'sam_synthetic': 0}
[23:14:16] [htsjdk_sam    ] --- rep 1 ---
[23:14:16] [htsjdk_sam    ]     seeds entering rep: {'vcf_total': 33, 'vcf_kept': 0, 'vcf_synthetic': 0, 'sam_total': 74, 'sam_kept': 0, 'sam_synthetic': 0}
[23:14:16] [htsjdk_sam    ]     reset data/ + bug_reports/ + coverage_artifacts/ (seeds preserved ó independent trials)
[23:14:16] [htsjdk_sam    ]     cmd: python harness_run.py --mode E3 --config biotest_config.rep1.yaml --phase B,C,E
[23:14:16] [htsjdk_sam    ]     budget: 5400s (host)
[23:14:16] [htsjdk_sam    ]     env: BIOTEST_MULTISHOT_K=2  BIOTEST_AUTO_INVOKE_PUBLIC_METHODS=1 (refine round 4)
[23:15:23] [htsjdk_vcf    ]     rep 0 exit=1 elapsed=392s
[23:15:23] [htsjdk_vcf    ]     -> line=0.00% covered=0/0 status=missing seeds_after={'vcf_total': 33, 'vcf_kept': 0, 'vcf_synthetic': 0, 'sam_total': 74, 'sam_kept': 0, 'sam_synthetic': 0}
[23:15:23] [htsjdk_vcf    ] --- rep 1 ---
[23:15:23] [htsjdk_vcf    ]     seeds entering rep: {'vcf_total': 33, 'vcf_kept': 0, 'vcf_synthetic': 0, 'sam_total': 74, 'sam_kept': 0, 'sam_synthetic': 0}
[23:15:23] [htsjdk_vcf    ]     reset data/ + bug_reports/ + coverage_artifacts/ (seeds preserved ó independent trials)
[23:15:23] [htsjdk_vcf    ]     cmd: python harness_run.py --mode E3 --config biotest_config.rep1.yaml --phase B,C,E
[23:15:23] [htsjdk_vcf    ]     budget: 5400s (host)
[23:21:52] [htsjdk_vcf    ]     rep 1 exit=1 elapsed=389s
[23:21:52] [htsjdk_vcf    ]     -> line=0.00% covered=0/0 status=missing seeds_after={'vcf_total': 33, 'vcf_kept': 0, 'vcf_synthetic': 0, 'sam_total': 74, 'sam_kept': 0, 'sam_synthetic': 0}
[23:21:52] [htsjdk_vcf    ] --- rep 2 ---
[23:21:52] [htsjdk_vcf    ]     seeds entering rep: {'vcf_total': 33, 'vcf_kept': 0, 'vcf_synthetic': 0, 'sam_total': 74, 'sam_kept': 0, 'sam_synthetic': 0}
[23:21:52] [htsjdk_vcf    ]     reset data/ + bug_reports/ + coverage_artifacts/ (seeds preserved ó independent trials)
[23:21:52] [htsjdk_vcf    ]     cmd: python harness_run.py --mode E3 --config biotest_config.rep2.yaml --phase B,C,E
[23:21:52] [htsjdk_vcf    ]     budget: 5400s (host)
[23:24:29] [noodles_vcf   ]     rep 0 exit=0 elapsed=937s
[23:24:34] [noodles_vcf   ]     -> line=35.10% covered=2659/7584 status=ok seeds_after={'vcf_total': 33, 'vcf_kept': 0, 'vcf_synthetic': 0, 'sam_total': 74, 'sam_kept': 0, 'sam_synthetic': 0}
[23:24:34] [noodles_vcf   ] --- rep 1 ---
[23:24:34] [noodles_vcf   ]     seeds entering rep: {'vcf_total': 33, 'vcf_kept': 0, 'vcf_synthetic': 0, 'sam_total': 74, 'sam_kept': 0, 'sam_synthetic': 0}
[23:24:36] [noodles_vcf   ]     reset data/ + bug_reports/ + coverage_artifacts/ (seeds preserved ó independent trials)
[23:24:36] [noodles_vcf   ]     cmd: docker exec biotest-bench-setup python3.12 harness_run.py --mode E3 ...
[23:24:36] [noodles_vcf   ]     budget: 5400s (container)
[23:35:25] [noodles_vcf   ]     rep 1 exit=0 elapsed=650s
[23:35:30] [noodles_vcf   ]     -> line=33.40% covered=2530/7584 status=ok seeds_after={'vcf_total': 33, 'vcf_kept': 0, 'vcf_synthetic': 0, 'sam_total': 74, 'sam_kept': 0, 'sam_synthetic': 0}
[23:35:30] [noodles_vcf   ] --- rep 2 ---
[23:35:30] [noodles_vcf   ]     seeds entering rep: {'vcf_total': 33, 'vcf_kept': 0, 'vcf_synthetic': 0, 'sam_total': 74, 'sam_kept': 0, 'sam_synthetic': 0}
[23:35:31] [noodles_vcf   ]     reset data/ + bug_reports/ + coverage_artifacts/ (seeds preserved ó independent trials)
[23:35:31] [noodles_vcf   ]     cmd: docker exec biotest-bench-setup python3.12 harness_run.py --mode E3 ...
[23:35:31] [noodles_vcf   ]     budget: 5400s (container)
[23:42:18] [htsjdk_vcf    ]     rep 2 exit=0 elapsed=1226s
[23:42:21] [htsjdk_vcf    ]     -> line=25.70% covered=965/3760 status=ok seeds_after={'vcf_total': 33, 'vcf_kept': 0, 'vcf_synthetic': 0, 'sam_total': 74, 'sam_kept': 0, 'sam_synthetic': 0}
[23:42:21] [htsjdk_vcf    ] --- rep 3 ---
[23:42:21] [htsjdk_vcf    ]     seeds entering rep: {'vcf_total': 33, 'vcf_kept': 0, 'vcf_synthetic': 0, 'sam_total': 74, 'sam_kept': 0, 'sam_synthetic': 0}
[23:42:21] [htsjdk_vcf    ]     reset data/ + bug_reports/ + coverage_artifacts/ (seeds preserved ó independent trials)
[23:42:21] [htsjdk_vcf    ]     cmd: python harness_run.py --mode E3 --config biotest_config.rep3.yaml --phase B,C,E
[23:42:21] [htsjdk_vcf    ]     budget: 5400s (host)
[23:43:03] [noodles_vcf   ]     rep 2 exit=0 elapsed=452s
[23:43:03] [noodles_vcf   ]     llvm-cov regen failed: 
[23:43:03] [noodles_vcf   ]     -> line=0.00% covered=0/0 status=missing seeds_after={'vcf_total': 33, 'vcf_kept': 0, 'vcf_synthetic': 0, 'sam_total': 74, 'sam_kept': 0, 'sam_synthetic': 0}
[23:43:03] [noodles_vcf   ] --- rep 3 ---
[23:43:03] [noodles_vcf   ]     seeds entering rep: {'vcf_total': 33, 'vcf_kept': 0, 'vcf_synthetic': 0, 'sam_total': 74, 'sam_kept': 0, 'sam_synthetic': 0}
[23:43:03] [noodles_vcf   ]     reset data/ + bug_reports/ + coverage_artifacts/ (seeds preserved ó independent trials)
[23:43:03] [noodles_vcf   ]     cmd: docker exec biotest-bench-setup python3.12 harness_run.py --mode E3 ...
[23:43:03] [noodles_vcf   ]     budget: 5400s (container)
[23:48:20] [noodles_vcf   ]     rep 3 exit=0 elapsed=317s
[23:48:21] [noodles_vcf   ]     llvm-cov regen failed: 
[23:48:21] [noodles_vcf   ]     -> line=0.00% covered=0/0 status=missing seeds_after={'vcf_total': 33, 'vcf_kept': 0, 'vcf_synthetic': 0, 'sam_total': 74, 'sam_kept': 0, 'sam_synthetic': 0}
[23:48:21] [noodles_vcf   ] === cascade complete (4 reps) ===
[master] [noodles_vcf] CASCADE OK
[23:48:50] [htsjdk_vcf    ]     rep 3 exit=1 elapsed=389s
[23:48:50] [htsjdk_vcf    ]     -> line=0.00% covered=0/0 status=missing seeds_after={'vcf_total': 33, 'vcf_kept': 0, 'vcf_synthetic': 0, 'sam_total': 74, 'sam_kept': 0, 'sam_synthetic': 0}
[23:48:50] [htsjdk_vcf    ] === cascade complete (4 reps) ===
[master] [htsjdk_vcf] CASCADE OK
[23:52:26] [htsjdk_sam    ]     rep 1 exit=0 elapsed=2290s
[23:52:28] [htsjdk_sam    ]     -> line=30.40% covered=1580/5200 status=ok seeds_after={'vcf_total': 33, 'vcf_kept': 0, 'vcf_synthetic': 0, 'sam_total': 74, 'sam_kept': 0, 'sam_synthetic': 0}
[23:52:28] [htsjdk_sam    ] --- rep 2 ---
[23:52:28] [htsjdk_sam    ]     seeds entering rep: {'vcf_total': 33, 'vcf_kept': 0, 'vcf_synthetic': 0, 'sam_total': 74, 'sam_kept': 0, 'sam_synthetic': 0}
[23:52:36] [htsjdk_sam    ]     reset data/ + bug_reports/ + coverage_artifacts/ (seeds preserved ó independent trials)
[23:52:36] [htsjdk_sam    ]     cmd: python harness_run.py --mode E3 --config biotest_config.rep2.yaml --phase B,C,E
[23:52:36] [htsjdk_sam    ]     budget: 5400s (host)
[23:52:36] [htsjdk_sam    ]     env: BIOTEST_MULTISHOT_K=2  BIOTEST_AUTO_INVOKE_PUBLIC_METHODS=1 (refine round 4)
[00:16:11] [htsjdk_sam    ]     rep 2 exit=0 elapsed=1415s
[00:16:13] [htsjdk_sam    ]     -> line=30.40% covered=1579/5200 status=ok seeds_after={'vcf_total': 33, 'vcf_kept': 0, 'vcf_synthetic': 0, 'sam_total': 74, 'sam_kept': 0, 'sam_synthetic': 0}
[00:16:13] [htsjdk_sam    ] --- rep 3 ---
[00:16:13] [htsjdk_sam    ]     seeds entering rep: {'vcf_total': 33, 'vcf_kept': 0, 'vcf_synthetic': 0, 'sam_total': 74, 'sam_kept': 0, 'sam_synthetic': 0}
[00:16:17] [htsjdk_sam    ]     reset data/ + bug_reports/ + coverage_artifacts/ (seeds preserved ó independent trials)
[00:16:17] [htsjdk_sam    ]     cmd: python harness_run.py --mode E3 --config biotest_config.rep3.yaml --phase B,C,E
[00:16:17] [htsjdk_sam    ]     budget: 5400s (host)
[00:16:17] [htsjdk_sam    ]     env: BIOTEST_MULTISHOT_K=2  BIOTEST_AUTO_INVOKE_PUBLIC_METHODS=1 (refine round 4)
[00:20:30] [htsjdk_sam    ]     rep 3 exit=1 elapsed=253s
[00:20:30] [htsjdk_sam    ]     -> line=0.00% covered=0/0 status=missing seeds_after={'vcf_total': 33, 'vcf_kept': 0, 'vcf_synthetic': 0, 'sam_total': 74, 'sam_kept': 0, 'sam_synthetic': 0}
[00:20:30] [htsjdk_sam    ] === cascade complete (4 reps) ===
[master] [htsjdk_sam] CASCADE OK

[master] all cells complete in 71.7 min
[00:20:30] [chain e3] pass 2 rerun done rc=0 elapsed=71min
[00:20:31] [chain e3] Phase 3: waiting for v4b chain to finish (===CHAIN V4 DONE===)
[00:21:06] [chain e3] WARNING: v4b deadline hit (24h) ‚Äî proceeding anyway with available data
[00:21:06] [chain e3] Phase 4: mutation step (idempotent ‚Äî only E3 will run)
[00:21:06] [metrics_4rep] === config E0 ===
[00:21:06] [metrics_4rep] E0[a] htsjdk_vcf: skip ‚Äî already has summary
[00:21:07] [metrics_4rep] E0[a] htsjdk_sam: skip ‚Äî already has summary
[00:21:07] [metrics_4rep] E0[a] vcfpy_vcf: skip ‚Äî already has summary
[00:21:07] [metrics_4rep] E0[a] noodles_vcf: skip ‚Äî already has summary
[00:21:07] [metrics_4rep] E0[a] biopython_sam: skip ‚Äî already has summary
[00:21:08] [metrics_4rep] E0[a] seqan3_sam: skip ‚Äî already has summary
[00:21:08] [metrics_4rep] E0[b] htsjdk_vcf: skip ‚Äî already has summary
[00:21:08] [metrics_4rep] E0[b] htsjdk_sam: skip ‚Äî already has summary
[00:21:08] [metrics_4rep] E0[b] vcfpy_vcf: skip ‚Äî already has summary
[00:21:08] [metrics_4rep] E0[b] noodles_vcf: skip ‚Äî already has summary
[00:21:09] [metrics_4rep] E0[b] biopython_sam: skip ‚Äî already has summary
[00:21:09] [metrics_4rep] E0[b] seqan3_sam: skip ‚Äî already has summary
[00:21:09] [metrics_4rep] E0[c] htsjdk_vcf: skip ‚Äî already has summary
[00:21:09] [metrics_4rep] E0[c] htsjdk_sam: skip ‚Äî already has summary
[00:21:09] [metrics_4rep] E0[c] vcfpy_vcf: skip ‚Äî already has summary
[00:21:09] [metrics_4rep] E0[c] noodles_vcf: skip ‚Äî already has summary
[00:21:09] [metrics_4rep] E0[c] biopython_sam: skip ‚Äî already has summary
[00:21:10] [metrics_4rep] E0[c] seqan3_sam: skip ‚Äî already has summary
[00:21:10] [metrics_4rep] E0[d] htsjdk_vcf: skip ‚Äî already has summary
[00:21:10] [metrics_4rep] E0[d] htsjdk_sam: skip ‚Äî already has summary
[00:21:10] [metrics_4rep] E0[d] vcfpy_vcf: skip ‚Äî already has summary
[00:21:11] [metrics_4rep] E0[d] noodles_vcf: skip ‚Äî already has summary
[00:21:11] [metrics_4rep] E0[d] biopython_sam: skip ‚Äî already has summary
[00:21:11] [metrics_4rep] E0[d] seqan3_sam: skip ‚Äî already has summary
[00:21:11] [metrics_4rep] === config E1S ===
[00:21:11] [metrics_4rep] E1S[a] htsjdk_vcf: skip ‚Äî already has summary
[00:21:11] [metrics_4rep] E1S[a] htsjdk_sam: skip ‚Äî already has summary
[00:21:12] [metrics_4rep] E1S[a] vcfpy_vcf: skip ‚Äî already has summary
[00:21:12] [metrics_4rep] E1S[a] noodles_vcf: skip ‚Äî already has summary
[00:21:12] [metrics_4rep] E1S[a] biopython_sam: skip ‚Äî already has summary
[00:21:12] [metrics_4rep] E1S[a] seqan3_sam: skip ‚Äî already has summary
[00:21:12] [metrics_4rep] E1S[b] htsjdk_vcf: skip ‚Äî already has summary
[00:21:12] [metrics_4rep] E1S[b] htsjdk_sam: skip ‚Äî already has summary
[00:21:13] [metrics_4rep] E1S[b] vcfpy_vcf: skip ‚Äî already has summary
[00:21:13] [metrics_4rep] E1S[b] noodles_vcf: skip ‚Äî already has summary
[00:21:13] [metrics_4rep] E1S[b] biopython_sam: skip ‚Äî already has summary
[00:21:13] [metrics_4rep] E1S[b] seqan3_sam: skip ‚Äî already has summary
[00:21:13] [metrics_4rep] E1S[c] htsjdk_vcf: skip ‚Äî already has summary
[00:21:13] [metrics_4rep] E1S[c] htsjdk_sam: skip ‚Äî already has summary
[00:21:13] [metrics_4rep] E1S[c] vcfpy_vcf: skip ‚Äî already has summary
[00:21:13] [metrics_4rep] E1S[c] noodles_vcf: skip ‚Äî already has summary
[00:21:14] [metrics_4rep] E1S[c] biopython_sam: skip ‚Äî already has summary
[00:21:14] [metrics_4rep] E1S[c] seqan3_sam: skip ‚Äî already has summary
[00:21:14] [metrics_4rep] E1S[d] htsjdk_vcf: skip ‚Äî already has summary
[00:21:14] [metrics_4rep] E1S[d] htsjdk_sam: skip ‚Äî already has summary
[00:21:14] [metrics_4rep] E1S[d] vcfpy_vcf: skip ‚Äî already has summary
[00:21:14] [metrics_4rep] E1S[d] noodles_vcf: skip ‚Äî already has summary
[00:21:15] [metrics_4rep] E1S[d] biopython_sam: skip ‚Äî already has summary
[00:21:15] [metrics_4rep] E1S[d] seqan3_sam: skip ‚Äî already has summary
[00:21:15] [metrics_4rep] === config E2 ===
[00:21:15] [metrics_4rep] E2[0] htsjdk_vcf: skip ‚Äî already has summary
[00:21:15] [metrics_4rep] E2[0] htsjdk_sam: skip ‚Äî already has summary
[00:21:15] [metrics_4rep] E2[0] vcfpy_vcf: skip ‚Äî already has summary
[00:21:15] [metrics_4rep] E2[0] noodles_vcf: skip ‚Äî already has summary
[00:21:15] [metrics_4rep] E2[0] biopython_sam: skip ‚Äî already has summary
[00:21:15] [metrics_4rep] E2[0] seqan3_sam: skip ‚Äî already has summary
[00:21:15] [metrics_4rep] E2[1] htsjdk_vcf: skip ‚Äî already has summary
[00:21:15] [metrics_4rep] E2[1] htsjdk_sam: skip ‚Äî already has summary
[00:21:15] [metrics_4rep] E2[1] vcfpy_vcf: skip ‚Äî already has summary
[00:21:15] [metrics_4rep] E2[1] noodles_vcf: skip ‚Äî already has summary
[00:21:15] [metrics_4rep] E2[1] biopython_sam: skip ‚Äî already has summary
[00:21:15] [metrics_4rep] E2[1] seqan3_sam: skip ‚Äî already has summary
[00:21:15] [metrics_4rep] E2[2] htsjdk_vcf: skip ‚Äî already has summary
[00:21:15] [metrics_4rep] E2[2] htsjdk_sam: skip ‚Äî already has summary
[00:21:15] [metrics_4rep] E2[2] vcfpy_vcf: skip ‚Äî already has summary
[00:21:15] [metrics_4rep] E2[2] noodles_vcf: skip ‚Äî already has summary
[00:21:16] [metrics_4rep] E2[2] biopython_sam: skip ‚Äî already has summary
[00:21:16] [metrics_4rep] E2[2] seqan3_sam: skip ‚Äî already has summary
[00:21:16] [metrics_4rep] E2[3] htsjdk_vcf: skip ‚Äî already has summary
[00:21:16] [metrics_4rep] E2[3] htsjdk_sam: skip ‚Äî already has summary
[00:21:16] [metrics_4rep] E2[3] vcfpy_vcf: skip ‚Äî already has summary
[00:21:16] [metrics_4rep] E2[3] noodles_vcf: skip ‚Äî already has summary
[00:21:16] [metrics_4rep] E2[3] biopython_sam: skip ‚Äî already has summary
[00:21:16] [metrics_4rep] E2[3] seqan3_sam: skip ‚Äî already has summary
[00:21:16] [metrics_4rep] === config E3 ===
[00:21:16] [metrics_4rep] E3[0] htsjdk_vcf: skip ‚Äî already has summary
[00:21:16] [metrics_4rep] E3[0] htsjdk_sam: skip ‚Äî already has summary
[00:21:16] [metrics_4rep] E3[0] vcfpy_vcf: skip ‚Äî already has summary
[00:21:16] [metrics_4rep] E3[0] noodles_vcf: skip ‚Äî already has summary
[00:21:16] [metrics_4rep] E3[0] biopython_sam: skip ‚Äî already has summary
[00:21:16] [metrics_4rep] E3[0] seqan3_sam: skip ‚Äî already has summary
[00:21:16] [metrics_4rep] E3[1] htsjdk_vcf: skip ‚Äî already has summary
[00:21:16] [metrics_4rep] E3[1] htsjdk_sam: skip ‚Äî already has summary
[00:21:16] [metrics_4rep] E3[1] vcfpy_vcf: skip ‚Äî already has summary
[00:21:16] [metrics_4rep] E3[1] noodles_vcf: skip ‚Äî already has summary
[00:21:17] [metrics_4rep] E3[1] biopython_sam: skip ‚Äî already has summary
[00:21:17] [metrics_4rep] E3[1] seqan3_sam: skip ‚Äî already has summary
[00:21:17] [metrics_4rep] E3[2] htsjdk_vcf: skip ‚Äî already has summary
[00:21:17] [metrics_4rep] E3[2] htsjdk_sam: skip ‚Äî already has summary
[00:21:17] [metrics_4rep] E3[2] vcfpy_vcf: skip ‚Äî already has summary
[00:21:17] [metrics_4rep] E3[2] noodles_vcf: skip ‚Äî already has summary
[00:21:17] [metrics_4rep] E3[2] biopython_sam: skip ‚Äî already has summary
[00:21:17] [metrics_4rep] E3[2] seqan3_sam: skip ‚Äî already has summary
[00:21:17] [metrics_4rep] E3[3] htsjdk_vcf: skip ‚Äî already has summary
[00:21:17] [metrics_4rep] E3[3] htsjdk_sam: skip ‚Äî already has summary
[00:21:17] [metrics_4rep] E3[3] vcfpy_vcf: skip ‚Äî already has summary
[00:21:17] [metrics_4rep] E3[3] noodles_vcf: skip ‚Äî already has summary
[00:21:17] [metrics_4rep] E3[3] biopython_sam: launching (913 files, budget 1800s)
[00:37:00] [metrics_4rep] E3[3] biopython_sam: done ‚Äî {'tool': 'atheris', 'sut': 'biopython', 'format': 'SAM', 'phase': 'mutation', 'target': '/opt/atheris-venv/lib/python3.11/site-packages/Bio/Align/sam.py', 'corpus_dir': '/work/compares/ApplicationStudy/E3_no_a_no_d/results_metrics/3/biopython_sam/combined_corpus', 'python_bin': '/opt/atheris-venv/bin/python', 'budget_s': 1800, 'per_mutant_timeout_s': 60, 'max_mutants': 0, 'shuffle_seed': 42, 'started_at': 1778044877.468361, 'ended_at': 1778045821.0434089, 'duration_s': 943.58, 'baseline': {'total_files': 913, 'parse_success': 84, 'parse_fail': 829}, 'mutation_score': {'killed': 142, 'survived': 381, 'reachable': 523, 'score': 0.2715}, 'untested': 0, 'total_generated': 523, 'tested_operators': {'const_int': {'killed': 51, 'survived': 96}, 'cmp_swap': {'killed': 42, 'survived': 72}, 'const_NoneType': {'killed': 8, 'survived': 20}, 'const_str': {'killed': 36, 'survived': 132}, 'unary_not': {'killed': 2, 'survived': 1}, 'arith_swap': {'killed': 2, 'survived': 53}, 'const_bool': {'killed': 1, 'survived': 7}}}
[00:37:00] [metrics_4rep] E3[3] seqan3_sam: launching (913 files, budget 1800s)
[00:41:26] [metrics_4rep] E3[3] seqan3_sam: done ‚Äî {'tool': 'biotest', 'sut': 'seqan3', 'format': 'SAM', 'phase': 'mutation', 'status': 'ok', 'mutator': 'mull-substitute-v1', 'mutator_note': "Mull 0.33 ships as a 24.04 deb (glibc 2.39); biotest-bench is 22.04 (glibc 2.35) so mull-runner-18/mull-ir-frontend-18 fail at load time. This driver applies the same ROR / AOR / LOR operator families mull's --mutators=default emits, scoped to the same seqan3 SAM source paths, and uses the same DESIGN ¬ß3.3 kill semantics (parse-success flip / canonical-JSON digest diff / crash flip).", 'mutators_used': ['AOR_minus_to_plus', 'AOR_plus_to_minus', 'LOR_and_to_or', 'LOR_or_to_and', 'ROR_eq_to_ne', 'ROR_gte_to_gt', 'ROR_lte_to_lt', 'ROR_ne_to_eq'], 'scope_files': 18, 'candidate_mutants': 60, 'executed_mutants': 60, 'killed': 39, 'survived': 0, 'compile_errors': 21, 'equivalent': 0, 'reachable': 39, 'mutant_count': 60, 'mutator_count': 8, 'score': 1.0, 'corpus_dir': '/work/compares/ApplicationStudy/E3_no_a_no_d/results_metrics/3/seqan3_sam/combined_corpus', 'corpus_sample': 120, 'corpus_total': 913, 'per_file_timeout_s': 2.0, 'budget_s': 1800, 'budget_hit': False, 'duration_s': 249.84, 'cov_reachability_json': '/work/compares/ApplicationStudy/E3_no_a_no_d/results_metrics/3/seqan3_sam/_gcovr_reach.json', 'mut_binary': '/work/compares/results/coverage/libfuzzer/seqan3/_build-mut-iso/seqan3_sam_fuzzer_mut', 'mut_build_dir': '/work/compares/results/coverage/libfuzzer/seqan3/_build-mut-iso'}
[00:41:26] [metrics_4rep] done
[00:41:26] [chain e3] mutation rc=0
[00:41:26] [chain e3] Phase 4: bug_bench step (idempotent)
[00:41:26] [metrics_4rep] === config E0 ===
[00:41:26] [metrics_4rep] E0[a] bug_bench: skip ‚Äî already done
[00:41:26] [metrics_4rep] E0[b] bug_bench: launching
[00:47:01] [metrics_4rep] E0[b] bug_bench: done (exit 0)
[00:47:01] [metrics_4rep] E0[c] bug_bench: launching
[00:52:52] [metrics_4rep] E0[c] bug_bench: done (exit 0)
[00:52:52] [metrics_4rep] E0[d] bug_bench: launching
[01:00:45] [metrics_4rep] E0[d] bug_bench: done (exit 0)
[01:00:45] [metrics_4rep] === config E1S ===
[01:00:45] [metrics_4rep] E1S[a] bug_bench: launching
[01:07:20] [metrics_4rep] E1S[a] bug_bench: done (exit 0)
[01:07:20] [metrics_4rep] E1S[b] bug_bench: launching
[01:14:25] [metrics_4rep] E1S[b] bug_bench: done (exit 0)
[01:14:25] [metrics_4rep] E1S[c] bug_bench: launching
