[23:04:58] [biopython_sam ] === cascade start (host, max_iter=2) ===
[23:04:58] [biopython_sam ]     initial seeds: VCF=33  SAM=74
[23:04:58] [biopython_sam ] --- rep 0 ---
[23:04:58] [biopython_sam ]     seeds entering rep: {'vcf_total': 33, 'vcf_kept': 0, 'vcf_synthetic': 0, 'sam_total': 74, 'sam_kept': 0, 'sam_synthetic': 0}
[23:04:58] [biopython_sam ]     reset data/ + bug_reports/ (seeds + coverage_artifacts preserved — cumulative cascade)
[23:04:58] [biopython_sam ]     cmd: python harness_run.py --mode E1S --config biotest_config.rep0.yaml --phase D,E
[23:04:58] [biopython_sam ]     budget: 5400s (host)
[23:04:58] [biopython_sam ]     env: BIOTEST_MULTISHOT_K=2  BIOTEST_AUTO_INVOKE_PUBLIC_METHODS=1 (refine round 4)
[00:34:58] [biopython_sam ]     timeout after 5400s — sending CTRL_BREAK_EVENT (graceful)
[00:34:58] [biopython_sam ]     rep 0 exit=3221225786 elapsed=5400s
[00:34:59] [biopython_sam ]     -> line=52.80% covered=316/598 status=ok seeds_after={'vcf_total': 33, 'vcf_kept': 0, 'vcf_synthetic': 0, 'sam_total': 108, 'sam_kept': 34, 'sam_synthetic': 0}
[00:34:59] [biopython_sam ] --- rep 1 ---
[00:34:59] [biopython_sam ]     seeds entering rep: {'vcf_total': 33, 'vcf_kept': 0, 'vcf_synthetic': 0, 'sam_total': 108, 'sam_kept': 34, 'sam_synthetic': 0}
[00:35:05] [biopython_sam ]     reset data/ + bug_reports/ (seeds + coverage_artifacts preserved — cumulative cascade)
[00:35:05] [biopython_sam ]     cmd: python harness_run.py --mode E1S --config biotest_config.rep1.yaml --phase D,E
[00:35:05] [biopython_sam ]     budget: 5400s (host)
[00:35:05] [biopython_sam ]     env: BIOTEST_MULTISHOT_K=2  BIOTEST_AUTO_INVOKE_PUBLIC_METHODS=1 (refine round 4)
[02:05:05] [biopython_sam ]     timeout after 5400s — sending CTRL_BREAK_EVENT (graceful)
[02:05:05] [biopython_sam ]     rep 1 exit=3221225786 elapsed=5400s
[02:05:06] [biopython_sam ]     -> line=54.00% covered=323/598 status=ok seeds_after={'vcf_total': 33, 'vcf_kept': 0, 'vcf_synthetic': 0, 'sam_total': 159, 'sam_kept': 80, 'sam_synthetic': 5}
[02:05:06] [biopython_sam ] --- rep 2 ---
[02:05:06] [biopython_sam ]     seeds entering rep: {'vcf_total': 33, 'vcf_kept': 0, 'vcf_synthetic': 0, 'sam_total': 159, 'sam_kept': 80, 'sam_synthetic': 5}
[02:05:09] [biopython_sam ]     reset data/ + bug_reports/ (seeds + coverage_artifacts preserved — cumulative cascade)
[02:05:09] [biopython_sam ]     cmd: python harness_run.py --mode E1S --config biotest_config.rep2.yaml --phase D,E
[02:05:09] [biopython_sam ]     budget: 5400s (host)
[02:05:09] [biopython_sam ]     env: BIOTEST_MULTISHOT_K=2  BIOTEST_AUTO_INVOKE_PUBLIC_METHODS=1 (refine round 4)
[03:35:09] [biopython_sam ]     timeout after 5400s — sending CTRL_BREAK_EVENT (graceful)
[03:35:09] [biopython_sam ]     rep 2 exit=3221225786 elapsed=5400s
[03:35:09] [biopython_sam ]     -> line=53.20% covered=318/598 status=ok seeds_after={'vcf_total': 33, 'vcf_kept': 0, 'vcf_synthetic': 0, 'sam_total': 424, 'sam_kept': 345, 'sam_synthetic': 5}
[03:35:09] [biopython_sam ] === cascade complete (3 reps) ===
