[13:55:33] [vcfpy_vcf     ] === cascade start (host, max_iter=2) ===
[13:55:33] [vcfpy_vcf     ]     initial seeds: VCF=33  SAM=74
[13:55:33] [vcfpy_vcf     ] --- rep 0 ---
[13:55:33] [vcfpy_vcf     ]     seeds entering rep: {'vcf_total': 33, 'vcf_kept': 0, 'vcf_synthetic': 0, 'sam_total': 74, 'sam_kept': 0, 'sam_synthetic': 0}
[13:55:34] [vcfpy_vcf     ]     reset data/ + bug_reports/ (seeds + coverage_artifacts preserved — cumulative cascade)
[13:55:34] [vcfpy_vcf     ]     cmd: python harness_run.py --mode E1S --config biotest_config.rep0.yaml --phase D,E
[13:55:34] [vcfpy_vcf     ]     budget: 5400s (host)
[15:07:02] [vcfpy_vcf     ]     rep 0 exit=0 elapsed=4289s
[15:07:03] [vcfpy_vcf     ]     -> line=70.70% covered=831/1176 status=ok seeds_after={'vcf_total': 47, 'vcf_kept': 14, 'vcf_synthetic': 0, 'sam_total': 74, 'sam_kept': 0, 'sam_synthetic': 0}
[15:07:03] [vcfpy_vcf     ] --- rep 1 ---
[15:07:03] [vcfpy_vcf     ]     seeds entering rep: {'vcf_total': 47, 'vcf_kept': 14, 'vcf_synthetic': 0, 'sam_total': 74, 'sam_kept': 0, 'sam_synthetic': 0}
[15:07:08] [vcfpy_vcf     ]     reset data/ + bug_reports/ (seeds + coverage_artifacts preserved — cumulative cascade)
[15:07:08] [vcfpy_vcf     ]     cmd: python harness_run.py --mode E1S --config biotest_config.rep1.yaml --phase D,E
[15:07:08] [vcfpy_vcf     ]     budget: 5400s (host)
[16:37:08] [vcfpy_vcf     ]     timeout after 5400s — terminating
[16:37:09] [vcfpy_vcf     ]     rep 1 exit=1 elapsed=5400s
[16:37:10] [vcfpy_vcf     ]     -> line=31.90% covered=375/1176 status=ok seeds_after={'vcf_total': 103, 'vcf_kept': 60, 'vcf_synthetic': 10, 'sam_total': 74, 'sam_kept': 0, 'sam_synthetic': 0}
[16:37:10] [vcfpy_vcf     ] --- rep 2 ---
[16:37:10] [vcfpy_vcf     ]     seeds entering rep: {'vcf_total': 103, 'vcf_kept': 60, 'vcf_synthetic': 10, 'sam_total': 74, 'sam_kept': 0, 'sam_synthetic': 0}
[16:37:13] [vcfpy_vcf     ]     reset data/ + bug_reports/ (seeds + coverage_artifacts preserved — cumulative cascade)
[16:37:13] [vcfpy_vcf     ]     cmd: python harness_run.py --mode E1S --config biotest_config.rep2.yaml --phase D,E
[16:37:13] [vcfpy_vcf     ]     budget: 5400s (host)
[17:50:07] [vcfpy_vcf     ]     rep 2 exit=0 elapsed=4375s
[17:50:09] [vcfpy_vcf     ]     -> line=65.10% covered=765/1176 status=ok seeds_after={'vcf_total': 125, 'vcf_kept': 82, 'vcf_synthetic': 10, 'sam_total': 74, 'sam_kept': 0, 'sam_synthetic': 0}
[17:50:09] [vcfpy_vcf     ] === cascade complete (3 reps) ===
