[12:28:12] [htsjdk_vcf    ] === cascade start (host, max_iter=2) ===
[12:28:12] [htsjdk_vcf    ]     initial seeds: VCF=33  SAM=74
[12:28:12] [htsjdk_vcf    ] --- rep 0 ---
[12:28:12] [htsjdk_vcf    ]     seeds entering rep: {'vcf_total': 33, 'vcf_kept': 0, 'vcf_synthetic': 0, 'sam_total': 74, 'sam_kept': 0, 'sam_synthetic': 0}
[12:28:12] [htsjdk_vcf    ]     reset data/ + bug_reports/ + coverage_artifacts/ (seeds preserved — independent trials)
[12:28:12] [htsjdk_vcf    ]     cmd: python harness_run.py --mode E3 --config biotest_config.rep0.yaml --phase B,C,E
[12:28:12] [htsjdk_vcf    ]     budget: 5400s (host)
[12:44:37] [htsjdk_vcf    ]     rep 0 exit=0 elapsed=985s
[12:44:39] [htsjdk_vcf    ]     -> line=38.00% covered=1430/3760 status=ok seeds_after={'vcf_total': 33, 'vcf_kept': 0, 'vcf_synthetic': 0, 'sam_total': 74, 'sam_kept': 0, 'sam_synthetic': 0}
[12:44:39] [htsjdk_vcf    ] --- rep 1 ---
[12:44:39] [htsjdk_vcf    ]     seeds entering rep: {'vcf_total': 33, 'vcf_kept': 0, 'vcf_synthetic': 0, 'sam_total': 74, 'sam_kept': 0, 'sam_synthetic': 0}
[12:44:39] [htsjdk_vcf    ]     reset data/ + bug_reports/ + coverage_artifacts/ (seeds preserved — independent trials)
[12:44:40] [htsjdk_vcf    ]     cmd: python harness_run.py --mode E3 --config biotest_config.rep1.yaml --phase B,C,E
[12:44:40] [htsjdk_vcf    ]     budget: 5400s (host)
[12:49:58] [htsjdk_vcf    ]     rep 1 exit=1 elapsed=319s
[12:49:58] [htsjdk_vcf    ]     -> line=0.00% covered=0/0 status=missing seeds_after={'vcf_total': 33, 'vcf_kept': 0, 'vcf_synthetic': 0, 'sam_total': 74, 'sam_kept': 0, 'sam_synthetic': 0}
[12:49:58] [htsjdk_vcf    ] --- rep 2 ---
[12:49:58] [htsjdk_vcf    ]     seeds entering rep: {'vcf_total': 33, 'vcf_kept': 0, 'vcf_synthetic': 0, 'sam_total': 74, 'sam_kept': 0, 'sam_synthetic': 0}
[12:49:58] [htsjdk_vcf    ]     reset data/ + bug_reports/ + coverage_artifacts/ (seeds preserved — independent trials)
[12:49:58] [htsjdk_vcf    ]     cmd: python harness_run.py --mode E3 --config biotest_config.rep2.yaml --phase B,C,E
[12:49:58] [htsjdk_vcf    ]     budget: 5400s (host)
[14:19:58] [htsjdk_vcf    ]     timeout after 5400s — sending CTRL_BREAK_EVENT (graceful)
[14:19:58] [htsjdk_vcf    ]     rep 2 exit=3221225786 elapsed=5400s
[14:19:58] [htsjdk_vcf    ]     -> line=0.00% covered=0/0 status=missing seeds_after={'vcf_total': 33, 'vcf_kept': 0, 'vcf_synthetic': 0, 'sam_total': 74, 'sam_kept': 0, 'sam_synthetic': 0}
[14:19:58] [htsjdk_vcf    ] --- rep 3 ---
[14:19:58] [htsjdk_vcf    ]     seeds entering rep: {'vcf_total': 33, 'vcf_kept': 0, 'vcf_synthetic': 0, 'sam_total': 74, 'sam_kept': 0, 'sam_synthetic': 0}
[14:19:58] [htsjdk_vcf    ]     reset data/ + bug_reports/ + coverage_artifacts/ (seeds preserved — independent trials)
[14:19:58] [htsjdk_vcf    ]     cmd: python harness_run.py --mode E3 --config biotest_config.rep3.yaml --phase B,C,E
[14:19:58] [htsjdk_vcf    ]     budget: 5400s (host)
[15:35:49] [htsjdk_vcf    ]     rep 3 exit=1 elapsed=4551s
[15:35:49] [htsjdk_vcf    ]     -> line=0.00% covered=0/0 status=missing seeds_after={'vcf_total': 33, 'vcf_kept': 0, 'vcf_synthetic': 0, 'sam_total': 74, 'sam_kept': 0, 'sam_synthetic': 0}
[15:35:49] [htsjdk_vcf    ] === cascade complete (4 reps) ===
