[22:36:39] [htsjdk_vcf    ] === cascade start (host, max_iter=2) ===
[22:36:40] [htsjdk_vcf    ]     initial seeds: VCF=33  SAM=74
[22:36:40] [htsjdk_vcf    ] --- rep 0 ---
[22:36:40] [htsjdk_vcf    ]     seeds entering rep: {'vcf_total': 33, 'vcf_kept': 0, 'vcf_synthetic': 0, 'sam_total': 74, 'sam_kept': 0, 'sam_synthetic': 0}
[22:36:40] [htsjdk_vcf    ]     reset data/ + bug_reports/ + coverage_artifacts/ (seeds preserved — independent trials)
[22:36:40] [htsjdk_vcf    ]     cmd: python harness_run.py --mode E2 --config biotest_config.rep0.yaml --phase B,C,E
[22:36:40] [htsjdk_vcf    ]     budget: 5400s (host)
[00:05:37] [htsjdk_vcf    ]     rep 0 exit=0 elapsed=5338s
[00:05:40] [htsjdk_vcf    ]     -> line=46.90% covered=1744/3716 status=ok seeds_after={'vcf_total': 33, 'vcf_kept': 0, 'vcf_synthetic': 0, 'sam_total': 74, 'sam_kept': 0, 'sam_synthetic': 0}
[00:05:40] [htsjdk_vcf    ] --- rep 1 ---
[00:05:40] [htsjdk_vcf    ]     seeds entering rep: {'vcf_total': 33, 'vcf_kept': 0, 'vcf_synthetic': 0, 'sam_total': 74, 'sam_kept': 0, 'sam_synthetic': 0}
[00:05:43] [htsjdk_vcf    ]     reset data/ + bug_reports/ + coverage_artifacts/ (seeds preserved — independent trials)
[00:05:43] [htsjdk_vcf    ]     cmd: python harness_run.py --mode E2 --config biotest_config.rep1.yaml --phase B,C,E
[00:05:43] [htsjdk_vcf    ]     budget: 5400s (host)
[01:21:55] [htsjdk_vcf    ]     rep 1 exit=0 elapsed=4571s
[01:21:57] [htsjdk_vcf    ]     -> line=47.40% covered=1760/3716 status=ok seeds_after={'vcf_total': 33, 'vcf_kept': 0, 'vcf_synthetic': 0, 'sam_total': 74, 'sam_kept': 0, 'sam_synthetic': 0}
[01:21:57] [htsjdk_vcf    ] --- rep 2 ---
[01:21:57] [htsjdk_vcf    ]     seeds entering rep: {'vcf_total': 33, 'vcf_kept': 0, 'vcf_synthetic': 0, 'sam_total': 74, 'sam_kept': 0, 'sam_synthetic': 0}
[01:22:01] [htsjdk_vcf    ]     reset data/ + bug_reports/ + coverage_artifacts/ (seeds preserved — independent trials)
[01:22:01] [htsjdk_vcf    ]     cmd: python harness_run.py --mode E2 --config biotest_config.rep2.yaml --phase B,C,E
[01:22:01] [htsjdk_vcf    ]     budget: 5400s (host)
[02:15:46] [htsjdk_vcf    ]     rep 2 exit=0 elapsed=3225s
[02:15:48] [htsjdk_vcf    ]     -> line=45.90% covered=1705/3716 status=ok seeds_after={'vcf_total': 33, 'vcf_kept': 0, 'vcf_synthetic': 0, 'sam_total': 74, 'sam_kept': 0, 'sam_synthetic': 0}
[02:15:48] [htsjdk_vcf    ] --- rep 3 ---
[02:15:48] [htsjdk_vcf    ]     seeds entering rep: {'vcf_total': 33, 'vcf_kept': 0, 'vcf_synthetic': 0, 'sam_total': 74, 'sam_kept': 0, 'sam_synthetic': 0}
[02:15:51] [htsjdk_vcf    ]     reset data/ + bug_reports/ + coverage_artifacts/ (seeds preserved — independent trials)
[02:15:51] [htsjdk_vcf    ]     cmd: python harness_run.py --mode E2 --config biotest_config.rep3.yaml --phase B,C,E
[02:15:51] [htsjdk_vcf    ]     budget: 5400s (host)
[03:10:52] [htsjdk_vcf    ]     rep 3 exit=0 elapsed=3301s
[03:10:54] [htsjdk_vcf    ]     -> line=47.90% covered=1781/3716 status=ok seeds_after={'vcf_total': 33, 'vcf_kept': 0, 'vcf_synthetic': 0, 'sam_total': 74, 'sam_kept': 0, 'sam_synthetic': 0}
[03:10:54] [htsjdk_vcf    ] === cascade complete (4 reps) ===
