[17:12:41] [vcfpy_vcf     ] === cascade start (host, max_iter=2) ===
[17:12:42] [vcfpy_vcf     ]     initial seeds: VCF=33  SAM=74
[17:12:42] [vcfpy_vcf     ] --- rep 0 ---
[17:12:42] [vcfpy_vcf     ]     seeds entering rep: {'vcf_total': 33, 'vcf_kept': 0, 'vcf_synthetic': 0, 'sam_total': 74, 'sam_kept': 0, 'sam_synthetic': 0}
[17:12:42] [vcfpy_vcf     ]     reset data/ + bug_reports/ + coverage_artifacts/ (seeds preserved — independent trials)
[17:12:42] [vcfpy_vcf     ]     cmd: python harness_run.py --mode E1 --config biotest_config.rep0.yaml --phase D,E
[17:12:42] [vcfpy_vcf     ]     budget: 5400s (host)
[18:42:42] [vcfpy_vcf     ]     timeout after 5400s — terminating
[18:42:42] [vcfpy_vcf     ]     rep 0 exit=1 elapsed=5400s
[18:42:42] [vcfpy_vcf     ]     -> line=0.00% covered=0/0 status=missing seeds_after={'vcf_total': 170, 'vcf_kept': 137, 'vcf_synthetic': 0, 'sam_total': 74, 'sam_kept': 0, 'sam_synthetic': 0}
[18:42:42] [vcfpy_vcf     ] --- rep 1 ---
[18:42:42] [vcfpy_vcf     ]     seeds entering rep: {'vcf_total': 170, 'vcf_kept': 137, 'vcf_synthetic': 0, 'sam_total': 74, 'sam_kept': 0, 'sam_synthetic': 0}
[18:42:50] [vcfpy_vcf     ]     reset data/ + bug_reports/ + coverage_artifacts/ (seeds preserved — independent trials)
[18:42:50] [vcfpy_vcf     ]     cmd: python harness_run.py --mode E1 --config biotest_config.rep1.yaml --phase D,E
[18:42:50] [vcfpy_vcf     ]     budget: 5400s (host)
[20:12:50] [vcfpy_vcf     ]     timeout after 5400s — terminating
[20:12:50] [vcfpy_vcf     ]     rep 1 exit=1 elapsed=5400s
[20:12:50] [vcfpy_vcf     ]     -> line=0.00% covered=0/0 status=missing seeds_after={'vcf_total': 473, 'vcf_kept': 440, 'vcf_synthetic': 0, 'sam_total': 74, 'sam_kept': 0, 'sam_synthetic': 0}
[20:12:50] [vcfpy_vcf     ] --- rep 2 ---
[20:12:50] [vcfpy_vcf     ]     seeds entering rep: {'vcf_total': 473, 'vcf_kept': 440, 'vcf_synthetic': 0, 'sam_total': 74, 'sam_kept': 0, 'sam_synthetic': 0}
[20:12:58] [vcfpy_vcf     ]     reset data/ + bug_reports/ + coverage_artifacts/ (seeds preserved — independent trials)
[20:12:58] [vcfpy_vcf     ]     cmd: python harness_run.py --mode E1 --config biotest_config.rep2.yaml --phase D,E
[20:12:58] [vcfpy_vcf     ]     budget: 5400s (host)
[21:42:58] [vcfpy_vcf     ]     timeout after 5400s — terminating
[21:42:58] [vcfpy_vcf     ]     rep 2 exit=1 elapsed=5400s
[21:42:59] [vcfpy_vcf     ]     -> line=73.00% covered=859/1176 status=ok seeds_after={'vcf_total': 551, 'vcf_kept': 518, 'vcf_synthetic': 0, 'sam_total': 74, 'sam_kept': 0, 'sam_synthetic': 0}
[21:42:59] [vcfpy_vcf     ] --- rep 3 ---
[21:42:59] [vcfpy_vcf     ]     seeds entering rep: {'vcf_total': 551, 'vcf_kept': 518, 'vcf_synthetic': 0, 'sam_total': 74, 'sam_kept': 0, 'sam_synthetic': 0}
[21:43:08] [vcfpy_vcf     ]     reset data/ + bug_reports/ + coverage_artifacts/ (seeds preserved — independent trials)
[21:43:08] [vcfpy_vcf     ]     cmd: python harness_run.py --mode E1 --config biotest_config.rep3.yaml --phase D,E
[21:43:08] [vcfpy_vcf     ]     budget: 5400s (host)
