[22:36:39] [biopython_sam ] === cascade start (host, max_iter=2) ===
[22:36:40] [biopython_sam ]     initial seeds: VCF=33  SAM=74
[22:36:40] [biopython_sam ] --- rep 0 ---
[22:36:40] [biopython_sam ]     seeds entering rep: {'vcf_total': 33, 'vcf_kept': 0, 'vcf_synthetic': 0, 'sam_total': 74, 'sam_kept': 0, 'sam_synthetic': 0}
[22:36:40] [biopython_sam ]     reset data/ + bug_reports/ + coverage_artifacts/ (seeds preserved — independent trials)
[22:36:40] [biopython_sam ]     cmd: python harness_run.py --mode E2 --config biotest_config.rep0.yaml --phase B,C,E
[22:36:40] [biopython_sam ]     budget: 5400s (host)
[22:36:40] [biopython_sam ]     env: BIOTEST_MULTISHOT_K=2  BIOTEST_AUTO_INVOKE_PUBLIC_METHODS=1 (refine round 4)
[00:06:40] [biopython_sam ]     timeout after 5400s — terminating
[00:06:40] [biopython_sam ]     rep 0 exit=1 elapsed=5400s
[00:06:40] [biopython_sam ]     -> line=0.00% covered=0/0 status=missing seeds_after={'vcf_total': 33, 'vcf_kept': 0, 'vcf_synthetic': 0, 'sam_total': 74, 'sam_kept': 0, 'sam_synthetic': 0}
[00:06:40] [biopython_sam ] --- rep 1 ---
[00:06:40] [biopython_sam ]     seeds entering rep: {'vcf_total': 33, 'vcf_kept': 0, 'vcf_synthetic': 0, 'sam_total': 74, 'sam_kept': 0, 'sam_synthetic': 0}
[00:06:44] [biopython_sam ]     reset data/ + bug_reports/ + coverage_artifacts/ (seeds preserved — independent trials)
[00:06:44] [biopython_sam ]     cmd: python harness_run.py --mode E2 --config biotest_config.rep1.yaml --phase B,C,E
[00:06:44] [biopython_sam ]     budget: 5400s (host)
[00:06:44] [biopython_sam ]     env: BIOTEST_MULTISHOT_K=2  BIOTEST_AUTO_INVOKE_PUBLIC_METHODS=1 (refine round 4)
[01:36:44] [biopython_sam ]     timeout after 5400s — terminating
[01:36:44] [biopython_sam ]     rep 1 exit=1 elapsed=5400s
[01:36:44] [biopython_sam ]     -> line=0.00% covered=0/0 status=missing seeds_after={'vcf_total': 33, 'vcf_kept': 0, 'vcf_synthetic': 0, 'sam_total': 74, 'sam_kept': 0, 'sam_synthetic': 0}
[01:36:44] [biopython_sam ] --- rep 2 ---
[01:36:44] [biopython_sam ]     seeds entering rep: {'vcf_total': 33, 'vcf_kept': 0, 'vcf_synthetic': 0, 'sam_total': 74, 'sam_kept': 0, 'sam_synthetic': 0}
[01:36:47] [biopython_sam ]     reset data/ + bug_reports/ + coverage_artifacts/ (seeds preserved — independent trials)
[01:36:47] [biopython_sam ]     cmd: python harness_run.py --mode E2 --config biotest_config.rep2.yaml --phase B,C,E
[01:36:47] [biopython_sam ]     budget: 5400s (host)
[01:36:47] [biopython_sam ]     env: BIOTEST_MULTISHOT_K=2  BIOTEST_AUTO_INVOKE_PUBLIC_METHODS=1 (refine round 4)
[03:06:47] [biopython_sam ]     timeout after 5400s — terminating
[03:06:47] [biopython_sam ]     rep 2 exit=1 elapsed=5400s
[03:06:47] [biopython_sam ]     -> line=0.00% covered=0/0 status=missing seeds_after={'vcf_total': 33, 'vcf_kept': 0, 'vcf_synthetic': 0, 'sam_total': 74, 'sam_kept': 0, 'sam_synthetic': 0}
[03:06:47] [biopython_sam ] --- rep 3 ---
[03:06:47] [biopython_sam ]     seeds entering rep: {'vcf_total': 33, 'vcf_kept': 0, 'vcf_synthetic': 0, 'sam_total': 74, 'sam_kept': 0, 'sam_synthetic': 0}
[03:06:56] [biopython_sam ]     reset data/ + bug_reports/ + coverage_artifacts/ (seeds preserved — independent trials)
[03:06:56] [biopython_sam ]     cmd: python harness_run.py --mode E2 --config biotest_config.rep3.yaml --phase B,C,E
[03:06:56] [biopython_sam ]     budget: 5400s (host)
[03:06:56] [biopython_sam ]     env: BIOTEST_MULTISHOT_K=2  BIOTEST_AUTO_INVOKE_PUBLIC_METHODS=1 (refine round 4)
[04:36:56] [biopython_sam ]     timeout after 5400s — terminating
[04:36:56] [biopython_sam ]     rep 3 exit=1 elapsed=5400s
[04:36:56] [biopython_sam ]     -> line=0.00% covered=0/0 status=missing seeds_after={'vcf_total': 33, 'vcf_kept': 0, 'vcf_synthetic': 0, 'sam_total': 74, 'sam_kept': 0, 'sam_synthetic': 0}
[04:36:56] [biopython_sam ] === cascade complete (4 reps) ===
