starting E2 4-rep at Sat May  2 22:36:30 CDT 2026
[master] cells: ['htsjdk_vcf', 'vcfpy_vcf', 'noodles_vcf', 'htsjdk_sam', 'biopython_sam', 'seqan3_sam']
[master] vcf_budget_s=5400  sam_budget_s=5400  reps=4
[setup] preparing container cov binaries...
[setup] container cov binaries ready
[master] launching 6 cells in parallel...
[master] cumulative=False
[22:36:39] [htsjdk_vcf    ] === cascade start (host, max_iter=2) ===
[22:36:39] [vcfpy_vcf     ] === cascade start (host, max_iter=2) ===
[22:36:39] [htsjdk_sam    ] === cascade start (host, max_iter=2) ===
[22:36:39] [noodles_vcf   ] === cascade start (container, max_iter=2) ===
[22:36:39] [biopython_sam ] === cascade start (host, max_iter=2) ===
[22:36:39] [seqan3_sam    ] === cascade start (container, max_iter=2) ===
[22:36:40] [biopython_sam ]     initial seeds: VCF=33  SAM=74
[22:36:40] [biopython_sam ] --- rep 0 ---
[22:36:40] [seqan3_sam    ]     initial seeds: VCF=33  SAM=74
[22:36:40] [seqan3_sam    ] --- rep 0 ---
[22:36:40] [htsjdk_sam    ]     initial seeds: VCF=33  SAM=74
[22:36:40] [htsjdk_sam    ] --- rep 0 ---
[22:36:40] [biopython_sam ]     seeds entering rep: {'vcf_total': 33, 'vcf_kept': 0, 'vcf_synthetic': 0, 'sam_total': 74, 'sam_kept': 0, 'sam_synthetic': 0}
[22:36:40] [seqan3_sam    ]     seeds entering rep: {'vcf_total': 33, 'vcf_kept': 0, 'vcf_synthetic': 0, 'sam_total': 74, 'sam_kept': 0, 'sam_synthetic': 0}
[22:36:40] [htsjdk_sam    ]     seeds entering rep: {'vcf_total': 33, 'vcf_kept': 0, 'vcf_synthetic': 0, 'sam_total': 74, 'sam_kept': 0, 'sam_synthetic': 0}
[22:36:40] [biopython_sam ]     reset data/ + bug_reports/ + coverage_artifacts/ (seeds preserved — independent trials)
[22:36:40] [seqan3_sam    ]     reset data/ + bug_reports/ + coverage_artifacts/ (seeds preserved — independent trials)
[22:36:40] [htsjdk_sam    ]     reset data/ + bug_reports/ + coverage_artifacts/ (seeds preserved — independent trials)
[22:36:40] [biopython_sam ]     cmd: python harness_run.py --mode E2 --config biotest_config.rep0.yaml --phase B,C,E
[22:36:40] [biopython_sam ]     budget: 5400s (host)
[22:36:40] [biopython_sam ]     env: BIOTEST_MULTISHOT_K=2  BIOTEST_AUTO_INVOKE_PUBLIC_METHODS=1 (refine round 4)
[22:36:40] [noodles_vcf   ]     initial seeds: VCF=33  SAM=74
[22:36:40] [noodles_vcf   ] --- rep 0 ---
[22:36:40] [htsjdk_vcf    ]     initial seeds: VCF=33  SAM=74
[22:36:40] [htsjdk_vcf    ] --- rep 0 ---
[22:36:40] [htsjdk_sam    ]     cmd: python harness_run.py --mode E2 --config biotest_config.rep0.yaml --phase B,C,E
[22:36:40] [htsjdk_sam    ]     budget: 5400s (host)
[22:36:40] [seqan3_sam    ]     env (container): BIOTEST_MULTISHOT_K=2 (refine round 4)
[22:36:40] [seqan3_sam    ]     cmd: docker exec biotest-bench-setup python3.12 harness_run.py --mode E2 ...
[22:36:40] [seqan3_sam    ]     budget: 5400s (container)
[22:36:40] [htsjdk_sam    ]     env: BIOTEST_MULTISHOT_K=2  BIOTEST_AUTO_INVOKE_PUBLIC_METHODS=1 (refine round 4)
[22:36:40] [noodles_vcf   ]     seeds entering rep: {'vcf_total': 33, 'vcf_kept': 0, 'vcf_synthetic': 0, 'sam_total': 74, 'sam_kept': 0, 'sam_synthetic': 0}
[22:36:40] [htsjdk_vcf    ]     seeds entering rep: {'vcf_total': 33, 'vcf_kept': 0, 'vcf_synthetic': 0, 'sam_total': 74, 'sam_kept': 0, 'sam_synthetic': 0}
[22:36:40] [vcfpy_vcf     ]     initial seeds: VCF=33  SAM=74
[22:36:40] [vcfpy_vcf     ] --- rep 0 ---
[22:36:40] [vcfpy_vcf     ]     seeds entering rep: {'vcf_total': 33, 'vcf_kept': 0, 'vcf_synthetic': 0, 'sam_total': 74, 'sam_kept': 0, 'sam_synthetic': 0}
[22:36:40] [noodles_vcf   ]     reset data/ + bug_reports/ + coverage_artifacts/ (seeds preserved — independent trials)
[22:36:40] [htsjdk_vcf    ]     reset data/ + bug_reports/ + coverage_artifacts/ (seeds preserved — independent trials)
[22:36:40] [vcfpy_vcf     ]     reset data/ + bug_reports/ + coverage_artifacts/ (seeds preserved — independent trials)
[22:36:40] [noodles_vcf   ]     cmd: docker exec biotest-bench-setup python3.12 harness_run.py --mode E2 ...
[22:36:40] [noodles_vcf   ]     budget: 5400s (container)
[22:36:40] [htsjdk_vcf    ]     cmd: python harness_run.py --mode E2 --config biotest_config.rep0.yaml --phase B,C,E
[22:36:40] [htsjdk_vcf    ]     budget: 5400s (host)
[22:36:40] [vcfpy_vcf     ]     cmd: python harness_run.py --mode E2 --config biotest_config.rep0.yaml --phase B,C,E
[22:36:40] [vcfpy_vcf     ]     budget: 5400s (host)
[23:24:37] [noodles_vcf   ]     rep 0 exit=0 elapsed=2877s
[23:24:47] [noodles_vcf   ]     -> line=37.10% covered=2812/7584 status=ok seeds_after={'vcf_total': 33, 'vcf_kept': 0, 'vcf_synthetic': 0, 'sam_total': 74, 'sam_kept': 0, 'sam_synthetic': 0}
[23:24:47] [noodles_vcf   ] --- rep 1 ---
[23:24:47] [noodles_vcf   ]     seeds entering rep: {'vcf_total': 33, 'vcf_kept': 0, 'vcf_synthetic': 0, 'sam_total': 74, 'sam_kept': 0, 'sam_synthetic': 0}
[23:24:51] [noodles_vcf   ]     reset data/ + bug_reports/ + coverage_artifacts/ (seeds preserved — independent trials)
[23:24:51] [noodles_vcf   ]     cmd: docker exec biotest-bench-setup python3.12 harness_run.py --mode E2 ...
[23:24:51] [noodles_vcf   ]     budget: 5400s (container)
[23:42:46] [seqan3_sam    ]     rep 0 exit=0 elapsed=3966s
[23:42:53] [seqan3_sam    ]     -> line=94.20% covered=758/805 status=ok seeds_after={'vcf_total': 33, 'vcf_kept': 0, 'vcf_synthetic': 0, 'sam_total': 74, 'sam_kept': 0, 'sam_synthetic': 0}
[23:42:53] [seqan3_sam    ] --- rep 1 ---
[23:42:53] [seqan3_sam    ]     seeds entering rep: {'vcf_total': 33, 'vcf_kept': 0, 'vcf_synthetic': 0, 'sam_total': 74, 'sam_kept': 0, 'sam_synthetic': 0}
[23:43:04] [seqan3_sam    ]     reset data/ + bug_reports/ + coverage_artifacts/ (seeds preserved — independent trials)
[23:43:04] [seqan3_sam    ]     env (container): BIOTEST_MULTISHOT_K=2 (refine round 4)
[23:43:04] [seqan3_sam    ]     cmd: docker exec biotest-bench-setup python3.12 harness_run.py --mode E2 ...
[23:43:04] [seqan3_sam    ]     budget: 5400s (container)
[00:00:15] [noodles_vcf   ]     rep 1 exit=0 elapsed=2124s
[00:00:24] [noodles_vcf   ]     -> line=37.00% covered=2807/7584 status=ok seeds_after={'vcf_total': 33, 'vcf_kept': 0, 'vcf_synthetic': 0, 'sam_total': 74, 'sam_kept': 0, 'sam_synthetic': 0}
[00:00:24] [noodles_vcf   ] --- rep 2 ---
[00:00:24] [noodles_vcf   ]     seeds entering rep: {'vcf_total': 33, 'vcf_kept': 0, 'vcf_synthetic': 0, 'sam_total': 74, 'sam_kept': 0, 'sam_synthetic': 0}
[00:00:29] [noodles_vcf   ]     reset data/ + bug_reports/ + coverage_artifacts/ (seeds preserved — independent trials)
[00:00:29] [noodles_vcf   ]     cmd: docker exec biotest-bench-setup python3.12 harness_run.py --mode E2 ...
[00:00:29] [noodles_vcf   ]     budget: 5400s (container)
[00:03:05] [vcfpy_vcf     ]     rep 0 exit=0 elapsed=5185s
[00:03:06] [vcfpy_vcf     ]     -> line=72.60% covered=854/1176 status=ok seeds_after={'vcf_total': 33, 'vcf_kept': 0, 'vcf_synthetic': 0, 'sam_total': 74, 'sam_kept': 0, 'sam_synthetic': 0}
[00:03:06] [vcfpy_vcf     ] --- rep 1 ---
[00:03:06] [vcfpy_vcf     ]     seeds entering rep: {'vcf_total': 33, 'vcf_kept': 0, 'vcf_synthetic': 0, 'sam_total': 74, 'sam_kept': 0, 'sam_synthetic': 0}
[00:03:09] [vcfpy_vcf     ]     reset data/ + bug_reports/ + coverage_artifacts/ (seeds preserved — independent trials)
[00:03:09] [vcfpy_vcf     ]     cmd: python harness_run.py --mode E2 --config biotest_config.rep1.yaml --phase B,C,E
[00:03:09] [vcfpy_vcf     ]     budget: 5400s (host)
[00:05:37] [htsjdk_vcf    ]     rep 0 exit=0 elapsed=5338s
[00:05:40] [htsjdk_vcf    ]     -> line=46.90% covered=1744/3716 status=ok seeds_after={'vcf_total': 33, 'vcf_kept': 0, 'vcf_synthetic': 0, 'sam_total': 74, 'sam_kept': 0, 'sam_synthetic': 0}
[00:05:40] [htsjdk_vcf    ] --- rep 1 ---
[00:05:40] [htsjdk_vcf    ]     seeds entering rep: {'vcf_total': 33, 'vcf_kept': 0, 'vcf_synthetic': 0, 'sam_total': 74, 'sam_kept': 0, 'sam_synthetic': 0}
[00:05:43] [htsjdk_vcf    ]     reset data/ + bug_reports/ + coverage_artifacts/ (seeds preserved — independent trials)
[00:05:43] [htsjdk_vcf    ]     cmd: python harness_run.py --mode E2 --config biotest_config.rep1.yaml --phase B,C,E
[00:05:43] [htsjdk_vcf    ]     budget: 5400s (host)
[00:06:40] [biopython_sam ]     timeout after 5400s — terminating
[00:06:40] [htsjdk_sam    ]     timeout after 5400s — terminating
[00:06:40] [biopython_sam ]     rep 0 exit=1 elapsed=5400s
[00:06:40] [biopython_sam ]     -> line=0.00% covered=0/0 status=missing seeds_after={'vcf_total': 33, 'vcf_kept': 0, 'vcf_synthetic': 0, 'sam_total': 74, 'sam_kept': 0, 'sam_synthetic': 0}
[00:06:40] [biopython_sam ] --- rep 1 ---
[00:06:40] [biopython_sam ]     seeds entering rep: {'vcf_total': 33, 'vcf_kept': 0, 'vcf_synthetic': 0, 'sam_total': 74, 'sam_kept': 0, 'sam_synthetic': 0}
[00:06:40] [htsjdk_sam    ]     rep 0 exit=1 elapsed=5400s
[00:06:43] [htsjdk_sam    ]     -> line=31.00% covered=1597/5154 status=ok seeds_after={'vcf_total': 33, 'vcf_kept': 0, 'vcf_synthetic': 0, 'sam_total': 74, 'sam_kept': 0, 'sam_synthetic': 0}
[00:06:43] [htsjdk_sam    ] --- rep 1 ---
[00:06:43] [htsjdk_sam    ]     seeds entering rep: {'vcf_total': 33, 'vcf_kept': 0, 'vcf_synthetic': 0, 'sam_total': 74, 'sam_kept': 0, 'sam_synthetic': 0}
[00:06:44] [biopython_sam ]     reset data/ + bug_reports/ + coverage_artifacts/ (seeds preserved — independent trials)
[00:06:44] [biopython_sam ]     cmd: python harness_run.py --mode E2 --config biotest_config.rep1.yaml --phase B,C,E
[00:06:44] [biopython_sam ]     budget: 5400s (host)
[00:06:44] [biopython_sam ]     env: BIOTEST_MULTISHOT_K=2  BIOTEST_AUTO_INVOKE_PUBLIC_METHODS=1 (refine round 4)
[00:06:49] [htsjdk_sam    ]     reset data/ + bug_reports/ + coverage_artifacts/ (seeds preserved — independent trials)
[00:06:49] [htsjdk_sam    ]     cmd: python harness_run.py --mode E2 --config biotest_config.rep1.yaml --phase B,C,E
[00:06:49] [htsjdk_sam    ]     budget: 5400s (host)
[00:06:49] [htsjdk_sam    ]     env: BIOTEST_MULTISHOT_K=2  BIOTEST_AUTO_INVOKE_PUBLIC_METHODS=1 (refine round 4)
[00:37:52] [noodles_vcf   ]     rep 2 exit=0 elapsed=2243s
[00:37:57] [seqan3_sam    ]     rep 1 exit=0 elapsed=3292s
[00:38:04] [noodles_vcf   ]     -> line=37.10% covered=2811/7584 status=ok seeds_after={'vcf_total': 33, 'vcf_kept': 0, 'vcf_synthetic': 0, 'sam_total': 74, 'sam_kept': 0, 'sam_synthetic': 0}
[00:38:04] [noodles_vcf   ] --- rep 3 ---
[00:38:04] [noodles_vcf   ]     seeds entering rep: {'vcf_total': 33, 'vcf_kept': 0, 'vcf_synthetic': 0, 'sam_total': 74, 'sam_kept': 0, 'sam_synthetic': 0}
[00:38:05] [seqan3_sam    ]     -> line=93.90% covered=756/805 status=ok seeds_after={'vcf_total': 33, 'vcf_kept': 0, 'vcf_synthetic': 0, 'sam_total': 74, 'sam_kept': 0, 'sam_synthetic': 0}
[00:38:05] [seqan3_sam    ] --- rep 2 ---
[00:38:05] [seqan3_sam    ]     seeds entering rep: {'vcf_total': 33, 'vcf_kept': 0, 'vcf_synthetic': 0, 'sam_total': 74, 'sam_kept': 0, 'sam_synthetic': 0}
[00:38:08] [noodles_vcf   ]     reset data/ + bug_reports/ + coverage_artifacts/ (seeds preserved — independent trials)
[00:38:08] [noodles_vcf   ]     cmd: docker exec biotest-bench-setup python3.12 harness_run.py --mode E2 ...
[00:38:08] [noodles_vcf   ]     budget: 5400s (container)
[00:38:15] [seqan3_sam    ]     reset data/ + bug_reports/ + coverage_artifacts/ (seeds preserved — independent trials)
[00:38:15] [seqan3_sam    ]     env (container): BIOTEST_MULTISHOT_K=2 (refine round 4)
[00:38:15] [seqan3_sam    ]     cmd: docker exec biotest-bench-setup python3.12 harness_run.py --mode E2 ...
[00:38:15] [seqan3_sam    ]     budget: 5400s (container)
[01:07:45] [vcfpy_vcf     ]     rep 1 exit=0 elapsed=3876s
[01:07:46] [vcfpy_vcf     ]     -> line=71.90% covered=846/1176 status=ok seeds_after={'vcf_total': 33, 'vcf_kept': 0, 'vcf_synthetic': 0, 'sam_total': 74, 'sam_kept': 0, 'sam_synthetic': 0}
[01:07:46] [vcfpy_vcf     ] --- rep 2 ---
[01:07:46] [vcfpy_vcf     ]     seeds entering rep: {'vcf_total': 33, 'vcf_kept': 0, 'vcf_synthetic': 0, 'sam_total': 74, 'sam_kept': 0, 'sam_synthetic': 0}
[01:07:46] [noodles_vcf   ]     rep 3 exit=0 elapsed=1778s
[01:07:49] [vcfpy_vcf     ]     reset data/ + bug_reports/ + coverage_artifacts/ (seeds preserved — independent trials)
[01:07:49] [vcfpy_vcf     ]     cmd: python harness_run.py --mode E2 --config biotest_config.rep2.yaml --phase B,C,E
[01:07:49] [vcfpy_vcf     ]     budget: 5400s (host)
[01:08:37] [noodles_vcf   ]     -> line=37.10% covered=2812/7584 status=ok seeds_after={'vcf_total': 33, 'vcf_kept': 0, 'vcf_synthetic': 0, 'sam_total': 74, 'sam_kept': 0, 'sam_synthetic': 0}
[01:08:37] [noodles_vcf   ] === cascade complete (4 reps) ===
[master] [noodles_vcf] CASCADE OK
[01:21:55] [htsjdk_vcf    ]     rep 1 exit=0 elapsed=4571s
[01:21:57] [htsjdk_vcf    ]     -> line=47.40% covered=1760/3716 status=ok seeds_after={'vcf_total': 33, 'vcf_kept': 0, 'vcf_synthetic': 0, 'sam_total': 74, 'sam_kept': 0, 'sam_synthetic': 0}
[01:21:57] [htsjdk_vcf    ] --- rep 2 ---
[01:21:57] [htsjdk_vcf    ]     seeds entering rep: {'vcf_total': 33, 'vcf_kept': 0, 'vcf_synthetic': 0, 'sam_total': 74, 'sam_kept': 0, 'sam_synthetic': 0}
[01:22:01] [htsjdk_vcf    ]     reset data/ + bug_reports/ + coverage_artifacts/ (seeds preserved — independent trials)
[01:22:01] [htsjdk_vcf    ]     cmd: python harness_run.py --mode E2 --config biotest_config.rep2.yaml --phase B,C,E
[01:22:01] [htsjdk_vcf    ]     budget: 5400s (host)
[01:31:12] [seqan3_sam    ]     rep 2 exit=0 elapsed=3177s
[01:31:17] [seqan3_sam    ]     -> line=93.90% covered=756/805 status=ok seeds_after={'vcf_total': 33, 'vcf_kept': 0, 'vcf_synthetic': 0, 'sam_total': 74, 'sam_kept': 0, 'sam_synthetic': 0}
[01:31:17] [seqan3_sam    ] --- rep 3 ---
[01:31:17] [seqan3_sam    ]     seeds entering rep: {'vcf_total': 33, 'vcf_kept': 0, 'vcf_synthetic': 0, 'sam_total': 74, 'sam_kept': 0, 'sam_synthetic': 0}
[01:31:27] [seqan3_sam    ]     reset data/ + bug_reports/ + coverage_artifacts/ (seeds preserved — independent trials)
[01:31:27] [seqan3_sam    ]     env (container): BIOTEST_MULTISHOT_K=2 (refine round 4)
[01:31:27] [seqan3_sam    ]     cmd: docker exec biotest-bench-setup python3.12 harness_run.py --mode E2 ...
[01:31:27] [seqan3_sam    ]     budget: 5400s (container)
[01:36:44] [biopython_sam ]     timeout after 5400s — terminating
[01:36:44] [biopython_sam ]     rep 1 exit=1 elapsed=5400s
[01:36:44] [biopython_sam ]     -> line=0.00% covered=0/0 status=missing seeds_after={'vcf_total': 33, 'vcf_kept': 0, 'vcf_synthetic': 0, 'sam_total': 74, 'sam_kept': 0, 'sam_synthetic': 0}
[01:36:44] [biopython_sam ] --- rep 2 ---
[01:36:44] [biopython_sam ]     seeds entering rep: {'vcf_total': 33, 'vcf_kept': 0, 'vcf_synthetic': 0, 'sam_total': 74, 'sam_kept': 0, 'sam_synthetic': 0}
[01:36:47] [biopython_sam ]     reset data/ + bug_reports/ + coverage_artifacts/ (seeds preserved — independent trials)
[01:36:47] [biopython_sam ]     cmd: python harness_run.py --mode E2 --config biotest_config.rep2.yaml --phase B,C,E
[01:36:47] [biopython_sam ]     budget: 5400s (host)
[01:36:47] [biopython_sam ]     env: BIOTEST_MULTISHOT_K=2  BIOTEST_AUTO_INVOKE_PUBLIC_METHODS=1 (refine round 4)
[01:36:49] [htsjdk_sam    ]     timeout after 5400s — terminating
[01:36:49] [htsjdk_sam    ]     rep 1 exit=1 elapsed=5400s
[01:36:53] [htsjdk_sam    ]     -> line=30.90% covered=1594/5154 status=ok seeds_after={'vcf_total': 33, 'vcf_kept': 0, 'vcf_synthetic': 0, 'sam_total': 74, 'sam_kept': 0, 'sam_synthetic': 0}
[01:36:53] [htsjdk_sam    ] --- rep 2 ---
[01:36:53] [htsjdk_sam    ]     seeds entering rep: {'vcf_total': 33, 'vcf_kept': 0, 'vcf_synthetic': 0, 'sam_total': 74, 'sam_kept': 0, 'sam_synthetic': 0}
[01:37:02] [htsjdk_sam    ]     reset data/ + bug_reports/ + coverage_artifacts/ (seeds preserved — independent trials)
[01:37:02] [htsjdk_sam    ]     cmd: python harness_run.py --mode E2 --config biotest_config.rep2.yaml --phase B,C,E
[01:37:02] [htsjdk_sam    ]     budget: 5400s (host)
[01:37:02] [htsjdk_sam    ]     env: BIOTEST_MULTISHOT_K=2  BIOTEST_AUTO_INVOKE_PUBLIC_METHODS=1 (refine round 4)
[02:07:00] [seqan3_sam    ]     rep 3 exit=0 elapsed=2133s
[02:07:05] [seqan3_sam    ]     -> line=93.90% covered=756/805 status=ok seeds_after={'vcf_total': 33, 'vcf_kept': 0, 'vcf_synthetic': 0, 'sam_total': 74, 'sam_kept': 0, 'sam_synthetic': 0}
[02:07:05] [seqan3_sam    ] === cascade complete (4 reps) ===
[master] [seqan3_sam] CASCADE OK
[02:09:24] [vcfpy_vcf     ]     rep 2 exit=0 elapsed=3695s
[02:09:25] [vcfpy_vcf     ]     -> line=71.90% covered=846/1176 status=ok seeds_after={'vcf_total': 33, 'vcf_kept': 0, 'vcf_synthetic': 0, 'sam_total': 74, 'sam_kept': 0, 'sam_synthetic': 0}
[02:09:25] [vcfpy_vcf     ] --- rep 3 ---
[02:09:25] [vcfpy_vcf     ]     seeds entering rep: {'vcf_total': 33, 'vcf_kept': 0, 'vcf_synthetic': 0, 'sam_total': 74, 'sam_kept': 0, 'sam_synthetic': 0}
[02:09:28] [vcfpy_vcf     ]     reset data/ + bug_reports/ + coverage_artifacts/ (seeds preserved — independent trials)
[02:09:28] [vcfpy_vcf     ]     cmd: python harness_run.py --mode E2 --config biotest_config.rep3.yaml --phase B,C,E
[02:09:28] [vcfpy_vcf     ]     budget: 5400s (host)
[02:15:46] [htsjdk_vcf    ]     rep 2 exit=0 elapsed=3225s
[02:15:48] [htsjdk_vcf    ]     -> line=45.90% covered=1705/3716 status=ok seeds_after={'vcf_total': 33, 'vcf_kept': 0, 'vcf_synthetic': 0, 'sam_total': 74, 'sam_kept': 0, 'sam_synthetic': 0}
[02:15:48] [htsjdk_vcf    ] --- rep 3 ---
[02:15:48] [htsjdk_vcf    ]     seeds entering rep: {'vcf_total': 33, 'vcf_kept': 0, 'vcf_synthetic': 0, 'sam_total': 74, 'sam_kept': 0, 'sam_synthetic': 0}
[02:15:51] [htsjdk_vcf    ]     reset data/ + bug_reports/ + coverage_artifacts/ (seeds preserved — independent trials)
[02:15:51] [htsjdk_vcf    ]     cmd: python harness_run.py --mode E2 --config biotest_config.rep3.yaml --phase B,C,E
[02:15:51] [htsjdk_vcf    ]     budget: 5400s (host)
[03:04:40] [vcfpy_vcf     ]     rep 3 exit=0 elapsed=3312s
[03:04:41] [vcfpy_vcf     ]     -> line=72.60% covered=854/1176 status=ok seeds_after={'vcf_total': 33, 'vcf_kept': 0, 'vcf_synthetic': 0, 'sam_total': 74, 'sam_kept': 0, 'sam_synthetic': 0}
[03:04:41] [vcfpy_vcf     ] === cascade complete (4 reps) ===
[master] [vcfpy_vcf] CASCADE OK
[03:06:47] [biopython_sam ]     timeout after 5400s — terminating
[03:06:47] [biopython_sam ]     rep 2 exit=1 elapsed=5400s
[03:06:47] [biopython_sam ]     -> line=0.00% covered=0/0 status=missing seeds_after={'vcf_total': 33, 'vcf_kept': 0, 'vcf_synthetic': 0, 'sam_total': 74, 'sam_kept': 0, 'sam_synthetic': 0}
[03:06:47] [biopython_sam ] --- rep 3 ---
[03:06:47] [biopython_sam ]     seeds entering rep: {'vcf_total': 33, 'vcf_kept': 0, 'vcf_synthetic': 0, 'sam_total': 74, 'sam_kept': 0, 'sam_synthetic': 0}
[03:06:56] [biopython_sam ]     reset data/ + bug_reports/ + coverage_artifacts/ (seeds preserved — independent trials)
[03:06:56] [biopython_sam ]     cmd: python harness_run.py --mode E2 --config biotest_config.rep3.yaml --phase B,C,E
[03:06:56] [biopython_sam ]     budget: 5400s (host)
[03:06:56] [biopython_sam ]     env: BIOTEST_MULTISHOT_K=2  BIOTEST_AUTO_INVOKE_PUBLIC_METHODS=1 (refine round 4)
[03:07:02] [htsjdk_sam    ]     timeout after 5400s — terminating
[03:07:02] [htsjdk_sam    ]     rep 2 exit=1 elapsed=5400s
[03:07:04] [htsjdk_sam    ]     -> line=31.00% covered=1597/5154 status=ok seeds_after={'vcf_total': 33, 'vcf_kept': 0, 'vcf_synthetic': 0, 'sam_total': 74, 'sam_kept': 0, 'sam_synthetic': 0}
[03:07:04] [htsjdk_sam    ] --- rep 3 ---
[03:07:04] [htsjdk_sam    ]     seeds entering rep: {'vcf_total': 33, 'vcf_kept': 0, 'vcf_synthetic': 0, 'sam_total': 74, 'sam_kept': 0, 'sam_synthetic': 0}
[03:07:13] [htsjdk_sam    ]     reset data/ + bug_reports/ + coverage_artifacts/ (seeds preserved — independent trials)
[03:07:13] [htsjdk_sam    ]     cmd: python harness_run.py --mode E2 --config biotest_config.rep3.yaml --phase B,C,E
[03:07:13] [htsjdk_sam    ]     budget: 5400s (host)
[03:07:13] [htsjdk_sam    ]     env: BIOTEST_MULTISHOT_K=2  BIOTEST_AUTO_INVOKE_PUBLIC_METHODS=1 (refine round 4)
[03:10:52] [htsjdk_vcf    ]     rep 3 exit=0 elapsed=3301s
[03:10:54] [htsjdk_vcf    ]     -> line=47.90% covered=1781/3716 status=ok seeds_after={'vcf_total': 33, 'vcf_kept': 0, 'vcf_synthetic': 0, 'sam_total': 74, 'sam_kept': 0, 'sam_synthetic': 0}
[03:10:54] [htsjdk_vcf    ] === cascade complete (4 reps) ===
[master] [htsjdk_vcf] CASCADE OK
[04:36:56] [biopython_sam ]     timeout after 5400s — terminating
[04:36:56] [biopython_sam ]     rep 3 exit=1 elapsed=5400s
[04:36:56] [biopython_sam ]     -> line=0.00% covered=0/0 status=missing seeds_after={'vcf_total': 33, 'vcf_kept': 0, 'vcf_synthetic': 0, 'sam_total': 74, 'sam_kept': 0, 'sam_synthetic': 0}
[04:36:56] [biopython_sam ] === cascade complete (4 reps) ===
[master] [biopython_sam] CASCADE OK
[04:37:14] [htsjdk_sam    ]     timeout after 5400s — terminating
[04:37:14] [htsjdk_sam    ]     rep 3 exit=1 elapsed=5400s
[04:37:16] [htsjdk_sam    ]     -> line=31.00% covered=1597/5154 status=ok seeds_after={'vcf_total': 33, 'vcf_kept': 0, 'vcf_synthetic': 0, 'sam_total': 74, 'sam_kept': 0, 'sam_synthetic': 0}
[04:37:16] [htsjdk_sam    ] === cascade complete (4 reps) ===
[master] [htsjdk_sam] CASCADE OK

[master] all cells complete in 360.6 min
E2 done at Sun May  3 04:37:16 CDT 2026
===E2 4REP DONE===
