[05:59:04] [vcfpy_vcf     ] === cascade start (host, max_iter=2) ===
[05:59:04] [vcfpy_vcf     ]     initial seeds: VCF=33  SAM=74
[05:59:04] [vcfpy_vcf     ] --- rep 0 ---
[05:59:04] [vcfpy_vcf     ]     seeds entering rep: {'vcf_total': 33, 'vcf_kept': 0, 'vcf_synthetic': 0, 'sam_total': 74, 'sam_kept': 0, 'sam_synthetic': 0}
[05:59:04] [vcfpy_vcf     ]     reset data/ + bug_reports/ (seeds + coverage_artifacts preserved — cumulative cascade)
[05:59:04] [vcfpy_vcf     ]     cmd: python harness_run.py --mode E0 --config biotest_config.rep0.yaml --phase D,E
[05:59:04] [vcfpy_vcf     ]     budget: 5400s (host)
[07:17:16] [vcfpy_vcf     ]     rep 0 exit=0 elapsed=4692s
[07:17:17] [vcfpy_vcf     ]     -> line=72.50% covered=853/1176 status=ok seeds_after={'vcf_total': 49, 'vcf_kept': 16, 'vcf_synthetic': 0, 'sam_total': 74, 'sam_kept': 0, 'sam_synthetic': 0}
[07:17:17] [vcfpy_vcf     ] --- rep 1 ---
[07:17:17] [vcfpy_vcf     ]     seeds entering rep: {'vcf_total': 49, 'vcf_kept': 16, 'vcf_synthetic': 0, 'sam_total': 74, 'sam_kept': 0, 'sam_synthetic': 0}
[07:17:22] [vcfpy_vcf     ]     reset data/ + bug_reports/ (seeds + coverage_artifacts preserved — cumulative cascade)
[07:17:22] [vcfpy_vcf     ]     cmd: python harness_run.py --mode E0 --config biotest_config.rep1.yaml --phase D,E
[07:17:22] [vcfpy_vcf     ]     budget: 5400s (host)
[08:36:31] [vcfpy_vcf     ]     rep 1 exit=0 elapsed=4749s
[08:36:31] [vcfpy_vcf     ]     -> line=71.90% covered=846/1176 status=ok seeds_after={'vcf_total': 105, 'vcf_kept': 72, 'vcf_synthetic': 0, 'sam_total': 74, 'sam_kept': 0, 'sam_synthetic': 0}
[08:36:31] [vcfpy_vcf     ] --- rep 2 ---
[08:36:31] [vcfpy_vcf     ]     seeds entering rep: {'vcf_total': 105, 'vcf_kept': 72, 'vcf_synthetic': 0, 'sam_total': 74, 'sam_kept': 0, 'sam_synthetic': 0}
[08:36:34] [vcfpy_vcf     ]     reset data/ + bug_reports/ (seeds + coverage_artifacts preserved — cumulative cascade)
[08:36:34] [vcfpy_vcf     ]     cmd: python harness_run.py --mode E0 --config biotest_config.rep2.yaml --phase D,E
[08:36:34] [vcfpy_vcf     ]     budget: 5400s (host)
[10:01:27] [vcfpy_vcf     ]     rep 2 exit=0 elapsed=5093s
[10:01:28] [vcfpy_vcf     ]     -> line=72.50% covered=853/1176 status=ok seeds_after={'vcf_total': 197, 'vcf_kept': 164, 'vcf_synthetic': 0, 'sam_total': 74, 'sam_kept': 0, 'sam_synthetic': 0}
[10:01:28] [vcfpy_vcf     ] === cascade complete (3 reps) ===
