[22:36:39] [seqan3_sam    ] === cascade start (container, max_iter=2) ===
[22:36:40] [seqan3_sam    ]     initial seeds: VCF=33  SAM=74
[22:36:40] [seqan3_sam    ] --- rep 0 ---
[22:36:40] [seqan3_sam    ]     seeds entering rep: {'vcf_total': 33, 'vcf_kept': 0, 'vcf_synthetic': 0, 'sam_total': 74, 'sam_kept': 0, 'sam_synthetic': 0}
[22:36:40] [seqan3_sam    ]     reset data/ + bug_reports/ + coverage_artifacts/ (seeds preserved — independent trials)
[22:36:40] [seqan3_sam    ]     env (container): BIOTEST_MULTISHOT_K=2 (refine round 4)
[22:36:40] [seqan3_sam    ]     cmd: docker exec biotest-bench-setup python3.12 harness_run.py --mode E2 ...
[22:36:40] [seqan3_sam    ]     budget: 5400s (container)
[23:42:46] [seqan3_sam    ]     rep 0 exit=0 elapsed=3966s
[23:42:53] [seqan3_sam    ]     -> line=94.20% covered=758/805 status=ok seeds_after={'vcf_total': 33, 'vcf_kept': 0, 'vcf_synthetic': 0, 'sam_total': 74, 'sam_kept': 0, 'sam_synthetic': 0}
[23:42:53] [seqan3_sam    ] --- rep 1 ---
[23:42:53] [seqan3_sam    ]     seeds entering rep: {'vcf_total': 33, 'vcf_kept': 0, 'vcf_synthetic': 0, 'sam_total': 74, 'sam_kept': 0, 'sam_synthetic': 0}
[23:43:04] [seqan3_sam    ]     reset data/ + bug_reports/ + coverage_artifacts/ (seeds preserved — independent trials)
[23:43:04] [seqan3_sam    ]     env (container): BIOTEST_MULTISHOT_K=2 (refine round 4)
[23:43:04] [seqan3_sam    ]     cmd: docker exec biotest-bench-setup python3.12 harness_run.py --mode E2 ...
[23:43:04] [seqan3_sam    ]     budget: 5400s (container)
[00:37:57] [seqan3_sam    ]     rep 1 exit=0 elapsed=3292s
[00:38:05] [seqan3_sam    ]     -> line=93.90% covered=756/805 status=ok seeds_after={'vcf_total': 33, 'vcf_kept': 0, 'vcf_synthetic': 0, 'sam_total': 74, 'sam_kept': 0, 'sam_synthetic': 0}
[00:38:05] [seqan3_sam    ] --- rep 2 ---
[00:38:05] [seqan3_sam    ]     seeds entering rep: {'vcf_total': 33, 'vcf_kept': 0, 'vcf_synthetic': 0, 'sam_total': 74, 'sam_kept': 0, 'sam_synthetic': 0}
[00:38:15] [seqan3_sam    ]     reset data/ + bug_reports/ + coverage_artifacts/ (seeds preserved — independent trials)
[00:38:15] [seqan3_sam    ]     env (container): BIOTEST_MULTISHOT_K=2 (refine round 4)
[00:38:15] [seqan3_sam    ]     cmd: docker exec biotest-bench-setup python3.12 harness_run.py --mode E2 ...
[00:38:15] [seqan3_sam    ]     budget: 5400s (container)
[01:31:12] [seqan3_sam    ]     rep 2 exit=0 elapsed=3177s
[01:31:17] [seqan3_sam    ]     -> line=93.90% covered=756/805 status=ok seeds_after={'vcf_total': 33, 'vcf_kept': 0, 'vcf_synthetic': 0, 'sam_total': 74, 'sam_kept': 0, 'sam_synthetic': 0}
[01:31:17] [seqan3_sam    ] --- rep 3 ---
[01:31:17] [seqan3_sam    ]     seeds entering rep: {'vcf_total': 33, 'vcf_kept': 0, 'vcf_synthetic': 0, 'sam_total': 74, 'sam_kept': 0, 'sam_synthetic': 0}
[01:31:27] [seqan3_sam    ]     reset data/ + bug_reports/ + coverage_artifacts/ (seeds preserved — independent trials)
[01:31:27] [seqan3_sam    ]     env (container): BIOTEST_MULTISHOT_K=2 (refine round 4)
[01:31:27] [seqan3_sam    ]     cmd: docker exec biotest-bench-setup python3.12 harness_run.py --mode E2 ...
[01:31:27] [seqan3_sam    ]     budget: 5400s (container)
[02:07:00] [seqan3_sam    ]     rep 3 exit=0 elapsed=2133s
[02:07:05] [seqan3_sam    ]     -> line=93.90% covered=756/805 status=ok seeds_after={'vcf_total': 33, 'vcf_kept': 0, 'vcf_synthetic': 0, 'sam_total': 74, 'sam_kept': 0, 'sam_synthetic': 0}
[02:07:05] [seqan3_sam    ] === cascade complete (4 reps) ===
