starting E2 v2 (sampling Phase C, same engine as E0) 4-rep at Sun May  3 13:21:01 CDT 2026
[master] cells: ['htsjdk_vcf', 'vcfpy_vcf', 'noodles_vcf', 'htsjdk_sam', 'biopython_sam', 'seqan3_sam']
[master] vcf_budget_s=5400  sam_budget_s=5400  reps=4
[setup] preparing container cov binaries...
[setup] container cov binaries ready
[master] launching 6 cells in parallel...
[master] cumulative=False
[13:21:05] [htsjdk_vcf    ] === cascade start (host, max_iter=2) ===
[13:21:05] [vcfpy_vcf     ] === cascade start (host, max_iter=2) ===
[13:21:05] [noodles_vcf   ] === cascade start (container, max_iter=2) ===
[13:21:05] [htsjdk_sam    ] === cascade start (host, max_iter=2) ===
[13:21:05] [biopython_sam ] === cascade start (host, max_iter=2) ===
[13:21:05] [seqan3_sam    ] === cascade start (container, max_iter=2) ===
[13:21:05] [seqan3_sam    ]     initial seeds: VCF=33  SAM=74
[13:21:05] [seqan3_sam    ] --- rep 0 ---
[13:21:05] [biopython_sam ]     initial seeds: VCF=33  SAM=74
[13:21:05] [biopython_sam ] --- rep 0 ---
[13:21:05] [vcfpy_vcf     ]     initial seeds: VCF=33  SAM=74
[13:21:05] [vcfpy_vcf     ] --- rep 0 ---
[13:21:05] [noodles_vcf   ]     initial seeds: VCF=33  SAM=74
[13:21:05] [noodles_vcf   ] --- rep 0 ---
[13:21:05] [htsjdk_vcf    ]     initial seeds: VCF=33  SAM=74
[13:21:05] [htsjdk_vcf    ] --- rep 0 ---
[13:21:05] [htsjdk_sam    ]     initial seeds: VCF=33  SAM=74
[13:21:05] [htsjdk_sam    ] --- rep 0 ---
[13:21:05] [vcfpy_vcf     ]     seeds entering rep: {'vcf_total': 33, 'vcf_kept': 0, 'vcf_synthetic': 0, 'sam_total': 74, 'sam_kept': 0, 'sam_synthetic': 0}
[13:21:05] [seqan3_sam    ]     seeds entering rep: {'vcf_total': 33, 'vcf_kept': 0, 'vcf_synthetic': 0, 'sam_total': 74, 'sam_kept': 0, 'sam_synthetic': 0}
[13:21:05] [biopython_sam ]     seeds entering rep: {'vcf_total': 33, 'vcf_kept': 0, 'vcf_synthetic': 0, 'sam_total': 74, 'sam_kept': 0, 'sam_synthetic': 0}
[13:21:05] [noodles_vcf   ]     seeds entering rep: {'vcf_total': 33, 'vcf_kept': 0, 'vcf_synthetic': 0, 'sam_total': 74, 'sam_kept': 0, 'sam_synthetic': 0}
[13:21:05] [htsjdk_vcf    ]     seeds entering rep: {'vcf_total': 33, 'vcf_kept': 0, 'vcf_synthetic': 0, 'sam_total': 74, 'sam_kept': 0, 'sam_synthetic': 0}
[13:21:05] [htsjdk_sam    ]     seeds entering rep: {'vcf_total': 33, 'vcf_kept': 0, 'vcf_synthetic': 0, 'sam_total': 74, 'sam_kept': 0, 'sam_synthetic': 0}
[13:21:05] [vcfpy_vcf     ]     reset data/ + bug_reports/ + coverage_artifacts/ (seeds preserved — independent trials)
[13:21:05] [seqan3_sam    ]     reset data/ + bug_reports/ + coverage_artifacts/ (seeds preserved — independent trials)
[13:21:05] [biopython_sam ]     reset data/ + bug_reports/ + coverage_artifacts/ (seeds preserved — independent trials)
[13:21:05] [noodles_vcf   ]     reset data/ + bug_reports/ + coverage_artifacts/ (seeds preserved — independent trials)
[13:21:05] [htsjdk_vcf    ]     reset data/ + bug_reports/ + coverage_artifacts/ (seeds preserved — independent trials)
[13:21:05] [htsjdk_sam    ]     reset data/ + bug_reports/ + coverage_artifacts/ (seeds preserved — independent trials)
[13:21:05] [vcfpy_vcf     ]     cmd: python harness_run.py --mode E2 --config biotest_config.rep0.yaml --phase B,C,E
[13:21:05] [vcfpy_vcf     ]     budget: 5400s (host)
[13:21:05] [biopython_sam ]     cmd: python harness_run.py --mode E2 --config biotest_config.rep0.yaml --phase B,C,E
[13:21:05] [biopython_sam ]     budget: 5400s (host)
[13:21:05] [noodles_vcf   ]     cmd: docker exec biotest-bench-setup python3.12 harness_run.py --mode E2 ...
[13:21:05] [noodles_vcf   ]     budget: 5400s (container)
[13:21:05] [biopython_sam ]     env: BIOTEST_MULTISHOT_K=2  BIOTEST_AUTO_INVOKE_PUBLIC_METHODS=1 (refine round 4)
[13:21:05] [htsjdk_vcf    ]     cmd: python harness_run.py --mode E2 --config biotest_config.rep0.yaml --phase B,C,E
[13:21:05] [htsjdk_vcf    ]     budget: 5400s (host)
[13:21:05] [seqan3_sam    ]     env (container): BIOTEST_MULTISHOT_K=2 (refine round 4)
[13:21:05] [seqan3_sam    ]     cmd: docker exec biotest-bench-setup python3.12 harness_run.py --mode E2 ...
[13:21:05] [seqan3_sam    ]     budget: 5400s (container)
[13:21:05] [htsjdk_sam    ]     cmd: python harness_run.py --mode E2 --config biotest_config.rep0.yaml --phase B,C,E
[13:21:05] [htsjdk_sam    ]     budget: 5400s (host)
[13:21:05] [htsjdk_sam    ]     env: BIOTEST_MULTISHOT_K=2  BIOTEST_AUTO_INVOKE_PUBLIC_METHODS=1 (refine round 4)
[14:43:33] [noodles_vcf   ]     rep 0 exit=0 elapsed=4948s
[14:44:37] [noodles_vcf   ]     -> line=33.50% covered=2542/7584 status=ok seeds_after={'vcf_total': 33, 'vcf_kept': 0, 'vcf_synthetic': 0, 'sam_total': 74, 'sam_kept': 0, 'sam_synthetic': 0}
[14:44:37] [noodles_vcf   ] --- rep 1 ---
[14:44:37] [noodles_vcf   ]     seeds entering rep: {'vcf_total': 33, 'vcf_kept': 0, 'vcf_synthetic': 0, 'sam_total': 74, 'sam_kept': 0, 'sam_synthetic': 0}
[14:44:40] [noodles_vcf   ]     reset data/ + bug_reports/ + coverage_artifacts/ (seeds preserved — independent trials)
[14:44:40] [noodles_vcf   ]     cmd: docker exec biotest-bench-setup python3.12 harness_run.py --mode E2 ...
[14:44:40] [noodles_vcf   ]     budget: 5400s (container)
[14:51:05] [htsjdk_vcf    ]     timeout after 5400s — terminating
[14:51:05] [htsjdk_sam    ]     timeout after 5400s — terminating
[14:51:05] [biopython_sam ]     timeout after 5400s — terminating
[14:51:05] [vcfpy_vcf     ]     timeout after 5400s — terminating
[14:51:05] [htsjdk_sam    ]     rep 0 exit=1 elapsed=5400s
[14:51:05] [biopython_sam ]     rep 0 exit=1 elapsed=5400s
[14:51:05] [biopython_sam ]     -> line=0.00% covered=0/0 status=missing seeds_after={'vcf_total': 33, 'vcf_kept': 0, 'vcf_synthetic': 0, 'sam_total': 74, 'sam_kept': 0, 'sam_synthetic': 0}
[14:51:05] [biopython_sam ] --- rep 1 ---
[14:51:05] [biopython_sam ]     seeds entering rep: {'vcf_total': 33, 'vcf_kept': 0, 'vcf_synthetic': 0, 'sam_total': 74, 'sam_kept': 0, 'sam_synthetic': 0}
[14:51:05] [vcfpy_vcf     ]     rep 0 exit=1 elapsed=5400s
[14:51:05] [vcfpy_vcf     ]     -> line=0.00% covered=0/0 status=missing seeds_after={'vcf_total': 33, 'vcf_kept': 0, 'vcf_synthetic': 0, 'sam_total': 74, 'sam_kept': 0, 'sam_synthetic': 0}
[14:51:05] [vcfpy_vcf     ] --- rep 1 ---
[14:51:05] [htsjdk_vcf    ]     rep 0 exit=1 elapsed=5400s
[14:51:05] [vcfpy_vcf     ]     seeds entering rep: {'vcf_total': 33, 'vcf_kept': 0, 'vcf_synthetic': 0, 'sam_total': 74, 'sam_kept': 0, 'sam_synthetic': 0}
[14:51:07] [biopython_sam ]     reset data/ + bug_reports/ + coverage_artifacts/ (seeds preserved — independent trials)
[14:51:07] [biopython_sam ]     cmd: python harness_run.py --mode E2 --config biotest_config.rep1.yaml --phase B,C,E
[14:51:07] [biopython_sam ]     budget: 5400s (host)
[14:51:07] [biopython_sam ]     env: BIOTEST_MULTISHOT_K=2  BIOTEST_AUTO_INVOKE_PUBLIC_METHODS=1 (refine round 4)
[14:51:07] [seqan3_sam    ]     rep 0 exit=0 elapsed=5402s
[14:51:09] [vcfpy_vcf     ]     reset data/ + bug_reports/ + coverage_artifacts/ (seeds preserved — independent trials)
[14:51:09] [vcfpy_vcf     ]     cmd: python harness_run.py --mode E2 --config biotest_config.rep1.yaml --phase B,C,E
[14:51:09] [vcfpy_vcf     ]     budget: 5400s (host)
[14:51:10] [htsjdk_sam    ]     -> line=27.50% covered=1418/5154 status=ok seeds_after={'vcf_total': 33, 'vcf_kept': 0, 'vcf_synthetic': 0, 'sam_total': 74, 'sam_kept': 0, 'sam_synthetic': 0}
[14:51:10] [htsjdk_sam    ] --- rep 1 ---
[14:51:10] [htsjdk_sam    ]     seeds entering rep: {'vcf_total': 33, 'vcf_kept': 0, 'vcf_synthetic': 0, 'sam_total': 74, 'sam_kept': 0, 'sam_synthetic': 0}
[14:51:10] [htsjdk_vcf    ]     -> line=43.20% covered=1606/3716 status=ok seeds_after={'vcf_total': 33, 'vcf_kept': 0, 'vcf_synthetic': 0, 'sam_total': 74, 'sam_kept': 0, 'sam_synthetic': 0}
[14:51:10] [htsjdk_vcf    ] --- rep 1 ---
[14:51:10] [htsjdk_vcf    ]     seeds entering rep: {'vcf_total': 33, 'vcf_kept': 0, 'vcf_synthetic': 0, 'sam_total': 74, 'sam_kept': 0, 'sam_synthetic': 0}
[14:51:11] [htsjdk_vcf    ]     reset data/ + bug_reports/ + coverage_artifacts/ (seeds preserved — independent trials)
[14:51:11] [htsjdk_vcf    ]     cmd: python harness_run.py --mode E2 --config biotest_config.rep1.yaml --phase B,C,E
[14:51:11] [htsjdk_vcf    ]     budget: 5400s (host)
[14:51:12] [htsjdk_sam    ]     reset data/ + bug_reports/ + coverage_artifacts/ (seeds preserved — independent trials)
[14:51:12] [htsjdk_sam    ]     cmd: python harness_run.py --mode E2 --config biotest_config.rep1.yaml --phase B,C,E
[14:51:12] [htsjdk_sam    ]     budget: 5400s (host)
[14:51:12] [htsjdk_sam    ]     env: BIOTEST_MULTISHOT_K=2  BIOTEST_AUTO_INVOKE_PUBLIC_METHODS=1 (refine round 4)
[master] [seqan3_sam] CASCADE FAILED: Command '['docker', 'exec', 'biotest-bench-setup', 'bash', '-lc', "python3.12 -m gcovr --json -o /work/compares/ApplicationStudy/E2_no_phase_d/results_4rep/seqan3_sam/work/coverage_artifacts/gcovr.json --root /opt/seqan3/include --filter '.*seqan3.*' --gcov-executable 'llvm-cov-18 gcov' /work/harnesses/cpp/build"]' timed out after 180 seconds
[15:45:16] [noodles_vcf   ]     rep 1 exit=0 elapsed=3636s
[15:45:26] [noodles_vcf   ]     -> line=33.30% covered=2524/7584 status=ok seeds_after={'vcf_total': 33, 'vcf_kept': 0, 'vcf_synthetic': 0, 'sam_total': 74, 'sam_kept': 0, 'sam_synthetic': 0}
[15:45:26] [noodles_vcf   ] --- rep 2 ---
[15:45:26] [noodles_vcf   ]     seeds entering rep: {'vcf_total': 33, 'vcf_kept': 0, 'vcf_synthetic': 0, 'sam_total': 74, 'sam_kept': 0, 'sam_synthetic': 0}
[15:45:27] [noodles_vcf   ]     reset data/ + bug_reports/ + coverage_artifacts/ (seeds preserved — independent trials)
[15:45:27] [noodles_vcf   ]     cmd: docker exec biotest-bench-setup python3.12 harness_run.py --mode E2 ...
[15:45:27] [noodles_vcf   ]     budget: 5400s (container)
[16:12:10] [noodles_vcf   ]     rep 2 exit=0 elapsed=1603s
[16:12:24] [noodles_vcf   ]     -> line=34.90% covered=2648/7584 status=ok seeds_after={'vcf_total': 33, 'vcf_kept': 0, 'vcf_synthetic': 0, 'sam_total': 74, 'sam_kept': 0, 'sam_synthetic': 0}
[16:12:24] [noodles_vcf   ] --- rep 3 ---
[16:12:24] [noodles_vcf   ]     seeds entering rep: {'vcf_total': 33, 'vcf_kept': 0, 'vcf_synthetic': 0, 'sam_total': 74, 'sam_kept': 0, 'sam_synthetic': 0}
[16:12:27] [noodles_vcf   ]     reset data/ + bug_reports/ + coverage_artifacts/ (seeds preserved — independent trials)
[16:12:27] [noodles_vcf   ]     cmd: docker exec biotest-bench-setup python3.12 harness_run.py --mode E2 ...
[16:12:27] [noodles_vcf   ]     budget: 5400s (container)
[16:21:07] [biopython_sam ]     timeout after 5400s — terminating
[16:21:07] [biopython_sam ]     rep 1 exit=1 elapsed=5400s
[16:21:07] [biopython_sam ]     -> line=0.00% covered=0/0 status=missing seeds_after={'vcf_total': 33, 'vcf_kept': 0, 'vcf_synthetic': 0, 'sam_total': 74, 'sam_kept': 0, 'sam_synthetic': 0}
[16:21:07] [biopython_sam ] --- rep 2 ---
[16:21:07] [biopython_sam ]     seeds entering rep: {'vcf_total': 33, 'vcf_kept': 0, 'vcf_synthetic': 0, 'sam_total': 74, 'sam_kept': 0, 'sam_synthetic': 0}
[16:21:09] [vcfpy_vcf     ]     timeout after 5400s — terminating
[16:21:09] [vcfpy_vcf     ]     rep 1 exit=1 elapsed=5400s
[16:21:09] [vcfpy_vcf     ]     -> line=0.00% covered=0/0 status=missing seeds_after={'vcf_total': 33, 'vcf_kept': 0, 'vcf_synthetic': 0, 'sam_total': 74, 'sam_kept': 0, 'sam_synthetic': 0}
[16:21:09] [vcfpy_vcf     ] --- rep 2 ---
[16:21:09] [vcfpy_vcf     ]     seeds entering rep: {'vcf_total': 33, 'vcf_kept': 0, 'vcf_synthetic': 0, 'sam_total': 74, 'sam_kept': 0, 'sam_synthetic': 0}
[16:21:10] [biopython_sam ]     reset data/ + bug_reports/ + coverage_artifacts/ (seeds preserved — independent trials)
[16:21:10] [biopython_sam ]     cmd: python harness_run.py --mode E2 --config biotest_config.rep2.yaml --phase B,C,E
[16:21:10] [biopython_sam ]     budget: 5400s (host)
[16:21:10] [biopython_sam ]     env: BIOTEST_MULTISHOT_K=2  BIOTEST_AUTO_INVOKE_PUBLIC_METHODS=1 (refine round 4)
[16:21:11] [vcfpy_vcf     ]     reset data/ + bug_reports/ + coverage_artifacts/ (seeds preserved — independent trials)
[16:21:11] [vcfpy_vcf     ]     cmd: python harness_run.py --mode E2 --config biotest_config.rep2.yaml --phase B,C,E
[16:21:11] [vcfpy_vcf     ]     budget: 5400s (host)
[16:21:11] [htsjdk_vcf    ]     timeout after 5400s — terminating
[16:21:11] [htsjdk_vcf    ]     rep 1 exit=1 elapsed=5400s
[16:21:12] [htsjdk_sam    ]     timeout after 5400s — terminating
[16:21:12] [htsjdk_sam    ]     rep 1 exit=1 elapsed=5400s
[16:21:15] [htsjdk_vcf    ]     -> line=43.10% covered=1601/3716 status=ok seeds_after={'vcf_total': 33, 'vcf_kept': 0, 'vcf_synthetic': 0, 'sam_total': 74, 'sam_kept': 0, 'sam_synthetic': 0}
[16:21:15] [htsjdk_vcf    ] --- rep 2 ---
[16:21:15] [htsjdk_vcf    ]     seeds entering rep: {'vcf_total': 33, 'vcf_kept': 0, 'vcf_synthetic': 0, 'sam_total': 74, 'sam_kept': 0, 'sam_synthetic': 0}
[16:21:15] [htsjdk_sam    ]     -> line=30.80% covered=1590/5154 status=ok seeds_after={'vcf_total': 33, 'vcf_kept': 0, 'vcf_synthetic': 0, 'sam_total': 74, 'sam_kept': 0, 'sam_synthetic': 0}
[16:21:15] [htsjdk_sam    ] --- rep 2 ---
[16:21:15] [htsjdk_sam    ]     seeds entering rep: {'vcf_total': 33, 'vcf_kept': 0, 'vcf_synthetic': 0, 'sam_total': 74, 'sam_kept': 0, 'sam_synthetic': 0}
[16:21:16] [htsjdk_vcf    ]     reset data/ + bug_reports/ + coverage_artifacts/ (seeds preserved — independent trials)
[16:21:16] [htsjdk_vcf    ]     cmd: python harness_run.py --mode E2 --config biotest_config.rep2.yaml --phase B,C,E
[16:21:16] [htsjdk_vcf    ]     budget: 5400s (host)
[16:21:19] [htsjdk_sam    ]     reset data/ + bug_reports/ + coverage_artifacts/ (seeds preserved — independent trials)
[16:21:19] [htsjdk_sam    ]     cmd: python harness_run.py --mode E2 --config biotest_config.rep2.yaml --phase B,C,E
[16:21:19] [htsjdk_sam    ]     budget: 5400s (host)
[16:21:19] [htsjdk_sam    ]     env: BIOTEST_MULTISHOT_K=2  BIOTEST_AUTO_INVOKE_PUBLIC_METHODS=1 (refine round 4)
[17:11:36] [noodles_vcf   ]     rep 3 exit=0 elapsed=3549s
[17:11:47] [noodles_vcf   ]     -> line=35.70% covered=2707/7584 status=ok seeds_after={'vcf_total': 33, 'vcf_kept': 0, 'vcf_synthetic': 0, 'sam_total': 74, 'sam_kept': 0, 'sam_synthetic': 0}
[17:11:47] [noodles_vcf   ] === cascade complete (4 reps) ===
[master] [noodles_vcf] CASCADE OK
[17:51:10] [biopython_sam ]     timeout after 5400s — terminating
[17:51:10] [biopython_sam ]     rep 2 exit=1 elapsed=5400s
[17:51:10] [biopython_sam ]     -> line=0.00% covered=0/0 status=missing seeds_after={'vcf_total': 33, 'vcf_kept': 0, 'vcf_synthetic': 0, 'sam_total': 74, 'sam_kept': 0, 'sam_synthetic': 0}
[17:51:10] [biopython_sam ] --- rep 3 ---
[17:51:10] [biopython_sam ]     seeds entering rep: {'vcf_total': 33, 'vcf_kept': 0, 'vcf_synthetic': 0, 'sam_total': 74, 'sam_kept': 0, 'sam_synthetic': 0}
[17:51:11] [vcfpy_vcf     ]     timeout after 5400s — terminating
[17:51:11] [vcfpy_vcf     ]     rep 2 exit=1 elapsed=5400s
[17:51:11] [vcfpy_vcf     ]     -> line=0.00% covered=0/0 status=missing seeds_after={'vcf_total': 33, 'vcf_kept': 0, 'vcf_synthetic': 0, 'sam_total': 74, 'sam_kept': 0, 'sam_synthetic': 0}
[17:51:11] [vcfpy_vcf     ] --- rep 3 ---
[17:51:11] [vcfpy_vcf     ]     seeds entering rep: {'vcf_total': 33, 'vcf_kept': 0, 'vcf_synthetic': 0, 'sam_total': 74, 'sam_kept': 0, 'sam_synthetic': 0}
[17:51:13] [vcfpy_vcf     ]     reset data/ + bug_reports/ + coverage_artifacts/ (seeds preserved — independent trials)
[17:51:13] [vcfpy_vcf     ]     cmd: python harness_run.py --mode E2 --config biotest_config.rep3.yaml --phase B,C,E
[17:51:13] [vcfpy_vcf     ]     budget: 5400s (host)
[17:51:13] [biopython_sam ]     reset data/ + bug_reports/ + coverage_artifacts/ (seeds preserved — independent trials)
[17:51:13] [biopython_sam ]     cmd: python harness_run.py --mode E2 --config biotest_config.rep3.yaml --phase B,C,E
[17:51:13] [biopython_sam ]     budget: 5400s (host)
[17:51:13] [biopython_sam ]     env: BIOTEST_MULTISHOT_K=2  BIOTEST_AUTO_INVOKE_PUBLIC_METHODS=1 (refine round 4)
[17:51:16] [htsjdk_vcf    ]     timeout after 5400s — terminating
[17:51:16] [htsjdk_vcf    ]     rep 2 exit=1 elapsed=5400s
[17:51:19] [htsjdk_vcf    ]     -> line=34.00% covered=1262/3716 status=ok seeds_after={'vcf_total': 33, 'vcf_kept': 0, 'vcf_synthetic': 0, 'sam_total': 74, 'sam_kept': 0, 'sam_synthetic': 0}
[17:51:19] [htsjdk_vcf    ] --- rep 3 ---
[17:51:19] [htsjdk_vcf    ]     seeds entering rep: {'vcf_total': 33, 'vcf_kept': 0, 'vcf_synthetic': 0, 'sam_total': 74, 'sam_kept': 0, 'sam_synthetic': 0}
[17:51:19] [htsjdk_sam    ]     timeout after 5400s — terminating
[17:51:19] [htsjdk_sam    ]     rep 2 exit=1 elapsed=5400s
[17:51:21] [htsjdk_vcf    ]     reset data/ + bug_reports/ + coverage_artifacts/ (seeds preserved — independent trials)
[17:51:21] [htsjdk_vcf    ]     cmd: python harness_run.py --mode E2 --config biotest_config.rep3.yaml --phase B,C,E
[17:51:21] [htsjdk_vcf    ]     budget: 5400s (host)
[17:51:24] [htsjdk_sam    ]     -> line=30.90% covered=1594/5154 status=ok seeds_after={'vcf_total': 33, 'vcf_kept': 0, 'vcf_synthetic': 0, 'sam_total': 74, 'sam_kept': 0, 'sam_synthetic': 0}
[17:51:24] [htsjdk_sam    ] --- rep 3 ---
[17:51:24] [htsjdk_sam    ]     seeds entering rep: {'vcf_total': 33, 'vcf_kept': 0, 'vcf_synthetic': 0, 'sam_total': 74, 'sam_kept': 0, 'sam_synthetic': 0}
[17:51:33] [htsjdk_sam    ]     reset data/ + bug_reports/ + coverage_artifacts/ (seeds preserved — independent trials)
[17:51:33] [htsjdk_sam    ]     cmd: python harness_run.py --mode E2 --config biotest_config.rep3.yaml --phase B,C,E
[17:51:33] [htsjdk_sam    ]     budget: 5400s (host)
[17:51:33] [htsjdk_sam    ]     env: BIOTEST_MULTISHOT_K=2  BIOTEST_AUTO_INVOKE_PUBLIC_METHODS=1 (refine round 4)
[19:21:13] [vcfpy_vcf     ]     timeout after 5400s — terminating
[19:21:13] [vcfpy_vcf     ]     rep 3 exit=1 elapsed=5400s
[19:21:13] [vcfpy_vcf     ]     -> line=0.00% covered=0/0 status=missing seeds_after={'vcf_total': 33, 'vcf_kept': 0, 'vcf_synthetic': 0, 'sam_total': 74, 'sam_kept': 0, 'sam_synthetic': 0}
[19:21:13] [vcfpy_vcf     ] === cascade complete (4 reps) ===
[master] [vcfpy_vcf] CASCADE OK
[19:21:13] [biopython_sam ]     timeout after 5400s — terminating
[19:21:13] [biopython_sam ]     rep 3 exit=1 elapsed=5400s
[19:21:13] [biopython_sam ]     -> line=0.00% covered=0/0 status=missing seeds_after={'vcf_total': 33, 'vcf_kept': 0, 'vcf_synthetic': 0, 'sam_total': 74, 'sam_kept': 0, 'sam_synthetic': 0}
[19:21:13] [biopython_sam ] === cascade complete (4 reps) ===
[master] [biopython_sam] CASCADE OK
[19:21:21] [htsjdk_vcf    ]     timeout after 5400s — terminating
[19:21:21] [htsjdk_vcf    ]     rep 3 exit=1 elapsed=5400s
[19:21:24] [htsjdk_vcf    ]     -> line=45.70% covered=1698/3716 status=ok seeds_after={'vcf_total': 33, 'vcf_kept': 0, 'vcf_synthetic': 0, 'sam_total': 74, 'sam_kept': 0, 'sam_synthetic': 0}
[19:21:24] [htsjdk_vcf    ] === cascade complete (4 reps) ===
[master] [htsjdk_vcf] CASCADE OK
[19:21:33] [htsjdk_sam    ]     timeout after 5400s — terminating
[19:21:34] [htsjdk_sam    ]     rep 3 exit=1 elapsed=5400s
[19:21:36] [htsjdk_sam    ]     -> line=30.90% covered=1591/5154 status=ok seeds_after={'vcf_total': 33, 'vcf_kept': 0, 'vcf_synthetic': 0, 'sam_total': 74, 'sam_kept': 0, 'sam_synthetic': 0}
[19:21:36] [htsjdk_sam    ] === cascade complete (4 reps) ===
[master] [htsjdk_sam] CASCADE OK

[master] all cells complete in 360.5 min
E2 v2 done at Sun May  3 19:21:36 CDT 2026
===E2 v2 4REP DONE===
