[master] cells: ['htsjdk_vcf', 'vcfpy_vcf', 'noodles_vcf', 'htsjdk_sam', 'biopython_sam', 'seqan3_sam']
[master] budgets: vcf=5400s sam=5400s reps=4
[setup] preparing container cov binaries...
[setup] container cov binaries ready
[master] launching 6 cells in parallel...
[master] cumulative=False
[master] [seqan3_sam] CASCADE FAILED: Command '['docker', 'exec', 'biotest-bench-setup', 'bash', '-lc', "python3.12 -m gcovr --json -o /work/compares/ApplicationStudy/E2_no_phase_d/results_4rep/seqan3_sam/work/coverage_artifacts/gcovr.json --root /opt/seqan3/include --filter '.*seqan3.*' --gcov-executable 'llvm-cov-18 gcov' /work/harnesses/cpp/build"]' timed out after 180 seconds
[master] [noodles_vcf] CASCADE OK
[master] [vcfpy_vcf] CASCADE OK
[master] [biopython_sam] CASCADE OK
[master] [htsjdk_vcf] CASCADE OK
[master] [htsjdk_sam] CASCADE OK

[master] all cells complete in 360.5 min
[master] cells: ['vcfpy_vcf', 'biopython_sam', 'seqan3_sam']
[master] budgets: vcf=5400s sam=5400s reps=4
[setup] preparing container cov binaries...
[setup] container cov binaries ready
[master] launching 3 cells in parallel...
[master] cumulative=False
[master] cells: ['vcfpy_vcf', 'biopython_sam', 'seqan3_sam']
[master] budgets: vcf=5400s sam=5400s reps=4
[setup] preparing container cov binaries...
[setup] container cov binaries ready
[master] launching 3 cells in parallel...
[master] cumulative=False
[master] cells: ['vcfpy_vcf', 'biopython_sam', 'seqan3_sam']
[master] budgets: vcf=5400s sam=5400s reps=4
[setup] preparing container cov binaries...
[setup] container cov binaries ready
[master] launching 3 cells in parallel...
[master] cumulative=False
[master] cells: ['vcfpy_vcf', 'biopython_sam', 'seqan3_sam']
[master] budgets: vcf=5400s sam=5400s reps=4
[setup] preparing container cov binaries...
[setup] container cov binaries ready
[master] launching 3 cells in parallel...
[master] cumulative=False
[master] [seqan3_sam] CASCADE OK
[master] [vcfpy_vcf] CASCADE OK
[master] [biopython_sam] CASCADE OK

[master] all cells complete in 265.8 min
