[17:12:41] [seqan3_sam    ] === cascade start (container, max_iter=2) ===
[17:12:42] [seqan3_sam    ]     initial seeds: VCF=33  SAM=74
[17:12:42] [seqan3_sam    ] --- rep 0 ---
[17:12:42] [seqan3_sam    ]     seeds entering rep: {'vcf_total': 33, 'vcf_kept': 0, 'vcf_synthetic': 0, 'sam_total': 74, 'sam_kept': 0, 'sam_synthetic': 0}
[17:12:42] [seqan3_sam    ]     reset data/ + bug_reports/ + coverage_artifacts/ (seeds preserved — independent trials)
[17:12:42] [seqan3_sam    ]     env (container): BIOTEST_MULTISHOT_K=2 (refine round 4)
[17:12:42] [seqan3_sam    ]     cmd: docker exec biotest-bench-setup python3.12 harness_run.py --mode E1 ...
[17:12:42] [seqan3_sam    ]     budget: 5400s (container)
[18:47:20] [seqan3_sam    ]     rep 0 exit=0 elapsed=5679s
[18:48:39] [seqan3_sam    ]     -> line=94.20% covered=758/805 status=ok seeds_after={'vcf_total': 33, 'vcf_kept': 0, 'vcf_synthetic': 0, 'sam_total': 699, 'sam_kept': 625, 'sam_synthetic': 0}
[18:48:39] [seqan3_sam    ] --- rep 1 ---
[18:48:39] [seqan3_sam    ]     seeds entering rep: {'vcf_total': 33, 'vcf_kept': 0, 'vcf_synthetic': 0, 'sam_total': 699, 'sam_kept': 625, 'sam_synthetic': 0}
[18:48:57] [seqan3_sam    ]     reset data/ + bug_reports/ + coverage_artifacts/ (seeds preserved — independent trials)
[18:48:57] [seqan3_sam    ]     env (container): BIOTEST_MULTISHOT_K=2 (refine round 4)
[18:48:57] [seqan3_sam    ]     cmd: docker exec biotest-bench-setup python3.12 harness_run.py --mode E1 ...
[18:48:57] [seqan3_sam    ]     budget: 5400s (container)
[20:23:43] [seqan3_sam    ]     rep 1 exit=0 elapsed=5686s
[20:23:53] [seqan3_sam    ]     -> line=94.20% covered=758/805 status=ok seeds_after={'vcf_total': 33, 'vcf_kept': 0, 'vcf_synthetic': 0, 'sam_total': 1317, 'sam_kept': 1243, 'sam_synthetic': 0}
[20:23:53] [seqan3_sam    ] --- rep 2 ---
[20:23:53] [seqan3_sam    ]     seeds entering rep: {'vcf_total': 33, 'vcf_kept': 0, 'vcf_synthetic': 0, 'sam_total': 1317, 'sam_kept': 1243, 'sam_synthetic': 0}
[20:24:11] [seqan3_sam    ]     reset data/ + bug_reports/ + coverage_artifacts/ (seeds preserved — independent trials)
[20:24:11] [seqan3_sam    ]     env (container): BIOTEST_MULTISHOT_K=2 (refine round 4)
[20:24:11] [seqan3_sam    ]     cmd: docker exec biotest-bench-setup python3.12 harness_run.py --mode E1 ...
[20:24:11] [seqan3_sam    ]     budget: 5400s (container)
[21:59:06] [seqan3_sam    ]     rep 2 exit=0 elapsed=5696s
[21:59:16] [seqan3_sam    ]     -> line=93.90% covered=756/805 status=ok seeds_after={'vcf_total': 33, 'vcf_kept': 0, 'vcf_synthetic': 0, 'sam_total': 1703, 'sam_kept': 1629, 'sam_synthetic': 0}
[21:59:16] [seqan3_sam    ] --- rep 3 ---
[21:59:16] [seqan3_sam    ]     seeds entering rep: {'vcf_total': 33, 'vcf_kept': 0, 'vcf_synthetic': 0, 'sam_total': 1703, 'sam_kept': 1629, 'sam_synthetic': 0}
[21:59:29] [seqan3_sam    ]     reset data/ + bug_reports/ + coverage_artifacts/ (seeds preserved — independent trials)
[21:59:29] [seqan3_sam    ]     env (container): BIOTEST_MULTISHOT_K=2 (refine round 4)
[21:59:29] [seqan3_sam    ]     cmd: docker exec biotest-bench-setup python3.12 harness_run.py --mode E1 ...
[21:59:29] [seqan3_sam    ]     budget: 5400s (container)
