* EvoSuite 1.2.0
* Going to generate test cases for class: htsjdk.variant.vcf.VCFRecordCodec
* Starting Client-0
* Connecting to master process on port 4514
* Analyzing classpath: 
  - C:/Users/miaot/Github/BioTest/compares/baselines/evosuite/fatjar/htsjdk-with-deps.jar
[MASTER] 14:32:05.917 [pool-3-thread-1] WARN  InheritanceTree - Class not in inheritance graph: java.io.ObjectInputFilter
[MASTER] 14:32:06.067 [pool-3-thread-1] WARN  InheritanceTree - Class not in inheritance graph: java.io.ObjectInputFilter$FilterInfo
[MASTER] 14:32:06.074 [pool-3-thread-1] WARN  InheritanceTree - Class not in inheritance graph: java.util.Locale$IsoCountryCode
* Finished analyzing classpath
* Generating tests for class htsjdk.variant.vcf.VCFRecordCodec
* Test criteria:
  - Branch Coverage
  - Line Coverage
Originally, MOSA was implemented with a 'RANK_CROWD_DISTANCE_TOURNAMENT' selection function. You may want to consider using it.
* Total number of test goals for DYNAMOSA: 27
* Using seed 1776627123077
* Starting evolution
* Initial Number of Goals in DynaMOSA = 25 / 27
[MASTER] 14:32:08.052 [pool-3-thread-1] WARN  TestCluster - Failed to check cache for java.util.Enumeration<E> : Type points to itself
[MASTER] 14:32:08.298 [pool-3-thread-1] WARN  TestCluster - Failed to check cache for java.util.Comparator<T> : Type points to itself
* Search finished after 181s and 7671 generations, 584845 statements, best individual has fitness: 23.0
* Minimizing test suite
* Going to analyze the coverage criteria
* Coverage analysis for criterion BRANCH
* Coverage of criterion BRANCH: 25%
* Total number of goals: 8
* Number of covered goals: 2
* Coverage analysis for criterion LINE
* Coverage of criterion LINE: 11%
* Total number of goals: 19
* Number of covered goals: 2
* Generated 1 tests with total length 1
* Resulting test suite's coverage: 18% (average coverage for all fitness functions)
* Compiling and checking tests
WARNING: A terminally deprecated method in java.lang.System has been called
WARNING: System::setSecurityManager has been called by org.evosuite.runtime.sandbox.MSecurityManager (file:/C:/Users/miaot/Github/BioTest/compares/baselines/evosuite/source/evosuite-1.2.0.jar)
WARNING: Please consider reporting this to the maintainers of org.evosuite.runtime.sandbox.MSecurityManager
WARNING: System::setSecurityManager will be removed in a future release
[MASTER] 14:35:08.646 [pool-3-thread-1] WARN  JUnitAnalyzer - EvoSuite problem: tests set up a security manager, but they do not remove it after execution
[MASTER] 14:35:08.893 [pool-3-thread-1] WARN  JUnitAnalyzer - EvoSuite problem: tests set up a security manager, but they do not remove it after execution
* Writing tests to file
* Writing JUnit test case 'VCFRecordCodec_ESTest' to evosuite-tests
* Done!

* Computation finished
