* EvoSuite 1.2.0
* Going to generate test cases for class: htsjdk.variant.variantcontext.VariantContextBuilder
* Starting Client-0
* Connecting to master process on port 8994
* Analyzing classpath: 
  - C:/Users/miaot/Github/BioTest/compares/baselines/evosuite/fatjar/htsjdk-with-deps.jar
[MASTER] 15:00:45.568 [pool-3-thread-1] WARN  InheritanceTree - Class not in inheritance graph: java.util.Locale$IsoCountryCode
* Finished analyzing classpath
* Generating tests for class htsjdk.variant.variantcontext.VariantContextBuilder
* Test criteria:
  - Branch Coverage
  - Line Coverage
Originally, MOSA was implemented with a 'RANK_CROWD_DISTANCE_TOURNAMENT' selection function. You may want to consider using it.
* Total number of test goals for DYNAMOSA: 282
* Using seed 1776628843878
* Starting evolution
* Initial Number of Goals in DynaMOSA = 221 / 282
[MASTER] 15:00:46.772 [pool-3-thread-1] WARN  TestCluster - Failed to check cache for java.util.Comparator<T> : Type points to itself
[MASTER] 15:00:47.140 [pool-3-thread-1] WARN  TestChromosome - Functional mock problem: org.evosuite.ga.ConstructionFailedException: Failed to add constructor for htsjdk.variant.variantcontext.FastGenotype due to org.evosuite.ga.ConstructionFailedException: Failed to add constructor for htsjdk.variant.variantcontext.VariantContext due to org.evosuite.ga.ConstructionFailedException: Failed to add constructor for htsjdk.variant.variantcontext.CommonInfo due to org.evosuite.ga.ConstructionFailedException: Have no generator for class htsjdk.variant.variantcontext.FastGenotype canUseFunctionalMocks=false, canBeMocked: true
[MASTER] 15:00:49.705 [pool-3-thread-1] WARN  TestCluster - Failed to check cache for java.util.function.Function<T, R> : Type points to itself
[MASTER] 15:00:55.370 [pool-3-thread-1] WARN  TestChromosome - Functional mock problem: org.evosuite.ga.ConstructionFailedException: Have no generator for class htsjdk.variant.variantcontext.VariantContext canUseFunctionalMocks=false, canBeMocked: true
[MASTER] 15:01:02.565 [pool-3-thread-1] WARN  TestChromosome - Functional mock problem: org.evosuite.ga.ConstructionFailedException: Failed to add constructor for htsjdk.variant.variantcontext.CommonInfo due to org.evosuite.ga.ConstructionFailedException: Failed to add constructor for htsjdk.variant.variantcontext.FastGenotype due to org.evosuite.ga.ConstructionFailedException: Have no generator for class htsjdk.variant.variantcontext.FastGenotype canUseFunctionalMocks=false, canBeMocked: true
[MASTER] 15:01:06.675 [pool-3-thread-1] WARN  TestChromosome - Functional mock problem: org.evosuite.ga.ConstructionFailedException: Failed to add constructor for htsjdk.variant.variantcontext.VariantContextBuilder due to org.evosuite.ga.ConstructionFailedException: Failed to add constructor for htsjdk.variant.variantcontext.VariantContext due to org.evosuite.ga.ConstructionFailedException: Failed to add constructor for htsjdk.variant.variantcontext.CommonInfo due to org.evosuite.ga.ConstructionFailedException: Failed to add constructor for htsjdk.variant.variantcontext.VariantContext due to org.evosuite.ga.ConstructionFailedException: Max recursion depth reached
[MASTER] 15:01:08.373 [pool-3-thread-1] WARN  TestChromosome - Functional mock problem: org.evosuite.ga.ConstructionFailedException: Failed to add constructor for htsjdk.variant.variantcontext.CommonInfo due to org.evosuite.ga.ConstructionFailedException: Failed to add constructor for htsjdk.variant.variantcontext.VariantContext due to org.evosuite.ga.ConstructionFailedException: Failed to add constructor for htsjdk.variant.variantcontext.VariantContext due to org.evosuite.ga.ConstructionFailedException: Failed to add constructor for htsjdk.variant.variantcontext.GenotypesContext due to org.evosuite.ga.ConstructionFailedException: Max recursion depth reached
[MASTER] 15:01:09.902 [pool-3-thread-1] WARN  TestChromosome - Functional mock problem: org.evosuite.ga.ConstructionFailedException: Failed to add constructor for htsjdk.variant.variantcontext.FastGenotype due to org.evosuite.ga.ConstructionFailedException: Failed to add constructor for htsjdk.variant.variantcontext.VariantContext due to org.evosuite.ga.ConstructionFailedException: Failed to add constructor for htsjdk.variant.variantcontext.VariantContext due to org.evosuite.ga.ConstructionFailedException: Have no generator for class htsjdk.variant.variantcontext.FastGenotype canUseFunctionalMocks=false, canBeMocked: true
[MASTER] 15:01:12.660 [pool-3-thread-1] WARN  TestChromosome - Functional mock problem: org.evosuite.ga.ConstructionFailedException: Failed to add constructor for htsjdk.variant.variantcontext.FastGenotype due to org.evosuite.ga.ConstructionFailedException: Failed to add constructor for htsjdk.variant.variantcontext.VariantContextBuilder due to org.evosuite.ga.ConstructionFailedException: Failed to add constructor for htsjdk.variant.variantcontext.VariantContext due to org.evosuite.ga.ConstructionFailedException: Failed to add constructor for htsjdk.variant.variantcontext.VariantContextBuilder due to org.evosuite.ga.ConstructionFailedException: Max recursion depth reached
[MASTER] 15:01:17.168 [pool-3-thread-1] WARN  TestChromosome - Functional mock problem: org.evosuite.ga.ConstructionFailedException: Failed to add constructor for htsjdk.variant.variantcontext.FastGenotype due to org.evosuite.ga.ConstructionFailedException: Have no generator for class htsjdk.variant.variantcontext.FastGenotype canUseFunctionalMocks=false, canBeMocked: true
[MASTER] 15:01:30.687 [pool-3-thread-1] WARN  TestChromosome - Functional mock problem: org.evosuite.ga.ConstructionFailedException: Failed to add constructor for htsjdk.variant.variantcontext.CommonInfo due to org.evosuite.ga.ConstructionFailedException: Failed to add constructor for htsjdk.variant.variantcontext.VariantContext due to org.evosuite.ga.ConstructionFailedException: Failed to add constructor for htsjdk.variant.variantcontext.FastGenotype due to org.evosuite.ga.ConstructionFailedException: Max recursion depth reached
[MASTER] 15:01:30.966 [pool-3-thread-1] WARN  TestChromosome - Functional mock problem: org.evosuite.ga.ConstructionFailedException: Failed to add constructor for htsjdk.variant.variantcontext.VariantContextBuilder due to org.evosuite.ga.ConstructionFailedException: Failed to add constructor for htsjdk.variant.variantcontext.VariantContext due to org.evosuite.ga.ConstructionFailedException: Failed to add constructor for htsjdk.variant.variantcontext.CommonInfo due to org.evosuite.ga.ConstructionFailedException: Failed to add constructor for htsjdk.variant.variantcontext.FastGenotype due to org.evosuite.ga.ConstructionFailedException: Max recursion depth reached
[MASTER] 15:01:34.221 [pool-3-thread-1] WARN  TestChromosome - Functional mock problem: org.evosuite.ga.ConstructionFailedException: Failed to add constructor for htsjdk.variant.variantcontext.CommonInfo due to org.evosuite.ga.ConstructionFailedException: Failed to add constructor for htsjdk.variant.variantcontext.VariantContext due to org.evosuite.ga.ConstructionFailedException: Failed to add constructor for htsjdk.variant.variantcontext.VariantContext due to org.evosuite.ga.ConstructionFailedException: Max recursion depth reached
[MASTER] 15:01:50.478 [pool-3-thread-1] WARN  TestChromosome - Functional mock problem: org.evosuite.ga.ConstructionFailedException: Failed to add constructor for htsjdk.variant.variantcontext.FastGenotype due to org.evosuite.ga.ConstructionFailedException: Failed to add constructor for htsjdk.variant.variantcontext.CommonInfo due to org.evosuite.ga.ConstructionFailedException: Failed to add constructor for htsjdk.variant.variantcontext.VariantContextBuilder due to org.evosuite.ga.ConstructionFailedException: Failed to add constructor for htsjdk.variant.variantcontext.VariantContext due to org.evosuite.ga.ConstructionFailedException: Max recursion depth reached
[MASTER] 15:02:07.358 [pool-3-thread-1] WARN  TestChromosome - Functional mock problem: org.evosuite.ga.ConstructionFailedException: Failed to add constructor for htsjdk.variant.variantcontext.VariantContext due to org.evosuite.ga.ConstructionFailedException: Failed to add constructor for htsjdk.variant.variantcontext.VariantContext due to org.evosuite.ga.ConstructionFailedException: Failed to add constructor for htsjdk.variant.variantcontext.CommonInfo due to org.evosuite.ga.ConstructionFailedException: Max recursion depth reached
[MASTER] 15:02:18.930 [pool-3-thread-1] WARN  TestChromosome - Functional mock problem: org.evosuite.ga.ConstructionFailedException: Failed to add constructor for htsjdk.variant.variantcontext.VariantContext due to org.evosuite.ga.ConstructionFailedException: Failed to add constructor for htsjdk.variant.variantcontext.VariantContext due to org.evosuite.ga.ConstructionFailedException: Have no generator for class htsjdk.variant.variantcontext.VariantContext canUseFunctionalMocks=false, canBeMocked: true
[MASTER] 15:02:22.276 [pool-3-thread-1] WARN  TestChromosome - Functional mock problem: org.evosuite.ga.ConstructionFailedException: Failed to add constructor for htsjdk.variant.variantcontext.VariantContext due to org.evosuite.ga.ConstructionFailedException: Failed to add constructor for htsjdk.variant.variantcontext.CommonInfo due to org.evosuite.ga.ConstructionFailedException: Failed to add constructor for htsjdk.variant.variantcontext.FastGenotype due to org.evosuite.ga.ConstructionFailedException: Max recursion depth reached
[MASTER] 15:02:47.400 [pool-3-thread-1] WARN  TestChromosome - Functional mock problem: org.evosuite.ga.ConstructionFailedException: Failed to add constructor for htsjdk.variant.variantcontext.FastGenotype due to org.evosuite.ga.ConstructionFailedException: Failed to add constructor for htsjdk.variant.variantcontext.VariantContextBuilder due to org.evosuite.ga.ConstructionFailedException: Failed to add constructor for htsjdk.variant.variantcontext.VariantContext due to org.evosuite.ga.ConstructionFailedException: Failed to add constructor for htsjdk.variant.variantcontext.VariantContext due to org.evosuite.ga.ConstructionFailedException: Max recursion depth reached
[MASTER] 15:02:55.688 [pool-3-thread-1] WARN  TestChromosome - Functional mock problem: org.evosuite.ga.ConstructionFailedException: Failed to add constructor for htsjdk.variant.vcf.VCFHeader due to org.evosuite.ga.ConstructionFailedException: Failed to add constructor for htsjdk.variant.variantcontext.VariantContext due to org.evosuite.ga.ConstructionFailedException: Max recursion depth reached
[MASTER] 15:03:03.026 [pool-3-thread-1] WARN  TestChromosome - Functional mock problem: org.evosuite.ga.ConstructionFailedException: Failed to add constructor for htsjdk.variant.variantcontext.VariantContext due to org.evosuite.ga.ConstructionFailedException: Failed to add constructor for htsjdk.variant.variantcontext.VariantContextBuilder due to org.evosuite.ga.ConstructionFailedException: Failed to add constructor for htsjdk.variant.variantcontext.VariantContextBuilder due to org.evosuite.ga.ConstructionFailedException: Failed to add constructor for htsjdk.variant.variantcontext.VariantContext due to org.evosuite.ga.ConstructionFailedException: Max recursion depth reached
[MASTER] 15:03:13.217 [pool-3-thread-1] WARN  TestChromosome - Functional mock problem: org.evosuite.ga.ConstructionFailedException: Failed to add constructor for htsjdk.variant.variantcontext.FastGenotype due to org.evosuite.ga.ConstructionFailedException: Failed to add constructor for htsjdk.variant.variantcontext.VariantContext due to org.evosuite.ga.ConstructionFailedException: Have no generator for class htsjdk.variant.variantcontext.FastGenotype canUseFunctionalMocks=false, canBeMocked: true
[MASTER] 15:03:14.485 [pool-3-thread-1] WARN  TestChromosome - Functional mock problem: org.evosuite.ga.ConstructionFailedException: Failed to add constructor for htsjdk.variant.variantcontext.FastGenotype due to org.evosuite.ga.ConstructionFailedException: Have no generator for class htsjdk.variant.variantcontext.VariantContext canUseFunctionalMocks=false, canBeMocked: true
[MASTER] 15:03:31.405 [pool-3-thread-1] WARN  TestChromosome - Functional mock problem: org.evosuite.ga.ConstructionFailedException: Failed to add constructor for htsjdk.variant.vcf.VCFHeader due to org.evosuite.ga.ConstructionFailedException: Failed to add constructor for htsjdk.variant.vcf.VCFHeader due to org.evosuite.ga.ConstructionFailedException: Failed to add constructor for htsjdk.variant.vcf.VCFHeader due to org.evosuite.ga.ConstructionFailedException: Max recursion depth reached
* Search finished after 181s and 5210 generations, 1307108 statements, best individual has fitness: 1.0
* Minimizing test suite
* Going to analyze the coverage criteria
* Coverage analysis for criterion BRANCH
* Coverage of criterion BRANCH: 100%
* Total number of goals: 70
* Number of covered goals: 70
* Coverage analysis for criterion LINE
* Coverage of criterion LINE: 100%
* Total number of goals: 212
* Number of covered goals: 211
* Generated 42 tests with total length 106
* Resulting test suite's coverage: 100% (average coverage for all fitness functions)
* Compiling and checking tests
WARNING: A terminally deprecated method in java.lang.System has been called
WARNING: System::setSecurityManager has been called by org.evosuite.runtime.sandbox.MSecurityManager (file:/C:/Users/miaot/Github/BioTest/compares/baselines/evosuite/source/evosuite-1.2.0.jar)
WARNING: Please consider reporting this to the maintainers of org.evosuite.runtime.sandbox.MSecurityManager
WARNING: System::setSecurityManager will be removed in a future release
[MASTER] 15:03:50.567 [pool-3-thread-1] WARN  JUnitAnalyzer - EvoSuite problem: tests set up a security manager, but they do not remove it after execution
[MASTER] 15:03:50.815 [pool-3-thread-1] WARN  JUnitAnalyzer - EvoSuite problem: tests set up a security manager, but they do not remove it after execution
[MASTER] 15:03:51.045 [pool-3-thread-1] WARN  JUnitAnalyzer - EvoSuite problem: tests set up a security manager, but they do not remove it after execution
[MASTER] 15:03:51.260 [pool-3-thread-1] WARN  JUnitAnalyzer - EvoSuite problem: tests set up a security manager, but they do not remove it after execution
[MASTER] 15:03:51.410 [pool-3-thread-1] WARN  JUnitAnalyzer - EvoSuite problem: tests set up a security manager, but they do not remove it after execution
[MASTER] 15:03:51.512 [pool-3-thread-1] WARN  JUnitAnalyzer - EvoSuite problem: tests set up a security manager, but they do not remove it after execution
[MASTER] 15:03:51.626 [pool-3-thread-1] WARN  JUnitAnalyzer - EvoSuite problem: tests set up a security manager, but they do not remove it after execution
[MASTER] 15:03:51.736 [pool-3-thread-1] WARN  JUnitAnalyzer - EvoSuite problem: tests set up a security manager, but they do not remove it after execution
[MASTER] 15:03:51.821 [pool-3-thread-1] WARN  JUnitAnalyzer - EvoSuite problem: tests set up a security manager, but they do not remove it after execution
[MASTER] 15:03:51.906 [pool-3-thread-1] WARN  JUnitAnalyzer - EvoSuite problem: tests set up a security manager, but they do not remove it after execution
[MASTER] 15:03:52.000 [pool-3-thread-1] WARN  JUnitAnalyzer - EvoSuite problem: tests set up a security manager, but they do not remove it after execution
[MASTER] 15:03:52.100 [pool-3-thread-1] WARN  JUnitAnalyzer - EvoSuite problem: tests set up a security manager, but they do not remove it after execution
[MASTER] 15:03:52.182 [pool-3-thread-1] WARN  JUnitAnalyzer - EvoSuite problem: tests set up a security manager, but they do not remove it after execution
[MASTER] 15:03:52.261 [pool-3-thread-1] WARN  JUnitAnalyzer - EvoSuite problem: tests set up a security manager, but they do not remove it after execution
[MASTER] 15:03:52.332 [pool-3-thread-1] WARN  JUnitAnalyzer - EvoSuite problem: tests set up a security manager, but they do not remove it after execution
[MASTER] 15:03:52.408 [pool-3-thread-1] WARN  JUnitAnalyzer - EvoSuite problem: tests set up a security manager, but they do not remove it after execution
[MASTER] 15:03:52.473 [pool-3-thread-1] WARN  JUnitAnalyzer - EvoSuite problem: tests set up a security manager, but they do not remove it after execution
[MASTER] 15:03:52.556 [pool-3-thread-1] WARN  JUnitAnalyzer - EvoSuite problem: tests set up a security manager, but they do not remove it after execution
[MASTER] 15:03:52.642 [pool-3-thread-1] WARN  JUnitAnalyzer - EvoSuite problem: tests set up a security manager, but they do not remove it after execution
[MASTER] 15:03:52.723 [pool-3-thread-1] WARN  JUnitAnalyzer - EvoSuite problem: tests set up a security manager, but they do not remove it after execution
[MASTER] 15:03:52.806 [pool-3-thread-1] WARN  JUnitAnalyzer - EvoSuite problem: tests set up a security manager, but they do not remove it after execution
[MASTER] 15:03:52.885 [pool-3-thread-1] WARN  JUnitAnalyzer - EvoSuite problem: tests set up a security manager, but they do not remove it after execution
[MASTER] 15:03:52.970 [pool-3-thread-1] WARN  JUnitAnalyzer - EvoSuite problem: tests set up a security manager, but they do not remove it after execution
[MASTER] 15:03:53.052 [pool-3-thread-1] WARN  JUnitAnalyzer - EvoSuite problem: tests set up a security manager, but they do not remove it after execution
[MASTER] 15:03:53.135 [pool-3-thread-1] WARN  JUnitAnalyzer - EvoSuite problem: tests set up a security manager, but they do not remove it after execution
[MASTER] 15:03:53.211 [pool-3-thread-1] WARN  JUnitAnalyzer - EvoSuite problem: tests set up a security manager, but they do not remove it after execution
[MASTER] 15:03:53.288 [pool-3-thread-1] WARN  JUnitAnalyzer - EvoSuite problem: tests set up a security manager, but they do not remove it after execution
[MASTER] 15:03:53.447 [pool-3-thread-1] WARN  JUnitAnalyzer - EvoSuite problem: tests set up a security manager, but they do not remove it after execution
[MASTER] 15:03:53.526 [pool-3-thread-1] WARN  JUnitAnalyzer - EvoSuite problem: tests set up a security manager, but they do not remove it after execution
[MASTER] 15:03:53.661 [pool-3-thread-1] WARN  JUnitAnalyzer - EvoSuite problem: tests set up a security manager, but they do not remove it after execution
[MASTER] 15:03:53.744 [pool-3-thread-1] WARN  JUnitAnalyzer - EvoSuite problem: tests set up a security manager, but they do not remove it after execution
[MASTER] 15:03:53.829 [pool-3-thread-1] WARN  JUnitAnalyzer - EvoSuite problem: tests set up a security manager, but they do not remove it after execution
[MASTER] 15:03:53.956 [pool-3-thread-1] WARN  JUnitAnalyzer - EvoSuite problem: tests set up a security manager, but they do not remove it after execution
[MASTER] 15:03:54.028 [pool-3-thread-1] WARN  JUnitAnalyzer - EvoSuite problem: tests set up a security manager, but they do not remove it after execution
[MASTER] 15:03:54.110 [pool-3-thread-1] WARN  JUnitAnalyzer - EvoSuite problem: tests set up a security manager, but they do not remove it after execution
[MASTER] 15:03:54.192 [pool-3-thread-1] WARN  JUnitAnalyzer - EvoSuite problem: tests set up a security manager, but they do not remove it after execution
[MASTER] 15:03:54.263 [pool-3-thread-1] WARN  JUnitAnalyzer - EvoSuite problem: tests set up a security manager, but they do not remove it after execution
[MASTER] 15:03:54.342 [pool-3-thread-1] WARN  JUnitAnalyzer - EvoSuite problem: tests set up a security manager, but they do not remove it after execution
[MASTER] 15:03:54.422 [pool-3-thread-1] WARN  JUnitAnalyzer - EvoSuite problem: tests set up a security manager, but they do not remove it after execution
[MASTER] 15:03:54.496 [pool-3-thread-1] WARN  JUnitAnalyzer - EvoSuite problem: tests set up a security manager, but they do not remove it after execution
[MASTER] 15:03:54.572 [pool-3-thread-1] WARN  JUnitAnalyzer - EvoSuite problem: tests set up a security manager, but they do not remove it after execution
[MASTER] 15:03:54.645 [pool-3-thread-1] WARN  JUnitAnalyzer - EvoSuite problem: tests set up a security manager, but they do not remove it after execution
[MASTER] 15:03:54.869 [pool-3-thread-1] WARN  JUnitAnalyzer - EvoSuite problem: tests set up a security manager, but they do not remove it after execution
[MASTER] 15:03:55.140 [pool-3-thread-1] WARN  JUnitAnalyzer - EvoSuite problem: tests set up a security manager, but they do not remove it after execution
* Writing tests to file
* Writing JUnit test case 'VariantContextBuilder_ESTest' to evosuite-tests
* Done!

* Computation finished
