* EvoSuite 1.2.0
* Going to generate test cases for class: htsjdk.variant.variantcontext.CommonInfo
* Starting Client-0
* Connecting to master process on port 20146
* Analyzing classpath: 
  - C:/Users/miaot/Github/BioTest/compares/baselines/evosuite/fatjar/htsjdk-with-deps.jar
[MASTER] 14:39:12.336 [pool-3-thread-1] WARN  InheritanceTree - Class not in inheritance graph: java.util.Locale$IsoCountryCode
* Finished analyzing classpath
* Generating tests for class htsjdk.variant.variantcontext.CommonInfo
* Test criteria:
  - Branch Coverage
  - Line Coverage
Originally, MOSA was implemented with a 'RANK_CROWD_DISTANCE_TOURNAMENT' selection function. You may want to consider using it.
* Total number of test goals for DYNAMOSA: 227
* Using seed 1776627550793
* Starting evolution
* Initial Number of Goals in DynaMOSA = 118 / 227
[MASTER] 14:39:12.564 [pool-3-thread-1] WARN  TestCluster - Failed to check cache for java.util.LinkedList<E> : Type points to itself
[MASTER] 14:39:12.564 [pool-3-thread-1] WARN  TestCluster - Failed to check cache for java.util.Map<K, V>.Entry<K, V> : Type points to itself
[MASTER] 14:39:13.631 [pool-3-thread-1] WARN  TestChromosome - Functional mock problem: org.evosuite.ga.ConstructionFailedException: Failed to add constructor for htsjdk.variant.variantcontext.FastGenotype due to org.evosuite.ga.ConstructionFailedException: Have no generator for class htsjdk.variant.variantcontext.FastGenotype canUseFunctionalMocks=false, canBeMocked: true
[MASTER] 14:39:13.757 [pool-3-thread-1] WARN  TestChromosome - Functional mock problem: org.evosuite.ga.ConstructionFailedException: Failed to add constructor for htsjdk.variant.variantcontext.GenotypesContext due to org.evosuite.ga.ConstructionFailedException: Failed to add constructor for htsjdk.variant.vcf.VCFHeader due to org.evosuite.ga.ConstructionFailedException: Failed to add constructor for htsjdk.variant.vcf.VCFHeader due to org.evosuite.ga.ConstructionFailedException: Failed to add constructor for java.util.HashSet due to org.evosuite.ga.ConstructionFailedException: Max recursion depth reached
[MASTER] 14:39:13.856 [pool-3-thread-1] WARN  TestChromosome - Functional mock problem: org.evosuite.ga.ConstructionFailedException: Failed to add constructor for htsjdk.variant.variantcontext.VariantContext due to org.evosuite.ga.ConstructionFailedException: Failed to add constructor for htsjdk.variant.variantcontext.VariantContext due to org.evosuite.ga.ConstructionFailedException: Failed to add constructor for htsjdk.variant.variantcontext.CommonInfo due to org.evosuite.ga.ConstructionFailedException: Have no generator for class htsjdk.variant.variantcontext.VariantContext canUseFunctionalMocks=false, canBeMocked: true
[MASTER] 14:39:13.888 [pool-3-thread-1] WARN  TestChromosome - Functional mock problem: org.evosuite.ga.ConstructionFailedException: Failed to add constructor for htsjdk.variant.variantcontext.VariantContext due to org.evosuite.ga.ConstructionFailedException: Failed to add constructor for htsjdk.variant.variantcontext.VariantContext due to org.evosuite.ga.ConstructionFailedException: Have no generator for class htsjdk.variant.variantcontext.VariantContext canUseFunctionalMocks=false, canBeMocked: true
[MASTER] 14:39:13.968 [pool-3-thread-1] WARN  TestChromosome - Functional mock problem: org.evosuite.ga.ConstructionFailedException: Have no generator for class htsjdk.variant.variantcontext.VariantContext canUseFunctionalMocks=false, canBeMocked: true
[MASTER] 14:39:14.737 [pool-3-thread-1] WARN  TestCluster - Failed to check cache for java.util.Comparator<T> : Type points to itself
[MASTER] 14:39:17.199 [pool-3-thread-1] WARN  TestCluster - Failed to check cache for java.util.function.Function<T, R> : Type points to itself
[MASTER] 14:40:40.417 [pool-3-thread-1] WARN  CastClassManager - Nothing is assignable after adding java.util.Map<K, V>.Entry<K, V> for wildcard ? extends java.util.Map<java.lang.String, java.nio.file.LinkOption>.Entry<java.util.Map<java.nio.file.LinkOption, java.nio.file.LinkOption>.Entry<java.util.Map<K, V>.Entry<K, V>, java.lang.String>, java.lang.String>
[MASTER] 14:40:40.420 [pool-3-thread-1] WARN  CastClassManager - Nothing is assignable after adding java.util.Map<K, V>.Entry<K, V> for wildcard ? extends java.util.Map<java.lang.String, java.nio.file.LinkOption>.Entry<java.util.Map<java.nio.file.LinkOption, java.nio.file.LinkOption>.Entry<java.util.Map<K, V>.Entry<K, V>, java.lang.String>, java.lang.String>
[MASTER] 14:40:40.421 [pool-3-thread-1] WARN  CastClassManager - Nothing is assignable after adding java.util.Map<K, V>.Entry<K, V> for wildcard ? extends java.util.Map<java.lang.String, java.nio.file.LinkOption>.Entry<java.util.Map<java.nio.file.LinkOption, java.nio.file.LinkOption>.Entry<java.util.Map<K, V>.Entry<K, V>, java.lang.String>, java.lang.String>
[MASTER] 14:40:40.428 [pool-3-thread-1] WARN  CastClassManager - Nothing is assignable after adding java.util.Map<K, V>.Entry<K, V> for wildcard ? extends java.util.Map<java.nio.file.LinkOption, java.nio.file.LinkOption>.Entry<java.util.Map<java.lang.String, java.lang.String>.Entry<java.util.Map<K, V>.Entry<K, V>, java.nio.file.LinkOption>, java.nio.file.LinkOption>
[MASTER] 14:40:40.429 [pool-3-thread-1] WARN  CastClassManager - Nothing is assignable after adding java.util.Map<K, V>.Entry<K, V> for wildcard ? extends java.util.Map<java.nio.file.LinkOption, java.nio.file.LinkOption>.Entry<java.util.Map<java.lang.String, java.lang.String>.Entry<java.util.Map<K, V>.Entry<K, V>, java.nio.file.LinkOption>, java.nio.file.LinkOption>
[MASTER] 14:40:40.431 [pool-3-thread-1] WARN  CastClassManager - Nothing is assignable after adding java.util.Map<K, V>.Entry<K, V> for wildcard ? extends java.util.Map<java.nio.file.LinkOption, java.nio.file.LinkOption>.Entry<java.util.Map<java.lang.String, java.lang.String>.Entry<java.util.Map<K, V>.Entry<K, V>, java.nio.file.LinkOption>, java.nio.file.LinkOption>
[MASTER] 14:41:50.017 [pool-3-thread-1] WARN  CastClassManager - Nothing is assignable after adding java.util.Map<K, V>.Entry<K, V> for wildcard ? extends java.util.Map<java.lang.String, java.nio.file.LinkOption>.Entry<java.nio.file.LinkOption, java.util.Map<java.nio.file.LinkOption, java.lang.String>.Entry<java.nio.file.LinkOption, java.util.Map<K, V>.Entry<K, V>>>
[MASTER] 14:41:50.019 [pool-3-thread-1] WARN  CastClassManager - Nothing is assignable after adding java.util.Map<K, V>.Entry<K, V> for wildcard ? extends java.util.Map<java.lang.String, java.nio.file.LinkOption>.Entry<java.nio.file.LinkOption, java.util.Map<java.nio.file.LinkOption, java.lang.String>.Entry<java.nio.file.LinkOption, java.util.Map<K, V>.Entry<K, V>>>
[MASTER] 14:41:50.020 [pool-3-thread-1] WARN  CastClassManager - Nothing is assignable after adding java.util.Map<K, V>.Entry<K, V> for wildcard ? extends java.util.Map<java.lang.String, java.nio.file.LinkOption>.Entry<java.nio.file.LinkOption, java.util.Map<java.nio.file.LinkOption, java.lang.String>.Entry<java.nio.file.LinkOption, java.util.Map<K, V>.Entry<K, V>>>
* Search finished after 181s and 1500 generations, 972338 statements, best individual has fitness: 21.0
* Minimizing test suite
* Going to analyze the coverage criteria
* Coverage analysis for criterion BRANCH
* Coverage of criterion BRANCH: 87%
* Total number of goals: 122
* Number of covered goals: 106
* Coverage analysis for criterion LINE
* Coverage of criterion LINE: 94%
* Total number of goals: 105
* Number of covered goals: 99
* Generated 47 tests with total length 202
* Resulting test suite's coverage: 91% (average coverage for all fitness functions)
* Compiling and checking tests
WARNING: A terminally deprecated method in java.lang.System has been called
WARNING: System::setSecurityManager has been called by org.evosuite.runtime.sandbox.MSecurityManager (file:/C:/Users/miaot/Github/BioTest/compares/baselines/evosuite/source/evosuite-1.2.0.jar)
WARNING: Please consider reporting this to the maintainers of org.evosuite.runtime.sandbox.MSecurityManager
WARNING: System::setSecurityManager will be removed in a future release
[MASTER] 14:42:18.000 [pool-3-thread-1] WARN  JUnitAnalyzer - EvoSuite problem: tests set up a security manager, but they do not remove it after execution
[MASTER] 14:42:18.226 [pool-3-thread-1] WARN  JUnitAnalyzer - EvoSuite problem: tests set up a security manager, but they do not remove it after execution
[MASTER] 14:42:18.400 [pool-3-thread-1] WARN  JUnitAnalyzer - EvoSuite problem: tests set up a security manager, but they do not remove it after execution
[MASTER] 14:42:18.562 [pool-3-thread-1] WARN  JUnitAnalyzer - EvoSuite problem: tests set up a security manager, but they do not remove it after execution
[MASTER] 14:42:18.741 [pool-3-thread-1] WARN  JUnitAnalyzer - EvoSuite problem: tests set up a security manager, but they do not remove it after execution
[MASTER] 14:42:18.858 [pool-3-thread-1] WARN  JUnitAnalyzer - EvoSuite problem: tests set up a security manager, but they do not remove it after execution
[MASTER] 14:42:18.961 [pool-3-thread-1] WARN  JUnitAnalyzer - EvoSuite problem: tests set up a security manager, but they do not remove it after execution
[MASTER] 14:42:19.050 [pool-3-thread-1] WARN  JUnitAnalyzer - EvoSuite problem: tests set up a security manager, but they do not remove it after execution
[MASTER] 14:42:19.128 [pool-3-thread-1] WARN  JUnitAnalyzer - EvoSuite problem: tests set up a security manager, but they do not remove it after execution
[MASTER] 14:42:19.208 [pool-3-thread-1] WARN  JUnitAnalyzer - EvoSuite problem: tests set up a security manager, but they do not remove it after execution
[MASTER] 14:42:19.298 [pool-3-thread-1] WARN  JUnitAnalyzer - EvoSuite problem: tests set up a security manager, but they do not remove it after execution
[MASTER] 14:42:19.390 [pool-3-thread-1] WARN  JUnitAnalyzer - EvoSuite problem: tests set up a security manager, but they do not remove it after execution
[MASTER] 14:42:19.470 [pool-3-thread-1] WARN  JUnitAnalyzer - EvoSuite problem: tests set up a security manager, but they do not remove it after execution
[MASTER] 14:42:19.564 [pool-3-thread-1] WARN  JUnitAnalyzer - EvoSuite problem: tests set up a security manager, but they do not remove it after execution
[MASTER] 14:42:19.648 [pool-3-thread-1] WARN  JUnitAnalyzer - EvoSuite problem: tests set up a security manager, but they do not remove it after execution
[MASTER] 14:42:19.729 [pool-3-thread-1] WARN  JUnitAnalyzer - EvoSuite problem: tests set up a security manager, but they do not remove it after execution
[MASTER] 14:42:19.825 [pool-3-thread-1] WARN  JUnitAnalyzer - EvoSuite problem: tests set up a security manager, but they do not remove it after execution
[MASTER] 14:42:19.913 [pool-3-thread-1] WARN  JUnitAnalyzer - EvoSuite problem: tests set up a security manager, but they do not remove it after execution
[MASTER] 14:42:20.007 [pool-3-thread-1] WARN  JUnitAnalyzer - EvoSuite problem: tests set up a security manager, but they do not remove it after execution
[MASTER] 14:42:20.099 [pool-3-thread-1] WARN  JUnitAnalyzer - EvoSuite problem: tests set up a security manager, but they do not remove it after execution
[MASTER] 14:42:20.183 [pool-3-thread-1] WARN  JUnitAnalyzer - EvoSuite problem: tests set up a security manager, but they do not remove it after execution
[MASTER] 14:42:20.257 [pool-3-thread-1] WARN  JUnitAnalyzer - EvoSuite problem: tests set up a security manager, but they do not remove it after execution
[MASTER] 14:42:20.350 [pool-3-thread-1] WARN  JUnitAnalyzer - EvoSuite problem: tests set up a security manager, but they do not remove it after execution
[MASTER] 14:42:20.428 [pool-3-thread-1] WARN  JUnitAnalyzer - EvoSuite problem: tests set up a security manager, but they do not remove it after execution
[MASTER] 14:42:20.504 [pool-3-thread-1] WARN  JUnitAnalyzer - EvoSuite problem: tests set up a security manager, but they do not remove it after execution
[MASTER] 14:42:20.574 [pool-3-thread-1] WARN  JUnitAnalyzer - EvoSuite problem: tests set up a security manager, but they do not remove it after execution
[MASTER] 14:42:20.647 [pool-3-thread-1] WARN  JUnitAnalyzer - EvoSuite problem: tests set up a security manager, but they do not remove it after execution
[MASTER] 14:42:20.722 [pool-3-thread-1] WARN  JUnitAnalyzer - EvoSuite problem: tests set up a security manager, but they do not remove it after execution
[MASTER] 14:42:20.802 [pool-3-thread-1] WARN  JUnitAnalyzer - EvoSuite problem: tests set up a security manager, but they do not remove it after execution
[MASTER] 14:42:20.873 [pool-3-thread-1] WARN  JUnitAnalyzer - EvoSuite problem: tests set up a security manager, but they do not remove it after execution
[MASTER] 14:42:20.946 [pool-3-thread-1] WARN  JUnitAnalyzer - EvoSuite problem: tests set up a security manager, but they do not remove it after execution
[MASTER] 14:42:21.018 [pool-3-thread-1] WARN  JUnitAnalyzer - EvoSuite problem: tests set up a security manager, but they do not remove it after execution
[MASTER] 14:42:21.093 [pool-3-thread-1] WARN  JUnitAnalyzer - EvoSuite problem: tests set up a security manager, but they do not remove it after execution
[MASTER] 14:42:21.179 [pool-3-thread-1] WARN  JUnitAnalyzer - EvoSuite problem: tests set up a security manager, but they do not remove it after execution
[MASTER] 14:42:21.262 [pool-3-thread-1] WARN  JUnitAnalyzer - EvoSuite problem: tests set up a security manager, but they do not remove it after execution
[MASTER] 14:42:21.335 [pool-3-thread-1] WARN  JUnitAnalyzer - EvoSuite problem: tests set up a security manager, but they do not remove it after execution
[MASTER] 14:42:21.409 [pool-3-thread-1] WARN  JUnitAnalyzer - EvoSuite problem: tests set up a security manager, but they do not remove it after execution
[MASTER] 14:42:21.486 [pool-3-thread-1] WARN  JUnitAnalyzer - EvoSuite problem: tests set up a security manager, but they do not remove it after execution
[MASTER] 14:42:21.561 [pool-3-thread-1] WARN  JUnitAnalyzer - EvoSuite problem: tests set up a security manager, but they do not remove it after execution
[MASTER] 14:42:21.641 [pool-3-thread-1] WARN  JUnitAnalyzer - EvoSuite problem: tests set up a security manager, but they do not remove it after execution
[MASTER] 14:42:21.718 [pool-3-thread-1] WARN  JUnitAnalyzer - EvoSuite problem: tests set up a security manager, but they do not remove it after execution
[MASTER] 14:42:21.804 [pool-3-thread-1] WARN  JUnitAnalyzer - EvoSuite problem: tests set up a security manager, but they do not remove it after execution
[MASTER] 14:42:21.891 [pool-3-thread-1] WARN  JUnitAnalyzer - EvoSuite problem: tests set up a security manager, but they do not remove it after execution
[MASTER] 14:42:21.973 [pool-3-thread-1] WARN  JUnitAnalyzer - EvoSuite problem: tests set up a security manager, but they do not remove it after execution
[MASTER] 14:42:22.054 [pool-3-thread-1] WARN  JUnitAnalyzer - EvoSuite problem: tests set up a security manager, but they do not remove it after execution
[MASTER] 14:42:22.136 [pool-3-thread-1] WARN  JUnitAnalyzer - EvoSuite problem: tests set up a security manager, but they do not remove it after execution
[MASTER] 14:42:22.213 [pool-3-thread-1] WARN  JUnitAnalyzer - EvoSuite problem: tests set up a security manager, but they do not remove it after execution
[MASTER] 14:42:22.376 [pool-3-thread-1] WARN  JUnitAnalyzer - EvoSuite problem: tests set up a security manager, but they do not remove it after execution
[MASTER] 14:42:22.553 [pool-3-thread-1] WARN  JUnitAnalyzer - EvoSuite problem: tests set up a security manager, but they do not remove it after execution
* Writing tests to file
* Writing JUnit test case 'CommonInfo_ESTest' to evosuite-tests
* Done!

* Computation finished
