* EvoSuite 1.2.0
* Going to generate test cases for class: htsjdk.variant.vcf.VCFEncoder
* Starting Client-0
* Connecting to master process on port 6133
* Analyzing classpath: 
  - C:/Users/miaot/Github/BioTest/compares/baselines/evosuite/fatjar/htsjdk-with-deps.jar
[MASTER] 14:02:18.059 [pool-3-thread-1] WARN  InheritanceTree - Class not in inheritance graph: java.util.Locale$IsoCountryCode
* Finished analyzing classpath
* Generating tests for class htsjdk.variant.vcf.VCFEncoder
* Test criteria:
  - Branch Coverage
  - Line Coverage
Originally, MOSA was implemented with a 'RANK_CROWD_DISTANCE_TOURNAMENT' selection function. You may want to consider using it.
* Total number of test goals for DYNAMOSA: 335
* Using seed 1776625336435
* Starting evolution
* Initial Number of Goals in DynaMOSA = 77 / 335
[MASTER] 14:02:18.319 [pool-3-thread-1] WARN  TestCluster - Failed to check cache for java.util.LinkedList<E> : Type points to itself
[MASTER] 14:02:18.320 [pool-3-thread-1] WARN  TestCluster - Failed to check cache for java.util.Map<K, V>.Entry<K, V> : Type points to itself
[MASTER] 14:02:19.413 [pool-3-thread-1] WARN  CoverageArchive - A solution with a timeout/exception result has been added to the archive. The covered goal was htsjdk.variant.vcf.VCFEncoder.countOccurrences(CLjava/lang/String;)I: I20 Branch 33 IF_ICMPNE L284 - false
[MASTER] 14:02:20.327 [pool-3-thread-1] WARN  TestChromosome - Functional mock problem: org.evosuite.ga.ConstructionFailedException: Have no generator for class htsjdk.variant.variantcontext.VariantContext canUseFunctionalMocks=false, canBeMocked: true
[MASTER] 14:02:22.626 [pool-3-thread-1] WARN  TestCluster - Failed to check cache for java.util.Comparator<T> : Type points to itself
[MASTER] 14:02:32.461 [pool-3-thread-1] WARN  TestChromosome - Functional mock problem: org.evosuite.ga.ConstructionFailedException: Failed to add constructor for java.util.LinkedList due to org.evosuite.ga.ConstructionFailedException: Have no generator for class htsjdk.variant.variantcontext.VariantContext canUseFunctionalMocks=false, canBeMocked: true
[MASTER] 14:02:51.615 [pool-3-thread-1] WARN  TestCluster - Failed to check cache for java.util.function.Function<T, R> : Type points to itself
[MASTER] 14:04:43.391 [pool-3-thread-1] WARN  TestChromosome - Functional mock problem: org.evosuite.ga.ConstructionFailedException: Failed to add constructor for htsjdk.variant.variantcontext.LazyGenotypesContext due to org.evosuite.ga.ConstructionFailedException: Have no generator for class htsjdk.variant.variantcontext.VariantContext canUseFunctionalMocks=false, canBeMocked: true
[MASTER] 14:05:08.207 [pool-3-thread-1] WARN  CastClassManager - Nothing is assignable after adding java.util.Map<K, V>.Entry<K, V> for wildcard ? extends java.util.Map<java.lang.Object, java.lang.String>.Entry<java.util.Map<htsjdk.variant.variantcontext.Allele, htsjdk.variant.variantcontext.Allele>.Entry<java.util.Map<K, V>.Entry<K, V>, java.lang.Object>, java.lang.Object>
[MASTER] 14:05:08.208 [pool-3-thread-1] WARN  CastClassManager - Nothing is assignable after adding java.util.Map<K, V>.Entry<K, V> for wildcard ? extends java.util.Map<java.lang.Object, java.lang.String>.Entry<java.util.Map<htsjdk.variant.variantcontext.Allele, htsjdk.variant.variantcontext.Allele>.Entry<java.util.Map<K, V>.Entry<K, V>, java.lang.Object>, java.lang.Object>
[MASTER] 14:05:08.209 [pool-3-thread-1] WARN  CastClassManager - Nothing is assignable after adding java.util.Map<K, V>.Entry<K, V> for wildcard ? extends java.util.Map<java.lang.Object, java.lang.String>.Entry<java.util.Map<htsjdk.variant.variantcontext.Allele, htsjdk.variant.variantcontext.Allele>.Entry<java.util.Map<K, V>.Entry<K, V>, java.lang.Object>, java.lang.Object>
[MASTER] 14:05:08.215 [pool-3-thread-1] WARN  CastClassManager - Nothing is assignable after adding java.util.Map<K, V>.Entry<K, V> for wildcard ? extends java.util.Map<java.lang.Object, htsjdk.variant.variantcontext.Allele>.Entry<java.util.Map<htsjdk.variant.variantcontext.Allele, java.lang.Object>.Entry<java.util.Map<K, V>.Entry<K, V>, java.lang.Object>, java.lang.Object>
[MASTER] 14:05:08.215 [pool-3-thread-1] WARN  CastClassManager - Nothing is assignable after adding java.util.Map<K, V>.Entry<K, V> for wildcard ? extends java.util.Map<java.lang.Object, htsjdk.variant.variantcontext.Allele>.Entry<java.util.Map<htsjdk.variant.variantcontext.Allele, java.lang.Object>.Entry<java.util.Map<K, V>.Entry<K, V>, java.lang.Object>, java.lang.Object>
[MASTER] 14:05:08.217 [pool-3-thread-1] WARN  CastClassManager - Nothing is assignable after adding java.util.Map<K, V>.Entry<K, V> for wildcard ? extends java.util.Map<java.lang.Object, htsjdk.variant.variantcontext.Allele>.Entry<java.util.Map<htsjdk.variant.variantcontext.Allele, java.lang.Object>.Entry<java.util.Map<K, V>.Entry<K, V>, java.lang.Object>, java.lang.Object>
[MASTER] 14:05:08.221 [pool-3-thread-1] WARN  CastClassManager - Nothing is assignable after adding java.util.Map<K, V>.Entry<K, V> for wildcard ? extends java.util.Map<java.lang.String, htsjdk.variant.variantcontext.Allele>.Entry<java.util.Map<java.lang.String, htsjdk.variant.variantcontext.Allele>.Entry<java.util.Map<K, V>.Entry<K, V>, htsjdk.variant.variantcontext.Allele>, htsjdk.variant.variantcontext.Allele>
[MASTER] 14:05:08.223 [pool-3-thread-1] WARN  CastClassManager - Nothing is assignable after adding java.util.Map<K, V>.Entry<K, V> for wildcard ? extends java.util.Map<java.lang.String, htsjdk.variant.variantcontext.Allele>.Entry<java.util.Map<java.lang.String, htsjdk.variant.variantcontext.Allele>.Entry<java.util.Map<K, V>.Entry<K, V>, htsjdk.variant.variantcontext.Allele>, htsjdk.variant.variantcontext.Allele>
[MASTER] 14:05:08.224 [pool-3-thread-1] WARN  CastClassManager - Nothing is assignable after adding java.util.Map<K, V>.Entry<K, V> for wildcard ? extends java.util.Map<java.lang.String, htsjdk.variant.variantcontext.Allele>.Entry<java.util.Map<java.lang.String, htsjdk.variant.variantcontext.Allele>.Entry<java.util.Map<K, V>.Entry<K, V>, htsjdk.variant.variantcontext.Allele>, htsjdk.variant.variantcontext.Allele>
[MASTER] 14:05:12.536 [pool-3-thread-1] WARN  TestChromosome - Functional mock problem: org.evosuite.ga.ConstructionFailedException: Failed to add constructor for java.util.Vector due to org.evosuite.ga.ConstructionFailedException: Have no generator for class htsjdk.variant.variantcontext.VariantContext canUseFunctionalMocks=false, canBeMocked: true
[MASTER] 14:05:19.076 [pool-3-thread-1] WARN  TestChromosome - Functional mock problem: org.evosuite.ga.ConstructionFailedException: Failed to add constructor for java.util.ArrayList due to org.evosuite.ga.ConstructionFailedException: Have no generator for class htsjdk.variant.variantcontext.VariantContext canUseFunctionalMocks=false, canBeMocked: true
* Search finished after 181s and 1872 generations, 1986738 statements, best individual has fitness: 121.0
* Minimizing test suite
* Going to analyze the coverage criteria
* Coverage analysis for criterion BRANCH
* Coverage of criterion BRANCH: 57%
* Total number of goals: 138
* Number of covered goals: 78
* Coverage analysis for criterion LINE
* Coverage of criterion LINE: 69%
* Total number of goals: 197
* Number of covered goals: 136
* Generated 21 tests with total length 123
* Resulting test suite's coverage: 63% (average coverage for all fitness functions)
* Compiling and checking tests
WARNING: A terminally deprecated method in java.lang.System has been called
WARNING: System::setSecurityManager has been called by org.evosuite.runtime.sandbox.MSecurityManager (file:/C:/Users/miaot/Github/BioTest/compares/baselines/evosuite/source/evosuite-1.2.0.jar)
WARNING: Please consider reporting this to the maintainers of org.evosuite.runtime.sandbox.MSecurityManager
WARNING: System::setSecurityManager will be removed in a future release
[MASTER] 14:05:28.363 [pool-3-thread-1] WARN  JUnitAnalyzer - EvoSuite problem: tests set up a security manager, but they do not remove it after execution
[MASTER] 14:05:28.529 [pool-3-thread-1] WARN  JUnitAnalyzer - EvoSuite problem: tests set up a security manager, but they do not remove it after execution
[MASTER] 14:05:28.728 [pool-3-thread-1] WARN  JUnitAnalyzer - EvoSuite problem: tests set up a security manager, but they do not remove it after execution
[MASTER] 14:05:28.909 [pool-3-thread-1] WARN  JUnitAnalyzer - EvoSuite problem: tests set up a security manager, but they do not remove it after execution
[MASTER] 14:05:29.058 [pool-3-thread-1] WARN  JUnitAnalyzer - EvoSuite problem: tests set up a security manager, but they do not remove it after execution
[MASTER] 14:05:29.366 [pool-3-thread-1] WARN  JUnitAnalyzer - EvoSuite problem: tests set up a security manager, but they do not remove it after execution
[MASTER] 14:05:29.573 [pool-3-thread-1] WARN  JUnitAnalyzer - EvoSuite problem: tests set up a security manager, but they do not remove it after execution
[MASTER] 14:05:29.763 [pool-3-thread-1] WARN  JUnitAnalyzer - EvoSuite problem: tests set up a security manager, but they do not remove it after execution
[MASTER] 14:05:29.959 [pool-3-thread-1] WARN  JUnitAnalyzer - EvoSuite problem: tests set up a security manager, but they do not remove it after execution
[MASTER] 14:05:30.077 [pool-3-thread-1] WARN  JUnitAnalyzer - EvoSuite problem: tests set up a security manager, but they do not remove it after execution
[MASTER] 14:05:30.192 [pool-3-thread-1] WARN  JUnitAnalyzer - EvoSuite problem: tests set up a security manager, but they do not remove it after execution
[MASTER] 14:05:30.305 [pool-3-thread-1] WARN  JUnitAnalyzer - EvoSuite problem: tests set up a security manager, but they do not remove it after execution
[MASTER] 14:05:30.423 [pool-3-thread-1] WARN  JUnitAnalyzer - EvoSuite problem: tests set up a security manager, but they do not remove it after execution
[MASTER] 14:05:30.520 [pool-3-thread-1] WARN  JUnitAnalyzer - EvoSuite problem: tests set up a security manager, but they do not remove it after execution
[MASTER] 14:05:30.613 [pool-3-thread-1] WARN  JUnitAnalyzer - EvoSuite problem: tests set up a security manager, but they do not remove it after execution
[MASTER] 14:05:30.712 [pool-3-thread-1] WARN  JUnitAnalyzer - EvoSuite problem: tests set up a security manager, but they do not remove it after execution
[MASTER] 14:05:30.797 [pool-3-thread-1] WARN  JUnitAnalyzer - EvoSuite problem: tests set up a security manager, but they do not remove it after execution
[MASTER] 14:05:30.870 [pool-3-thread-1] WARN  JUnitAnalyzer - EvoSuite problem: tests set up a security manager, but they do not remove it after execution
[MASTER] 14:05:31.028 [pool-3-thread-1] WARN  JUnitAnalyzer - EvoSuite problem: tests set up a security manager, but they do not remove it after execution
[MASTER] 14:05:31.166 [pool-3-thread-1] WARN  JUnitAnalyzer - EvoSuite problem: tests set up a security manager, but they do not remove it after execution
[MASTER] 14:05:31.336 [pool-3-thread-1] WARN  JUnitAnalyzer - EvoSuite problem: tests set up a security manager, but they do not remove it after execution
[MASTER] 14:05:31.571 [pool-3-thread-1] WARN  JUnitAnalyzer - EvoSuite problem: tests set up a security manager, but they do not remove it after execution
[MASTER] 14:05:31.786 [pool-3-thread-1] WARN  JUnitAnalyzer - EvoSuite problem: tests set up a security manager, but they do not remove it after execution
* Writing tests to file
* Writing JUnit test case 'VCFEncoder_ESTest' to evosuite-tests
* Done!

* Computation finished
