* EvoSuite 1.2.0
* Going to generate test cases for class: htsjdk.variant.vcf.VCFContigHeaderLine
* Starting Client-0
* Connecting to master process on port 19539
* Analyzing classpath: 
  - C:/Users/miaot/Github/BioTest/compares/baselines/evosuite/fatjar/htsjdk-with-deps.jar
[MASTER] 13:59:07.031 [pool-3-thread-1] WARN  InheritanceTree - Class not in inheritance graph: java.util.Locale$IsoCountryCode
* Finished analyzing classpath
* Generating tests for class htsjdk.variant.vcf.VCFContigHeaderLine
* Test criteria:
  - Branch Coverage
  - Line Coverage
Originally, MOSA was implemented with a 'RANK_CROWD_DISTANCE_TOURNAMENT' selection function. You may want to consider using it.
* Total number of test goals for DYNAMOSA: 53
* Using seed 1776625145571
* Starting evolution
* Initial Number of Goals in DynaMOSA = 34 / 53
[MASTER] 13:59:13.150 [pool-3-thread-1] WARN  TestCluster - Failed to check cache for java.util.Comparator<T> : Type points to itself
* Search finished after 181s and 9489 generations, 2436378 statements, best individual has fitness: 1.0
* Minimizing test suite
* Going to analyze the coverage criteria
* Coverage analysis for criterion BRANCH
* Coverage of criterion BRANCH: 100%
* Total number of goals: 21
* Number of covered goals: 21
* Coverage analysis for criterion LINE
* Coverage of criterion LINE: 97%
* Total number of goals: 32
* Number of covered goals: 31
* Generated 15 tests with total length 46
* Resulting test suite's coverage: 98% (average coverage for all fitness functions)
* Compiling and checking tests
WARNING: A terminally deprecated method in java.lang.System has been called
WARNING: System::setSecurityManager has been called by org.evosuite.runtime.sandbox.MSecurityManager (file:/C:/Users/miaot/Github/BioTest/compares/baselines/evosuite/source/evosuite-1.2.0.jar)
WARNING: Please consider reporting this to the maintainers of org.evosuite.runtime.sandbox.MSecurityManager
WARNING: System::setSecurityManager will be removed in a future release
[MASTER] 14:02:10.417 [pool-3-thread-1] WARN  JUnitAnalyzer - EvoSuite problem: tests set up a security manager, but they do not remove it after execution
[MASTER] 14:02:10.663 [pool-3-thread-1] WARN  JUnitAnalyzer - EvoSuite problem: tests set up a security manager, but they do not remove it after execution
[MASTER] 14:02:10.868 [pool-3-thread-1] WARN  JUnitAnalyzer - EvoSuite problem: tests set up a security manager, but they do not remove it after execution
[MASTER] 14:02:11.105 [pool-3-thread-1] WARN  JUnitAnalyzer - EvoSuite problem: tests set up a security manager, but they do not remove it after execution
[MASTER] 14:02:11.313 [pool-3-thread-1] WARN  JUnitAnalyzer - EvoSuite problem: tests set up a security manager, but they do not remove it after execution
[MASTER] 14:02:11.495 [pool-3-thread-1] WARN  JUnitAnalyzer - EvoSuite problem: tests set up a security manager, but they do not remove it after execution
[MASTER] 14:02:11.662 [pool-3-thread-1] WARN  JUnitAnalyzer - EvoSuite problem: tests set up a security manager, but they do not remove it after execution
[MASTER] 14:02:11.782 [pool-3-thread-1] WARN  JUnitAnalyzer - EvoSuite problem: tests set up a security manager, but they do not remove it after execution
[MASTER] 14:02:11.919 [pool-3-thread-1] WARN  JUnitAnalyzer - EvoSuite problem: tests set up a security manager, but they do not remove it after execution
[MASTER] 14:02:12.033 [pool-3-thread-1] WARN  JUnitAnalyzer - EvoSuite problem: tests set up a security manager, but they do not remove it after execution
[MASTER] 14:02:12.148 [pool-3-thread-1] WARN  JUnitAnalyzer - EvoSuite problem: tests set up a security manager, but they do not remove it after execution
[MASTER] 14:02:12.262 [pool-3-thread-1] WARN  JUnitAnalyzer - EvoSuite problem: tests set up a security manager, but they do not remove it after execution
[MASTER] 14:02:12.368 [pool-3-thread-1] WARN  JUnitAnalyzer - EvoSuite problem: tests set up a security manager, but they do not remove it after execution
[MASTER] 14:02:12.474 [pool-3-thread-1] WARN  JUnitAnalyzer - EvoSuite problem: tests set up a security manager, but they do not remove it after execution
[MASTER] 14:02:12.581 [pool-3-thread-1] WARN  JUnitAnalyzer - EvoSuite problem: tests set up a security manager, but they do not remove it after execution
[MASTER] 14:02:12.771 [pool-3-thread-1] WARN  JUnitAnalyzer - EvoSuite problem: tests set up a security manager, but they do not remove it after execution
[MASTER] 14:02:12.886 [pool-3-thread-1] WARN  JUnitAnalyzer - EvoSuite problem: tests set up a security manager, but they do not remove it after execution
* Writing tests to file
* Writing JUnit test case 'VCFContigHeaderLine_ESTest' to evosuite-tests
* Done!

* Computation finished
