* EvoSuite 1.2.0
* Going to generate test cases for class: htsjdk.variant.variantcontext.VariantContextComparator
* Starting Client-0
* Connecting to master process on port 4752
* Analyzing classpath: 
  - C:/Users/miaot/Github/BioTest/compares/baselines/evosuite/fatjar/htsjdk-with-deps.jar
[MASTER] 15:04:00.264 [pool-3-thread-1] WARN  InheritanceTree - Class not in inheritance graph: java.util.Locale$IsoCountryCode
* Finished analyzing classpath
* Generating tests for class htsjdk.variant.variantcontext.VariantContextComparator
* Test criteria:
  - Branch Coverage
  - Line Coverage
Originally, MOSA was implemented with a 'RANK_CROWD_DISTANCE_TOURNAMENT' selection function. You may want to consider using it.
* Total number of test goals for DYNAMOSA: 69
* Using seed 1776629038788
* Starting evolution
* Initial Number of Goals in DynaMOSA = 28 / 69
[MASTER] 15:04:04.780 [pool-3-thread-1] WARN  TestCluster - Failed to check cache for java.util.function.Function<T, R> : Type points to itself
[MASTER] 15:05:29.494 [pool-3-thread-1] WARN  TestCluster - Failed to check cache for java.util.List<E> : Type points to itself
* Search finished after 181s and 3799 generations, 1876896 statements, best individual has fitness: 23.0
* Minimizing test suite
* Going to analyze the coverage criteria
* Coverage analysis for criterion BRANCH
* Coverage of criterion BRANCH: 62%
* Total number of goals: 29
* Number of covered goals: 18
* Coverage analysis for criterion LINE
* Coverage of criterion LINE: 70%
* Total number of goals: 40
* Number of covered goals: 28
* Generated 8 tests with total length 32
* Resulting test suite's coverage: 66% (average coverage for all fitness functions)
* Compiling and checking tests
WARNING: A terminally deprecated method in java.lang.System has been called
WARNING: System::setSecurityManager has been called by org.evosuite.runtime.sandbox.MSecurityManager (file:/C:/Users/miaot/Github/BioTest/compares/baselines/evosuite/source/evosuite-1.2.0.jar)
WARNING: Please consider reporting this to the maintainers of org.evosuite.runtime.sandbox.MSecurityManager
WARNING: System::setSecurityManager will be removed in a future release
[MASTER] 15:07:03.493 [pool-3-thread-1] WARN  JUnitAnalyzer - EvoSuite problem: tests set up a security manager, but they do not remove it after execution
[MASTER] 15:07:03.743 [pool-3-thread-1] WARN  JUnitAnalyzer - EvoSuite problem: tests set up a security manager, but they do not remove it after execution
[MASTER] 15:07:03.986 [pool-3-thread-1] WARN  JUnitAnalyzer - EvoSuite problem: tests set up a security manager, but they do not remove it after execution
[MASTER] 15:07:04.224 [pool-3-thread-1] WARN  JUnitAnalyzer - EvoSuite problem: tests set up a security manager, but they do not remove it after execution
[MASTER] 15:07:04.460 [pool-3-thread-1] WARN  JUnitAnalyzer - EvoSuite problem: tests set up a security manager, but they do not remove it after execution
[MASTER] 15:07:04.678 [pool-3-thread-1] WARN  JUnitAnalyzer - EvoSuite problem: tests set up a security manager, but they do not remove it after execution
[MASTER] 15:07:04.904 [pool-3-thread-1] WARN  JUnitAnalyzer - EvoSuite problem: tests set up a security manager, but they do not remove it after execution
[MASTER] 15:07:05.036 [pool-3-thread-1] WARN  JUnitAnalyzer - EvoSuite problem: tests set up a security manager, but they do not remove it after execution
[MASTER] 15:07:05.249 [pool-3-thread-1] WARN  JUnitAnalyzer - EvoSuite problem: tests set up a security manager, but they do not remove it after execution
[MASTER] 15:07:05.429 [pool-3-thread-1] WARN  JUnitAnalyzer - EvoSuite problem: tests set up a security manager, but they do not remove it after execution
* Writing tests to file
* Writing JUnit test case 'VariantContextComparator_ESTest' to evosuite-tests
* Done!

* Computation finished
