* EvoSuite 1.2.0
* Going to generate test cases for class: htsjdk.variant.vcf.VCFConstants
* Starting Client-0
* Connecting to master process on port 7175
* Analyzing classpath: 
  - C:/Users/miaot/Github/BioTest/compares/baselines/evosuite/fatjar/htsjdk-with-deps.jar
[MASTER] 13:58:58.501 [pool-3-thread-1] WARN  InheritanceTree - Class not in inheritance graph: java.util.Locale$IsoCountryCode
* Finished analyzing classpath
* Generating tests for class htsjdk.variant.vcf.VCFConstants
* Test criteria:
  - Branch Coverage
  - Line Coverage
Originally, MOSA was implemented with a 'RANK_CROWD_DISTANCE_TOURNAMENT' selection function. You may want to consider using it.
* Total number of test goals for DYNAMOSA: 2
* Using seed 1776625137386
* Starting evolution
* Initial Number of Goals in DynaMOSA = 2 / 2
* Search finished after 1s and 0 generations, 1017 statements, best individual has fitness: 0.0
* Minimizing test suite
* Going to analyze the coverage criteria
* Coverage analysis for criterion BRANCH
* Coverage of criterion BRANCH: 100%
* Total number of goals: 1
* Number of covered goals: 1
* Coverage analysis for criterion LINE
* Coverage of criterion LINE: 100%
* Total number of goals: 1
* Number of covered goals: 1
* Generated 1 tests with total length 1
* Resulting test suite's coverage: 100% (average coverage for all fitness functions)
* Compiling and checking tests
WARNING: A terminally deprecated method in java.lang.System has been called
WARNING: System::setSecurityManager has been called by org.evosuite.runtime.sandbox.MSecurityManager (file:/C:/Users/miaot/Github/BioTest/compares/baselines/evosuite/source/evosuite-1.2.0.jar)
WARNING: Please consider reporting this to the maintainers of org.evosuite.runtime.sandbox.MSecurityManager
WARNING: System::setSecurityManager will be removed in a future release
[MASTER] 13:59:01.631 [pool-3-thread-1] WARN  JUnitAnalyzer - EvoSuite problem: tests set up a security manager, but they do not remove it after execution
[MASTER] 13:59:01.875 [pool-3-thread-1] WARN  JUnitAnalyzer - EvoSuite problem: tests set up a security manager, but they do not remove it after execution
* Writing tests to file
* Writing JUnit test case 'VCFConstants_ESTest' to evosuite-tests
* Done!

* Computation finished
