* EvoSuite 1.2.0
* Going to generate test cases for class: htsjdk.variant.vcf.VCFIteratorBuilder
* Starting Client-0
* Connecting to master process on port 19408
* Analyzing classpath: 
  - C:/Users/miaot/Github/BioTest/compares/baselines/evosuite/fatjar/htsjdk-with-deps.jar
[MASTER] 14:19:10.322 [pool-3-thread-1] WARN  InheritanceTree - Class not in inheritance graph: java.io.ObjectInputFilter
[MASTER] 14:19:10.375 [pool-3-thread-1] WARN  InheritanceTree - Class not in inheritance graph: java.io.ObjectInputFilter$FilterInfo
[MASTER] 14:19:10.415 [pool-3-thread-1] WARN  InheritanceTree - Class not in inheritance graph: java.util.Locale$IsoCountryCode
* Finished analyzing classpath
* Generating tests for class htsjdk.variant.vcf.VCFIteratorBuilder
* Test criteria:
  - Branch Coverage
  - Line Coverage
Originally, MOSA was implemented with a 'RANK_CROWD_DISTANCE_TOURNAMENT' selection function. You may want to consider using it.
* Total number of test goals for DYNAMOSA: 57
* Using seed 1776626349102
* Starting evolution
* Initial Number of Goals in DynaMOSA = 45 / 57
[MASTER] 14:19:10.914 [pool-3-thread-1] WARN  TestCluster - Failed to check cache for java.util.Enumeration<E> : Type points to itself
[MASTER] 14:19:11.328 [pool-3-thread-1] WARN  TestCluster - Failed to check cache for java.util.function.Function<T, R> : Type points to itself
* Search finished after 186s and 416 generations, 73687 statements, best individual has fitness: 39.0
* Minimizing test suite
* Going to analyze the coverage criteria
* Coverage analysis for criterion BRANCH
* Coverage of criterion BRANCH: 36%
* Total number of goals: 22
* Number of covered goals: 8
* Coverage analysis for criterion LINE
* Coverage of criterion LINE: 29%
* Total number of goals: 35
* Number of covered goals: 10
* Generated 5 tests with total length 11
* Resulting test suite's coverage: 32% (average coverage for all fitness functions)
* Compiling and checking tests
WARNING: A terminally deprecated method in java.lang.System has been called
WARNING: System::setSecurityManager has been called by org.evosuite.runtime.sandbox.MSecurityManager (file:/C:/Users/miaot/Github/BioTest/compares/baselines/evosuite/source/evosuite-1.2.0.jar)
WARNING: Please consider reporting this to the maintainers of org.evosuite.runtime.sandbox.MSecurityManager
WARNING: System::setSecurityManager will be removed in a future release
[MASTER] 14:22:18.392 [pool-3-thread-1] WARN  JUnitAnalyzer - EvoSuite problem: tests set up a security manager, but they do not remove it after execution
[MASTER] 14:22:18.652 [pool-3-thread-1] WARN  JUnitAnalyzer - EvoSuite problem: tests set up a security manager, but they do not remove it after execution
[MASTER] 14:22:18.923 [pool-3-thread-1] WARN  JUnitAnalyzer - EvoSuite problem: tests set up a security manager, but they do not remove it after execution
[MASTER] 14:22:19.163 [pool-3-thread-1] WARN  JUnitAnalyzer - EvoSuite problem: tests set up a security manager, but they do not remove it after execution
[MASTER] 14:22:19.389 [pool-3-thread-1] WARN  JUnitAnalyzer - EvoSuite problem: tests set up a security manager, but they do not remove it after execution
[MASTER] 14:22:19.679 [pool-3-thread-1] WARN  JUnitAnalyzer - EvoSuite problem: tests set up a security manager, but they do not remove it after execution
[MASTER] 14:22:19.987 [pool-3-thread-1] WARN  JUnitAnalyzer - EvoSuite problem: tests set up a security manager, but they do not remove it after execution
* Writing tests to file
* Writing JUnit test case 'VCFIteratorBuilder_ESTest' to evosuite-tests
* Done!

* Computation finished
