[12:28:29] [htsjdk_sam    ] === cascade start (host, max_iter=2) ===
[12:28:29] [htsjdk_sam    ]     initial seeds: VCF=33  SAM=74
[12:28:29] [htsjdk_sam    ] --- rep 0 ---
[12:28:29] [htsjdk_sam    ]     seeds entering rep: {'vcf_total': 33, 'vcf_kept': 0, 'vcf_synthetic': 0, 'sam_total': 74, 'sam_kept': 0, 'sam_synthetic': 0}
[12:28:29] [htsjdk_sam    ]     reset data/ + bug_reports/ (seeds + coverage_artifacts preserved — cumulative cascade)
[12:28:29] [htsjdk_sam    ]     cmd: python harness_run.py --mode E1S --config biotest_config.rep0.yaml --phase D,E
[12:28:29] [htsjdk_sam    ]     budget: 5400s (host)
[12:28:29] [htsjdk_sam    ]     env: BIOTEST_MULTISHOT_K=2  BIOTEST_AUTO_INVOKE_PUBLIC_METHODS=1 (refine round 4)
[12:41:16] [htsjdk_sam    ]     rep 0 exit=0 elapsed=766s
[12:41:16] [htsjdk_sam    ]     -> line=0.00% covered=0/0 status=missing seeds_after={'vcf_total': 33, 'vcf_kept': 0, 'vcf_synthetic': 0, 'sam_total': 74, 'sam_kept': 0, 'sam_synthetic': 0}
[12:41:16] [htsjdk_sam    ] --- rep 1 ---
[12:41:16] [htsjdk_sam    ]     seeds entering rep: {'vcf_total': 33, 'vcf_kept': 0, 'vcf_synthetic': 0, 'sam_total': 74, 'sam_kept': 0, 'sam_synthetic': 0}
[12:41:16] [htsjdk_sam    ]     reset data/ + bug_reports/ (seeds + coverage_artifacts preserved — cumulative cascade)
[12:41:16] [htsjdk_sam    ]     cmd: python harness_run.py --mode E1S --config biotest_config.rep1.yaml --phase D,E
[12:41:16] [htsjdk_sam    ]     budget: 5400s (host)
[12:41:16] [htsjdk_sam    ]     env: BIOTEST_MULTISHOT_K=2  BIOTEST_AUTO_INVOKE_PUBLIC_METHODS=1 (refine round 4)
[12:53:28] [htsjdk_sam    ]     rep 1 exit=0 elapsed=733s
[12:53:28] [htsjdk_sam    ]     -> line=0.00% covered=0/0 status=missing seeds_after={'vcf_total': 33, 'vcf_kept': 0, 'vcf_synthetic': 0, 'sam_total': 74, 'sam_kept': 0, 'sam_synthetic': 0}
[12:53:28] [htsjdk_sam    ] --- rep 2 ---
[12:53:28] [htsjdk_sam    ]     seeds entering rep: {'vcf_total': 33, 'vcf_kept': 0, 'vcf_synthetic': 0, 'sam_total': 74, 'sam_kept': 0, 'sam_synthetic': 0}
[12:53:28] [htsjdk_sam    ]     reset data/ + bug_reports/ (seeds + coverage_artifacts preserved — cumulative cascade)
[12:53:28] [htsjdk_sam    ]     cmd: python harness_run.py --mode E1S --config biotest_config.rep2.yaml --phase D,E
[12:53:28] [htsjdk_sam    ]     budget: 5400s (host)
[12:53:28] [htsjdk_sam    ]     env: BIOTEST_MULTISHOT_K=2  BIOTEST_AUTO_INVOKE_PUBLIC_METHODS=1 (refine round 4)
[14:03:25] [htsjdk_sam    ]     rep 2 exit=0 elapsed=4196s
[14:03:27] [htsjdk_sam    ]     -> line=30.80% covered=1600/5200 status=ok seeds_after={'vcf_total': 33, 'vcf_kept': 0, 'vcf_synthetic': 0, 'sam_total': 307, 'sam_kept': 233, 'sam_synthetic': 0}
[14:03:27] [htsjdk_sam    ] === cascade complete (3 reps) ===
