[22:55:47] [htsjdk_sam    ] === cascade start (host, max_iter=2) ===
[22:55:47] [htsjdk_sam    ]     initial seeds: VCF=33  SAM=74
[22:55:47] [htsjdk_sam    ] --- rep 0 ---
[22:55:47] [htsjdk_sam    ]     seeds entering rep: {'vcf_total': 33, 'vcf_kept': 0, 'vcf_synthetic': 0, 'sam_total': 74, 'sam_kept': 0, 'sam_synthetic': 0}
[22:55:47] [htsjdk_sam    ]     reset data/ + bug_reports/ (seeds + coverage_artifacts preserved — cumulative cascade)
[22:55:48] [htsjdk_sam    ]     cmd: python harness_run.py --mode E0 --config biotest_config.rep0.yaml --phase D,E
[22:55:48] [htsjdk_sam    ]     budget: 5400s (host)
[22:55:48] [htsjdk_sam    ]     env: BIOTEST_MULTISHOT_K=2  BIOTEST_AUTO_INVOKE_PUBLIC_METHODS=1 (refine round 4)
[00:25:48] [htsjdk_sam    ]     timeout after 5400s — sending CTRL_BREAK_EVENT (graceful)
[00:25:48] [htsjdk_sam    ]     rep 0 exit=3221225786 elapsed=5400s
[00:25:52] [htsjdk_sam    ]     -> line=31.00% covered=1597/5154 status=ok seeds_after={'vcf_total': 33, 'vcf_kept': 0, 'vcf_synthetic': 0, 'sam_total': 243, 'sam_kept': 169, 'sam_synthetic': 0}
[00:25:52] [htsjdk_sam    ] --- rep 1 ---
[00:25:52] [htsjdk_sam    ]     seeds entering rep: {'vcf_total': 33, 'vcf_kept': 0, 'vcf_synthetic': 0, 'sam_total': 243, 'sam_kept': 169, 'sam_synthetic': 0}
[00:25:57] [htsjdk_sam    ]     reset data/ + bug_reports/ (seeds + coverage_artifacts preserved — cumulative cascade)
[00:25:57] [htsjdk_sam    ]     cmd: python harness_run.py --mode E0 --config biotest_config.rep1.yaml --phase D,E
[00:25:57] [htsjdk_sam    ]     budget: 5400s (host)
[00:25:57] [htsjdk_sam    ]     env: BIOTEST_MULTISHOT_K=2  BIOTEST_AUTO_INVOKE_PUBLIC_METHODS=1 (refine round 4)
[01:55:57] [htsjdk_sam    ]     timeout after 5400s — sending CTRL_BREAK_EVENT (graceful)
[01:55:57] [htsjdk_sam    ]     rep 1 exit=3221225786 elapsed=5400s
[01:55:59] [htsjdk_sam    ]     -> line=31.00% covered=1597/5154 status=ok seeds_after={'vcf_total': 33, 'vcf_kept': 0, 'vcf_synthetic': 0, 'sam_total': 498, 'sam_kept': 424, 'sam_synthetic': 0}
[01:55:59] [htsjdk_sam    ] --- rep 2 ---
[01:55:59] [htsjdk_sam    ]     seeds entering rep: {'vcf_total': 33, 'vcf_kept': 0, 'vcf_synthetic': 0, 'sam_total': 498, 'sam_kept': 424, 'sam_synthetic': 0}
[01:56:24] [htsjdk_sam    ]     reset data/ + bug_reports/ (seeds + coverage_artifacts preserved — cumulative cascade)
[01:56:24] [htsjdk_sam    ]     cmd: python harness_run.py --mode E0 --config biotest_config.rep2.yaml --phase D,E
[01:56:24] [htsjdk_sam    ]     budget: 5400s (host)
[01:56:24] [htsjdk_sam    ]     env: BIOTEST_MULTISHOT_K=2  BIOTEST_AUTO_INVOKE_PUBLIC_METHODS=1 (refine round 4)
[03:26:24] [htsjdk_sam    ]     timeout after 5400s — sending CTRL_BREAK_EVENT (graceful)
[03:26:24] [htsjdk_sam    ]     rep 2 exit=3221225786 elapsed=5400s
[03:26:27] [htsjdk_sam    ]     -> line=31.00% covered=1597/5154 status=ok seeds_after={'vcf_total': 33, 'vcf_kept': 0, 'vcf_synthetic': 0, 'sam_total': 832, 'sam_kept': 758, 'sam_synthetic': 0}
[03:26:27] [htsjdk_sam    ] === cascade complete (3 reps) ===
