[17:12:39] [seqan3_sam    ] === cascade start (container, max_iter=2) ===
[17:12:40] [seqan3_sam    ]     initial seeds: VCF=33  SAM=74
[17:12:40] [seqan3_sam    ] --- rep 0 ---
[17:12:40] [seqan3_sam    ]     seeds entering rep: {'vcf_total': 33, 'vcf_kept': 0, 'vcf_synthetic': 0, 'sam_total': 74, 'sam_kept': 0, 'sam_synthetic': 0}
[17:12:40] [seqan3_sam    ]     reset data/ + bug_reports/ + coverage_artifacts/ (seeds preserved — independent trials)
[17:12:40] [seqan3_sam    ]     env (container): BIOTEST_MULTISHOT_K=2 (refine round 4)
[17:12:40] [seqan3_sam    ]     cmd: docker exec biotest-bench-setup python3.12 harness_run.py --mode E0 ...
[17:12:40] [seqan3_sam    ]     budget: 5400s (container)
[18:47:19] [seqan3_sam    ]     rep 0 exit=0 elapsed=5679s
[18:48:35] [seqan3_sam    ]     gcovr regen failed: (INFO) Reading coverage data...
(ERROR) Traceback (most recent call last):
  File "/usr/local/lib/python3.12/dist-packages/gcovr/formats/gcov/workers.py", line 96, in worker
    work(*args, **kwargs)

[18:48:35] [seqan3_sam    ]     -> line=0.00% covered=0/0 status=missing seeds_after={'vcf_total': 33, 'vcf_kept': 0, 'vcf_synthetic': 0, 'sam_total': 852, 'sam_kept': 773, 'sam_synthetic': 5}
[18:48:35] [seqan3_sam    ] --- rep 1 ---
[18:48:35] [seqan3_sam    ]     seeds entering rep: {'vcf_total': 33, 'vcf_kept': 0, 'vcf_synthetic': 0, 'sam_total': 852, 'sam_kept': 773, 'sam_synthetic': 5}
[18:48:52] [seqan3_sam    ]     reset data/ + bug_reports/ + coverage_artifacts/ (seeds preserved — independent trials)
[18:48:52] [seqan3_sam    ]     env (container): BIOTEST_MULTISHOT_K=2 (refine round 4)
[18:48:52] [seqan3_sam    ]     cmd: docker exec biotest-bench-setup python3.12 harness_run.py --mode E0 ...
[18:48:52] [seqan3_sam    ]     budget: 5400s (container)
[20:23:37] [seqan3_sam    ]     rep 1 exit=0 elapsed=5685s
[20:23:47] [seqan3_sam    ]     -> line=94.20% covered=758/805 status=ok seeds_after={'vcf_total': 33, 'vcf_kept': 0, 'vcf_synthetic': 0, 'sam_total': 1407, 'sam_kept': 1328, 'sam_synthetic': 5}
[20:23:47] [seqan3_sam    ] --- rep 2 ---
[20:23:47] [seqan3_sam    ]     seeds entering rep: {'vcf_total': 33, 'vcf_kept': 0, 'vcf_synthetic': 0, 'sam_total': 1407, 'sam_kept': 1328, 'sam_synthetic': 5}
[20:24:03] [seqan3_sam    ]     reset data/ + bug_reports/ + coverage_artifacts/ (seeds preserved — independent trials)
[20:24:03] [seqan3_sam    ]     env (container): BIOTEST_MULTISHOT_K=2 (refine round 4)
[20:24:03] [seqan3_sam    ]     cmd: docker exec biotest-bench-setup python3.12 harness_run.py --mode E0 ...
[20:24:03] [seqan3_sam    ]     budget: 5400s (container)
[21:58:59] [seqan3_sam    ]     rep 2 exit=0 elapsed=5695s
[21:59:09] [seqan3_sam    ]     -> line=93.90% covered=756/805 status=ok seeds_after={'vcf_total': 33, 'vcf_kept': 0, 'vcf_synthetic': 0, 'sam_total': 1791, 'sam_kept': 1712, 'sam_synthetic': 5}
[21:59:09] [seqan3_sam    ] --- rep 3 ---
[21:59:09] [seqan3_sam    ]     seeds entering rep: {'vcf_total': 33, 'vcf_kept': 0, 'vcf_synthetic': 0, 'sam_total': 1791, 'sam_kept': 1712, 'sam_synthetic': 5}
[21:59:21] [seqan3_sam    ]     reset data/ + bug_reports/ + coverage_artifacts/ (seeds preserved — independent trials)
[21:59:21] [seqan3_sam    ]     env (container): BIOTEST_MULTISHOT_K=2 (refine round 4)
[21:59:21] [seqan3_sam    ]     cmd: docker exec biotest-bench-setup python3.12 harness_run.py --mode E0 ...
[21:59:21] [seqan3_sam    ]     budget: 5400s (container)
[23:29:46] [seqan3_sam    ]     rep 3 exit=0 elapsed=5425s
[23:29:54] [seqan3_sam    ]     -> line=93.70% covered=754/805 status=ok seeds_after={'vcf_total': 33, 'vcf_kept': 0, 'vcf_synthetic': 0, 'sam_total': 2079, 'sam_kept': 2000, 'sam_synthetic': 5}
[23:29:54] [seqan3_sam    ] === cascade complete (4 reps) ===
