[randoop] bug=htsjdk-1238 targets=['htsjdk.samtools.SAMSequenceRecord'] pre=2.18.1 post=2.18.2 budget=120s
[randoop] generate: java --add-opens=java.base/java.lang=ALL-UNNAMED --add-opens=java.base/java.util=ALL-UNNAMED --add-opens=java.base/java.io=ALL-UNNAMED --add-opens=java.base/java.net=ALL-UNNAMED --add-opens=java.base/java.text=ALL-UNNAMED --add-opens=java.base/sun.nio.ch=ALL-UNNAMED --add-opens=java.desktop/java.awt=ALL-UNNAMED -classpath C:\Users\miaot\Github\BioTest\compares\baselines\randoop\source\randoop-all-4.3.3.jar;C:\Users\miaot\Github\BioTest\compares\baselines\evosuite\fatjar\htsjdk-2.18.2.jar;C:\Users\miaot\Github\BioTest\compares\baselines\evosuite\deps\commons-compress-1.26.0.jar;C:\Users\miaot\Github\BioTest\compares\baselines\evosuite\deps\commons-jexl-2.1.1.jar;C:\Users\miaot\Github\BioTest\compares\baselines\evosuite\deps\commons-logging-1.3.0.jar;C:\Users\miaot\Github\BioTest\compares\baselines\evosuite\deps\json-20231013.jar;C:\Users\miaot\Github\BioTest\compares\baselines\evosuite\deps\nashorn-core-15.4.jar;C:\Users\miaot\Github\BioTest\compares\baselines\evosuite\deps\ngs-java-2.9.0.jar;C:\Users\miaot\Github\BioTest\compares\baselines\evosuite\deps\snappy-java-1.1.10.5.jar;C:\Users\miaot\Github\BioTest\compares\baselines\evosuite\deps\xz-1.9.jar randoop.main.Main gentests --time-limit=84 --output-limit=100 --junit-output-dir=C:\Users\miaot\Github\BioTest\compares\baselines\randoop\results\htsjdk-1238\work\randoop-tests --junit-package-name=randoop.bench --flaky-test-behavior=OUTPUT --no-error-revealing-tests=false --no-regression-tests=false --testclass=htsjdk.samtools.SAMSequenceRecord
Randoop for Java version "4.3.3, local changes, branch master, commit 8f08f5b, 2024-05-02".

Will try to generate tests for 1 classes.
PUBLIC MEMBERS=41
Explorer = ForwardGenerator(steps: 0, null steps: 0, num_sequences_generated: 0;
    allSequences: 0, regresson seqs: 0, error seqs: 0=0=0, invalid seqs: 0, subsumed_sequences: 0, num_failed_output_test: 0;
    sideEffectFreeMethods: 1113, runtimePrimitivesSeen: 38)

Progress update: steps=1, test inputs generated=0, failing inputs=0      (2026-04-26T18:46:30.923414500Z     10.8M used)
Progress update: steps=119, test inputs generated=101, failing inputs=0      (2026-04-26T18:46:33.266076300Z     59.0M used)
Normal method executions: 2993
Exceptional method executions: 9

Average method execution time (normal termination):      0.0183
Average method execution time (exceptional termination): 0.103
Approximate memory usage 59.0M
Explorer = ForwardGenerator(steps: 119, null steps: 18, num_sequences_generated: 101;
    allSequences: 101, regresson seqs: 100, error seqs: 0=0=0, invalid seqs: 0, subsumed_sequences: 0, num_failed_output_test: 1;
    sideEffectFreeMethods: 1113, runtimePrimitivesSeen: 49)

No error-revealing tests to output.

About to look for failing assertions in 59 regression sequences.

Regression test output:
Regression test count: 59
Writing regression JUnit tests...
Created file C:\Users\miaot\Github\BioTest\compares\baselines\randoop\results\htsjdk-1238\work\randoop-tests\randoop\bench\RegressionTest0.java
Created file C:\Users\miaot\Github\BioTest\compares\baselines\randoop\results\htsjdk-1238\work\randoop-tests\randoop\bench\RegressionTest.java
Wrote regression JUnit tests.
About to look for flaky methods.

Invalid tests generated: 0
[randoop] generated 2 java source(s)
[randoop] compile (2 srcs) -> C:\Users\miaot\Github\BioTest\compares\baselines\randoop\results\htsjdk-1238\work\classes_post
Note: C:\Users\miaot\Github\BioTest\compares\baselines\randoop\results\htsjdk-1238\work\randoop-tests\randoop\bench\RegressionTest0.java uses or overrides a deprecated API.
Note: Recompile with -Xlint:deprecation for details.
[randoop] compile (2 srcs) -> C:\Users\miaot\Github\BioTest\compares\baselines\randoop\results\htsjdk-1238\work\classes_pre
C:\Users\miaot\Github\BioTest\compares\baselines\randoop\results\htsjdk-1238\work\randoop-tests\randoop\bench\RegressionTest0.java:53: error: cannot find symbol
        java.lang.String str0 = htsjdk.samtools.SAMSequenceRecord.RESERVED_RNEXT_SEQUENCE_NAME;
                                                                 ^
  symbol:   variable RESERVED_RNEXT_SEQUENCE_NAME
  location: class SAMSequenceRecord
Note: C:\Users\miaot\Github\BioTest\compares\baselines\randoop\results\htsjdk-1238\work\randoop-tests\randoop\bench\RegressionTest0.java uses or overrides a deprecated API.
Note: Recompile with -Xlint:deprecation for details.
1 error
[randoop] javac rc=1
[randoop] 1 test class(es) generated
[randoop] junit randoop.bench.RegressionTest0 rc=0 pass=True | Time: 0.026 //  // OK (59 tests)
[randoop] detected=1/1 (pre_pass=0 post_pass=1)
[randoop] bug=htsjdk-1238 targets=['htsjdk.samtools.SAMSequenceRecord'] pre=2.18.1 post=2.18.2 budget=600s
[randoop] generate: java --add-opens=java.base/java.lang=ALL-UNNAMED --add-opens=java.base/java.util=ALL-UNNAMED --add-opens=java.base/java.io=ALL-UNNAMED --add-opens=java.base/java.net=ALL-UNNAMED --add-opens=java.base/java.text=ALL-UNNAMED --add-opens=java.base/sun.nio.ch=ALL-UNNAMED --add-opens=java.desktop/java.awt=ALL-UNNAMED -classpath C:\Users\miaot\Github\BioTest\compares\baselines\randoop\source\randoop-all-4.3.3.jar;C:\Users\miaot\Github\BioTest\compares\baselines\evosuite\fatjar\htsjdk-2.18.2.jar;C:\Users\miaot\Github\BioTest\compares\baselines\evosuite\deps\commons-compress-1.26.0.jar;C:\Users\miaot\Github\BioTest\compares\baselines\evosuite\deps\commons-jexl-2.1.1.jar;C:\Users\miaot\Github\BioTest\compares\baselines\evosuite\deps\commons-logging-1.3.0.jar;C:\Users\miaot\Github\BioTest\compares\baselines\evosuite\deps\json-20231013.jar;C:\Users\miaot\Github\BioTest\compares\baselines\evosuite\deps\nashorn-core-15.4.jar;C:\Users\miaot\Github\BioTest\compares\baselines\evosuite\deps\ngs-java-2.9.0.jar;C:\Users\miaot\Github\BioTest\compares\baselines\evosuite\deps\snappy-java-1.1.10.5.jar;C:\Users\miaot\Github\BioTest\compares\baselines\evosuite\deps\xz-1.9.jar randoop.main.Main gentests --time-limit=420 --output-limit=500 --junit-output-dir=C:\Users\miaot\Github\BioTest\compares\baselines\randoop\results\htsjdk-1238\work\randoop-tests --junit-package-name=randoop.bench --flaky-test-behavior=OUTPUT --no-error-revealing-tests=false --no-regression-tests=false --testclass=htsjdk.samtools.SAMSequenceRecord
Randoop for Java version "4.3.3, local changes, branch master, commit 8f08f5b, 2024-05-02".

Will try to generate tests for 1 classes.
PUBLIC MEMBERS=41
Explorer = ForwardGenerator(steps: 0, null steps: 0, num_sequences_generated: 0;
    allSequences: 0, regresson seqs: 0, error seqs: 0=0=0, invalid seqs: 0, subsumed_sequences: 0, num_failed_output_test: 0;
    sideEffectFreeMethods: 1113, runtimePrimitivesSeen: 38)

Progress update: steps=1, test inputs generated=0, failing inputs=0      (2026-04-26T19:24:33.624454700Z     10.7M used)
Progress update: steps=541, test inputs generated=501, failing inputs=0      (2026-04-26T19:24:41.140530800Z     133M used)
Normal method executions: 33669
Exceptional method executions: 35

Average method execution time (normal termination):      0.00172
Average method execution time (exceptional termination): 0.0539
Approximate memory usage 133M
Explorer = ForwardGenerator(steps: 541, null steps: 40, num_sequences_generated: 501;
    allSequences: 501, regresson seqs: 500, error seqs: 0=0=0, invalid seqs: 0, subsumed_sequences: 0, num_failed_output_test: 1;
    sideEffectFreeMethods: 1113, runtimePrimitivesSeen: 63)

No error-revealing tests to output.

About to look for failing assertions in 283 regression sequences.

Regression test output:
Regression test count: 283
Writing regression JUnit tests...
Created file C:\Users\miaot\Github\BioTest\compares\baselines\randoop\results\htsjdk-1238\work\randoop-tests\randoop\bench\RegressionTest0.java
Created file C:\Users\miaot\Github\BioTest\compares\baselines\randoop\results\htsjdk-1238\work\randoop-tests\randoop\bench\RegressionTest.java
Wrote regression JUnit tests.
About to look for flaky methods.

Invalid tests generated: 0
[randoop] generated 2 java source(s)
[randoop] compile (2 srcs) -> C:\Users\miaot\Github\BioTest\compares\baselines\randoop\results\htsjdk-1238\work\classes_post
Note: C:\Users\miaot\Github\BioTest\compares\baselines\randoop\results\htsjdk-1238\work\randoop-tests\randoop\bench\RegressionTest0.java uses or overrides a deprecated API.
Note: Recompile with -Xlint:deprecation for details.
[randoop] compile (2 srcs) -> C:\Users\miaot\Github\BioTest\compares\baselines\randoop\results\htsjdk-1238\work\classes_pre
C:\Users\miaot\Github\BioTest\compares\baselines\randoop\results\htsjdk-1238\work\randoop-tests\randoop\bench\RegressionTest0.java:53: error: cannot find symbol
        java.lang.String str0 = htsjdk.samtools.SAMSequenceRecord.RESERVED_RNEXT_SEQUENCE_NAME;
                                                                 ^
  symbol:   variable RESERVED_RNEXT_SEQUENCE_NAME
  location: class SAMSequenceRecord
Note: C:\Users\miaot\Github\BioTest\compares\baselines\randoop\results\htsjdk-1238\work\randoop-tests\randoop\bench\RegressionTest0.java uses or overrides a deprecated API.
Note: Recompile with -Xlint:deprecation for details.
1 error
[randoop] javac rc=1
[randoop] 1 test class(es) generated
[randoop] junit randoop.bench.RegressionTest0 rc=0 pass=True | Time: 0.042 //  // OK (283 tests)
[randoop] detected=1/1 (pre_pass=0 post_pass=1)
