[23:04:58] [htsjdk_sam    ] === cascade start (host, max_iter=2) ===
[23:04:58] [htsjdk_sam    ]     initial seeds: VCF=33  SAM=74
[23:04:58] [htsjdk_sam    ] --- rep 0 ---
[23:04:58] [htsjdk_sam    ]     seeds entering rep: {'vcf_total': 33, 'vcf_kept': 0, 'vcf_synthetic': 0, 'sam_total': 74, 'sam_kept': 0, 'sam_synthetic': 0}
[23:04:58] [htsjdk_sam    ]     reset data/ + bug_reports/ (seeds + coverage_artifacts preserved — cumulative cascade)
[23:04:58] [htsjdk_sam    ]     cmd: python harness_run.py --mode E1S --config biotest_config.rep0.yaml --phase D,E
[23:04:58] [htsjdk_sam    ]     budget: 5400s (host)
[23:04:58] [htsjdk_sam    ]     env: BIOTEST_MULTISHOT_K=2  BIOTEST_AUTO_INVOKE_PUBLIC_METHODS=1 (refine round 4)
[00:34:58] [htsjdk_sam    ]     timeout after 5400s — sending CTRL_BREAK_EVENT (graceful)
[00:34:58] [htsjdk_sam    ]     rep 0 exit=3221225786 elapsed=5400s
[00:35:03] [htsjdk_sam    ]     -> line=27.50% covered=1418/5154 status=ok seeds_after={'vcf_total': 33, 'vcf_kept': 0, 'vcf_synthetic': 0, 'sam_total': 236, 'sam_kept': 162, 'sam_synthetic': 0}
[00:35:03] [htsjdk_sam    ] --- rep 1 ---
[00:35:03] [htsjdk_sam    ]     seeds entering rep: {'vcf_total': 33, 'vcf_kept': 0, 'vcf_synthetic': 0, 'sam_total': 236, 'sam_kept': 162, 'sam_synthetic': 0}
[00:35:13] [htsjdk_sam    ]     reset data/ + bug_reports/ (seeds + coverage_artifacts preserved — cumulative cascade)
[00:35:13] [htsjdk_sam    ]     cmd: python harness_run.py --mode E1S --config biotest_config.rep1.yaml --phase D,E
[00:35:13] [htsjdk_sam    ]     budget: 5400s (host)
[00:35:13] [htsjdk_sam    ]     env: BIOTEST_MULTISHOT_K=2  BIOTEST_AUTO_INVOKE_PUBLIC_METHODS=1 (refine round 4)
[02:05:14] [htsjdk_sam    ]     timeout after 5400s — sending CTRL_BREAK_EVENT (graceful)
[02:05:14] [htsjdk_sam    ]     rep 1 exit=3221225786 elapsed=5400s
[02:05:16] [htsjdk_sam    ]     -> line=27.50% covered=1418/5154 status=ok seeds_after={'vcf_total': 33, 'vcf_kept': 0, 'vcf_synthetic': 0, 'sam_total': 510, 'sam_kept': 436, 'sam_synthetic': 0}
[02:05:16] [htsjdk_sam    ] --- rep 2 ---
[02:05:16] [htsjdk_sam    ]     seeds entering rep: {'vcf_total': 33, 'vcf_kept': 0, 'vcf_synthetic': 0, 'sam_total': 510, 'sam_kept': 436, 'sam_synthetic': 0}
[02:05:28] [htsjdk_sam    ]     reset data/ + bug_reports/ (seeds + coverage_artifacts preserved — cumulative cascade)
[02:05:28] [htsjdk_sam    ]     cmd: python harness_run.py --mode E1S --config biotest_config.rep2.yaml --phase D,E
[02:05:28] [htsjdk_sam    ]     budget: 5400s (host)
[02:05:28] [htsjdk_sam    ]     env: BIOTEST_MULTISHOT_K=2  BIOTEST_AUTO_INVOKE_PUBLIC_METHODS=1 (refine round 4)
[03:35:28] [htsjdk_sam    ]     timeout after 5400s — sending CTRL_BREAK_EVENT (graceful)
[03:35:29] [htsjdk_sam    ]     rep 2 exit=3221225786 elapsed=5401s
[03:35:32] [htsjdk_sam    ]     -> line=27.50% covered=1418/5154 status=ok seeds_after={'vcf_total': 33, 'vcf_kept': 0, 'vcf_synthetic': 0, 'sam_total': 824, 'sam_kept': 750, 'sam_synthetic': 0}
[03:35:32] [htsjdk_sam    ] === cascade complete (3 reps) ===
