[23:04:58] [htsjdk_vcf    ] === cascade start (host, max_iter=2) ===
[23:04:58] [htsjdk_vcf    ]     initial seeds: VCF=33  SAM=74
[23:04:58] [htsjdk_vcf    ] --- rep 0 ---
[23:04:58] [htsjdk_vcf    ]     seeds entering rep: {'vcf_total': 33, 'vcf_kept': 0, 'vcf_synthetic': 0, 'sam_total': 74, 'sam_kept': 0, 'sam_synthetic': 0}
[23:04:58] [htsjdk_vcf    ]     reset data/ + bug_reports/ (seeds + coverage_artifacts preserved — cumulative cascade)
[23:04:58] [htsjdk_vcf    ]     cmd: python harness_run.py --mode E1S --config biotest_config.rep0.yaml --phase D,E
[23:04:58] [htsjdk_vcf    ]     budget: 5400s (host)
[00:34:58] [htsjdk_vcf    ]     timeout after 5400s — sending CTRL_BREAK_EVENT (graceful)
[00:34:58] [htsjdk_vcf    ]     rep 0 exit=3221225786 elapsed=5400s
[00:35:03] [htsjdk_vcf    ]     -> line=32.80% covered=1217/3716 status=ok seeds_after={'vcf_total': 157, 'vcf_kept': 124, 'vcf_synthetic': 0, 'sam_total': 74, 'sam_kept': 0, 'sam_synthetic': 0}
[00:35:03] [htsjdk_vcf    ] --- rep 1 ---
[00:35:03] [htsjdk_vcf    ]     seeds entering rep: {'vcf_total': 157, 'vcf_kept': 124, 'vcf_synthetic': 0, 'sam_total': 74, 'sam_kept': 0, 'sam_synthetic': 0}
[00:35:07] [htsjdk_vcf    ]     reset data/ + bug_reports/ (seeds + coverage_artifacts preserved — cumulative cascade)
[00:35:07] [htsjdk_vcf    ]     cmd: python harness_run.py --mode E1S --config biotest_config.rep1.yaml --phase D,E
[00:35:07] [htsjdk_vcf    ]     budget: 5400s (host)
[01:50:41] [htsjdk_vcf    ]     rep 1 exit=0 elapsed=4535s
[01:50:44] [htsjdk_vcf    ]     -> line=46.60% covered=1733/3716 status=ok seeds_after={'vcf_total': 305, 'vcf_kept': 272, 'vcf_synthetic': 0, 'sam_total': 74, 'sam_kept': 0, 'sam_synthetic': 0}
[01:50:44] [htsjdk_vcf    ] --- rep 2 ---
[01:50:44] [htsjdk_vcf    ]     seeds entering rep: {'vcf_total': 305, 'vcf_kept': 272, 'vcf_synthetic': 0, 'sam_total': 74, 'sam_kept': 0, 'sam_synthetic': 0}
[01:50:46] [htsjdk_vcf    ]     reset data/ + bug_reports/ (seeds + coverage_artifacts preserved — cumulative cascade)
[01:50:46] [htsjdk_vcf    ]     cmd: python harness_run.py --mode E1S --config biotest_config.rep2.yaml --phase D,E
[01:50:46] [htsjdk_vcf    ]     budget: 5400s (host)
[03:14:03] [htsjdk_vcf    ]     rep 2 exit=0 elapsed=4997s
[03:14:06] [htsjdk_vcf    ]     -> line=46.60% covered=1733/3716 status=ok seeds_after={'vcf_total': 413, 'vcf_kept': 370, 'vcf_synthetic': 10, 'sam_total': 74, 'sam_kept': 0, 'sam_synthetic': 0}
[03:14:06] [htsjdk_vcf    ] === cascade complete (3 reps) ===
