starting E0 4-rep at Sat May  2 17:12:37 CDT 2026
[master] cells: ['htsjdk_vcf', 'vcfpy_vcf', 'noodles_vcf', 'htsjdk_sam', 'biopython_sam', 'seqan3_sam']
[master] vcf_budget_s=5400  sam_budget_s=5400  reps=4
[setup] preparing container cov binaries...
[setup] container cov binaries ready
[master] launching 6 cells in parallel...
[master] cumulative=False
[17:12:39] [htsjdk_vcf    ] === cascade start (host, max_iter=2) ===
[17:12:39] [vcfpy_vcf     ] === cascade start (host, max_iter=2) ===
[17:12:39] [noodles_vcf   ] === cascade start (container, max_iter=2) ===
[17:12:39] [biopython_sam ] === cascade start (host, max_iter=2) ===
[17:12:39] [htsjdk_sam    ] === cascade start (host, max_iter=2) ===
[17:12:39] [seqan3_sam    ] === cascade start (container, max_iter=2) ===
[17:12:40] [biopython_sam ]     initial seeds: VCF=33  SAM=74
[17:12:40] [biopython_sam ] --- rep 0 ---
[17:12:40] [htsjdk_vcf    ]     initial seeds: VCF=33  SAM=74
[17:12:40] [htsjdk_vcf    ] --- rep 0 ---
[17:12:40] [biopython_sam ]     seeds entering rep: {'vcf_total': 33, 'vcf_kept': 0, 'vcf_synthetic': 0, 'sam_total': 74, 'sam_kept': 0, 'sam_synthetic': 0}
[17:12:40] [htsjdk_vcf    ]     seeds entering rep: {'vcf_total': 33, 'vcf_kept': 0, 'vcf_synthetic': 0, 'sam_total': 74, 'sam_kept': 0, 'sam_synthetic': 0}
[17:12:40] [biopython_sam ]     reset data/ + bug_reports/ + coverage_artifacts/ (seeds preserved — independent trials)
[17:12:40] [noodles_vcf   ]     initial seeds: VCF=33  SAM=74
[17:12:40] [noodles_vcf   ] --- rep 0 ---
[17:12:40] [seqan3_sam    ]     initial seeds: VCF=33  SAM=74
[17:12:40] [seqan3_sam    ] --- rep 0 ---
[17:12:40] [htsjdk_vcf    ]     reset data/ + bug_reports/ + coverage_artifacts/ (seeds preserved — independent trials)
[17:12:40] [biopython_sam ]     cmd: python harness_run.py --mode E0 --config biotest_config.rep0.yaml --phase D,E
[17:12:40] [biopython_sam ]     budget: 5400s (host)
[17:12:40] [biopython_sam ]     env: BIOTEST_MULTISHOT_K=2  BIOTEST_AUTO_INVOKE_PUBLIC_METHODS=1 (refine round 4)
[17:12:40] [noodles_vcf   ]     seeds entering rep: {'vcf_total': 33, 'vcf_kept': 0, 'vcf_synthetic': 0, 'sam_total': 74, 'sam_kept': 0, 'sam_synthetic': 0}
[17:12:40] [seqan3_sam    ]     seeds entering rep: {'vcf_total': 33, 'vcf_kept': 0, 'vcf_synthetic': 0, 'sam_total': 74, 'sam_kept': 0, 'sam_synthetic': 0}
[17:12:40] [htsjdk_sam    ]     initial seeds: VCF=33  SAM=74
[17:12:40] [htsjdk_sam    ] --- rep 0 ---
[17:12:40] [htsjdk_vcf    ]     cmd: python harness_run.py --mode E0 --config biotest_config.rep0.yaml --phase D,E
[17:12:40] [htsjdk_vcf    ]     budget: 5400s (host)
[17:12:40] [vcfpy_vcf     ]     initial seeds: VCF=33  SAM=74
[17:12:40] [vcfpy_vcf     ] --- rep 0 ---
[17:12:40] [htsjdk_sam    ]     seeds entering rep: {'vcf_total': 33, 'vcf_kept': 0, 'vcf_synthetic': 0, 'sam_total': 74, 'sam_kept': 0, 'sam_synthetic': 0}
[17:12:40] [seqan3_sam    ]     reset data/ + bug_reports/ + coverage_artifacts/ (seeds preserved — independent trials)
[17:12:40] [noodles_vcf   ]     reset data/ + bug_reports/ + coverage_artifacts/ (seeds preserved — independent trials)
[17:12:40] [vcfpy_vcf     ]     seeds entering rep: {'vcf_total': 33, 'vcf_kept': 0, 'vcf_synthetic': 0, 'sam_total': 74, 'sam_kept': 0, 'sam_synthetic': 0}
[17:12:40] [htsjdk_sam    ]     reset data/ + bug_reports/ + coverage_artifacts/ (seeds preserved — independent trials)
[17:12:40] [noodles_vcf   ]     cmd: docker exec biotest-bench-setup python3.12 harness_run.py --mode E0 ...
[17:12:40] [noodles_vcf   ]     budget: 5400s (container)
[17:12:40] [seqan3_sam    ]     env (container): BIOTEST_MULTISHOT_K=2 (refine round 4)
[17:12:40] [seqan3_sam    ]     cmd: docker exec biotest-bench-setup python3.12 harness_run.py --mode E0 ...
[17:12:40] [seqan3_sam    ]     budget: 5400s (container)
[17:12:40] [vcfpy_vcf     ]     reset data/ + bug_reports/ + coverage_artifacts/ (seeds preserved — independent trials)
[17:12:40] [htsjdk_sam    ]     cmd: python harness_run.py --mode E0 --config biotest_config.rep0.yaml --phase D,E
[17:12:40] [htsjdk_sam    ]     budget: 5400s (host)
[17:12:40] [htsjdk_sam    ]     env: BIOTEST_MULTISHOT_K=2  BIOTEST_AUTO_INVOKE_PUBLIC_METHODS=1 (refine round 4)
[17:12:40] [vcfpy_vcf     ]     cmd: python harness_run.py --mode E0 --config biotest_config.rep0.yaml --phase D,E
[17:12:40] [vcfpy_vcf     ]     budget: 5400s (host)
[18:08:04] [noodles_vcf   ]     rep 0 exit=0 elapsed=3324s
[18:08:16] [noodles_vcf   ]     -> line=36.60% covered=2779/7584 status=ok seeds_after={'vcf_total': 138, 'vcf_kept': 100, 'vcf_synthetic': 5, 'sam_total': 74, 'sam_kept': 0, 'sam_synthetic': 0}
[18:08:16] [noodles_vcf   ] --- rep 1 ---
[18:08:16] [noodles_vcf   ]     seeds entering rep: {'vcf_total': 138, 'vcf_kept': 100, 'vcf_synthetic': 5, 'sam_total': 74, 'sam_kept': 0, 'sam_synthetic': 0}
[18:08:21] [noodles_vcf   ]     reset data/ + bug_reports/ + coverage_artifacts/ (seeds preserved — independent trials)
[18:08:21] [noodles_vcf   ]     cmd: docker exec biotest-bench-setup python3.12 harness_run.py --mode E0 ...
[18:08:21] [noodles_vcf   ]     budget: 5400s (container)
[18:42:40] [htsjdk_vcf    ]     timeout after 5400s — terminating
[18:42:40] [biopython_sam ]     timeout after 5400s — terminating
[18:42:40] [biopython_sam ]     rep 0 exit=1 elapsed=5400s
[18:42:40] [biopython_sam ]     -> line=0.00% covered=0/0 status=missing seeds_after={'vcf_total': 33, 'vcf_kept': 0, 'vcf_synthetic': 0, 'sam_total': 398, 'sam_kept': 324, 'sam_synthetic': 0}
[18:42:40] [biopython_sam ] --- rep 1 ---
[18:42:40] [biopython_sam ]     seeds entering rep: {'vcf_total': 33, 'vcf_kept': 0, 'vcf_synthetic': 0, 'sam_total': 398, 'sam_kept': 324, 'sam_synthetic': 0}
[18:42:40] [vcfpy_vcf     ]     timeout after 5400s — terminating
[18:42:40] [htsjdk_sam    ]     timeout after 5400s — terminating
[18:42:40] [htsjdk_vcf    ]     rep 0 exit=1 elapsed=5400s
[18:42:40] [htsjdk_sam    ]     rep 0 exit=1 elapsed=5400s
[18:42:40] [vcfpy_vcf     ]     rep 0 exit=1 elapsed=5400s
[18:42:40] [vcfpy_vcf     ]     -> line=0.00% covered=0/0 status=missing seeds_after={'vcf_total': 161, 'vcf_kept': 128, 'vcf_synthetic': 0, 'sam_total': 74, 'sam_kept': 0, 'sam_synthetic': 0}
[18:42:40] [vcfpy_vcf     ] --- rep 1 ---
[18:42:40] [vcfpy_vcf     ]     seeds entering rep: {'vcf_total': 161, 'vcf_kept': 128, 'vcf_synthetic': 0, 'sam_total': 74, 'sam_kept': 0, 'sam_synthetic': 0}
[18:42:43] [htsjdk_vcf    ]     -> line=43.30% covered=1609/3716 status=ok seeds_after={'vcf_total': 201, 'vcf_kept': 168, 'vcf_synthetic': 0, 'sam_total': 74, 'sam_kept': 0, 'sam_synthetic': 0}
[18:42:43] [htsjdk_vcf    ] --- rep 1 ---
[18:42:43] [htsjdk_vcf    ]     seeds entering rep: {'vcf_total': 201, 'vcf_kept': 168, 'vcf_synthetic': 0, 'sam_total': 74, 'sam_kept': 0, 'sam_synthetic': 0}
[18:42:43] [htsjdk_sam    ]     -> line=30.90% covered=1593/5154 status=ok seeds_after={'vcf_total': 33, 'vcf_kept': 0, 'vcf_synthetic': 0, 'sam_total': 343, 'sam_kept': 269, 'sam_synthetic': 0}
[18:42:43] [htsjdk_sam    ] --- rep 1 ---
[18:42:43] [htsjdk_sam    ]     seeds entering rep: {'vcf_total': 33, 'vcf_kept': 0, 'vcf_synthetic': 0, 'sam_total': 343, 'sam_kept': 269, 'sam_synthetic': 0}
[18:42:47] [htsjdk_vcf    ]     reset data/ + bug_reports/ + coverage_artifacts/ (seeds preserved — independent trials)
[18:42:47] [htsjdk_vcf    ]     cmd: python harness_run.py --mode E0 --config biotest_config.rep1.yaml --phase D,E
[18:42:47] [htsjdk_vcf    ]     budget: 5400s (host)
[18:42:47] [vcfpy_vcf     ]     reset data/ + bug_reports/ + coverage_artifacts/ (seeds preserved — independent trials)
[18:42:47] [vcfpy_vcf     ]     cmd: python harness_run.py --mode E0 --config biotest_config.rep1.yaml --phase D,E
[18:42:47] [vcfpy_vcf     ]     budget: 5400s (host)
[18:42:48] [biopython_sam ]     reset data/ + bug_reports/ + coverage_artifacts/ (seeds preserved — independent trials)
[18:42:48] [biopython_sam ]     cmd: python harness_run.py --mode E0 --config biotest_config.rep1.yaml --phase D,E
[18:42:48] [biopython_sam ]     budget: 5400s (host)
[18:42:48] [biopython_sam ]     env: BIOTEST_MULTISHOT_K=2  BIOTEST_AUTO_INVOKE_PUBLIC_METHODS=1 (refine round 4)
[18:42:52] [htsjdk_sam    ]     reset data/ + bug_reports/ + coverage_artifacts/ (seeds preserved — independent trials)
[18:42:52] [htsjdk_sam    ]     cmd: python harness_run.py --mode E0 --config biotest_config.rep1.yaml --phase D,E
[18:42:52] [htsjdk_sam    ]     budget: 5400s (host)
[18:42:52] [htsjdk_sam    ]     env: BIOTEST_MULTISHOT_K=2  BIOTEST_AUTO_INVOKE_PUBLIC_METHODS=1 (refine round 4)
[18:47:19] [seqan3_sam    ]     rep 0 exit=0 elapsed=5679s
[18:48:35] [seqan3_sam    ]     gcovr regen failed: (INFO) Reading coverage data...
(ERROR) Traceback (most recent call last):
  File "/usr/local/lib/python3.12/dist-packages/gcovr/formats/gcov/workers.py", line 96, in worker
    work(*args, **kwargs)

[18:48:35] [seqan3_sam    ]     -> line=0.00% covered=0/0 status=missing seeds_after={'vcf_total': 33, 'vcf_kept': 0, 'vcf_synthetic': 0, 'sam_total': 852, 'sam_kept': 773, 'sam_synthetic': 5}
[18:48:35] [seqan3_sam    ] --- rep 1 ---
[18:48:35] [seqan3_sam    ]     seeds entering rep: {'vcf_total': 33, 'vcf_kept': 0, 'vcf_synthetic': 0, 'sam_total': 852, 'sam_kept': 773, 'sam_synthetic': 5}
[18:48:52] [seqan3_sam    ]     reset data/ + bug_reports/ + coverage_artifacts/ (seeds preserved — independent trials)
[18:48:52] [seqan3_sam    ]     env (container): BIOTEST_MULTISHOT_K=2 (refine round 4)
[18:48:52] [seqan3_sam    ]     cmd: docker exec biotest-bench-setup python3.12 harness_run.py --mode E0 ...
[18:48:52] [seqan3_sam    ]     budget: 5400s (container)
[19:13:28] [noodles_vcf   ]     rep 1 exit=0 elapsed=3907s
[19:13:44] [noodles_vcf   ]     -> line=36.70% covered=2785/7584 status=ok seeds_after={'vcf_total': 343, 'vcf_kept': 296, 'vcf_synthetic': 14, 'sam_total': 74, 'sam_kept': 0, 'sam_synthetic': 0}
[19:13:44] [noodles_vcf   ] --- rep 2 ---
[19:13:44] [noodles_vcf   ]     seeds entering rep: {'vcf_total': 343, 'vcf_kept': 296, 'vcf_synthetic': 14, 'sam_total': 74, 'sam_kept': 0, 'sam_synthetic': 0}
[19:13:49] [noodles_vcf   ]     reset data/ + bug_reports/ + coverage_artifacts/ (seeds preserved — independent trials)
[19:13:49] [noodles_vcf   ]     cmd: docker exec biotest-bench-setup python3.12 harness_run.py --mode E0 ...
[19:13:49] [noodles_vcf   ]     budget: 5400s (container)
[20:12:47] [htsjdk_vcf    ]     timeout after 5400s — terminating
[20:12:47] [htsjdk_vcf    ]     rep 1 exit=1 elapsed=5400s
[20:12:47] [vcfpy_vcf     ]     timeout after 5400s — terminating
[20:12:47] [vcfpy_vcf     ]     rep 1 exit=1 elapsed=5400s
[20:12:47] [vcfpy_vcf     ]     -> line=0.00% covered=0/0 status=missing seeds_after={'vcf_total': 332, 'vcf_kept': 299, 'vcf_synthetic': 0, 'sam_total': 74, 'sam_kept': 0, 'sam_synthetic': 0}
[20:12:47] [vcfpy_vcf     ] --- rep 2 ---
[20:12:47] [vcfpy_vcf     ]     seeds entering rep: {'vcf_total': 332, 'vcf_kept': 299, 'vcf_synthetic': 0, 'sam_total': 74, 'sam_kept': 0, 'sam_synthetic': 0}
[20:12:48] [biopython_sam ]     timeout after 5400s — terminating
[20:12:48] [biopython_sam ]     rep 1 exit=1 elapsed=5400s
[20:12:48] [biopython_sam ]     -> line=0.00% covered=0/0 status=missing seeds_after={'vcf_total': 33, 'vcf_kept': 0, 'vcf_synthetic': 0, 'sam_total': 749, 'sam_kept': 675, 'sam_synthetic': 0}
[20:12:48] [biopython_sam ] --- rep 2 ---
[20:12:48] [biopython_sam ]     seeds entering rep: {'vcf_total': 33, 'vcf_kept': 0, 'vcf_synthetic': 0, 'sam_total': 749, 'sam_kept': 675, 'sam_synthetic': 0}
[20:12:50] [htsjdk_vcf    ]     -> line=35.20% covered=1309/3716 status=ok seeds_after={'vcf_total': 379, 'vcf_kept': 346, 'vcf_synthetic': 0, 'sam_total': 74, 'sam_kept': 0, 'sam_synthetic': 0}
[20:12:50] [htsjdk_vcf    ] --- rep 2 ---
[20:12:50] [htsjdk_vcf    ]     seeds entering rep: {'vcf_total': 379, 'vcf_kept': 346, 'vcf_synthetic': 0, 'sam_total': 74, 'sam_kept': 0, 'sam_synthetic': 0}
[20:12:50] [vcfpy_vcf     ]     reset data/ + bug_reports/ + coverage_artifacts/ (seeds preserved — independent trials)
[20:12:50] [vcfpy_vcf     ]     cmd: python harness_run.py --mode E0 --config biotest_config.rep2.yaml --phase D,E
[20:12:50] [vcfpy_vcf     ]     budget: 5400s (host)
[20:12:50] [htsjdk_vcf    ]     reset data/ + bug_reports/ + coverage_artifacts/ (seeds preserved — independent trials)
[20:12:50] [htsjdk_vcf    ]     cmd: python harness_run.py --mode E0 --config biotest_config.rep2.yaml --phase D,E
[20:12:50] [htsjdk_vcf    ]     budget: 5400s (host)
[20:12:52] [htsjdk_sam    ]     timeout after 5400s — terminating
[20:12:52] [htsjdk_sam    ]     rep 1 exit=1 elapsed=5400s
[20:12:55] [htsjdk_sam    ]     -> line=30.90% covered=1594/5154 status=ok seeds_after={'vcf_total': 33, 'vcf_kept': 0, 'vcf_synthetic': 0, 'sam_total': 681, 'sam_kept': 607, 'sam_synthetic': 0}
[20:12:55] [htsjdk_sam    ] --- rep 2 ---
[20:12:55] [htsjdk_sam    ]     seeds entering rep: {'vcf_total': 33, 'vcf_kept': 0, 'vcf_synthetic': 0, 'sam_total': 681, 'sam_kept': 607, 'sam_synthetic': 0}
[20:13:00] [biopython_sam ]     reset data/ + bug_reports/ + coverage_artifacts/ (seeds preserved — independent trials)
[20:13:00] [biopython_sam ]     cmd: python harness_run.py --mode E0 --config biotest_config.rep2.yaml --phase D,E
[20:13:00] [biopython_sam ]     budget: 5400s (host)
[20:13:00] [biopython_sam ]     env: BIOTEST_MULTISHOT_K=2  BIOTEST_AUTO_INVOKE_PUBLIC_METHODS=1 (refine round 4)
[20:13:09] [htsjdk_sam    ]     reset data/ + bug_reports/ + coverage_artifacts/ (seeds preserved — independent trials)
[20:13:09] [htsjdk_sam    ]     cmd: python harness_run.py --mode E0 --config biotest_config.rep2.yaml --phase D,E
[20:13:09] [htsjdk_sam    ]     budget: 5400s (host)
[20:13:09] [htsjdk_sam    ]     env: BIOTEST_MULTISHOT_K=2  BIOTEST_AUTO_INVOKE_PUBLIC_METHODS=1 (refine round 4)
[20:23:37] [seqan3_sam    ]     rep 1 exit=0 elapsed=5685s
[20:23:47] [seqan3_sam    ]     -> line=94.20% covered=758/805 status=ok seeds_after={'vcf_total': 33, 'vcf_kept': 0, 'vcf_synthetic': 0, 'sam_total': 1407, 'sam_kept': 1328, 'sam_synthetic': 5}
[20:23:47] [seqan3_sam    ] --- rep 2 ---
[20:23:47] [seqan3_sam    ]     seeds entering rep: {'vcf_total': 33, 'vcf_kept': 0, 'vcf_synthetic': 0, 'sam_total': 1407, 'sam_kept': 1328, 'sam_synthetic': 5}
[20:24:03] [seqan3_sam    ]     reset data/ + bug_reports/ + coverage_artifacts/ (seeds preserved — independent trials)
[20:24:03] [seqan3_sam    ]     env (container): BIOTEST_MULTISHOT_K=2 (refine round 4)
[20:24:03] [seqan3_sam    ]     cmd: docker exec biotest-bench-setup python3.12 harness_run.py --mode E0 ...
[20:24:03] [seqan3_sam    ]     budget: 5400s (container)
[20:45:00] [noodles_vcf   ]     rep 2 exit=0 elapsed=5472s
[20:45:30] [noodles_vcf   ]     -> line=35.40% covered=2685/7584 status=ok seeds_after={'vcf_total': 596, 'vcf_kept': 544, 'vcf_synthetic': 19, 'sam_total': 74, 'sam_kept': 0, 'sam_synthetic': 0}
[20:45:30] [noodles_vcf   ] --- rep 3 ---
[20:45:30] [noodles_vcf   ]     seeds entering rep: {'vcf_total': 596, 'vcf_kept': 544, 'vcf_synthetic': 19, 'sam_total': 74, 'sam_kept': 0, 'sam_synthetic': 0}
[20:45:35] [noodles_vcf   ]     reset data/ + bug_reports/ + coverage_artifacts/ (seeds preserved — independent trials)
[20:45:35] [noodles_vcf   ]     cmd: docker exec biotest-bench-setup python3.12 harness_run.py --mode E0 ...
[20:45:35] [noodles_vcf   ]     budget: 5400s (container)
[21:42:50] [vcfpy_vcf     ]     timeout after 5400s — terminating
[21:42:50] [vcfpy_vcf     ]     rep 2 exit=1 elapsed=5400s
[21:42:50] [vcfpy_vcf     ]     -> line=0.00% covered=0/0 status=missing seeds_after={'vcf_total': 489, 'vcf_kept': 456, 'vcf_synthetic': 0, 'sam_total': 74, 'sam_kept': 0, 'sam_synthetic': 0}
[21:42:50] [vcfpy_vcf     ] --- rep 3 ---
[21:42:50] [vcfpy_vcf     ]     seeds entering rep: {'vcf_total': 489, 'vcf_kept': 456, 'vcf_synthetic': 0, 'sam_total': 74, 'sam_kept': 0, 'sam_synthetic': 0}
[21:42:50] [htsjdk_vcf    ]     timeout after 5400s — terminating
[21:42:50] [htsjdk_vcf    ]     rep 2 exit=1 elapsed=5400s
[21:42:51] [vcfpy_vcf     ]     reset data/ + bug_reports/ + coverage_artifacts/ (seeds preserved — independent trials)
[21:42:51] [vcfpy_vcf     ]     cmd: python harness_run.py --mode E0 --config biotest_config.rep3.yaml --phase D,E
[21:42:51] [vcfpy_vcf     ]     budget: 5400s (host)
[21:42:54] [htsjdk_vcf    ]     -> line=33.80% covered=1257/3716 status=ok seeds_after={'vcf_total': 620, 'vcf_kept': 587, 'vcf_synthetic': 0, 'sam_total': 74, 'sam_kept': 0, 'sam_synthetic': 0}
[21:42:54] [htsjdk_vcf    ] --- rep 3 ---
[21:42:54] [htsjdk_vcf    ]     seeds entering rep: {'vcf_total': 620, 'vcf_kept': 587, 'vcf_synthetic': 0, 'sam_total': 74, 'sam_kept': 0, 'sam_synthetic': 0}
[21:42:55] [htsjdk_vcf    ]     reset data/ + bug_reports/ + coverage_artifacts/ (seeds preserved — independent trials)
[21:42:55] [htsjdk_vcf    ]     cmd: python harness_run.py --mode E0 --config biotest_config.rep3.yaml --phase D,E
[21:42:55] [htsjdk_vcf    ]     budget: 5400s (host)
[21:43:00] [biopython_sam ]     timeout after 5400s — terminating
[21:43:00] [biopython_sam ]     rep 2 exit=1 elapsed=5400s
[21:43:00] [biopython_sam ]     -> line=0.00% covered=0/0 status=missing seeds_after={'vcf_total': 33, 'vcf_kept': 0, 'vcf_synthetic': 0, 'sam_total': 1109, 'sam_kept': 1035, 'sam_synthetic': 0}
[21:43:00] [biopython_sam ] --- rep 3 ---
[21:43:00] [biopython_sam ]     seeds entering rep: {'vcf_total': 33, 'vcf_kept': 0, 'vcf_synthetic': 0, 'sam_total': 1109, 'sam_kept': 1035, 'sam_synthetic': 0}
[21:43:09] [htsjdk_sam    ]     timeout after 5400s — terminating
[21:43:09] [htsjdk_sam    ]     rep 2 exit=1 elapsed=5400s
[21:43:15] [biopython_sam ]     reset data/ + bug_reports/ + coverage_artifacts/ (seeds preserved — independent trials)
[21:43:15] [biopython_sam ]     cmd: python harness_run.py --mode E0 --config biotest_config.rep3.yaml --phase D,E
[21:43:15] [biopython_sam ]     budget: 5400s (host)
[21:43:15] [biopython_sam ]     env: BIOTEST_MULTISHOT_K=2  BIOTEST_AUTO_INVOKE_PUBLIC_METHODS=1 (refine round 4)
[21:43:15] [htsjdk_sam    ]     -> line=30.90% covered=1591/5154 status=ok seeds_after={'vcf_total': 33, 'vcf_kept': 0, 'vcf_synthetic': 0, 'sam_total': 980, 'sam_kept': 906, 'sam_synthetic': 0}
[21:43:15] [htsjdk_sam    ] --- rep 3 ---
[21:43:15] [htsjdk_sam    ]     seeds entering rep: {'vcf_total': 33, 'vcf_kept': 0, 'vcf_synthetic': 0, 'sam_total': 980, 'sam_kept': 906, 'sam_synthetic': 0}
[21:43:27] [htsjdk_sam    ]     reset data/ + bug_reports/ + coverage_artifacts/ (seeds preserved — independent trials)
[21:43:27] [htsjdk_sam    ]     cmd: python harness_run.py --mode E0 --config biotest_config.rep3.yaml --phase D,E
[21:43:27] [htsjdk_sam    ]     budget: 5400s (host)
[21:43:27] [htsjdk_sam    ]     env: BIOTEST_MULTISHOT_K=2  BIOTEST_AUTO_INVOKE_PUBLIC_METHODS=1 (refine round 4)
[21:58:59] [seqan3_sam    ]     rep 2 exit=0 elapsed=5695s
[21:59:09] [seqan3_sam    ]     -> line=93.90% covered=756/805 status=ok seeds_after={'vcf_total': 33, 'vcf_kept': 0, 'vcf_synthetic': 0, 'sam_total': 1791, 'sam_kept': 1712, 'sam_synthetic': 5}
[21:59:09] [seqan3_sam    ] --- rep 3 ---
[21:59:09] [seqan3_sam    ]     seeds entering rep: {'vcf_total': 33, 'vcf_kept': 0, 'vcf_synthetic': 0, 'sam_total': 1791, 'sam_kept': 1712, 'sam_synthetic': 5}
[21:59:21] [seqan3_sam    ]     reset data/ + bug_reports/ + coverage_artifacts/ (seeds preserved — independent trials)
[21:59:21] [seqan3_sam    ]     env (container): BIOTEST_MULTISHOT_K=2 (refine round 4)
[21:59:21] [seqan3_sam    ]     cmd: docker exec biotest-bench-setup python3.12 harness_run.py --mode E0 ...
[21:59:21] [seqan3_sam    ]     budget: 5400s (container)
[22:20:27] [noodles_vcf   ]     rep 3 exit=0 elapsed=5692s
[22:20:52] [noodles_vcf   ]     -> line=36.80% covered=2790/7584 status=ok seeds_after={'vcf_total': 817, 'vcf_kept': 755, 'vcf_synthetic': 29, 'sam_total': 74, 'sam_kept': 0, 'sam_synthetic': 0}
[22:20:52] [noodles_vcf   ] === cascade complete (4 reps) ===
[master] [noodles_vcf] CASCADE OK
[23:12:51] [vcfpy_vcf     ]     timeout after 5400s — terminating
[23:12:52] [vcfpy_vcf     ]     rep 3 exit=1 elapsed=5400s
[23:12:52] [vcfpy_vcf     ]     -> line=0.00% covered=0/0 status=missing seeds_after={'vcf_total': 671, 'vcf_kept': 638, 'vcf_synthetic': 0, 'sam_total': 74, 'sam_kept': 0, 'sam_synthetic': 0}
[23:12:52] [vcfpy_vcf     ] === cascade complete (4 reps) ===
[master] [vcfpy_vcf] CASCADE OK
[23:12:55] [htsjdk_vcf    ]     timeout after 5400s — terminating
[23:12:55] [htsjdk_vcf    ]     rep 3 exit=1 elapsed=5400s
[23:12:58] [htsjdk_vcf    ]     -> line=42.90% covered=1595/3716 status=ok seeds_after={'vcf_total': 846, 'vcf_kept': 813, 'vcf_synthetic': 0, 'sam_total': 74, 'sam_kept': 0, 'sam_synthetic': 0}
[23:12:58] [htsjdk_vcf    ] === cascade complete (4 reps) ===
[master] [htsjdk_vcf] CASCADE OK
[23:13:15] [biopython_sam ]     timeout after 5400s — terminating
[23:13:15] [biopython_sam ]     rep 3 exit=1 elapsed=5400s
[23:13:15] [biopython_sam ]     -> line=0.00% covered=0/0 status=missing seeds_after={'vcf_total': 33, 'vcf_kept': 0, 'vcf_synthetic': 0, 'sam_total': 1373, 'sam_kept': 1299, 'sam_synthetic': 0}
[23:13:15] [biopython_sam ] === cascade complete (4 reps) ===
[master] [biopython_sam] CASCADE OK
[23:13:27] [htsjdk_sam    ]     timeout after 5400s — terminating
[23:13:27] [htsjdk_sam    ]     rep 3 exit=1 elapsed=5400s
[23:13:30] [htsjdk_sam    ]     -> line=27.50% covered=1418/5154 status=ok seeds_after={'vcf_total': 33, 'vcf_kept': 0, 'vcf_synthetic': 0, 'sam_total': 1236, 'sam_kept': 1162, 'sam_synthetic': 0}
[23:13:30] [htsjdk_sam    ] === cascade complete (4 reps) ===
[master] [htsjdk_sam] CASCADE OK
[23:29:46] [seqan3_sam    ]     rep 3 exit=0 elapsed=5425s
[23:29:54] [seqan3_sam    ]     -> line=93.70% covered=754/805 status=ok seeds_after={'vcf_total': 33, 'vcf_kept': 0, 'vcf_synthetic': 0, 'sam_total': 2079, 'sam_kept': 2000, 'sam_synthetic': 5}
[23:29:54] [seqan3_sam    ] === cascade complete (4 reps) ===
[master] [seqan3_sam] CASCADE OK

[master] all cells complete in 377.2 min
E0 done at Sat May  2 23:29:54 CDT 2026
===E0 4REP DONE===
