[22:28:42] [vcfpy_vcf     ] === cascade start (host, max_iter=2) ===
[22:28:42] [vcfpy_vcf     ]     initial seeds: VCF=33  SAM=74
[22:28:42] [vcfpy_vcf     ] --- rep 0 ---
[22:28:42] [vcfpy_vcf     ]     seeds entering rep: {'vcf_total': 33, 'vcf_kept': 0, 'vcf_synthetic': 0, 'sam_total': 74, 'sam_kept': 0, 'sam_synthetic': 0}
[22:28:42] [vcfpy_vcf     ]     reset data/ + bug_reports/ + coverage_artifacts/ (seeds preserved — independent trials)
[22:28:42] [vcfpy_vcf     ]     cmd: python harness_run.py --mode E1S --config biotest_config.rep0.yaml --phase D,E
[22:28:42] [vcfpy_vcf     ]     budget: 5400s (host)
[23:53:06] [vcfpy_vcf     ]     rep 0 exit=0 elapsed=5065s
[23:53:08] [vcfpy_vcf     ]     -> line=63.00% covered=741/1176 status=ok seeds_after={'vcf_total': 56, 'vcf_kept': 18, 'vcf_synthetic': 5, 'sam_total': 74, 'sam_kept': 0, 'sam_synthetic': 0}
[23:53:08] [vcfpy_vcf     ] --- rep 1 ---
[23:53:08] [vcfpy_vcf     ]     seeds entering rep: {'vcf_total': 56, 'vcf_kept': 18, 'vcf_synthetic': 5, 'sam_total': 74, 'sam_kept': 0, 'sam_synthetic': 0}
[23:53:08] [vcfpy_vcf     ]     reset data/ + bug_reports/ + coverage_artifacts/ (seeds preserved — independent trials)
[23:53:08] [vcfpy_vcf     ]     cmd: python harness_run.py --mode E1S --config biotest_config.rep1.yaml --phase D,E
[23:53:08] [vcfpy_vcf     ]     budget: 5400s (host)
[01:23:08] [vcfpy_vcf     ]     timeout after 5400s — terminating
[01:23:08] [vcfpy_vcf     ]     rep 1 exit=1 elapsed=5400s
[01:23:09] [vcfpy_vcf     ]     -> line=72.80% covered=856/1176 status=ok seeds_after={'vcf_total': 106, 'vcf_kept': 60, 'vcf_synthetic': 13, 'sam_total': 74, 'sam_kept': 0, 'sam_synthetic': 0}
[01:23:09] [vcfpy_vcf     ] --- rep 2 ---
[01:23:09] [vcfpy_vcf     ]     seeds entering rep: {'vcf_total': 106, 'vcf_kept': 60, 'vcf_synthetic': 13, 'sam_total': 74, 'sam_kept': 0, 'sam_synthetic': 0}
[01:23:13] [vcfpy_vcf     ]     reset data/ + bug_reports/ + coverage_artifacts/ (seeds preserved — independent trials)
[01:23:13] [vcfpy_vcf     ]     cmd: python harness_run.py --mode E1S --config biotest_config.rep2.yaml --phase D,E
[01:23:13] [vcfpy_vcf     ]     budget: 5400s (host)
[02:43:29] [vcfpy_vcf     ]     rep 2 exit=0 elapsed=4816s
[02:43:30] [vcfpy_vcf     ]     -> line=65.20% covered=767/1176 status=ok seeds_after={'vcf_total': 122, 'vcf_kept': 66, 'vcf_synthetic': 23, 'sam_total': 74, 'sam_kept': 0, 'sam_synthetic': 0}
[02:43:30] [vcfpy_vcf     ] --- rep 3 ---
[02:43:30] [vcfpy_vcf     ]     seeds entering rep: {'vcf_total': 122, 'vcf_kept': 66, 'vcf_synthetic': 23, 'sam_total': 74, 'sam_kept': 0, 'sam_synthetic': 0}
[02:43:31] [vcfpy_vcf     ]     reset data/ + bug_reports/ + coverage_artifacts/ (seeds preserved — independent trials)
[02:43:31] [vcfpy_vcf     ]     cmd: python harness_run.py --mode E1S --config biotest_config.rep3.yaml --phase D,E
[02:43:31] [vcfpy_vcf     ]     budget: 5400s (host)
[04:13:31] [vcfpy_vcf     ]     timeout after 5400s — terminating
[04:13:31] [vcfpy_vcf     ]     rep 3 exit=1 elapsed=5400s
[04:13:32] [vcfpy_vcf     ]     -> line=73.60% covered=865/1176 status=ok seeds_after={'vcf_total': 213, 'vcf_kept': 151, 'vcf_synthetic': 29, 'sam_total': 74, 'sam_kept': 0, 'sam_synthetic': 0}
[04:13:32] [vcfpy_vcf     ] === cascade complete (4 reps) ===
