[01:28:38] [vcfpy_vcf     ] === cascade start (host, max_iter=2) ===
[01:28:38] [vcfpy_vcf     ]     initial seeds: VCF=33  SAM=74
[01:28:38] [vcfpy_vcf     ] --- rep 0 ---
[01:28:38] [vcfpy_vcf     ]     seeds entering rep: {'vcf_total': 33, 'vcf_kept': 0, 'vcf_synthetic': 0, 'sam_total': 74, 'sam_kept': 0, 'sam_synthetic': 0}
[01:28:38] [vcfpy_vcf     ]     reset data/ + bug_reports/ (seeds + coverage_artifacts preserved — cumulative cascade)
[01:28:38] [vcfpy_vcf     ]     cmd: python harness_run.py --mode E0 --config biotest_config.rep0.yaml --phase D,E
[01:28:38] [vcfpy_vcf     ]     budget: 5400s (host)
[02:56:42] [vcfpy_vcf     ]     rep 0 exit=0 elapsed=5284s
[02:56:43] [vcfpy_vcf     ]     -> line=72.50% covered=853/1176 status=ok seeds_after={'vcf_total': 47, 'vcf_kept': 14, 'vcf_synthetic': 0, 'sam_total': 74, 'sam_kept': 0, 'sam_synthetic': 0}
[02:56:43] [vcfpy_vcf     ] --- rep 1 ---
[02:56:43] [vcfpy_vcf     ]     seeds entering rep: {'vcf_total': 47, 'vcf_kept': 14, 'vcf_synthetic': 0, 'sam_total': 74, 'sam_kept': 0, 'sam_synthetic': 0}
[02:56:49] [vcfpy_vcf     ]     reset data/ + bug_reports/ (seeds + coverage_artifacts preserved — cumulative cascade)
[02:56:49] [vcfpy_vcf     ]     cmd: python harness_run.py --mode E0 --config biotest_config.rep1.yaml --phase D,E
[02:56:49] [vcfpy_vcf     ]     budget: 5400s (host)
[04:05:12] [vcfpy_vcf     ]     rep 1 exit=0 elapsed=4103s
[04:05:13] [vcfpy_vcf     ]     -> line=72.40% covered=852/1176 status=ok seeds_after={'vcf_total': 76, 'vcf_kept': 43, 'vcf_synthetic': 0, 'sam_total': 74, 'sam_kept': 0, 'sam_synthetic': 0}
[04:05:13] [vcfpy_vcf     ] --- rep 2 ---
[04:05:13] [vcfpy_vcf     ]     seeds entering rep: {'vcf_total': 76, 'vcf_kept': 43, 'vcf_synthetic': 0, 'sam_total': 74, 'sam_kept': 0, 'sam_synthetic': 0}
[04:05:15] [vcfpy_vcf     ]     reset data/ + bug_reports/ (seeds + coverage_artifacts preserved — cumulative cascade)
[04:05:15] [vcfpy_vcf     ]     cmd: python harness_run.py --mode E0 --config biotest_config.rep2.yaml --phase D,E
[04:05:15] [vcfpy_vcf     ]     budget: 5400s (host)
[05:22:14] [vcfpy_vcf     ]     rep 2 exit=0 elapsed=4619s
[05:22:15] [vcfpy_vcf     ]     -> line=72.60% covered=854/1176 status=ok seeds_after={'vcf_total': 135, 'vcf_kept': 102, 'vcf_synthetic': 0, 'sam_total': 74, 'sam_kept': 0, 'sam_synthetic': 0}
[05:22:15] [vcfpy_vcf     ] === cascade complete (3 reps) ===
