[17:12:41] [htsjdk_vcf    ] === cascade start (host, max_iter=2) ===
[17:12:42] [htsjdk_vcf    ]     initial seeds: VCF=33  SAM=74
[17:12:42] [htsjdk_vcf    ] --- rep 0 ---
[17:12:42] [htsjdk_vcf    ]     seeds entering rep: {'vcf_total': 33, 'vcf_kept': 0, 'vcf_synthetic': 0, 'sam_total': 74, 'sam_kept': 0, 'sam_synthetic': 0}
[17:12:42] [htsjdk_vcf    ]     reset data/ + bug_reports/ + coverage_artifacts/ (seeds preserved — independent trials)
[17:12:42] [htsjdk_vcf    ]     cmd: python harness_run.py --mode E1 --config biotest_config.rep0.yaml --phase D,E
[17:12:42] [htsjdk_vcf    ]     budget: 5400s (host)
[18:42:42] [htsjdk_vcf    ]     timeout after 5400s — terminating
[18:42:42] [htsjdk_vcf    ]     rep 0 exit=1 elapsed=5400s
[18:42:45] [htsjdk_vcf    ]     -> line=43.40% covered=1613/3716 status=ok seeds_after={'vcf_total': 180, 'vcf_kept': 147, 'vcf_synthetic': 0, 'sam_total': 74, 'sam_kept': 0, 'sam_synthetic': 0}
[18:42:45] [htsjdk_vcf    ] --- rep 1 ---
[18:42:45] [htsjdk_vcf    ]     seeds entering rep: {'vcf_total': 180, 'vcf_kept': 147, 'vcf_synthetic': 0, 'sam_total': 74, 'sam_kept': 0, 'sam_synthetic': 0}
[18:42:50] [htsjdk_vcf    ]     reset data/ + bug_reports/ + coverage_artifacts/ (seeds preserved — independent trials)
[18:42:50] [htsjdk_vcf    ]     cmd: python harness_run.py --mode E1 --config biotest_config.rep1.yaml --phase D,E
[18:42:50] [htsjdk_vcf    ]     budget: 5400s (host)
[20:12:50] [htsjdk_vcf    ]     timeout after 5400s — terminating
[20:12:50] [htsjdk_vcf    ]     rep 1 exit=1 elapsed=5400s
[20:12:53] [htsjdk_vcf    ]     -> line=43.40% covered=1612/3716 status=ok seeds_after={'vcf_total': 391, 'vcf_kept': 358, 'vcf_synthetic': 0, 'sam_total': 74, 'sam_kept': 0, 'sam_synthetic': 0}
[20:12:53] [htsjdk_vcf    ] --- rep 2 ---
[20:12:53] [htsjdk_vcf    ]     seeds entering rep: {'vcf_total': 391, 'vcf_kept': 358, 'vcf_synthetic': 0, 'sam_total': 74, 'sam_kept': 0, 'sam_synthetic': 0}
[20:12:55] [htsjdk_vcf    ]     reset data/ + bug_reports/ + coverage_artifacts/ (seeds preserved — independent trials)
[20:12:55] [htsjdk_vcf    ]     cmd: python harness_run.py --mode E1 --config biotest_config.rep2.yaml --phase D,E
[20:12:55] [htsjdk_vcf    ]     budget: 5400s (host)
[21:42:55] [htsjdk_vcf    ]     timeout after 5400s — terminating
[21:42:55] [htsjdk_vcf    ]     rep 2 exit=1 elapsed=5400s
[21:42:58] [htsjdk_vcf    ]     -> line=32.90% covered=1221/3716 status=ok seeds_after={'vcf_total': 603, 'vcf_kept': 570, 'vcf_synthetic': 0, 'sam_total': 74, 'sam_kept': 0, 'sam_synthetic': 0}
[21:42:58] [htsjdk_vcf    ] --- rep 3 ---
[21:42:58] [htsjdk_vcf    ]     seeds entering rep: {'vcf_total': 603, 'vcf_kept': 570, 'vcf_synthetic': 0, 'sam_total': 74, 'sam_kept': 0, 'sam_synthetic': 0}
[21:43:00] [htsjdk_vcf    ]     reset data/ + bug_reports/ + coverage_artifacts/ (seeds preserved — independent trials)
[21:43:01] [htsjdk_vcf    ]     cmd: python harness_run.py --mode E1 --config biotest_config.rep3.yaml --phase D,E
[21:43:01] [htsjdk_vcf    ]     budget: 5400s (host)
