[17:47:41] [seqan3_sam    ] === cascade start (container, max_iter=2) ===
[17:47:41] [seqan3_sam    ]     initial seeds: VCF=33  SAM=74
[17:47:41] [seqan3_sam    ] --- rep 0 ---
[17:47:41] [seqan3_sam    ]     seeds entering rep: {'vcf_total': 33, 'vcf_kept': 0, 'vcf_synthetic': 0, 'sam_total': 74, 'sam_kept': 0, 'sam_synthetic': 0}
[17:47:41] [seqan3_sam    ]     reset data/ + bug_reports/ (seeds + coverage_artifacts preserved — cumulative cascade)
[17:47:41] [seqan3_sam    ]     env (container): BIOTEST_MULTISHOT_K=2 (refine round 4)
[17:47:41] [seqan3_sam    ]     cmd: docker exec biotest-bench-setup python3.12 harness_run.py --mode E0 ...
[17:47:41] [seqan3_sam    ]     budget: 5400s (container)
[19:21:13] [seqan3_sam    ]     rep 0 exit=0 elapsed=5612s
[19:21:17] [seqan3_sam    ]     -> line=93.90% covered=756/805 status=ok seeds_after={'vcf_total': 33, 'vcf_kept': 0, 'vcf_synthetic': 0, 'sam_total': 1477, 'sam_kept': 1403, 'sam_synthetic': 0}
[19:21:17] [seqan3_sam    ] --- rep 1 ---
[19:21:17] [seqan3_sam    ]     seeds entering rep: {'vcf_total': 33, 'vcf_kept': 0, 'vcf_synthetic': 0, 'sam_total': 1477, 'sam_kept': 1403, 'sam_synthetic': 0}
[19:21:38] [seqan3_sam    ]     reset data/ + bug_reports/ (seeds + coverage_artifacts preserved — cumulative cascade)
[19:21:38] [seqan3_sam    ]     env (container): BIOTEST_MULTISHOT_K=2 (refine round 4)
[19:21:38] [seqan3_sam    ]     cmd: docker exec biotest-bench-setup python3.12 harness_run.py --mode E0 ...
[19:21:38] [seqan3_sam    ]     budget: 5400s (container)
[20:32:44] [seqan3_sam    ]     rep 1 exit=0 elapsed=4266s
[20:32:49] [seqan3_sam    ]     -> line=93.90% covered=756/805 status=ok seeds_after={'vcf_total': 33, 'vcf_kept': 0, 'vcf_synthetic': 0, 'sam_total': 2074, 'sam_kept': 2000, 'sam_synthetic': 0}
[20:32:49] [seqan3_sam    ] --- rep 2 ---
[20:32:49] [seqan3_sam    ]     seeds entering rep: {'vcf_total': 33, 'vcf_kept': 0, 'vcf_synthetic': 0, 'sam_total': 2074, 'sam_kept': 2000, 'sam_synthetic': 0}
[20:33:04] [seqan3_sam    ]     reset data/ + bug_reports/ (seeds + coverage_artifacts preserved — cumulative cascade)
[20:33:04] [seqan3_sam    ]     env (container): BIOTEST_MULTISHOT_K=2 (refine round 4)
[20:33:04] [seqan3_sam    ]     cmd: docker exec biotest-bench-setup python3.12 harness_run.py --mode E0 ...
[20:33:04] [seqan3_sam    ]     budget: 5400s (container)
[20:57:49] [seqan3_sam    ]     rep 2 exit=0 elapsed=1484s
[20:57:52] [seqan3_sam    ]     -> line=91.90% covered=740/805 status=ok seeds_after={'vcf_total': 33, 'vcf_kept': 0, 'vcf_synthetic': 0, 'sam_total': 2078, 'sam_kept': 2000, 'sam_synthetic': 4}
[20:57:52] [seqan3_sam    ] === cascade complete (3 reps) ===
