[03:35:36] [noodles_vcf   ] === cascade start (container, max_iter=2) ===
[03:35:36] [noodles_vcf   ]     initial seeds: VCF=33  SAM=74
[03:35:36] [noodles_vcf   ] --- rep 0 ---
[03:35:36] [noodles_vcf   ]     seeds entering rep: {'vcf_total': 33, 'vcf_kept': 0, 'vcf_synthetic': 0, 'sam_total': 74, 'sam_kept': 0, 'sam_synthetic': 0}
[03:35:36] [noodles_vcf   ]     reset data/ + bug_reports/ (seeds + coverage_artifacts preserved — cumulative cascade)
[03:35:36] [noodles_vcf   ]     cmd: docker exec biotest-bench-setup python3.12 harness_run.py --mode E1S ...
[03:35:36] [noodles_vcf   ]     budget: 5400s (container)
[04:40:54] [noodles_vcf   ]     rep 0 exit=0 elapsed=3918s
[04:41:10] [noodles_vcf   ]     -> line=35.90% covered=2725/7584 status=ok seeds_after={'vcf_total': 111, 'vcf_kept': 78, 'vcf_synthetic': 0, 'sam_total': 74, 'sam_kept': 0, 'sam_synthetic': 0}
[04:41:10] [noodles_vcf   ] --- rep 1 ---
[04:41:10] [noodles_vcf   ]     seeds entering rep: {'vcf_total': 111, 'vcf_kept': 78, 'vcf_synthetic': 0, 'sam_total': 74, 'sam_kept': 0, 'sam_synthetic': 0}
[04:41:14] [noodles_vcf   ]     reset data/ + bug_reports/ (seeds + coverage_artifacts preserved — cumulative cascade)
[04:41:15] [noodles_vcf   ]     cmd: docker exec biotest-bench-setup python3.12 harness_run.py --mode E1S ...
[04:41:15] [noodles_vcf   ]     budget: 5400s (container)
[05:21:52] [noodles_vcf   ]     rep 1 exit=0 elapsed=2437s
[05:22:07] [noodles_vcf   ]     -> line=36.00% covered=2727/7584 status=ok seeds_after={'vcf_total': 162, 'vcf_kept': 129, 'vcf_synthetic': 0, 'sam_total': 74, 'sam_kept': 0, 'sam_synthetic': 0}
[05:22:07] [noodles_vcf   ] --- rep 2 ---
[05:22:07] [noodles_vcf   ]     seeds entering rep: {'vcf_total': 162, 'vcf_kept': 129, 'vcf_synthetic': 0, 'sam_total': 74, 'sam_kept': 0, 'sam_synthetic': 0}
[05:22:08] [noodles_vcf   ]     reset data/ + bug_reports/ (seeds + coverage_artifacts preserved — cumulative cascade)
[05:22:08] [noodles_vcf   ]     cmd: docker exec biotest-bench-setup python3.12 harness_run.py --mode E1S ...
[05:22:08] [noodles_vcf   ]     budget: 5400s (container)
[05:41:22] [noodles_vcf   ]     rep 2 exit=0 elapsed=1154s
[05:42:08] [noodles_vcf   ]     -> line=36.00% covered=2727/7584 status=ok seeds_after={'vcf_total': 162, 'vcf_kept': 129, 'vcf_synthetic': 0, 'sam_total': 74, 'sam_kept': 0, 'sam_synthetic': 0}
[05:42:08] [noodles_vcf   ] === cascade complete (3 reps) ===
