[09:23:48] [seqan3_sam    ] === cascade start (container, max_iter=2) ===
[09:23:48] [seqan3_sam    ]     initial seeds: VCF=33  SAM=74
[09:23:48] [seqan3_sam    ] --- rep 0 ---
[09:23:48] [seqan3_sam    ]     seeds entering rep: {'vcf_total': 33, 'vcf_kept': 0, 'vcf_synthetic': 0, 'sam_total': 74, 'sam_kept': 0, 'sam_synthetic': 0}
[09:23:48] [seqan3_sam    ]     reset data/ + bug_reports/ (seeds + coverage_artifacts preserved — cumulative cascade)
[09:23:48] [seqan3_sam    ]     env (container): BIOTEST_MULTISHOT_K=2 (refine round 4)
[09:23:48] [seqan3_sam    ]     cmd: docker exec biotest-bench-setup python3.12 harness_run.py --mode E1S ...
[09:23:48] [seqan3_sam    ]     budget: 5400s (container)
[10:50:48] [seqan3_sam    ]     rep 0 exit=0 elapsed=5219s
[10:50:52] [seqan3_sam    ]     -> line=94.20% covered=758/805 status=ok seeds_after={'vcf_total': 33, 'vcf_kept': 0, 'vcf_synthetic': 0, 'sam_total': 1079, 'sam_kept': 1005, 'sam_synthetic': 0}
[10:50:52] [seqan3_sam    ] --- rep 1 ---
[10:50:52] [seqan3_sam    ]     seeds entering rep: {'vcf_total': 33, 'vcf_kept': 0, 'vcf_synthetic': 0, 'sam_total': 1079, 'sam_kept': 1005, 'sam_synthetic': 0}
[10:51:21] [seqan3_sam    ]     reset data/ + bug_reports/ (seeds + coverage_artifacts preserved — cumulative cascade)
[10:51:21] [seqan3_sam    ]     env (container): BIOTEST_MULTISHOT_K=2 (refine round 4)
[10:51:21] [seqan3_sam    ]     cmd: docker exec biotest-bench-setup python3.12 harness_run.py --mode E1S ...
[10:51:21] [seqan3_sam    ]     budget: 5400s (container)
[12:14:26] [seqan3_sam    ]     rep 1 exit=0 elapsed=4985s
[12:14:29] [seqan3_sam    ]     -> line=93.40% covered=752/805 status=ok seeds_after={'vcf_total': 33, 'vcf_kept': 0, 'vcf_synthetic': 0, 'sam_total': 2074, 'sam_kept': 2000, 'sam_synthetic': 0}
[12:14:29] [seqan3_sam    ] --- rep 2 ---
[12:14:29] [seqan3_sam    ]     seeds entering rep: {'vcf_total': 33, 'vcf_kept': 0, 'vcf_synthetic': 0, 'sam_total': 2074, 'sam_kept': 2000, 'sam_synthetic': 0}
[12:14:48] [seqan3_sam    ]     reset data/ + bug_reports/ (seeds + coverage_artifacts preserved — cumulative cascade)
[12:14:48] [seqan3_sam    ]     env (container): BIOTEST_MULTISHOT_K=2 (refine round 4)
[12:14:48] [seqan3_sam    ]     cmd: docker exec biotest-bench-setup python3.12 harness_run.py --mode E1S ...
[12:14:48] [seqan3_sam    ]     budget: 5400s (container)
[12:27:16] [seqan3_sam    ]     rep 2 exit=0 elapsed=748s
[12:27:20] [seqan3_sam    ]     -> line=0.00% covered=0/805 status=ok seeds_after={'vcf_total': 33, 'vcf_kept': 0, 'vcf_synthetic': 0, 'sam_total': 2074, 'sam_kept': 2000, 'sam_synthetic': 0}
[12:27:20] [seqan3_sam    ] === cascade complete (3 reps) ===
