[13:21:46] [seqan3_sam    ] === cascade start (container, max_iter=2) ===
[13:21:46] [seqan3_sam    ]     initial seeds: VCF=33  SAM=74
[13:21:46] [seqan3_sam    ] --- rep 0 ---
[13:21:46] [seqan3_sam    ]     seeds entering rep: {'vcf_total': 33, 'vcf_kept': 0, 'vcf_synthetic': 0, 'sam_total': 74, 'sam_kept': 0, 'sam_synthetic': 0}
[13:21:46] [seqan3_sam    ]     reset data/ + bug_reports/ + coverage_artifacts/ (seeds preserved — independent trials)
[13:21:46] [seqan3_sam    ]     env (container): BIOTEST_MULTISHOT_K=2 (refine round 4)
[13:21:46] [seqan3_sam    ]     cmd: docker exec biotest-bench-setup python3.12 harness_run.py --mode E2 ...
[13:21:46] [seqan3_sam    ]     budget: 5400s (container)
[13:46:53] [seqan3_sam    ]     rep 0 exit=0 elapsed=1506s
[13:46:57] [seqan3_sam    ]     -> line=93.70% covered=754/805 status=ok seeds_after={'vcf_total': 33, 'vcf_kept': 0, 'vcf_synthetic': 0, 'sam_total': 74, 'sam_kept': 0, 'sam_synthetic': 0}
[13:46:57] [seqan3_sam    ] --- rep 1 ---
[13:46:57] [seqan3_sam    ]     seeds entering rep: {'vcf_total': 33, 'vcf_kept': 0, 'vcf_synthetic': 0, 'sam_total': 74, 'sam_kept': 0, 'sam_synthetic': 0}
[13:47:08] [seqan3_sam    ]     reset data/ + bug_reports/ + coverage_artifacts/ (seeds preserved — independent trials)
[13:47:08] [seqan3_sam    ]     env (container): BIOTEST_MULTISHOT_K=2 (refine round 4)
[13:47:08] [seqan3_sam    ]     cmd: docker exec biotest-bench-setup python3.12 harness_run.py --mode E2 ...
[13:47:08] [seqan3_sam    ]     budget: 5400s (container)
[14:11:48] [seqan3_sam    ]     rep 1 exit=0 elapsed=1481s
[14:11:53] [seqan3_sam    ]     -> line=93.40% covered=752/805 status=ok seeds_after={'vcf_total': 33, 'vcf_kept': 0, 'vcf_synthetic': 0, 'sam_total': 74, 'sam_kept': 0, 'sam_synthetic': 0}
[14:11:53] [seqan3_sam    ] --- rep 2 ---
[14:11:53] [seqan3_sam    ]     seeds entering rep: {'vcf_total': 33, 'vcf_kept': 0, 'vcf_synthetic': 0, 'sam_total': 74, 'sam_kept': 0, 'sam_synthetic': 0}
[14:11:57] [seqan3_sam    ]     reset data/ + bug_reports/ + coverage_artifacts/ (seeds preserved — independent trials)
[14:11:57] [seqan3_sam    ]     env (container): BIOTEST_MULTISHOT_K=2 (refine round 4)
[14:11:57] [seqan3_sam    ]     cmd: docker exec biotest-bench-setup python3.12 harness_run.py --mode E2 ...
[14:11:57] [seqan3_sam    ]     budget: 5400s (container)
[14:35:39] [seqan3_sam    ]     rep 2 exit=0 elapsed=1422s
[14:35:43] [seqan3_sam    ]     -> line=93.90% covered=756/805 status=ok seeds_after={'vcf_total': 33, 'vcf_kept': 0, 'vcf_synthetic': 0, 'sam_total': 74, 'sam_kept': 0, 'sam_synthetic': 0}
[14:35:43] [seqan3_sam    ] --- rep 3 ---
[14:35:43] [seqan3_sam    ]     seeds entering rep: {'vcf_total': 33, 'vcf_kept': 0, 'vcf_synthetic': 0, 'sam_total': 74, 'sam_kept': 0, 'sam_synthetic': 0}
[14:35:47] [seqan3_sam    ]     reset data/ + bug_reports/ + coverage_artifacts/ (seeds preserved — independent trials)
[14:35:47] [seqan3_sam    ]     env (container): BIOTEST_MULTISHOT_K=2 (refine round 4)
[14:35:47] [seqan3_sam    ]     cmd: docker exec biotest-bench-setup python3.12 harness_run.py --mode E2 ...
[14:35:47] [seqan3_sam    ]     budget: 5400s (container)
[14:59:18] [seqan3_sam    ]     rep 3 exit=0 elapsed=1411s
[14:59:23] [seqan3_sam    ]     -> line=93.70% covered=754/805 status=ok seeds_after={'vcf_total': 33, 'vcf_kept': 0, 'vcf_synthetic': 0, 'sam_total': 74, 'sam_kept': 0, 'sam_synthetic': 0}
[14:59:23] [seqan3_sam    ] === cascade complete (4 reps) ===
