[18:33:11] [htsjdk_vcf    ] === cascade start (host, max_iter=2) ===
[18:33:11] [htsjdk_vcf    ]     initial seeds: VCF=33  SAM=74
[18:33:11] [htsjdk_vcf    ] --- rep 0 ---
[18:33:11] [htsjdk_vcf    ]     seeds entering rep: {'vcf_total': 33, 'vcf_kept': 0, 'vcf_synthetic': 0, 'sam_total': 74, 'sam_kept': 0, 'sam_synthetic': 0}
[18:33:11] [htsjdk_vcf    ]     reset data/ + bug_reports/ (seeds + coverage_artifacts preserved — cumulative cascade)
[18:33:11] [htsjdk_vcf    ]     cmd: python harness_run.py --mode E1S --config biotest_config.rep0.yaml --phase D,E
[18:33:11] [htsjdk_vcf    ]     budget: 5400s (host)
[20:03:11] [htsjdk_vcf    ]     timeout after 5400s — terminating
[20:03:11] [htsjdk_vcf    ]     rep 0 exit=1 elapsed=5400s
[20:03:14] [htsjdk_vcf    ]     -> line=32.90% covered=1222/3716 status=ok seeds_after={'vcf_total': 189, 'vcf_kept': 146, 'vcf_synthetic': 10, 'sam_total': 74, 'sam_kept': 0, 'sam_synthetic': 0}
[20:03:14] [htsjdk_vcf    ] --- rep 1 ---
[20:03:14] [htsjdk_vcf    ]     seeds entering rep: {'vcf_total': 189, 'vcf_kept': 146, 'vcf_synthetic': 10, 'sam_total': 74, 'sam_kept': 0, 'sam_synthetic': 0}
[20:03:16] [htsjdk_vcf    ]     reset data/ + bug_reports/ (seeds + coverage_artifacts preserved — cumulative cascade)
[20:03:16] [htsjdk_vcf    ]     cmd: python harness_run.py --mode E1S --config biotest_config.rep1.yaml --phase D,E
[20:03:16] [htsjdk_vcf    ]     budget: 5400s (host)
[21:03:33] [htsjdk_vcf    ]     rep 1 exit=0 elapsed=3617s
[21:03:36] [htsjdk_vcf    ]     -> line=45.70% covered=1698/3716 status=ok seeds_after={'vcf_total': 320, 'vcf_kept': 267, 'vcf_synthetic': 20, 'sam_total': 74, 'sam_kept': 0, 'sam_synthetic': 0}
[21:03:36] [htsjdk_vcf    ] --- rep 2 ---
[21:03:36] [htsjdk_vcf    ]     seeds entering rep: {'vcf_total': 320, 'vcf_kept': 267, 'vcf_synthetic': 20, 'sam_total': 74, 'sam_kept': 0, 'sam_synthetic': 0}
[21:03:41] [htsjdk_vcf    ]     reset data/ + bug_reports/ (seeds + coverage_artifacts preserved — cumulative cascade)
[21:03:41] [htsjdk_vcf    ]     cmd: python harness_run.py --mode E1S --config biotest_config.rep2.yaml --phase D,E
[21:03:41] [htsjdk_vcf    ]     budget: 5400s (host)
[22:30:26] [htsjdk_vcf    ]     rep 2 exit=0 elapsed=5204s
[22:30:29] [htsjdk_vcf    ]     -> line=45.70% covered=1698/3716 status=ok seeds_after={'vcf_total': 513, 'vcf_kept': 460, 'vcf_synthetic': 20, 'sam_total': 74, 'sam_kept': 0, 'sam_synthetic': 0}
[22:30:29] [htsjdk_vcf    ] === cascade complete (3 reps) ===
