[22:28:42] [biopython_sam ] === cascade start (host, max_iter=2) ===
[22:28:42] [biopython_sam ]     initial seeds: VCF=33  SAM=74
[22:28:42] [biopython_sam ] --- rep 0 ---
[22:28:42] [biopython_sam ]     seeds entering rep: {'vcf_total': 33, 'vcf_kept': 0, 'vcf_synthetic': 0, 'sam_total': 74, 'sam_kept': 0, 'sam_synthetic': 0}
[22:28:42] [biopython_sam ]     reset data/ + bug_reports/ + coverage_artifacts/ (seeds preserved — independent trials)
[22:28:42] [biopython_sam ]     cmd: python harness_run.py --mode E1S --config biotest_config.rep0.yaml --phase D,E
[22:28:42] [biopython_sam ]     budget: 5400s (host)
[22:28:42] [biopython_sam ]     env: BIOTEST_MULTISHOT_K=2  BIOTEST_AUTO_INVOKE_PUBLIC_METHODS=1 (refine round 4)
[23:58:42] [biopython_sam ]     timeout after 5400s — terminating
[23:58:42] [biopython_sam ]     rep 0 exit=1 elapsed=5400s
[23:58:43] [biopython_sam ]     -> line=53.00% covered=317/598 status=ok seeds_after={'vcf_total': 33, 'vcf_kept': 0, 'vcf_synthetic': 0, 'sam_total': 206, 'sam_kept': 132, 'sam_synthetic': 0}
[23:58:43] [biopython_sam ] --- rep 1 ---
[23:58:43] [biopython_sam ]     seeds entering rep: {'vcf_total': 33, 'vcf_kept': 0, 'vcf_synthetic': 0, 'sam_total': 206, 'sam_kept': 132, 'sam_synthetic': 0}
[23:58:50] [biopython_sam ]     reset data/ + bug_reports/ + coverage_artifacts/ (seeds preserved — independent trials)
[23:58:50] [biopython_sam ]     cmd: python harness_run.py --mode E1S --config biotest_config.rep1.yaml --phase D,E
[23:58:50] [biopython_sam ]     budget: 5400s (host)
[23:58:50] [biopython_sam ]     env: BIOTEST_MULTISHOT_K=2  BIOTEST_AUTO_INVOKE_PUBLIC_METHODS=1 (refine round 4)
[01:28:50] [biopython_sam ]     timeout after 5400s — terminating
[01:28:50] [biopython_sam ]     rep 1 exit=1 elapsed=5400s
[01:28:50] [biopython_sam ]     -> line=0.00% covered=0/0 status=missing seeds_after={'vcf_total': 33, 'vcf_kept': 0, 'vcf_synthetic': 0, 'sam_total': 491, 'sam_kept': 417, 'sam_synthetic': 0}
[01:28:50] [biopython_sam ] --- rep 2 ---
[01:28:50] [biopython_sam ]     seeds entering rep: {'vcf_total': 33, 'vcf_kept': 0, 'vcf_synthetic': 0, 'sam_total': 491, 'sam_kept': 417, 'sam_synthetic': 0}
[01:29:03] [biopython_sam ]     reset data/ + bug_reports/ + coverage_artifacts/ (seeds preserved — independent trials)
[01:29:03] [biopython_sam ]     cmd: python harness_run.py --mode E1S --config biotest_config.rep2.yaml --phase D,E
[01:29:03] [biopython_sam ]     budget: 5400s (host)
[01:29:03] [biopython_sam ]     env: BIOTEST_MULTISHOT_K=2  BIOTEST_AUTO_INVOKE_PUBLIC_METHODS=1 (refine round 4)
[02:59:03] [biopython_sam ]     timeout after 5400s — terminating
[02:59:03] [biopython_sam ]     rep 2 exit=1 elapsed=5400s
[02:59:04] [biopython_sam ]     -> line=3.00% covered=18/598 status=ok seeds_after={'vcf_total': 33, 'vcf_kept': 0, 'vcf_synthetic': 0, 'sam_total': 945, 'sam_kept': 866, 'sam_synthetic': 5}
[02:59:04] [biopython_sam ] --- rep 3 ---
[02:59:04] [biopython_sam ]     seeds entering rep: {'vcf_total': 33, 'vcf_kept': 0, 'vcf_synthetic': 0, 'sam_total': 945, 'sam_kept': 866, 'sam_synthetic': 5}
[02:59:06] [biopython_sam ]     reset data/ + bug_reports/ + coverage_artifacts/ (seeds preserved — independent trials)
[02:59:06] [biopython_sam ]     cmd: python harness_run.py --mode E1S --config biotest_config.rep3.yaml --phase D,E
[02:59:06] [biopython_sam ]     budget: 5400s (host)
[02:59:06] [biopython_sam ]     env: BIOTEST_MULTISHOT_K=2  BIOTEST_AUTO_INVOKE_PUBLIC_METHODS=1 (refine round 4)
[04:29:06] [biopython_sam ]     timeout after 5400s — terminating
[04:29:06] [biopython_sam ]     rep 3 exit=1 elapsed=5400s
[04:29:06] [biopython_sam ]     -> line=3.00% covered=18/598 status=ok seeds_after={'vcf_total': 33, 'vcf_kept': 0, 'vcf_synthetic': 0, 'sam_total': 1379, 'sam_kept': 1295, 'sam_synthetic': 10}
[04:29:06] [biopython_sam ] === cascade complete (4 reps) ===
