[22:55:47] [noodles_vcf   ] === cascade start (container, max_iter=2) ===
[22:55:47] [noodles_vcf   ]     initial seeds: VCF=33  SAM=74
[22:55:47] [noodles_vcf   ] --- rep 0 ---
[22:55:47] [noodles_vcf   ]     seeds entering rep: {'vcf_total': 33, 'vcf_kept': 0, 'vcf_synthetic': 0, 'sam_total': 74, 'sam_kept': 0, 'sam_synthetic': 0}
[22:55:47] [noodles_vcf   ]     reset data/ + bug_reports/ (seeds + coverage_artifacts preserved — cumulative cascade)
[22:55:48] [noodles_vcf   ]     cmd: docker exec biotest-bench-setup python3.12 harness_run.py --mode E0 ...
[22:55:48] [noodles_vcf   ]     budget: 5400s (container)
[00:08:13] [noodles_vcf   ]     rep 0 exit=0 elapsed=4346s
[00:08:49] [noodles_vcf   ]     -> line=37.00% covered=2805/7584 status=ok seeds_after={'vcf_total': 124, 'vcf_kept': 81, 'vcf_synthetic': 10, 'sam_total': 74, 'sam_kept': 0, 'sam_synthetic': 0}
[00:08:49] [noodles_vcf   ] --- rep 1 ---
[00:08:49] [noodles_vcf   ]     seeds entering rep: {'vcf_total': 124, 'vcf_kept': 81, 'vcf_synthetic': 10, 'sam_total': 74, 'sam_kept': 0, 'sam_synthetic': 0}
[00:08:52] [noodles_vcf   ]     reset data/ + bug_reports/ (seeds + coverage_artifacts preserved — cumulative cascade)
[00:08:52] [noodles_vcf   ]     cmd: docker exec biotest-bench-setup python3.12 harness_run.py --mode E0 ...
[00:08:52] [noodles_vcf   ]     budget: 5400s (container)
[01:20:55] [noodles_vcf   ]     rep 1 exit=0 elapsed=4323s
[01:21:46] [noodles_vcf   ]     -> line=37.20% covered=2821/7584 status=ok seeds_after={'vcf_total': 287, 'vcf_kept': 234, 'vcf_synthetic': 20, 'sam_total': 74, 'sam_kept': 0, 'sam_synthetic': 0}
[01:21:46] [noodles_vcf   ] --- rep 2 ---
[01:21:46] [noodles_vcf   ]     seeds entering rep: {'vcf_total': 287, 'vcf_kept': 234, 'vcf_synthetic': 20, 'sam_total': 74, 'sam_kept': 0, 'sam_synthetic': 0}
[01:21:49] [noodles_vcf   ]     reset data/ + bug_reports/ (seeds + coverage_artifacts preserved — cumulative cascade)
[01:21:49] [noodles_vcf   ]     cmd: docker exec biotest-bench-setup python3.12 harness_run.py --mode E0 ...
[01:21:49] [noodles_vcf   ]     budget: 5400s (container)
[02:42:13] [noodles_vcf   ]     rep 2 exit=0 elapsed=4823s
[02:42:49] [noodles_vcf   ]     -> line=37.50% covered=2843/7584 status=ok seeds_after={'vcf_total': 535, 'vcf_kept': 473, 'vcf_synthetic': 29, 'sam_total': 74, 'sam_kept': 0, 'sam_synthetic': 0}
[02:42:49] [noodles_vcf   ] === cascade complete (3 reps) ===
