[18:25:14] [htsjdk_sam    ] === cascade start (host, max_iter=2) ===
[18:25:14] [htsjdk_sam    ]     initial seeds: VCF=33  SAM=74
[18:25:14] [htsjdk_sam    ] --- rep 0 ---
[18:25:14] [htsjdk_sam    ]     seeds entering rep: {'vcf_total': 33, 'vcf_kept': 0, 'vcf_synthetic': 0, 'sam_total': 74, 'sam_kept': 0, 'sam_synthetic': 0}
[18:25:14] [htsjdk_sam    ]     reset data/ + bug_reports/ (seeds + coverage_artifacts preserved — cumulative cascade)
[18:25:14] [htsjdk_sam    ]     cmd: python harness_run.py --mode E0 --config biotest_config.rep0.yaml --phase D,E
[18:25:14] [htsjdk_sam    ]     budget: 5400s (host)
[18:25:14] [htsjdk_sam    ]     env: BIOTEST_MULTISHOT_K=2  BIOTEST_AUTO_INVOKE_PUBLIC_METHODS=1 (refine round 4)
[19:55:14] [htsjdk_sam    ]     timeout after 5400s — terminating
[19:55:14] [htsjdk_sam    ]     rep 0 exit=1 elapsed=5400s
[19:55:18] [htsjdk_sam    ]     -> line=30.90% covered=1593/5154 status=ok seeds_after={'vcf_total': 33, 'vcf_kept': 0, 'vcf_synthetic': 0, 'sam_total': 248, 'sam_kept': 174, 'sam_synthetic': 0}
[19:55:18] [htsjdk_sam    ] --- rep 1 ---
[19:55:18] [htsjdk_sam    ]     seeds entering rep: {'vcf_total': 33, 'vcf_kept': 0, 'vcf_synthetic': 0, 'sam_total': 248, 'sam_kept': 174, 'sam_synthetic': 0}
[19:55:22] [htsjdk_sam    ]     reset data/ + bug_reports/ (seeds + coverage_artifacts preserved — cumulative cascade)
[19:55:22] [htsjdk_sam    ]     cmd: python harness_run.py --mode E0 --config biotest_config.rep1.yaml --phase D,E
[19:55:22] [htsjdk_sam    ]     budget: 5400s (host)
[19:55:22] [htsjdk_sam    ]     env: BIOTEST_MULTISHOT_K=2  BIOTEST_AUTO_INVOKE_PUBLIC_METHODS=1 (refine round 4)
[21:25:22] [htsjdk_sam    ]     timeout after 5400s — terminating
[21:25:22] [htsjdk_sam    ]     rep 1 exit=1 elapsed=5400s
[21:25:26] [htsjdk_sam    ]     -> line=30.90% covered=1594/5154 status=ok seeds_after={'vcf_total': 33, 'vcf_kept': 0, 'vcf_synthetic': 0, 'sam_total': 539, 'sam_kept': 465, 'sam_synthetic': 0}
[21:25:26] [htsjdk_sam    ] --- rep 2 ---
[21:25:26] [htsjdk_sam    ]     seeds entering rep: {'vcf_total': 33, 'vcf_kept': 0, 'vcf_synthetic': 0, 'sam_total': 539, 'sam_kept': 465, 'sam_synthetic': 0}
[21:25:39] [htsjdk_sam    ]     reset data/ + bug_reports/ (seeds + coverage_artifacts preserved — cumulative cascade)
[21:25:39] [htsjdk_sam    ]     cmd: python harness_run.py --mode E0 --config biotest_config.rep2.yaml --phase D,E
[21:25:39] [htsjdk_sam    ]     budget: 5400s (host)
[21:25:39] [htsjdk_sam    ]     env: BIOTEST_MULTISHOT_K=2  BIOTEST_AUTO_INVOKE_PUBLIC_METHODS=1 (refine round 4)
[22:55:40] [htsjdk_sam    ]     timeout after 5400s — terminating
[22:55:40] [htsjdk_sam    ]     rep 2 exit=1 elapsed=5400s
[22:55:42] [htsjdk_sam    ]     -> line=30.90% covered=1594/5154 status=ok seeds_after={'vcf_total': 33, 'vcf_kept': 0, 'vcf_synthetic': 0, 'sam_total': 895, 'sam_kept': 821, 'sam_synthetic': 0}
[22:55:42] [htsjdk_sam    ] === cascade complete (3 reps) ===
