[22:55:47] [seqan3_sam    ] === cascade start (container, max_iter=2) ===
[22:55:47] [seqan3_sam    ]     initial seeds: VCF=33  SAM=74
[22:55:47] [seqan3_sam    ] --- rep 0 ---
[22:55:47] [seqan3_sam    ]     seeds entering rep: {'vcf_total': 33, 'vcf_kept': 0, 'vcf_synthetic': 0, 'sam_total': 74, 'sam_kept': 0, 'sam_synthetic': 0}
[22:55:47] [seqan3_sam    ]     reset data/ + bug_reports/ (seeds + coverage_artifacts preserved — cumulative cascade)
[22:55:48] [seqan3_sam    ]     env (container): BIOTEST_MULTISHOT_K=2 (refine round 4)
[22:55:48] [seqan3_sam    ]     cmd: docker exec biotest-bench-setup python3.12 harness_run.py --mode E0 ...
[22:55:48] [seqan3_sam    ]     budget: 5400s (container)
[00:06:03] [seqan3_sam    ]     rep 0 exit=0 elapsed=4215s
[00:06:20] [seqan3_sam    ]     -> line=93.70% covered=754/805 status=ok seeds_after={'vcf_total': 33, 'vcf_kept': 0, 'vcf_synthetic': 0, 'sam_total': 398, 'sam_kept': 324, 'sam_synthetic': 0}
[00:06:20] [seqan3_sam    ] --- rep 1 ---
[00:06:20] [seqan3_sam    ]     seeds entering rep: {'vcf_total': 33, 'vcf_kept': 0, 'vcf_synthetic': 0, 'sam_total': 398, 'sam_kept': 324, 'sam_synthetic': 0}
[00:06:30] [seqan3_sam    ]     reset data/ + bug_reports/ (seeds + coverage_artifacts preserved — cumulative cascade)
[00:06:30] [seqan3_sam    ]     env (container): BIOTEST_MULTISHOT_K=2 (refine round 4)
[00:06:30] [seqan3_sam    ]     cmd: docker exec biotest-bench-setup python3.12 harness_run.py --mode E0 ...
[00:06:30] [seqan3_sam    ]     budget: 5400s (container)
[01:36:52] [seqan3_sam    ]     rep 1 exit=0 elapsed=5422s
[01:37:03] [seqan3_sam    ]     -> line=93.70% covered=754/805 status=ok seeds_after={'vcf_total': 33, 'vcf_kept': 0, 'vcf_synthetic': 0, 'sam_total': 854, 'sam_kept': 780, 'sam_synthetic': 0}
[01:37:03] [seqan3_sam    ] --- rep 2 ---
[01:37:03] [seqan3_sam    ]     seeds entering rep: {'vcf_total': 33, 'vcf_kept': 0, 'vcf_synthetic': 0, 'sam_total': 854, 'sam_kept': 780, 'sam_synthetic': 0}
[01:37:16] [seqan3_sam    ]     reset data/ + bug_reports/ (seeds + coverage_artifacts preserved — cumulative cascade)
[01:37:16] [seqan3_sam    ]     env (container): BIOTEST_MULTISHOT_K=2 (refine round 4)
[01:37:16] [seqan3_sam    ]     cmd: docker exec biotest-bench-setup python3.12 harness_run.py --mode E0 ...
[01:37:16] [seqan3_sam    ]     budget: 5400s (container)
[03:07:43] [seqan3_sam    ]     rep 2 exit=0 elapsed=5427s
[03:07:50] [seqan3_sam    ]     -> line=93.90% covered=756/805 status=ok seeds_after={'vcf_total': 33, 'vcf_kept': 0, 'vcf_synthetic': 0, 'sam_total': 1430, 'sam_kept': 1356, 'sam_synthetic': 0}
[03:07:50] [seqan3_sam    ] === cascade complete (3 reps) ===
