[03:26:31] [htsjdk_sam    ] === cascade start (host, max_iter=2) ===
[03:26:31] [htsjdk_sam    ]     initial seeds: VCF=33  SAM=74
[03:26:31] [htsjdk_sam    ] --- rep 0 ---
[03:26:31] [htsjdk_sam    ]     seeds entering rep: {'vcf_total': 33, 'vcf_kept': 0, 'vcf_synthetic': 0, 'sam_total': 74, 'sam_kept': 0, 'sam_synthetic': 0}
[03:26:31] [htsjdk_sam    ]     reset data/ + bug_reports/ (seeds + coverage_artifacts preserved — cumulative cascade)
[03:26:31] [htsjdk_sam    ]     cmd: python harness_run.py --mode E0 --config biotest_config.rep0.yaml --phase D,E
[03:26:31] [htsjdk_sam    ]     budget: 5400s (host)
[03:26:31] [htsjdk_sam    ]     env: BIOTEST_MULTISHOT_K=2  BIOTEST_AUTO_INVOKE_PUBLIC_METHODS=1 (refine round 4)
[04:56:32] [htsjdk_sam    ]     timeout after 5400s — sending CTRL_BREAK_EVENT (graceful)
[04:56:32] [htsjdk_sam    ]     rep 0 exit=3221225786 elapsed=5400s
[04:56:34] [htsjdk_sam    ]     -> line=30.90% covered=1594/5154 status=ok seeds_after={'vcf_total': 33, 'vcf_kept': 0, 'vcf_synthetic': 0, 'sam_total': 305, 'sam_kept': 231, 'sam_synthetic': 0}
[04:56:34] [htsjdk_sam    ] --- rep 1 ---
[04:56:34] [htsjdk_sam    ]     seeds entering rep: {'vcf_total': 33, 'vcf_kept': 0, 'vcf_synthetic': 0, 'sam_total': 305, 'sam_kept': 231, 'sam_synthetic': 0}
[04:56:44] [htsjdk_sam    ]     reset data/ + bug_reports/ (seeds + coverage_artifacts preserved — cumulative cascade)
[04:56:44] [htsjdk_sam    ]     cmd: python harness_run.py --mode E0 --config biotest_config.rep1.yaml --phase D,E
[04:56:44] [htsjdk_sam    ]     budget: 5400s (host)
[04:56:44] [htsjdk_sam    ]     env: BIOTEST_MULTISHOT_K=2  BIOTEST_AUTO_INVOKE_PUBLIC_METHODS=1 (refine round 4)
[06:26:44] [htsjdk_sam    ]     timeout after 5400s — sending CTRL_BREAK_EVENT (graceful)
[06:26:44] [htsjdk_sam    ]     rep 1 exit=3221225786 elapsed=5400s
[06:26:46] [htsjdk_sam    ]     -> line=30.90% covered=1594/5154 status=ok seeds_after={'vcf_total': 33, 'vcf_kept': 0, 'vcf_synthetic': 0, 'sam_total': 688, 'sam_kept': 614, 'sam_synthetic': 0}
[06:26:46] [htsjdk_sam    ] --- rep 2 ---
[06:26:46] [htsjdk_sam    ]     seeds entering rep: {'vcf_total': 33, 'vcf_kept': 0, 'vcf_synthetic': 0, 'sam_total': 688, 'sam_kept': 614, 'sam_synthetic': 0}
[06:27:10] [htsjdk_sam    ]     reset data/ + bug_reports/ (seeds + coverage_artifacts preserved — cumulative cascade)
[06:27:10] [htsjdk_sam    ]     cmd: python harness_run.py --mode E0 --config biotest_config.rep2.yaml --phase D,E
[06:27:10] [htsjdk_sam    ]     budget: 5400s (host)
[06:27:10] [htsjdk_sam    ]     env: BIOTEST_MULTISHOT_K=2  BIOTEST_AUTO_INVOKE_PUBLIC_METHODS=1 (refine round 4)
[07:57:10] [htsjdk_sam    ]     timeout after 5400s — sending CTRL_BREAK_EVENT (graceful)
[07:57:10] [htsjdk_sam    ]     rep 2 exit=3221225786 elapsed=5400s
[07:57:12] [htsjdk_sam    ]     -> line=30.90% covered=1594/5154 status=ok seeds_after={'vcf_total': 33, 'vcf_kept': 0, 'vcf_synthetic': 0, 'sam_total': 1179, 'sam_kept': 1105, 'sam_synthetic': 0}
[07:57:12] [htsjdk_sam    ] === cascade complete (3 reps) ===
