[13:54:39] [htsjdk_sam    ] === cascade start (host, max_iter=2) ===
[13:54:39] [htsjdk_sam    ]     initial seeds: VCF=33  SAM=74
[13:54:39] [htsjdk_sam    ] --- rep 0 ---
[13:54:39] [htsjdk_sam    ]     seeds entering rep: {'vcf_total': 33, 'vcf_kept': 0, 'vcf_synthetic': 0, 'sam_total': 74, 'sam_kept': 0, 'sam_synthetic': 0}
[13:54:39] [htsjdk_sam    ]     reset data/ + bug_reports/ (seeds + coverage_artifacts preserved — cumulative cascade)
[13:54:39] [htsjdk_sam    ]     cmd: python harness_run.py --mode E0 --config biotest_config.rep0.yaml --phase D,E
[13:54:39] [htsjdk_sam    ]     budget: 5400s (host)
[13:54:39] [htsjdk_sam    ]     env: BIOTEST_MULTISHOT_K=2  BIOTEST_AUTO_INVOKE_PUBLIC_METHODS=1 (refine round 4)
[15:24:39] [htsjdk_sam    ]     timeout after 5400s — terminating
[15:24:39] [htsjdk_sam    ]     rep 0 exit=1 elapsed=5400s
[15:24:43] [htsjdk_sam    ]     -> line=30.90% covered=1594/5154 status=ok seeds_after={'vcf_total': 33, 'vcf_kept': 0, 'vcf_synthetic': 0, 'sam_total': 625, 'sam_kept': 551, 'sam_synthetic': 0}
[15:24:43] [htsjdk_sam    ] --- rep 1 ---
[15:24:43] [htsjdk_sam    ]     seeds entering rep: {'vcf_total': 33, 'vcf_kept': 0, 'vcf_synthetic': 0, 'sam_total': 625, 'sam_kept': 551, 'sam_synthetic': 0}
[15:24:53] [htsjdk_sam    ]     reset data/ + bug_reports/ (seeds + coverage_artifacts preserved — cumulative cascade)
[15:24:53] [htsjdk_sam    ]     cmd: python harness_run.py --mode E0 --config biotest_config.rep1.yaml --phase D,E
[15:24:53] [htsjdk_sam    ]     budget: 5400s (host)
[15:24:53] [htsjdk_sam    ]     env: BIOTEST_MULTISHOT_K=2  BIOTEST_AUTO_INVOKE_PUBLIC_METHODS=1 (refine round 4)
[16:54:53] [htsjdk_sam    ]     timeout after 5400s — terminating
[16:54:53] [htsjdk_sam    ]     rep 1 exit=1 elapsed=5400s
[16:54:56] [htsjdk_sam    ]     -> line=30.90% covered=1594/5154 status=ok seeds_after={'vcf_total': 33, 'vcf_kept': 0, 'vcf_synthetic': 0, 'sam_total': 808, 'sam_kept': 734, 'sam_synthetic': 0}
[16:54:56] [htsjdk_sam    ] --- rep 2 ---
[16:54:56] [htsjdk_sam    ]     seeds entering rep: {'vcf_total': 33, 'vcf_kept': 0, 'vcf_synthetic': 0, 'sam_total': 808, 'sam_kept': 734, 'sam_synthetic': 0}
[16:55:05] [htsjdk_sam    ]     reset data/ + bug_reports/ (seeds + coverage_artifacts preserved — cumulative cascade)
[16:55:05] [htsjdk_sam    ]     cmd: python harness_run.py --mode E0 --config biotest_config.rep2.yaml --phase D,E
[16:55:05] [htsjdk_sam    ]     budget: 5400s (host)
[16:55:05] [htsjdk_sam    ]     env: BIOTEST_MULTISHOT_K=2  BIOTEST_AUTO_INVOKE_PUBLIC_METHODS=1 (refine round 4)
[18:25:05] [htsjdk_sam    ]     timeout after 5400s — terminating
[18:25:05] [htsjdk_sam    ]     rep 2 exit=1 elapsed=5400s
[18:25:08] [htsjdk_sam    ]     -> line=30.90% covered=1594/5154 status=ok seeds_after={'vcf_total': 33, 'vcf_kept': 0, 'vcf_synthetic': 0, 'sam_total': 1048, 'sam_kept': 974, 'sam_synthetic': 0}
[18:25:08] [htsjdk_sam    ] === cascade complete (3 reps) ===
