[14:03:29] [htsjdk_vcf    ] === cascade start (host, max_iter=2) ===
[14:03:29] [htsjdk_vcf    ]     initial seeds: VCF=33  SAM=74
[14:03:29] [htsjdk_vcf    ] --- rep 0 ---
[14:03:29] [htsjdk_vcf    ]     seeds entering rep: {'vcf_total': 33, 'vcf_kept': 0, 'vcf_synthetic': 0, 'sam_total': 74, 'sam_kept': 0, 'sam_synthetic': 0}
[14:03:29] [htsjdk_vcf    ]     reset data/ + bug_reports/ (seeds + coverage_artifacts preserved — cumulative cascade)
[14:03:29] [htsjdk_vcf    ]     cmd: python harness_run.py --mode E1S --config biotest_config.rep0.yaml --phase D,E
[14:03:29] [htsjdk_vcf    ]     budget: 5400s (host)
[15:33:29] [htsjdk_vcf    ]     timeout after 5400s — sending CTRL_BREAK_EVENT (graceful)
[15:33:29] [htsjdk_vcf    ]     rep 0 exit=3221225786 elapsed=5400s
[15:33:29] [htsjdk_vcf    ]     -> line=0.00% covered=0/0 status=missing seeds_after={'vcf_total': 33, 'vcf_kept': 0, 'vcf_synthetic': 0, 'sam_total': 74, 'sam_kept': 0, 'sam_synthetic': 0}
[15:33:29] [htsjdk_vcf    ] --- rep 1 ---
[15:33:29] [htsjdk_vcf    ]     seeds entering rep: {'vcf_total': 33, 'vcf_kept': 0, 'vcf_synthetic': 0, 'sam_total': 74, 'sam_kept': 0, 'sam_synthetic': 0}
[15:33:29] [htsjdk_vcf    ]     reset data/ + bug_reports/ (seeds + coverage_artifacts preserved — cumulative cascade)
[15:33:29] [htsjdk_vcf    ]     cmd: python harness_run.py --mode E1S --config biotest_config.rep1.yaml --phase D,E
[15:33:29] [htsjdk_vcf    ]     budget: 5400s (host)
[16:46:29] [htsjdk_vcf    ]     rep 1 exit=0 elapsed=4380s
[16:46:29] [htsjdk_vcf    ]     -> line=0.00% covered=0/0 status=missing seeds_after={'vcf_total': 33, 'vcf_kept': 0, 'vcf_synthetic': 0, 'sam_total': 74, 'sam_kept': 0, 'sam_synthetic': 0}
[16:46:29] [htsjdk_vcf    ] --- rep 2 ---
[16:46:29] [htsjdk_vcf    ]     seeds entering rep: {'vcf_total': 33, 'vcf_kept': 0, 'vcf_synthetic': 0, 'sam_total': 74, 'sam_kept': 0, 'sam_synthetic': 0}
[16:46:29] [htsjdk_vcf    ]     reset data/ + bug_reports/ (seeds + coverage_artifacts preserved — cumulative cascade)
[16:46:29] [htsjdk_vcf    ]     cmd: python harness_run.py --mode E1S --config biotest_config.rep2.yaml --phase D,E
[16:46:29] [htsjdk_vcf    ]     budget: 5400s (host)
[18:16:29] [htsjdk_vcf    ]     timeout after 5400s — sending CTRL_BREAK_EVENT (graceful)
[18:16:29] [htsjdk_vcf    ]     rep 2 exit=3221225786 elapsed=5400s
[18:16:29] [htsjdk_vcf    ]     -> line=0.00% covered=0/0 status=missing seeds_after={'vcf_total': 33, 'vcf_kept': 0, 'vcf_synthetic': 0, 'sam_total': 74, 'sam_kept': 0, 'sam_synthetic': 0}
[18:16:29] [htsjdk_vcf    ] === cascade complete (3 reps) ===
