[18:33:11] [vcfpy_vcf     ] === cascade start (host, max_iter=2) ===
[18:33:11] [vcfpy_vcf     ]     initial seeds: VCF=33  SAM=74
[18:33:11] [vcfpy_vcf     ] --- rep 0 ---
[18:33:11] [vcfpy_vcf     ]     seeds entering rep: {'vcf_total': 33, 'vcf_kept': 0, 'vcf_synthetic': 0, 'sam_total': 74, 'sam_kept': 0, 'sam_synthetic': 0}
[18:33:11] [vcfpy_vcf     ]     reset data/ + bug_reports/ (seeds + coverage_artifacts preserved — cumulative cascade)
[18:33:11] [vcfpy_vcf     ]     cmd: python harness_run.py --mode E1S --config biotest_config.rep0.yaml --phase D,E
[18:33:11] [vcfpy_vcf     ]     budget: 5400s (host)
[20:03:11] [vcfpy_vcf     ]     timeout after 5400s — terminating
[20:03:11] [vcfpy_vcf     ]     rep 0 exit=1 elapsed=5400s
[20:03:12] [vcfpy_vcf     ]     -> line=62.90% covered=740/1176 status=ok seeds_after={'vcf_total': 50, 'vcf_kept': 12, 'vcf_synthetic': 5, 'sam_total': 74, 'sam_kept': 0, 'sam_synthetic': 0}
[20:03:12] [vcfpy_vcf     ] --- rep 1 ---
[20:03:12] [vcfpy_vcf     ]     seeds entering rep: {'vcf_total': 50, 'vcf_kept': 12, 'vcf_synthetic': 5, 'sam_total': 74, 'sam_kept': 0, 'sam_synthetic': 0}
[20:03:12] [vcfpy_vcf     ]     reset data/ + bug_reports/ (seeds + coverage_artifacts preserved — cumulative cascade)
[20:03:12] [vcfpy_vcf     ]     cmd: python harness_run.py --mode E1S --config biotest_config.rep1.yaml --phase D,E
[20:03:12] [vcfpy_vcf     ]     budget: 5400s (host)
[21:33:12] [vcfpy_vcf     ]     timeout after 5400s — terminating
[21:33:13] [vcfpy_vcf     ]     rep 1 exit=1 elapsed=5400s
[21:33:14] [vcfpy_vcf     ]     -> line=31.90% covered=375/1176 status=ok seeds_after={'vcf_total': 131, 'vcf_kept': 83, 'vcf_synthetic': 15, 'sam_total': 74, 'sam_kept': 0, 'sam_synthetic': 0}
[21:33:14] [vcfpy_vcf     ] --- rep 2 ---
[21:33:14] [vcfpy_vcf     ]     seeds entering rep: {'vcf_total': 131, 'vcf_kept': 83, 'vcf_synthetic': 15, 'sam_total': 74, 'sam_kept': 0, 'sam_synthetic': 0}
[21:33:15] [vcfpy_vcf     ]     reset data/ + bug_reports/ (seeds + coverage_artifacts preserved — cumulative cascade)
[21:33:15] [vcfpy_vcf     ]     cmd: python harness_run.py --mode E1S --config biotest_config.rep2.yaml --phase D,E
[21:33:15] [vcfpy_vcf     ]     budget: 5400s (host)
[23:03:16] [vcfpy_vcf     ]     timeout after 5400s — terminating
[23:03:27] [vcfpy_vcf     ]     rep 2 exit=1 elapsed=5411s
[23:03:30] [vcfpy_vcf     ]     -> line=71.20% covered=837/1176 status=ok seeds_after={'vcf_total': 148, 'vcf_kept': 90, 'vcf_synthetic': 25, 'sam_total': 74, 'sam_kept': 0, 'sam_synthetic': 0}
[23:03:30] [vcfpy_vcf     ] === cascade complete (3 reps) ===
