[03:26:31] [htsjdk_vcf    ] === cascade start (host, max_iter=2) ===
[03:26:31] [htsjdk_vcf    ]     initial seeds: VCF=33  SAM=74
[03:26:31] [htsjdk_vcf    ] --- rep 0 ---
[03:26:31] [htsjdk_vcf    ]     seeds entering rep: {'vcf_total': 33, 'vcf_kept': 0, 'vcf_synthetic': 0, 'sam_total': 74, 'sam_kept': 0, 'sam_synthetic': 0}
[03:26:31] [htsjdk_vcf    ]     reset data/ + bug_reports/ (seeds + coverage_artifacts preserved — cumulative cascade)
[03:26:32] [htsjdk_vcf    ]     cmd: python harness_run.py --mode E0 --config biotest_config.rep0.yaml --phase D,E
[03:26:32] [htsjdk_vcf    ]     budget: 5400s (host)
[04:50:37] [htsjdk_vcf    ]     rep 0 exit=0 elapsed=5045s
[04:50:40] [htsjdk_vcf    ]     -> line=43.40% covered=1612/3716 status=ok seeds_after={'vcf_total': 173, 'vcf_kept': 140, 'vcf_synthetic': 0, 'sam_total': 74, 'sam_kept': 0, 'sam_synthetic': 0}
[04:50:40] [htsjdk_vcf    ] --- rep 1 ---
[04:50:40] [htsjdk_vcf    ]     seeds entering rep: {'vcf_total': 173, 'vcf_kept': 140, 'vcf_synthetic': 0, 'sam_total': 74, 'sam_kept': 0, 'sam_synthetic': 0}
[04:50:45] [htsjdk_vcf    ]     reset data/ + bug_reports/ (seeds + coverage_artifacts preserved — cumulative cascade)
[04:50:45] [htsjdk_vcf    ]     cmd: python harness_run.py --mode E0 --config biotest_config.rep1.yaml --phase D,E
[04:50:45] [htsjdk_vcf    ]     budget: 5400s (host)
[06:20:45] [htsjdk_vcf    ]     timeout after 5400s — sending CTRL_BREAK_EVENT (graceful)
[06:20:45] [htsjdk_vcf    ]     rep 1 exit=3221225786 elapsed=5400s
[06:20:48] [htsjdk_vcf    ]     -> line=47.70% covered=1774/3716 status=ok seeds_after={'vcf_total': 466, 'vcf_kept': 433, 'vcf_synthetic': 0, 'sam_total': 74, 'sam_kept': 0, 'sam_synthetic': 0}
[06:20:48] [htsjdk_vcf    ] --- rep 2 ---
[06:20:48] [htsjdk_vcf    ]     seeds entering rep: {'vcf_total': 466, 'vcf_kept': 433, 'vcf_synthetic': 0, 'sam_total': 74, 'sam_kept': 0, 'sam_synthetic': 0}
[06:20:50] [htsjdk_vcf    ]     reset data/ + bug_reports/ (seeds + coverage_artifacts preserved — cumulative cascade)
[06:20:50] [htsjdk_vcf    ]     cmd: python harness_run.py --mode E0 --config biotest_config.rep2.yaml --phase D,E
[06:20:50] [htsjdk_vcf    ]     budget: 5400s (host)
[07:50:50] [htsjdk_vcf    ]     timeout after 5400s — sending CTRL_BREAK_EVENT (graceful)
[07:50:50] [htsjdk_vcf    ]     rep 2 exit=3221225786 elapsed=5400s
[07:50:53] [htsjdk_vcf    ]     -> line=47.80% covered=1775/3716 status=ok seeds_after={'vcf_total': 792, 'vcf_kept': 759, 'vcf_synthetic': 0, 'sam_total': 74, 'sam_kept': 0, 'sam_synthetic': 0}
[07:50:53] [htsjdk_vcf    ] === cascade complete (3 reps) ===
