[03:35:36] [biopython_sam ] === cascade start (host, max_iter=2) ===
[03:35:36] [biopython_sam ]     initial seeds: VCF=33  SAM=74
[03:35:36] [biopython_sam ] --- rep 0 ---
[03:35:36] [biopython_sam ]     seeds entering rep: {'vcf_total': 33, 'vcf_kept': 0, 'vcf_synthetic': 0, 'sam_total': 74, 'sam_kept': 0, 'sam_synthetic': 0}
[03:35:36] [biopython_sam ]     reset data/ + bug_reports/ (seeds + coverage_artifacts preserved — cumulative cascade)
[03:35:36] [biopython_sam ]     cmd: python harness_run.py --mode E1S --config biotest_config.rep0.yaml --phase D,E
[03:35:36] [biopython_sam ]     budget: 5400s (host)
[03:35:36] [biopython_sam ]     env: BIOTEST_MULTISHOT_K=2  BIOTEST_AUTO_INVOKE_PUBLIC_METHODS=1 (refine round 4)
[05:05:36] [biopython_sam ]     timeout after 5400s — sending CTRL_BREAK_EVENT (graceful)
[05:05:36] [biopython_sam ]     rep 0 exit=3221225786 elapsed=5400s
[05:05:37] [biopython_sam ]     -> line=54.20% covered=324/598 status=ok seeds_after={'vcf_total': 33, 'vcf_kept': 0, 'vcf_synthetic': 0, 'sam_total': 124, 'sam_kept': 50, 'sam_synthetic': 0}
[05:05:37] [biopython_sam ] --- rep 1 ---
[05:05:37] [biopython_sam ]     seeds entering rep: {'vcf_total': 33, 'vcf_kept': 0, 'vcf_synthetic': 0, 'sam_total': 124, 'sam_kept': 50, 'sam_synthetic': 0}
[05:05:42] [biopython_sam ]     reset data/ + bug_reports/ (seeds + coverage_artifacts preserved — cumulative cascade)
[05:05:42] [biopython_sam ]     cmd: python harness_run.py --mode E1S --config biotest_config.rep1.yaml --phase D,E
[05:05:42] [biopython_sam ]     budget: 5400s (host)
[05:05:42] [biopython_sam ]     env: BIOTEST_MULTISHOT_K=2  BIOTEST_AUTO_INVOKE_PUBLIC_METHODS=1 (refine round 4)
[06:33:59] [biopython_sam ]     rep 1 exit=0 elapsed=5297s
[06:34:00] [biopython_sam ]     -> line=3.00% covered=18/598 status=ok seeds_after={'vcf_total': 33, 'vcf_kept': 0, 'vcf_synthetic': 0, 'sam_total': 129, 'sam_kept': 50, 'sam_synthetic': 5}
[06:34:00] [biopython_sam ] --- rep 2 ---
[06:34:00] [biopython_sam ]     seeds entering rep: {'vcf_total': 33, 'vcf_kept': 0, 'vcf_synthetic': 0, 'sam_total': 129, 'sam_kept': 50, 'sam_synthetic': 5}
[06:34:00] [biopython_sam ]     reset data/ + bug_reports/ (seeds + coverage_artifacts preserved — cumulative cascade)
[06:34:00] [biopython_sam ]     cmd: python harness_run.py --mode E1S --config biotest_config.rep2.yaml --phase D,E
[06:34:00] [biopython_sam ]     budget: 5400s (host)
[06:34:00] [biopython_sam ]     env: BIOTEST_MULTISHOT_K=2  BIOTEST_AUTO_INVOKE_PUBLIC_METHODS=1 (refine round 4)
[08:04:00] [biopython_sam ]     timeout after 5400s — sending CTRL_BREAK_EVENT (graceful)
[08:04:00] [biopython_sam ]     rep 2 exit=3221225786 elapsed=5400s
[08:04:01] [biopython_sam ]     -> line=3.00% covered=18/598 status=ok seeds_after={'vcf_total': 33, 'vcf_kept': 0, 'vcf_synthetic': 0, 'sam_total': 398, 'sam_kept': 314, 'sam_synthetic': 10}
[08:04:01] [biopython_sam ] === cascade complete (3 reps) ===
