[master] cells: ['htsjdk_vcf', 'vcfpy_vcf', 'noodles_vcf', 'htsjdk_sam', 'biopython_sam', 'seqan3_sam']
[master] budgets: vcf=5400s sam=5400s reps=3
[setup] preparing container cov binaries...
[setup] container cov binaries ready
[master] launching 6 cells in parallel...
[master] cumulative=True
[master] [noodles_vcf] CASCADE OK
[master] [htsjdk_sam] CASCADE OK
[master] [seqan3_sam] CASCADE OK
[master] [htsjdk_vcf] CASCADE OK
[master] [biopython_sam] CASCADE OK
[master] [vcfpy_vcf] CASCADE OK

[master] all cells complete in 270.3 min
[master] cells: ['htsjdk_sam']
[master] budgets: vcf=5400s sam=5400s reps=3
[master] launching 1 cells in parallel...
[master] cumulative=True
[master] cells: ['htsjdk_sam']
[master] budgets: vcf=5400s sam=5400s reps=3
[master] launching 1 cells in parallel...
[master] cumulative=True
[master] [htsjdk_sam] CASCADE OK

[master] all cells complete in 192.8 min
[master] cells: ['htsjdk_sam']
[master] budgets: vcf=5400s sam=5400s reps=3
[master] launching 1 cells in parallel...
[master] cumulative=True
[master] [htsjdk_sam] CASCADE OK

[master] all cells complete in 95.0 min
