[22:28:42] [noodles_vcf   ] === cascade start (container, max_iter=2) ===
[22:28:42] [noodles_vcf   ]     initial seeds: VCF=33  SAM=74
[22:28:42] [noodles_vcf   ] --- rep 0 ---
[22:28:42] [noodles_vcf   ]     seeds entering rep: {'vcf_total': 33, 'vcf_kept': 0, 'vcf_synthetic': 0, 'sam_total': 74, 'sam_kept': 0, 'sam_synthetic': 0}
[22:28:42] [noodles_vcf   ]     reset data/ + bug_reports/ + coverage_artifacts/ (seeds preserved — independent trials)
[22:28:42] [noodles_vcf   ]     cmd: docker exec biotest-bench-setup python3.12 harness_run.py --mode E1S ...
[22:28:42] [noodles_vcf   ]     budget: 5400s (container)
[23:14:21] [noodles_vcf   ]     rep 0 exit=0 elapsed=2740s
[23:14:29] [noodles_vcf   ]     -> line=15.80% covered=1202/7584 status=ok seeds_after={'vcf_total': 68, 'vcf_kept': 35, 'vcf_synthetic': 0, 'sam_total': 74, 'sam_kept': 0, 'sam_synthetic': 0}
[23:14:29] [noodles_vcf   ] --- rep 1 ---
[23:14:29] [noodles_vcf   ]     seeds entering rep: {'vcf_total': 68, 'vcf_kept': 35, 'vcf_synthetic': 0, 'sam_total': 74, 'sam_kept': 0, 'sam_synthetic': 0}
[23:14:30] [noodles_vcf   ]     reset data/ + bug_reports/ + coverage_artifacts/ (seeds preserved — independent trials)
[23:14:30] [noodles_vcf   ]     cmd: docker exec biotest-bench-setup python3.12 harness_run.py --mode E1S ...
[23:14:30] [noodles_vcf   ]     budget: 5400s (container)
[23:29:07] [noodles_vcf   ]     rep 1 exit=0 elapsed=877s
[23:29:07] [noodles_vcf   ]     llvm-cov regen failed: 
[23:29:07] [noodles_vcf   ]     -> line=0.00% covered=0/0 status=missing seeds_after={'vcf_total': 68, 'vcf_kept': 35, 'vcf_synthetic': 0, 'sam_total': 74, 'sam_kept': 0, 'sam_synthetic': 0}
[23:29:07] [noodles_vcf   ] --- rep 2 ---
[23:29:07] [noodles_vcf   ]     seeds entering rep: {'vcf_total': 68, 'vcf_kept': 35, 'vcf_synthetic': 0, 'sam_total': 74, 'sam_kept': 0, 'sam_synthetic': 0}
[23:29:07] [noodles_vcf   ]     reset data/ + bug_reports/ + coverage_artifacts/ (seeds preserved — independent trials)
[23:29:07] [noodles_vcf   ]     cmd: docker exec biotest-bench-setup python3.12 harness_run.py --mode E1S ...
[23:29:07] [noodles_vcf   ]     budget: 5400s (container)
[23:50:27] [noodles_vcf   ]     rep 2 exit=0 elapsed=1280s
[23:50:31] [noodles_vcf   ]     -> line=29.60% covered=2243/7584 status=ok seeds_after={'vcf_total': 69, 'vcf_kept': 36, 'vcf_synthetic': 0, 'sam_total': 74, 'sam_kept': 0, 'sam_synthetic': 0}
[23:50:31] [noodles_vcf   ] --- rep 3 ---
[23:50:31] [noodles_vcf   ]     seeds entering rep: {'vcf_total': 69, 'vcf_kept': 36, 'vcf_synthetic': 0, 'sam_total': 74, 'sam_kept': 0, 'sam_synthetic': 0}
[23:50:31] [noodles_vcf   ]     reset data/ + bug_reports/ + coverage_artifacts/ (seeds preserved — independent trials)
[23:50:31] [noodles_vcf   ]     cmd: docker exec biotest-bench-setup python3.12 harness_run.py --mode E1S ...
[23:50:31] [noodles_vcf   ]     budget: 5400s (container)
[01:25:52] [noodles_vcf   ]     rep 3 exit=0 elapsed=5721s
[01:26:09] [noodles_vcf   ]     -> line=36.00% covered=2727/7584 status=ok seeds_after={'vcf_total': 249, 'vcf_kept': 216, 'vcf_synthetic': 0, 'sam_total': 74, 'sam_kept': 0, 'sam_synthetic': 0}
[01:26:09] [noodles_vcf   ] === cascade complete (4 reps) ===
