[03:35:36] [seqan3_sam    ] === cascade start (container, max_iter=2) ===
[03:35:36] [seqan3_sam    ]     initial seeds: VCF=33  SAM=74
[03:35:36] [seqan3_sam    ] --- rep 0 ---
[03:35:36] [seqan3_sam    ]     seeds entering rep: {'vcf_total': 33, 'vcf_kept': 0, 'vcf_synthetic': 0, 'sam_total': 74, 'sam_kept': 0, 'sam_synthetic': 0}
[03:35:36] [seqan3_sam    ]     reset data/ + bug_reports/ (seeds + coverage_artifacts preserved — cumulative cascade)
[03:35:36] [seqan3_sam    ]     env (container): BIOTEST_MULTISHOT_K=2 (refine round 4)
[03:35:36] [seqan3_sam    ]     cmd: docker exec biotest-bench-setup python3.12 harness_run.py --mode E1S ...
[03:35:36] [seqan3_sam    ]     budget: 5400s (container)
[05:01:09] [seqan3_sam    ]     rep 0 exit=0 elapsed=5133s
[05:01:17] [seqan3_sam    ]     -> line=82.00% covered=660/805 status=ok seeds_after={'vcf_total': 33, 'vcf_kept': 0, 'vcf_synthetic': 0, 'sam_total': 633, 'sam_kept': 559, 'sam_synthetic': 0}
[05:01:17] [seqan3_sam    ] --- rep 1 ---
[05:01:17] [seqan3_sam    ]     seeds entering rep: {'vcf_total': 33, 'vcf_kept': 0, 'vcf_synthetic': 0, 'sam_total': 633, 'sam_kept': 559, 'sam_synthetic': 0}
[05:01:35] [seqan3_sam    ]     reset data/ + bug_reports/ (seeds + coverage_artifacts preserved — cumulative cascade)
[05:01:35] [seqan3_sam    ]     env (container): BIOTEST_MULTISHOT_K=2 (refine round 4)
[05:01:35] [seqan3_sam    ]     cmd: docker exec biotest-bench-setup python3.12 harness_run.py --mode E1S ...
[05:01:35] [seqan3_sam    ]     budget: 5400s (container)
[05:15:13] [seqan3_sam    ]     rep 1 exit=0 elapsed=818s
[05:15:21] [seqan3_sam    ]     -> line=91.40% covered=736/805 status=ok seeds_after={'vcf_total': 33, 'vcf_kept': 0, 'vcf_synthetic': 0, 'sam_total': 633, 'sam_kept': 559, 'sam_synthetic': 0}
[05:15:21] [seqan3_sam    ] --- rep 2 ---
[05:15:21] [seqan3_sam    ]     seeds entering rep: {'vcf_total': 33, 'vcf_kept': 0, 'vcf_synthetic': 0, 'sam_total': 633, 'sam_kept': 559, 'sam_synthetic': 0}
[05:15:21] [seqan3_sam    ]     reset data/ + bug_reports/ (seeds + coverage_artifacts preserved — cumulative cascade)
[05:15:21] [seqan3_sam    ]     env (container): BIOTEST_MULTISHOT_K=2 (refine round 4)
[05:15:21] [seqan3_sam    ]     cmd: docker exec biotest-bench-setup python3.12 harness_run.py --mode E1S ...
[05:15:21] [seqan3_sam    ]     budget: 5400s (container)
[05:30:22] [seqan3_sam    ]     rep 2 exit=0 elapsed=901s
[05:30:35] [seqan3_sam    ]     -> line=93.70% covered=754/805 status=ok seeds_after={'vcf_total': 33, 'vcf_kept': 0, 'vcf_synthetic': 0, 'sam_total': 633, 'sam_kept': 559, 'sam_synthetic': 0}
[05:30:35] [seqan3_sam    ] === cascade complete (3 reps) ===
