[17:12:41] [noodles_vcf   ] === cascade start (container, max_iter=2) ===
[17:12:42] [noodles_vcf   ]     initial seeds: VCF=33  SAM=74
[17:12:42] [noodles_vcf   ] --- rep 0 ---
[17:12:42] [noodles_vcf   ]     seeds entering rep: {'vcf_total': 33, 'vcf_kept': 0, 'vcf_synthetic': 0, 'sam_total': 74, 'sam_kept': 0, 'sam_synthetic': 0}
[17:12:42] [noodles_vcf   ]     reset data/ + bug_reports/ + coverage_artifacts/ (seeds preserved — independent trials)
[17:12:42] [noodles_vcf   ]     cmd: docker exec biotest-bench-setup python3.12 harness_run.py --mode E1 ...
[17:12:42] [noodles_vcf   ]     budget: 5400s (container)
[18:34:38] [noodles_vcf   ]     rep 0 exit=0 elapsed=4916s
[18:34:59] [noodles_vcf   ]     -> line=37.10% covered=2812/7584 status=ok seeds_after={'vcf_total': 152, 'vcf_kept': 109, 'vcf_synthetic': 10, 'sam_total': 74, 'sam_kept': 0, 'sam_synthetic': 0}
[18:34:59] [noodles_vcf   ] --- rep 1 ---
[18:34:59] [noodles_vcf   ]     seeds entering rep: {'vcf_total': 152, 'vcf_kept': 109, 'vcf_synthetic': 10, 'sam_total': 74, 'sam_kept': 0, 'sam_synthetic': 0}
[18:35:04] [noodles_vcf   ]     reset data/ + bug_reports/ + coverage_artifacts/ (seeds preserved — independent trials)
[18:35:04] [noodles_vcf   ]     cmd: docker exec biotest-bench-setup python3.12 harness_run.py --mode E1 ...
[18:35:04] [noodles_vcf   ]     budget: 5400s (container)
[19:33:15] [noodles_vcf   ]     rep 1 exit=0 elapsed=3491s
[19:33:28] [noodles_vcf   ]     -> line=36.90% covered=2801/7584 status=ok seeds_after={'vcf_total': 368, 'vcf_kept': 315, 'vcf_synthetic': 20, 'sam_total': 74, 'sam_kept': 0, 'sam_synthetic': 0}
[19:33:28] [noodles_vcf   ] --- rep 2 ---
[19:33:28] [noodles_vcf   ]     seeds entering rep: {'vcf_total': 368, 'vcf_kept': 315, 'vcf_synthetic': 20, 'sam_total': 74, 'sam_kept': 0, 'sam_synthetic': 0}
[19:33:32] [noodles_vcf   ]     reset data/ + bug_reports/ + coverage_artifacts/ (seeds preserved — independent trials)
[19:33:32] [noodles_vcf   ]     cmd: docker exec biotest-bench-setup python3.12 harness_run.py --mode E1 ...
[19:33:32] [noodles_vcf   ]     budget: 5400s (container)
[21:08:22] [noodles_vcf   ]     rep 2 exit=0 elapsed=5690s
[21:08:54] [noodles_vcf   ]     -> line=36.20% covered=2745/7584 status=ok seeds_after={'vcf_total': 694, 'vcf_kept': 633, 'vcf_synthetic': 28, 'sam_total': 74, 'sam_kept': 0, 'sam_synthetic': 0}
[21:08:54] [noodles_vcf   ] --- rep 3 ---
[21:08:54] [noodles_vcf   ]     seeds entering rep: {'vcf_total': 694, 'vcf_kept': 633, 'vcf_synthetic': 28, 'sam_total': 74, 'sam_kept': 0, 'sam_synthetic': 0}
[21:08:59] [noodles_vcf   ]     reset data/ + bug_reports/ + coverage_artifacts/ (seeds preserved — independent trials)
[21:08:59] [noodles_vcf   ]     cmd: docker exec biotest-bench-setup python3.12 harness_run.py --mode E1 ...
[21:08:59] [noodles_vcf   ]     budget: 5400s (container)
