[master] cells: ['biopython_sam']
[master] vcf_budget_s=5400  sam_budget_s=5400  reps=3
[master] launching 1 cells in parallel...
[master] cumulative=True
[12:28:24] [biopython_sam ] === cascade start (host, max_iter=2) ===
[12:28:24] [biopython_sam ]     initial seeds: VCF=33  SAM=74
[12:28:24] [biopython_sam ] --- rep 0 ---
[12:28:24] [biopython_sam ]     seeds entering rep: {'vcf_total': 33, 'vcf_kept': 0, 'vcf_synthetic': 0, 'sam_total': 74, 'sam_kept': 0, 'sam_synthetic': 0}
[12:28:24] [biopython_sam ]     reset data/ + bug_reports/ (seeds + coverage_artifacts preserved — cumulative cascade)
[12:28:24] [biopython_sam ]     cmd: python harness_run.py --mode E0 --config biotest_config.rep0.yaml --phase D,E
[12:28:24] [biopython_sam ]     budget: 5400s (host)
[12:28:24] [biopython_sam ]     env: BIOTEST_MULTISHOT_K=2  BIOTEST_AUTO_INVOKE_PUBLIC_METHODS=1 (refine round 4)
[13:58:24] [biopython_sam ]     timeout after 5400s — sending CTRL_BREAK_EVENT (graceful)
[13:58:24] [biopython_sam ]     rep 0 exit=3221225786 elapsed=5400s
[13:58:25] [biopython_sam ]     -> line=54.30% covered=325/598 status=ok seeds_after={'vcf_total': 33, 'vcf_kept': 0, 'vcf_synthetic': 0, 'sam_total': 287, 'sam_kept': 213, 'sam_synthetic': 0}
[13:58:25] [biopython_sam ] --- rep 1 ---
[13:58:25] [biopython_sam ]     seeds entering rep: {'vcf_total': 33, 'vcf_kept': 0, 'vcf_synthetic': 0, 'sam_total': 287, 'sam_kept': 213, 'sam_synthetic': 0}
[13:58:31] [biopython_sam ]     reset data/ + bug_reports/ (seeds + coverage_artifacts preserved — cumulative cascade)
[13:58:31] [biopython_sam ]     cmd: python harness_run.py --mode E0 --config biotest_config.rep1.yaml --phase D,E
[13:58:31] [biopython_sam ]     budget: 5400s (host)
[13:58:31] [biopython_sam ]     env: BIOTEST_MULTISHOT_K=2  BIOTEST_AUTO_INVOKE_PUBLIC_METHODS=1 (refine round 4)
[15:28:31] [biopython_sam ]     timeout after 5400s — sending CTRL_BREAK_EVENT (graceful)
[15:28:31] [biopython_sam ]     rep 1 exit=3221225786 elapsed=5400s
[15:28:32] [biopython_sam ]     -> line=54.30% covered=325/598 status=ok seeds_after={'vcf_total': 33, 'vcf_kept': 0, 'vcf_synthetic': 0, 'sam_total': 427, 'sam_kept': 353, 'sam_synthetic': 0}
[15:28:32] [biopython_sam ] --- rep 2 ---
[15:28:32] [biopython_sam ]     seeds entering rep: {'vcf_total': 33, 'vcf_kept': 0, 'vcf_synthetic': 0, 'sam_total': 427, 'sam_kept': 353, 'sam_synthetic': 0}
[15:28:35] [biopython_sam ]     reset data/ + bug_reports/ (seeds + coverage_artifacts preserved — cumulative cascade)
[15:28:35] [biopython_sam ]     cmd: python harness_run.py --mode E0 --config biotest_config.rep2.yaml --phase D,E
[15:28:35] [biopython_sam ]     budget: 5400s (host)
[15:28:35] [biopython_sam ]     env: BIOTEST_MULTISHOT_K=2  BIOTEST_AUTO_INVOKE_PUBLIC_METHODS=1 (refine round 4)
[16:58:35] [biopython_sam ]     timeout after 5400s — sending CTRL_BREAK_EVENT (graceful)
[16:58:35] [biopython_sam ]     rep 2 exit=3221225786 elapsed=5400s
[16:58:36] [biopython_sam ]     -> line=54.30% covered=325/598 status=ok seeds_after={'vcf_total': 33, 'vcf_kept': 0, 'vcf_synthetic': 0, 'sam_total': 822, 'sam_kept': 748, 'sam_synthetic': 0}
[16:58:36] [biopython_sam ] === cascade complete (3 reps) ===
[master] [biopython_sam] CASCADE OK

[master] all cells complete in 270.2 min
