[18:33:11] [noodles_vcf   ] === cascade start (container, max_iter=2) ===
[18:33:11] [noodles_vcf   ]     initial seeds: VCF=33  SAM=74
[18:33:11] [noodles_vcf   ] --- rep 0 ---
[18:33:11] [noodles_vcf   ]     seeds entering rep: {'vcf_total': 33, 'vcf_kept': 0, 'vcf_synthetic': 0, 'sam_total': 74, 'sam_kept': 0, 'sam_synthetic': 0}
[18:33:11] [noodles_vcf   ]     reset data/ + bug_reports/ (seeds + coverage_artifacts preserved — cumulative cascade)
[18:33:11] [noodles_vcf   ]     cmd: docker exec biotest-bench-setup python3.12 harness_run.py --mode E1S ...
[18:33:11] [noodles_vcf   ]     budget: 5400s (container)
[18:58:28] [noodles_vcf   ]     rep 0 exit=0 elapsed=1517s
[18:58:43] [noodles_vcf   ]     -> line=15.60% covered=1180/7584 status=ok seeds_after={'vcf_total': 52, 'vcf_kept': 19, 'vcf_synthetic': 0, 'sam_total': 74, 'sam_kept': 0, 'sam_synthetic': 0}
[18:58:43] [noodles_vcf   ] --- rep 1 ---
[18:58:43] [noodles_vcf   ]     seeds entering rep: {'vcf_total': 52, 'vcf_kept': 19, 'vcf_synthetic': 0, 'sam_total': 74, 'sam_kept': 0, 'sam_synthetic': 0}
[18:58:43] [noodles_vcf   ]     reset data/ + bug_reports/ (seeds + coverage_artifacts preserved — cumulative cascade)
[18:58:43] [noodles_vcf   ]     cmd: docker exec biotest-bench-setup python3.12 harness_run.py --mode E1S ...
[18:58:43] [noodles_vcf   ]     budget: 5400s (container)
[19:26:42] [noodles_vcf   ]     rep 1 exit=0 elapsed=1679s
[19:26:52] [noodles_vcf   ]     -> line=15.80% covered=1198/7584 status=ok seeds_after={'vcf_total': 73, 'vcf_kept': 40, 'vcf_synthetic': 0, 'sam_total': 74, 'sam_kept': 0, 'sam_synthetic': 0}
[19:26:52] [noodles_vcf   ] --- rep 2 ---
[19:26:52] [noodles_vcf   ]     seeds entering rep: {'vcf_total': 73, 'vcf_kept': 40, 'vcf_synthetic': 0, 'sam_total': 74, 'sam_kept': 0, 'sam_synthetic': 0}
[19:26:52] [noodles_vcf   ]     reset data/ + bug_reports/ (seeds + coverage_artifacts preserved — cumulative cascade)
[19:26:52] [noodles_vcf   ]     cmd: docker exec biotest-bench-setup python3.12 harness_run.py --mode E1S ...
[19:26:52] [noodles_vcf   ]     budget: 5400s (container)
[20:02:59] [noodles_vcf   ]     rep 2 exit=0 elapsed=2167s
[20:03:10] [noodles_vcf   ]     -> line=15.80% covered=1198/7584 status=ok seeds_after={'vcf_total': 109, 'vcf_kept': 76, 'vcf_synthetic': 0, 'sam_total': 74, 'sam_kept': 0, 'sam_synthetic': 0}
[20:03:10] [noodles_vcf   ] === cascade complete (3 reps) ===
