[22:36:39] [htsjdk_sam    ] === cascade start (host, max_iter=2) ===
[22:36:40] [htsjdk_sam    ]     initial seeds: VCF=33  SAM=74
[22:36:40] [htsjdk_sam    ] --- rep 0 ---
[22:36:40] [htsjdk_sam    ]     seeds entering rep: {'vcf_total': 33, 'vcf_kept': 0, 'vcf_synthetic': 0, 'sam_total': 74, 'sam_kept': 0, 'sam_synthetic': 0}
[22:36:40] [htsjdk_sam    ]     reset data/ + bug_reports/ + coverage_artifacts/ (seeds preserved — independent trials)
[22:36:40] [htsjdk_sam    ]     cmd: python harness_run.py --mode E2 --config biotest_config.rep0.yaml --phase B,C,E
[22:36:40] [htsjdk_sam    ]     budget: 5400s (host)
[22:36:40] [htsjdk_sam    ]     env: BIOTEST_MULTISHOT_K=2  BIOTEST_AUTO_INVOKE_PUBLIC_METHODS=1 (refine round 4)
[00:06:40] [htsjdk_sam    ]     timeout after 5400s — terminating
[00:06:40] [htsjdk_sam    ]     rep 0 exit=1 elapsed=5400s
[00:06:43] [htsjdk_sam    ]     -> line=31.00% covered=1597/5154 status=ok seeds_after={'vcf_total': 33, 'vcf_kept': 0, 'vcf_synthetic': 0, 'sam_total': 74, 'sam_kept': 0, 'sam_synthetic': 0}
[00:06:43] [htsjdk_sam    ] --- rep 1 ---
[00:06:43] [htsjdk_sam    ]     seeds entering rep: {'vcf_total': 33, 'vcf_kept': 0, 'vcf_synthetic': 0, 'sam_total': 74, 'sam_kept': 0, 'sam_synthetic': 0}
[00:06:49] [htsjdk_sam    ]     reset data/ + bug_reports/ + coverage_artifacts/ (seeds preserved — independent trials)
[00:06:49] [htsjdk_sam    ]     cmd: python harness_run.py --mode E2 --config biotest_config.rep1.yaml --phase B,C,E
[00:06:49] [htsjdk_sam    ]     budget: 5400s (host)
[00:06:49] [htsjdk_sam    ]     env: BIOTEST_MULTISHOT_K=2  BIOTEST_AUTO_INVOKE_PUBLIC_METHODS=1 (refine round 4)
[01:36:49] [htsjdk_sam    ]     timeout after 5400s — terminating
[01:36:49] [htsjdk_sam    ]     rep 1 exit=1 elapsed=5400s
[01:36:53] [htsjdk_sam    ]     -> line=30.90% covered=1594/5154 status=ok seeds_after={'vcf_total': 33, 'vcf_kept': 0, 'vcf_synthetic': 0, 'sam_total': 74, 'sam_kept': 0, 'sam_synthetic': 0}
[01:36:53] [htsjdk_sam    ] --- rep 2 ---
[01:36:53] [htsjdk_sam    ]     seeds entering rep: {'vcf_total': 33, 'vcf_kept': 0, 'vcf_synthetic': 0, 'sam_total': 74, 'sam_kept': 0, 'sam_synthetic': 0}
[01:37:02] [htsjdk_sam    ]     reset data/ + bug_reports/ + coverage_artifacts/ (seeds preserved — independent trials)
[01:37:02] [htsjdk_sam    ]     cmd: python harness_run.py --mode E2 --config biotest_config.rep2.yaml --phase B,C,E
[01:37:02] [htsjdk_sam    ]     budget: 5400s (host)
[01:37:02] [htsjdk_sam    ]     env: BIOTEST_MULTISHOT_K=2  BIOTEST_AUTO_INVOKE_PUBLIC_METHODS=1 (refine round 4)
[03:07:02] [htsjdk_sam    ]     timeout after 5400s — terminating
[03:07:02] [htsjdk_sam    ]     rep 2 exit=1 elapsed=5400s
[03:07:04] [htsjdk_sam    ]     -> line=31.00% covered=1597/5154 status=ok seeds_after={'vcf_total': 33, 'vcf_kept': 0, 'vcf_synthetic': 0, 'sam_total': 74, 'sam_kept': 0, 'sam_synthetic': 0}
[03:07:04] [htsjdk_sam    ] --- rep 3 ---
[03:07:04] [htsjdk_sam    ]     seeds entering rep: {'vcf_total': 33, 'vcf_kept': 0, 'vcf_synthetic': 0, 'sam_total': 74, 'sam_kept': 0, 'sam_synthetic': 0}
[03:07:13] [htsjdk_sam    ]     reset data/ + bug_reports/ + coverage_artifacts/ (seeds preserved — independent trials)
[03:07:13] [htsjdk_sam    ]     cmd: python harness_run.py --mode E2 --config biotest_config.rep3.yaml --phase B,C,E
[03:07:13] [htsjdk_sam    ]     budget: 5400s (host)
[03:07:13] [htsjdk_sam    ]     env: BIOTEST_MULTISHOT_K=2  BIOTEST_AUTO_INVOKE_PUBLIC_METHODS=1 (refine round 4)
[04:37:14] [htsjdk_sam    ]     timeout after 5400s — terminating
[04:37:14] [htsjdk_sam    ]     rep 3 exit=1 elapsed=5400s
[04:37:16] [htsjdk_sam    ]     -> line=31.00% covered=1597/5154 status=ok seeds_after={'vcf_total': 33, 'vcf_kept': 0, 'vcf_synthetic': 0, 'sam_total': 74, 'sam_kept': 0, 'sam_synthetic': 0}
[04:37:16] [htsjdk_sam    ] === cascade complete (4 reps) ===
