[baseline] wrote 120 entries to /work/compares/ApplicationStudy/E1S_strict/results_metrics/d/vcfpy_vcf/vcfpy/baseline.json
ineWarning: Seen FILTER header more than once: LowQual, using first occurence
  warnings.warn(
/work/compares/ApplicationStudy/E1S_strict/results_metrics/d/vcfpy_vcf/vcfpy/mutants/vcfpy/header.py:6596: HeaderMissingDescription: Field "Description" not found in header line INFO=<ID=HOMSEQ,Number=.,Type=String>
  warnings.warn(
/work/compares/ApplicationStudy/E1S_strict/results_metrics/d/vcfpy_vcf/vcfpy/mutants/vcfpy/header.py:8822: HeaderMissingDescription: Field "Description" not found in header line FORMAT=<ID=CNL,Number=.,Type=Integer>
  warnings.warn(
/work/compares/ApplicationStudy/E1S_strict/results_metrics/d/vcfpy_vcf/vcfpy/mutants/vcfpy/header.py:4669: FieldInfoNotFound: Field "length" not found in header line contig=<ID=chr1>
  warnings.warn(
/work/compares/ApplicationStudy/E1S_strict/results_metrics/d/vcfpy_vcf/vcfpy/mutants/vcfpy/parser.py:18085: SpaceInChromLine: Found space in #CHROM line, splitting at whitespace instead of tab; this VCF file is ill-formatted
  warnings.warn(
/work/compares/ApplicationStudy/E1S_strict/results_metrics/d/vcfpy_vcf/vcfpy/mutants/vcfpy/header.py:4669: FieldInfoNotFound: Field "length" not found in header line contig=<ID=3>
  warnings.warn(
/work/compares/ApplicationStudy/E1S_strict/results_metrics/d/vcfpy_vcf/vcfpy/mutants/vcfpy/header.py:4669: FieldInfoNotFound: Field "length" not found in header line contig=<ID=1>
  warnings.warn(
/work/compares/ApplicationStudy/E1S_strict/results_metrics/d/vcfpy_vcf/vcfpy/mutants/vcfpy/header.py:4669: FieldInfoNotFound: Field "length" not found in header line contig=<ID=chr21>
  warnings.warn(
/work/compares/ApplicationStudy/E1S_strict/results_metrics/d/vcfpy_vcf/vcfpy/mutants/vcfpy/header.py:4669: FieldInfoNotFound: Field "length" not found in header line contig=<ID=chr10>
  warnings.warn(
/work/compares/ApplicationStudy/E1S_strict/results_metrics/d/vcfpy_vcf/vcfpy/mutants/vcfpy/header.py:4669: FieldInfoNotFound: Field "length" not found in header line contig=<ID=chrY>
  warnings.warn(
/work/compares/ApplicationStudy/E1S_strict/results_metrics/d/vcfpy_vcf/vcfpy/mutants/vcfpy/header.py:3187: FieldInfoNotFound: INFO SOR not found using String/'.' instead
  warnings.warn(
/work/compares/ApplicationStudy/E1S_strict/results_metrics/d/vcfpy_vcf/vcfpy/mutants/vcfpy/header.py:3187: FieldInfoNotFound: INFO FractionInformativeReads not found using String/'.' instead
  warnings.warn(
/work/compares/ApplicationStudy/E1S_strict/results_metrics/d/vcfpy_vcf/vcfpy/mutants/vcfpy/header.py:3187: FieldInfoNotFound: INFO R2_5P_bias not found using String/'.' instead
  warnings.warn(
/work/compares/ApplicationStudy/E1S_strict/results_metrics/d/vcfpy_vcf/vcfpy/mutants/vcfpy/header.py:3187: FieldInfoNotFound: FORMAT AF not found using String/'.' instead
  warnings.warn(
/work/compares/ApplicationStudy/E1S_strict/results_metrics/d/vcfpy_vcf/vcfpy/mutants/vcfpy/header.py:3187: FieldInfoNotFound: FORMAT GL not found using Float/'G' instead
  warnings.warn(
/work/compares/ApplicationStudy/E1S_strict/results_metrics/d/vcfpy_vcf/vcfpy/mutants/vcfpy/header.py:3187: FieldInfoNotFound: FORMAT GP not found using Float/'G' instead
  warnings.warn(
/work/compares/ApplicationStudy/E1S_strict/results_metrics/d/vcfpy_vcf/vcfpy/mutants/vcfpy/header.py:3187: FieldInfoNotFound: FORMAT PRI not found using String/'.' instead
  warnings.warn(
/work/compares/ApplicationStudy/E1S_strict/results_metrics/d/vcfpy_vcf/vcfpy/mutants/vcfpy/header.py:3187: FieldInfoNotFound: FORMAT SB not found using String/'.' instead
  warnings.warn(
/work/compares/ApplicationStudy/E1S_strict/results_metrics/d/vcfpy_vcf/vcfpy/mutants/vcfpy/header.py:3187: FieldInfoNotFound: FORMAT MB not found using String/'.' instead
  warnings.warn(
/work/compares/ApplicationStudy/E1S_strict/results_metrics/d/vcfpy_vcf/vcfpy/mutants/vcfpy/header.py:3187: FieldInfoNotFound: FORMAT GT not found using String/1 instead
  warnings.warn(
/work/compares/ApplicationStudy/E1S_strict/results_metrics/d/vcfpy_vcf/vcfpy/mutants/vcfpy/parser.py:3535: CannotConvertValue: NaN cannot be converted to Integer, keeping as string.
  warnings.warn(
/work/compares/ApplicationStudy/E1S_strict/results_metrics/d/vcfpy_vcf/vcfpy/mutants/vcfpy/parser.py:3535: CannotConvertValue: nan cannot be converted to Integer, keeping as string.
  warnings.warn(
/work/compares/ApplicationStudy/E1S_strict/results_metrics/d/vcfpy_vcf/vcfpy/mutants/vcfpy/parser.py:3535: CannotConvertValue: -nan cannot be converted to Integer, keeping as string.
  warnings.warn(
/work/compares/ApplicationStudy/E1S_strict/results_metrics/d/vcfpy_vcf/vcfpy/mutants/vcfpy/parser.py:3535: CannotConvertValue: +nan cannot be converted to Integer, keeping as string.
  warnings.warn(
/work/compares/ApplicationStudy/E1S_strict/results_metrics/d/vcfpy_vcf/vcfpy/mutants/vcfpy/header.py:3187: FieldInfoNotFound: FORMAT . not found using String/'.' instead
  warnings.warn(
/work/compares/ApplicationStudy/E1S_strict/results_metrics/d/vcfpy_vcf/vcfpy/mutants/vcfpy/header.py:3187: FieldInfoNotFound: FORMAT FT not found using String/'1' instead
  warnings.warn(
/work/compares/ApplicationStudy/E1S_strict/results_metrics/d/vcfpy_vcf/vcfpy/mutants/vcfpy/header.py:4669: FieldInfoNotFound: Field "length" not found in header line contig=<ID=chr7>
  warnings.warn(
/work/compares/ApplicationStudy/E1S_strict/results_metrics/d/vcfpy_vcf/vcfpy/mutants/vcfpy/header.py:4669: FieldInfoNotFound: Field "length" not found in header line contig=<ID=chrJ>
  warnings.warn(
/work/compares/ApplicationStudy/E1S_strict/results_metrics/d/vcfpy_vcf/vcfpy/mutants/vcfpy/header.py:4669: FieldInfoNotFound: Field "length" not found in header line contig=<ID=chrP>
  warnings.warn(
/work/compares/ApplicationStudy/E1S_strict/results_metrics/d/vcfpy_vcf/vcfpy/mutants/vcfpy/header.py:4669: FieldInfoNotFound: Field "length" not found in header line contig=<ID=chr9>
  warnings.warn(
/work/compares/ApplicationStudy/E1S_strict/results_metrics/d/vcfpy_vcf/vcfpy/mutants/vcfpy/header.py:4669: FieldInfoNotFound: Field "length" not found in header line contig=<ID=chrT>
  warnings.warn(
/work/compares/ApplicationStudy/E1S_strict/results_metrics/d/vcfpy_vcf/vcfpy/mutants/vcfpy/header.py:4669: FieldInfoNotFound: Field "length" not found in header line contig=<ID=chrW>
  warnings.warn(
/work/compares/ApplicationStudy/E1S_strict/results_metrics/d/vcfpy_vcf/vcfpy/mutants/vcfpy/header.py:4669: FieldInfoNotFound: Field "length" not found in header line contig=<ID=chr13>
  warnings.warn(
/work/compares/ApplicationStudy/E1S_strict/results_metrics/d/vcfpy_vcf/vcfpy/mutants/vcfpy/header.py:4669: FieldInfoNotFound: Field "length" not found in header line contig=<ID=chrA>
  warnings.warn(
/work/compares/ApplicationStudy/E1S_strict/results_metrics/d/vcfpy_vcf/vcfpy/mutants/vcfpy/header.py:4669: FieldInfoNotFound: Field "length" not found in header line contig=<ID=chrH>
  warnings.warn(
/work/compares/ApplicationStudy/E1S_strict/results_metrics/d/vcfpy_vcf/vcfpy/mutants/vcfpy/header.py:4669: FieldInfoNotFound: Field "length" not found in header line contig=<ID=chr8>
  warnings.warn(
/work/compares/ApplicationStudy/E1S_strict/results_metrics/d/vcfpy_vcf/vcfpy/mutants/vcfpy/header.py:4669: FieldInfoNotFound: Field "length" not found in header line contig=<ID=chr6>
  warnings.warn(
/work/compares/ApplicationStudy/E1S_strict/results_metrics/d/vcfpy_vcf/vcfpy/mutants/vcfpy/header.py:4669: FieldInfoNotFound: Field "length" not found in header line contig=<ID=chr2>
  warnings.warn(
