The system is: Linux - 6.6.87.2-microsoft-standard-WSL2 - x86_64
Compiling the CXX compiler identification source file "CMakeCXXCompilerId.cpp" succeeded.
Compiler: /usr/bin/clang++-18 
Build flags: 
Id flags:  

The output was:
0


Compilation of the CXX compiler identification source "CMakeCXXCompilerId.cpp" produced "a.out"

The CXX compiler identification is Clang, found in "/work/compares/harnesses/libfuzzer/build/CMakeFiles/3.22.1/CompilerIdCXX/a.out"

Detecting CXX compiler ABI info compiled with the following output:
Change Dir: /work/compares/harnesses/libfuzzer/build/CMakeFiles/CMakeTmp

Run Build Command(s):/usr/bin/gmake -f Makefile cmTC_efda7/fast && /usr/bin/gmake  -f CMakeFiles/cmTC_efda7.dir/build.make CMakeFiles/cmTC_efda7.dir/build
gmake[1]: Entering directory '/work/compares/harnesses/libfuzzer/build/CMakeFiles/CMakeTmp'
Building CXX object CMakeFiles/cmTC_efda7.dir/CMakeCXXCompilerABI.cpp.o
/usr/bin/clang++-18   -v -MD -MT CMakeFiles/cmTC_efda7.dir/CMakeCXXCompilerABI.cpp.o -MF CMakeFiles/cmTC_efda7.dir/CMakeCXXCompilerABI.cpp.o.d -o CMakeFiles/cmTC_efda7.dir/CMakeCXXCompilerABI.cpp.o -c /usr/share/cmake-3.22/Modules/CMakeCXXCompilerABI.cpp
Ubuntu clang version 18.1.8 (++20240731024944+3b5b5c1ec4a3-1~exp1~20240731145000.144)
Target: x86_64-pc-linux-gnu
Thread model: posix
InstalledDir: /usr/bin
Found candidate GCC installation: /usr/bin/../lib/gcc/x86_64-linux-gnu/11
Selected GCC installation: /usr/bin/../lib/gcc/x86_64-linux-gnu/11
Candidate multilib: .;@m64
Selected multilib: .;@m64
 (in-process)
 "/usr/lib/llvm-18/bin/clang" -cc1 -triple x86_64-pc-linux-gnu -emit-obj -mrelax-all -disable-free -clear-ast-before-backend -disable-llvm-verifier -discard-value-names -main-file-name CMakeCXXCompilerABI.cpp -mrelocation-model pic -pic-level 2 -pic-is-pie -mframe-pointer=all -fmath-errno -ffp-contract=on -fno-rounding-math -mconstructor-aliases -funwind-tables=2 -target-cpu x86-64 -tune-cpu generic -debugger-tuning=gdb -fdebug-compilation-dir=/work/compares/harnesses/libfuzzer/build/CMakeFiles/CMakeTmp -v -fcoverage-compilation-dir=/work/compares/harnesses/libfuzzer/build/CMakeFiles/CMakeTmp -resource-dir /usr/lib/llvm-18/lib/clang/18 -dependency-file CMakeFiles/cmTC_efda7.dir/CMakeCXXCompilerABI.cpp.o.d -MT CMakeFiles/cmTC_efda7.dir/CMakeCXXCompilerABI.cpp.o -sys-header-deps -cxx-isystem /opt/sdsl-lite/include -cxx-isystem . -internal-isystem /usr/bin/../lib/gcc/x86_64-linux-gnu/11/../../../../include/c++/11 -internal-isystem /usr/bin/../lib/gcc/x86_64-linux-gnu/11/../../../../include/x86_64-linux-gnu/c++/11 -internal-isystem /usr/bin/../lib/gcc/x86_64-linux-gnu/11/../../../../include/c++/11/backward -internal-isystem /usr/lib/llvm-18/lib/clang/18/include -internal-isystem /usr/local/include -internal-isystem /usr/bin/../lib/gcc/x86_64-linux-gnu/11/../../../../x86_64-linux-gnu/include -internal-externc-isystem /usr/include/x86_64-linux-gnu -internal-externc-isystem /include -internal-externc-isystem /usr/include -fdeprecated-macro -ferror-limit 19 -fgnuc-version=4.2.1 -fskip-odr-check-in-gmf -fcxx-exceptions -fexceptions -dwarf-debug-flags "/usr/lib/llvm-18/bin/clang --driver-mode=g++ -v -MD -MT CMakeFiles/cmTC_efda7.dir/CMakeCXXCompilerABI.cpp.o -MF CMakeFiles/cmTC_efda7.dir/CMakeCXXCompilerABI.cpp.o.d -o CMakeFiles/cmTC_efda7.dir/CMakeCXXCompilerABI.cpp.o -c /usr/share/cmake-3.22/Modules/CMakeCXXCompilerABI.cpp" -faddrsig -D__GCC_HAVE_DWARF2_CFI_ASM=1 -o CMakeFiles/cmTC_efda7.dir/CMakeCXXCompilerABI.cpp.o -x c++ /usr/share/cmake-3.22/Modules/CMakeCXXCompilerABI.cpp
clang -cc1 version 18.1.8 based upon LLVM 18.1.8 default target x86_64-pc-linux-gnu
ignoring nonexistent directory "/usr/bin/../lib/gcc/x86_64-linux-gnu/11/../../../../x86_64-linux-gnu/include"
ignoring nonexistent directory "/include"
#include "..." search starts here:
#include <...> search starts here:
 /opt/sdsl-lite/include
 .
 /usr/bin/../lib/gcc/x86_64-linux-gnu/11/../../../../include/c++/11
 /usr/bin/../lib/gcc/x86_64-linux-gnu/11/../../../../include/x86_64-linux-gnu/c++/11
 /usr/bin/../lib/gcc/x86_64-linux-gnu/11/../../../../include/c++/11/backward
 /usr/lib/llvm-18/lib/clang/18/include
 /usr/local/include
 /usr/include/x86_64-linux-gnu
 /usr/include
End of search list.
Linking CXX executable cmTC_efda7
/usr/bin/cmake -E cmake_link_script CMakeFiles/cmTC_efda7.dir/link.txt --verbose=1
/usr/bin/clang++-18  -v CMakeFiles/cmTC_efda7.dir/CMakeCXXCompilerABI.cpp.o -o cmTC_efda7 
Ubuntu clang version 18.1.8 (++20240731024944+3b5b5c1ec4a3-1~exp1~20240731145000.144)
Target: x86_64-pc-linux-gnu
Thread model: posix
InstalledDir: /usr/bin
Found candidate GCC installation: /usr/bin/../lib/gcc/x86_64-linux-gnu/11
Selected GCC installation: /usr/bin/../lib/gcc/x86_64-linux-gnu/11
Candidate multilib: .;@m64
Selected multilib: .;@m64
 "/usr/bin/ld" -z relro --hash-style=gnu --build-id --eh-frame-hdr -m elf_x86_64 -pie -dynamic-linker /lib64/ld-linux-x86-64.so.2 -o cmTC_efda7 /lib/x86_64-linux-gnu/Scrt1.o /lib/x86_64-linux-gnu/crti.o /usr/bin/../lib/gcc/x86_64-linux-gnu/11/crtbeginS.o -L/usr/bin/../lib/gcc/x86_64-linux-gnu/11 -L/usr/bin/../lib/gcc/x86_64-linux-gnu/11/../../../../lib64 -L/lib/x86_64-linux-gnu -L/lib/../lib64 -L/usr/lib/x86_64-linux-gnu -L/usr/lib/../lib64 -L/usr/lib/llvm-18/bin/../lib -L/lib -L/usr/lib CMakeFiles/cmTC_efda7.dir/CMakeCXXCompilerABI.cpp.o -lstdc++ -lm -lgcc_s -lgcc -lc -lgcc_s -lgcc /usr/bin/../lib/gcc/x86_64-linux-gnu/11/crtendS.o /lib/x86_64-linux-gnu/crtn.o
gmake[1]: Leaving directory '/work/compares/harnesses/libfuzzer/build/CMakeFiles/CMakeTmp'



Parsed CXX implicit include dir info from above output: rv=done
  found start of include info
  found start of implicit include info
    add: [/opt/sdsl-lite/include]
    add: [.]
    add: [/usr/bin/../lib/gcc/x86_64-linux-gnu/11/../../../../include/c++/11]
    add: [/usr/bin/../lib/gcc/x86_64-linux-gnu/11/../../../../include/x86_64-linux-gnu/c++/11]
    add: [/usr/bin/../lib/gcc/x86_64-linux-gnu/11/../../../../include/c++/11/backward]
    add: [/usr/lib/llvm-18/lib/clang/18/include]
    add: [/usr/local/include]
    add: [/usr/include/x86_64-linux-gnu]
    add: [/usr/include]
  end of search list found
  collapse include dir [/opt/sdsl-lite/include] ==> [/opt/sdsl-lite/include]
  skipping relative include dir [.]
  collapse include dir [/usr/bin/../lib/gcc/x86_64-linux-gnu/11/../../../../include/c++/11] ==> [/usr/include/c++/11]
  collapse include dir [/usr/bin/../lib/gcc/x86_64-linux-gnu/11/../../../../include/x86_64-linux-gnu/c++/11] ==> [/usr/include/x86_64-linux-gnu/c++/11]
  collapse include dir [/usr/bin/../lib/gcc/x86_64-linux-gnu/11/../../../../include/c++/11/backward] ==> [/usr/include/c++/11/backward]
  collapse include dir [/usr/lib/llvm-18/lib/clang/18/include] ==> [/usr/lib/llvm-18/lib/clang/18/include]
  collapse include dir [/usr/local/include] ==> [/usr/local/include]
  collapse include dir [/usr/include/x86_64-linux-gnu] ==> [/usr/include/x86_64-linux-gnu]
  collapse include dir [/usr/include] ==> [/usr/include]
  implicit include dirs: [/opt/sdsl-lite/include;/usr/include/c++/11;/usr/include/x86_64-linux-gnu/c++/11;/usr/include/c++/11/backward;/usr/lib/llvm-18/lib/clang/18/include;/usr/local/include;/usr/include/x86_64-linux-gnu;/usr/include]


Parsed CXX implicit link information from above output:
  link line regex: [^( *|.*[/\])(ld\.lld-18|CMAKE_LINK_STARTFILE-NOTFOUND|([^/\]+-)?ld|collect2)[^/\]*( |$)]
  ignore line: [Change Dir: /work/compares/harnesses/libfuzzer/build/CMakeFiles/CMakeTmp]
  ignore line: []
  ignore line: [Run Build Command(s):/usr/bin/gmake -f Makefile cmTC_efda7/fast && /usr/bin/gmake  -f CMakeFiles/cmTC_efda7.dir/build.make CMakeFiles/cmTC_efda7.dir/build]
  ignore line: [gmake[1]: Entering directory '/work/compares/harnesses/libfuzzer/build/CMakeFiles/CMakeTmp']
  ignore line: [Building CXX object CMakeFiles/cmTC_efda7.dir/CMakeCXXCompilerABI.cpp.o]
  ignore line: [/usr/bin/clang++-18   -v -MD -MT CMakeFiles/cmTC_efda7.dir/CMakeCXXCompilerABI.cpp.o -MF CMakeFiles/cmTC_efda7.dir/CMakeCXXCompilerABI.cpp.o.d -o CMakeFiles/cmTC_efda7.dir/CMakeCXXCompilerABI.cpp.o -c /usr/share/cmake-3.22/Modules/CMakeCXXCompilerABI.cpp]
  ignore line: [Ubuntu clang version 18.1.8 (++20240731024944+3b5b5c1ec4a3-1~exp1~20240731145000.144)]
  ignore line: [Target: x86_64-pc-linux-gnu]
  ignore line: [Thread model: posix]
  ignore line: [InstalledDir: /usr/bin]
  ignore line: [Found candidate GCC installation: /usr/bin/../lib/gcc/x86_64-linux-gnu/11]
  ignore line: [Selected GCC installation: /usr/bin/../lib/gcc/x86_64-linux-gnu/11]
  ignore line: [Candidate multilib: .]
  ignore line: [@m64]
  ignore line: [Selected multilib: .]
  ignore line: [@m64]
  ignore line: [ (in-process)]
  ignore line: [ "/usr/lib/llvm-18/bin/clang" -cc1 -triple x86_64-pc-linux-gnu -emit-obj -mrelax-all -disable-free -clear-ast-before-backend -disable-llvm-verifier -discard-value-names -main-file-name CMakeCXXCompilerABI.cpp -mrelocation-model pic -pic-level 2 -pic-is-pie -mframe-pointer=all -fmath-errno -ffp-contract=on -fno-rounding-math -mconstructor-aliases -funwind-tables=2 -target-cpu x86-64 -tune-cpu generic -debugger-tuning=gdb -fdebug-compilation-dir=/work/compares/harnesses/libfuzzer/build/CMakeFiles/CMakeTmp -v -fcoverage-compilation-dir=/work/compares/harnesses/libfuzzer/build/CMakeFiles/CMakeTmp -resource-dir /usr/lib/llvm-18/lib/clang/18 -dependency-file CMakeFiles/cmTC_efda7.dir/CMakeCXXCompilerABI.cpp.o.d -MT CMakeFiles/cmTC_efda7.dir/CMakeCXXCompilerABI.cpp.o -sys-header-deps -cxx-isystem /opt/sdsl-lite/include -cxx-isystem . -internal-isystem /usr/bin/../lib/gcc/x86_64-linux-gnu/11/../../../../include/c++/11 -internal-isystem /usr/bin/../lib/gcc/x86_64-linux-gnu/11/../../../../include/x86_64-linux-gnu/c++/11 -internal-isystem /usr/bin/../lib/gcc/x86_64-linux-gnu/11/../../../../include/c++/11/backward -internal-isystem /usr/lib/llvm-18/lib/clang/18/include -internal-isystem /usr/local/include -internal-isystem /usr/bin/../lib/gcc/x86_64-linux-gnu/11/../../../../x86_64-linux-gnu/include -internal-externc-isystem /usr/include/x86_64-linux-gnu -internal-externc-isystem /include -internal-externc-isystem /usr/include -fdeprecated-macro -ferror-limit 19 -fgnuc-version=4.2.1 -fskip-odr-check-in-gmf -fcxx-exceptions -fexceptions -dwarf-debug-flags "/usr/lib/llvm-18/bin/clang --driver-mode=g++ -v -MD -MT CMakeFiles/cmTC_efda7.dir/CMakeCXXCompilerABI.cpp.o -MF CMakeFiles/cmTC_efda7.dir/CMakeCXXCompilerABI.cpp.o.d -o CMakeFiles/cmTC_efda7.dir/CMakeCXXCompilerABI.cpp.o -c /usr/share/cmake-3.22/Modules/CMakeCXXCompilerABI.cpp" -faddrsig -D__GCC_HAVE_DWARF2_CFI_ASM=1 -o CMakeFiles/cmTC_efda7.dir/CMakeCXXCompilerABI.cpp.o -x c++ /usr/share/cmake-3.22/Modules/CMakeCXXCompilerABI.cpp]
  ignore line: [clang -cc1 version 18.1.8 based upon LLVM 18.1.8 default target x86_64-pc-linux-gnu]
  ignore line: [ignoring nonexistent directory "/usr/bin/../lib/gcc/x86_64-linux-gnu/11/../../../../x86_64-linux-gnu/include"]
  ignore line: [ignoring nonexistent directory "/include"]
  ignore line: [#include "..." search starts here:]
  ignore line: [#include <...> search starts here:]
  ignore line: [ /opt/sdsl-lite/include]
  ignore line: [ .]
  ignore line: [ /usr/bin/../lib/gcc/x86_64-linux-gnu/11/../../../../include/c++/11]
  ignore line: [ /usr/bin/../lib/gcc/x86_64-linux-gnu/11/../../../../include/x86_64-linux-gnu/c++/11]
  ignore line: [ /usr/bin/../lib/gcc/x86_64-linux-gnu/11/../../../../include/c++/11/backward]
  ignore line: [ /usr/lib/llvm-18/lib/clang/18/include]
  ignore line: [ /usr/local/include]
  ignore line: [ /usr/include/x86_64-linux-gnu]
  ignore line: [ /usr/include]
  ignore line: [End of search list.]
  ignore line: [Linking CXX executable cmTC_efda7]
  ignore line: [/usr/bin/cmake -E cmake_link_script CMakeFiles/cmTC_efda7.dir/link.txt --verbose=1]
  ignore line: [/usr/bin/clang++-18  -v CMakeFiles/cmTC_efda7.dir/CMakeCXXCompilerABI.cpp.o -o cmTC_efda7 ]
  ignore line: [Ubuntu clang version 18.1.8 (++20240731024944+3b5b5c1ec4a3-1~exp1~20240731145000.144)]
  ignore line: [Target: x86_64-pc-linux-gnu]
  ignore line: [Thread model: posix]
  ignore line: [InstalledDir: /usr/bin]
  ignore line: [Found candidate GCC installation: /usr/bin/../lib/gcc/x86_64-linux-gnu/11]
  ignore line: [Selected GCC installation: /usr/bin/../lib/gcc/x86_64-linux-gnu/11]
  ignore line: [Candidate multilib: .]
  ignore line: [@m64]
  ignore line: [Selected multilib: .]
  ignore line: [@m64]
  link line: [ "/usr/bin/ld" -z relro --hash-style=gnu --build-id --eh-frame-hdr -m elf_x86_64 -pie -dynamic-linker /lib64/ld-linux-x86-64.so.2 -o cmTC_efda7 /lib/x86_64-linux-gnu/Scrt1.o /lib/x86_64-linux-gnu/crti.o /usr/bin/../lib/gcc/x86_64-linux-gnu/11/crtbeginS.o -L/usr/bin/../lib/gcc/x86_64-linux-gnu/11 -L/usr/bin/../lib/gcc/x86_64-linux-gnu/11/../../../../lib64 -L/lib/x86_64-linux-gnu -L/lib/../lib64 -L/usr/lib/x86_64-linux-gnu -L/usr/lib/../lib64 -L/usr/lib/llvm-18/bin/../lib -L/lib -L/usr/lib CMakeFiles/cmTC_efda7.dir/CMakeCXXCompilerABI.cpp.o -lstdc++ -lm -lgcc_s -lgcc -lc -lgcc_s -lgcc /usr/bin/../lib/gcc/x86_64-linux-gnu/11/crtendS.o /lib/x86_64-linux-gnu/crtn.o]
    arg [/usr/bin/ld] ==> ignore
    arg [-zrelro] ==> ignore
    arg [--hash-style=gnu] ==> ignore
    arg [--build-id] ==> ignore
    arg [--eh-frame-hdr] ==> ignore
    arg [-m] ==> ignore
    arg [elf_x86_64] ==> ignore
    arg [-pie] ==> ignore
    arg [-dynamic-linker] ==> ignore
    arg [/lib64/ld-linux-x86-64.so.2] ==> ignore
    arg [-o] ==> ignore
    arg [cmTC_efda7] ==> ignore
    arg [/lib/x86_64-linux-gnu/Scrt1.o] ==> obj [/lib/x86_64-linux-gnu/Scrt1.o]
    arg [/lib/x86_64-linux-gnu/crti.o] ==> obj [/lib/x86_64-linux-gnu/crti.o]
    arg [/usr/bin/../lib/gcc/x86_64-linux-gnu/11/crtbeginS.o] ==> obj [/usr/bin/../lib/gcc/x86_64-linux-gnu/11/crtbeginS.o]
    arg [-L/usr/bin/../lib/gcc/x86_64-linux-gnu/11] ==> dir [/usr/bin/../lib/gcc/x86_64-linux-gnu/11]
    arg [-L/usr/bin/../lib/gcc/x86_64-linux-gnu/11/../../../../lib64] ==> dir [/usr/bin/../lib/gcc/x86_64-linux-gnu/11/../../../../lib64]
    arg [-L/lib/x86_64-linux-gnu] ==> dir [/lib/x86_64-linux-gnu]
    arg [-L/lib/../lib64] ==> dir [/lib/../lib64]
    arg [-L/usr/lib/x86_64-linux-gnu] ==> dir [/usr/lib/x86_64-linux-gnu]
    arg [-L/usr/lib/../lib64] ==> dir [/usr/lib/../lib64]
    arg [-L/usr/lib/llvm-18/bin/../lib] ==> dir [/usr/lib/llvm-18/bin/../lib]
    arg [-L/lib] ==> dir [/lib]
    arg [-L/usr/lib] ==> dir [/usr/lib]
    arg [CMakeFiles/cmTC_efda7.dir/CMakeCXXCompilerABI.cpp.o] ==> ignore
    arg [-lstdc++] ==> lib [stdc++]
    arg [-lm] ==> lib [m]
    arg [-lgcc_s] ==> lib [gcc_s]
    arg [-lgcc] ==> lib [gcc]
    arg [-lc] ==> lib [c]
    arg [-lgcc_s] ==> lib [gcc_s]
    arg [-lgcc] ==> lib [gcc]
    arg [/usr/bin/../lib/gcc/x86_64-linux-gnu/11/crtendS.o] ==> obj [/usr/bin/../lib/gcc/x86_64-linux-gnu/11/crtendS.o]
    arg [/lib/x86_64-linux-gnu/crtn.o] ==> obj [/lib/x86_64-linux-gnu/crtn.o]
  collapse obj [/usr/bin/../lib/gcc/x86_64-linux-gnu/11/crtbeginS.o] ==> [/usr/lib/gcc/x86_64-linux-gnu/11/crtbeginS.o]
  collapse obj [/usr/bin/../lib/gcc/x86_64-linux-gnu/11/crtendS.o] ==> [/usr/lib/gcc/x86_64-linux-gnu/11/crtendS.o]
  collapse library dir [/usr/bin/../lib/gcc/x86_64-linux-gnu/11] ==> [/usr/lib/gcc/x86_64-linux-gnu/11]
  collapse library dir [/usr/bin/../lib/gcc/x86_64-linux-gnu/11/../../../../lib64] ==> [/usr/lib64]
  collapse library dir [/lib/x86_64-linux-gnu] ==> [/lib/x86_64-linux-gnu]
  collapse library dir [/lib/../lib64] ==> [/lib64]
  collapse library dir [/usr/lib/x86_64-linux-gnu] ==> [/usr/lib/x86_64-linux-gnu]
  collapse library dir [/usr/lib/../lib64] ==> [/usr/lib64]
  collapse library dir [/usr/lib/llvm-18/bin/../lib] ==> [/usr/lib/llvm-18/lib]
  collapse library dir [/lib] ==> [/lib]
  collapse library dir [/usr/lib] ==> [/usr/lib]
  implicit libs: [stdc++;m;gcc_s;gcc;c;gcc_s;gcc]
  implicit objs: [/lib/x86_64-linux-gnu/Scrt1.o;/lib/x86_64-linux-gnu/crti.o;/usr/lib/gcc/x86_64-linux-gnu/11/crtbeginS.o;/usr/lib/gcc/x86_64-linux-gnu/11/crtendS.o;/lib/x86_64-linux-gnu/crtn.o]
  implicit dirs: [/usr/lib/gcc/x86_64-linux-gnu/11;/usr/lib64;/lib/x86_64-linux-gnu;/lib64;/usr/lib/x86_64-linux-gnu;/usr/lib/llvm-18/lib;/lib;/usr/lib]
  implicit fwks: []


Performing C++ SOURCE FILE Test CXX17_BUILTIN succeeded with the following output:
Change Dir: /work/compares/harnesses/libfuzzer/build/CMakeFiles/CMakeTmp

Run Build Command(s):/usr/bin/gmake -f Makefile cmTC_123d4/fast && /usr/bin/gmake  -f CMakeFiles/cmTC_123d4.dir/build.make CMakeFiles/cmTC_123d4.dir/build
gmake[1]: Entering directory '/work/compares/harnesses/libfuzzer/build/CMakeFiles/CMakeTmp'
Building CXX object CMakeFiles/cmTC_123d4.dir/src.cxx.o
/usr/bin/clang++-18 -DCXX17_BUILTIN -I/usr/include/seqan3/submodules/sdsl-lite/include -std=c++2b -MD -MT CMakeFiles/cmTC_123d4.dir/src.cxx.o -MF CMakeFiles/cmTC_123d4.dir/src.cxx.o.d -o CMakeFiles/cmTC_123d4.dir/src.cxx.o -c /work/compares/harnesses/libfuzzer/build/CMakeFiles/CMakeTmp/src.cxx
Linking CXX executable cmTC_123d4
/usr/bin/cmake -E cmake_link_script CMakeFiles/cmTC_123d4.dir/link.txt --verbose=1
/usr/bin/clang++-18 CMakeFiles/cmTC_123d4.dir/src.cxx.o -o cmTC_123d4 
gmake[1]: Leaving directory '/work/compares/harnesses/libfuzzer/build/CMakeFiles/CMakeTmp'


Source file was:
#if !defined (__cplusplus) || (__cplusplus < 201703L)
    #error NOCXX17
    #endif
    int main() {}
Performing C++ SOURCE FILE Test CONCEPTS_FLAG_BUILTIN succeeded with the following output:
Change Dir: /work/compares/harnesses/libfuzzer/build/CMakeFiles/CMakeTmp

Run Build Command(s):/usr/bin/gmake -f Makefile cmTC_62dc2/fast && /usr/bin/gmake  -f CMakeFiles/cmTC_62dc2.dir/build.make CMakeFiles/cmTC_62dc2.dir/build
gmake[1]: Entering directory '/work/compares/harnesses/libfuzzer/build/CMakeFiles/CMakeTmp'
Building CXX object CMakeFiles/cmTC_62dc2.dir/src.cxx.o
/usr/bin/clang++-18 -DCONCEPTS_FLAG_BUILTIN -I/usr/include/seqan3/submodules/sdsl-lite/include -std=c++2b -MD -MT CMakeFiles/cmTC_62dc2.dir/src.cxx.o -MF CMakeFiles/cmTC_62dc2.dir/src.cxx.o.d -o CMakeFiles/cmTC_62dc2.dir/src.cxx.o -c /work/compares/harnesses/libfuzzer/build/CMakeFiles/CMakeTmp/src.cxx
Linking CXX executable cmTC_62dc2
/usr/bin/cmake -E cmake_link_script CMakeFiles/cmTC_62dc2.dir/link.txt --verbose=1
/usr/bin/clang++-18 CMakeFiles/cmTC_62dc2.dir/src.cxx.o -o cmTC_62dc2 
gmake[1]: Leaving directory '/work/compares/harnesses/libfuzzer/build/CMakeFiles/CMakeTmp'


Source file was:
static_assert (__cpp_concepts >= 201507);
    int main() {}
Determining if the include file filesystem exists passed with the following output:
Change Dir: /work/compares/harnesses/libfuzzer/build/CMakeFiles/CMakeTmp

Run Build Command(s):/usr/bin/gmake -f Makefile cmTC_1206f/fast && /usr/bin/gmake  -f CMakeFiles/cmTC_1206f.dir/build.make CMakeFiles/cmTC_1206f.dir/build
gmake[1]: Entering directory '/work/compares/harnesses/libfuzzer/build/CMakeFiles/CMakeTmp'
Building CXX object CMakeFiles/cmTC_1206f.dir/CheckIncludeFile.cxx.o
/usr/bin/clang++-18  -I/usr/include/seqan3/submodules/sdsl-lite/include -std=c++2b -MD -MT CMakeFiles/cmTC_1206f.dir/CheckIncludeFile.cxx.o -MF CMakeFiles/cmTC_1206f.dir/CheckIncludeFile.cxx.o.d -o CMakeFiles/cmTC_1206f.dir/CheckIncludeFile.cxx.o -c /work/compares/harnesses/libfuzzer/build/CMakeFiles/CMakeTmp/CheckIncludeFile.cxx
Linking CXX executable cmTC_1206f
/usr/bin/cmake -E cmake_link_script CMakeFiles/cmTC_1206f.dir/link.txt --verbose=1
/usr/bin/clang++-18 CMakeFiles/cmTC_1206f.dir/CheckIncludeFile.cxx.o -o cmTC_1206f 
gmake[1]: Leaving directory '/work/compares/harnesses/libfuzzer/build/CMakeFiles/CMakeTmp'



Determining if the include file experimental/filesystem exists passed with the following output:
Change Dir: /work/compares/harnesses/libfuzzer/build/CMakeFiles/CMakeTmp

Run Build Command(s):/usr/bin/gmake -f Makefile cmTC_d0788/fast && /usr/bin/gmake  -f CMakeFiles/cmTC_d0788.dir/build.make CMakeFiles/cmTC_d0788.dir/build
gmake[1]: Entering directory '/work/compares/harnesses/libfuzzer/build/CMakeFiles/CMakeTmp'
Building CXX object CMakeFiles/cmTC_d0788.dir/CheckIncludeFile.cxx.o
/usr/bin/clang++-18  -I/usr/include/seqan3/submodules/sdsl-lite/include -std=c++2b -MD -MT CMakeFiles/cmTC_d0788.dir/CheckIncludeFile.cxx.o -MF CMakeFiles/cmTC_d0788.dir/CheckIncludeFile.cxx.o.d -o CMakeFiles/cmTC_d0788.dir/CheckIncludeFile.cxx.o -c /work/compares/harnesses/libfuzzer/build/CMakeFiles/CMakeTmp/CheckIncludeFile.cxx
Linking CXX executable cmTC_d0788
/usr/bin/cmake -E cmake_link_script CMakeFiles/cmTC_d0788.dir/link.txt --verbose=1
/usr/bin/clang++-18 CMakeFiles/cmTC_d0788.dir/CheckIncludeFile.cxx.o -o cmTC_d0788 
gmake[1]: Leaving directory '/work/compares/harnesses/libfuzzer/build/CMakeFiles/CMakeTmp'



Performing C++ SOURCE FILE Test FILESYSTEM_FLAG_BUILTIN succeeded with the following output:
Change Dir: /work/compares/harnesses/libfuzzer/build/CMakeFiles/CMakeTmp

Run Build Command(s):/usr/bin/gmake -f Makefile cmTC_ad23d/fast && /usr/bin/gmake  -f CMakeFiles/cmTC_ad23d.dir/build.make CMakeFiles/cmTC_ad23d.dir/build
gmake[1]: Entering directory '/work/compares/harnesses/libfuzzer/build/CMakeFiles/CMakeTmp'
Building CXX object CMakeFiles/cmTC_ad23d.dir/src.cxx.o
/usr/bin/clang++-18 -DFILESYSTEM_FLAG_BUILTIN -I/usr/include/seqan3/submodules/sdsl-lite/include -std=c++2b -MD -MT CMakeFiles/cmTC_ad23d.dir/src.cxx.o -MF CMakeFiles/cmTC_ad23d.dir/src.cxx.o.d -o CMakeFiles/cmTC_ad23d.dir/src.cxx.o -c /work/compares/harnesses/libfuzzer/build/CMakeFiles/CMakeTmp/src.cxx
Linking CXX executable cmTC_ad23d
/usr/bin/cmake -E cmake_link_script CMakeFiles/cmTC_ad23d.dir/link.txt --verbose=1
/usr/bin/clang++-18 CMakeFiles/cmTC_ad23d.dir/src.cxx.o -o cmTC_ad23d 
gmake[1]: Leaving directory '/work/compares/harnesses/libfuzzer/build/CMakeFiles/CMakeTmp'


Source file was:
#include <filesystem>
        int main()
        {
            std::filesystem::path p{"	mp/"};
            throw std::filesystem::filesystem_error("Empty file name!", std::make_error_code(std::errc::invalid_argument));
        }
Determining if the include file pthread.h exists passed with the following output:
Change Dir: /work/compares/harnesses/libfuzzer/build/CMakeFiles/CMakeTmp

Run Build Command(s):/usr/bin/gmake -f Makefile cmTC_67ffc/fast && /usr/bin/gmake  -f CMakeFiles/cmTC_67ffc.dir/build.make CMakeFiles/cmTC_67ffc.dir/build
gmake[1]: Entering directory '/work/compares/harnesses/libfuzzer/build/CMakeFiles/CMakeTmp'
Building CXX object CMakeFiles/cmTC_67ffc.dir/CheckIncludeFile.cxx.o
/usr/bin/clang++-18  -I/usr/include/seqan3/submodules/sdsl-lite/include -std=c++2b -MD -MT CMakeFiles/cmTC_67ffc.dir/CheckIncludeFile.cxx.o -MF CMakeFiles/cmTC_67ffc.dir/CheckIncludeFile.cxx.o.d -o CMakeFiles/cmTC_67ffc.dir/CheckIncludeFile.cxx.o -c /work/compares/harnesses/libfuzzer/build/CMakeFiles/CMakeTmp/CheckIncludeFile.cxx
Linking CXX executable cmTC_67ffc
/usr/bin/cmake -E cmake_link_script CMakeFiles/cmTC_67ffc.dir/link.txt --verbose=1
/usr/bin/clang++-18 CMakeFiles/cmTC_67ffc.dir/CheckIncludeFile.cxx.o -o cmTC_67ffc 
gmake[1]: Leaving directory '/work/compares/harnesses/libfuzzer/build/CMakeFiles/CMakeTmp'



Performing C++ SOURCE FILE Test CMAKE_HAVE_LIBC_PTHREAD succeeded with the following output:
Change Dir: /work/compares/harnesses/libfuzzer/build/CMakeFiles/CMakeTmp

Run Build Command(s):/usr/bin/gmake -f Makefile cmTC_34897/fast && /usr/bin/gmake  -f CMakeFiles/cmTC_34897.dir/build.make CMakeFiles/cmTC_34897.dir/build
gmake[1]: Entering directory '/work/compares/harnesses/libfuzzer/build/CMakeFiles/CMakeTmp'
Building CXX object CMakeFiles/cmTC_34897.dir/src.cxx.o
/usr/bin/clang++-18 -DCMAKE_HAVE_LIBC_PTHREAD -I/usr/include/seqan3/submodules/sdsl-lite/include -std=c++2b -MD -MT CMakeFiles/cmTC_34897.dir/src.cxx.o -MF CMakeFiles/cmTC_34897.dir/src.cxx.o.d -o CMakeFiles/cmTC_34897.dir/src.cxx.o -c /work/compares/harnesses/libfuzzer/build/CMakeFiles/CMakeTmp/src.cxx
Linking CXX executable cmTC_34897
/usr/bin/cmake -E cmake_link_script CMakeFiles/cmTC_34897.dir/link.txt --verbose=1
/usr/bin/clang++-18 CMakeFiles/cmTC_34897.dir/src.cxx.o -o cmTC_34897 
gmake[1]: Leaving directory '/work/compares/harnesses/libfuzzer/build/CMakeFiles/CMakeTmp'


Source file was:
#include <pthread.h>

static void* test_func(void* data)
{
  return data;
}

int main(void)
{
  pthread_t thread;
  pthread_create(&thread, NULL, test_func, NULL);
  pthread_detach(thread);
  pthread_cancel(thread);
  pthread_join(thread, NULL);
  pthread_atfork(NULL, NULL, NULL);
  pthread_exit(NULL);

  return 0;
}

Determining if the include file range/v3/version.hpp exists passed with the following output:
Change Dir: /work/compares/harnesses/libfuzzer/build/CMakeFiles/CMakeTmp

Run Build Command(s):/usr/bin/gmake -f Makefile cmTC_ed9cb/fast && /usr/bin/gmake  -f CMakeFiles/cmTC_ed9cb.dir/build.make CMakeFiles/cmTC_ed9cb.dir/build
gmake[1]: Entering directory '/work/compares/harnesses/libfuzzer/build/CMakeFiles/CMakeTmp'
Building CXX object CMakeFiles/cmTC_ed9cb.dir/CheckIncludeFile.cxx.o
/usr/bin/clang++-18  -I/usr/include/seqan3/submodules/sdsl-lite/include -std=c++2b -MD -MT CMakeFiles/cmTC_ed9cb.dir/CheckIncludeFile.cxx.o -MF CMakeFiles/cmTC_ed9cb.dir/CheckIncludeFile.cxx.o.d -o CMakeFiles/cmTC_ed9cb.dir/CheckIncludeFile.cxx.o -c /work/compares/harnesses/libfuzzer/build/CMakeFiles/CMakeTmp/CheckIncludeFile.cxx
Linking CXX executable cmTC_ed9cb
/usr/bin/cmake -E cmake_link_script CMakeFiles/cmTC_ed9cb.dir/link.txt --verbose=1
/usr/bin/clang++-18 CMakeFiles/cmTC_ed9cb.dir/CheckIncludeFile.cxx.o -o cmTC_ed9cb 
gmake[1]: Leaving directory '/work/compares/harnesses/libfuzzer/build/CMakeFiles/CMakeTmp'



Determining if the include file sdsl/version.hpp exists passed with the following output:
Change Dir: /work/compares/harnesses/libfuzzer/build/CMakeFiles/CMakeTmp

Run Build Command(s):/usr/bin/gmake -f Makefile cmTC_6493f/fast && /usr/bin/gmake  -f CMakeFiles/cmTC_6493f.dir/build.make CMakeFiles/cmTC_6493f.dir/build
gmake[1]: Entering directory '/work/compares/harnesses/libfuzzer/build/CMakeFiles/CMakeTmp'
Building CXX object CMakeFiles/cmTC_6493f.dir/CheckIncludeFile.cxx.o
/usr/bin/clang++-18  -I/usr/include/seqan3/submodules/sdsl-lite/include -std=c++2b -MD -MT CMakeFiles/cmTC_6493f.dir/CheckIncludeFile.cxx.o -MF CMakeFiles/cmTC_6493f.dir/CheckIncludeFile.cxx.o.d -o CMakeFiles/cmTC_6493f.dir/CheckIncludeFile.cxx.o -c /work/compares/harnesses/libfuzzer/build/CMakeFiles/CMakeTmp/CheckIncludeFile.cxx
Linking CXX executable cmTC_6493f
/usr/bin/cmake -E cmake_link_script CMakeFiles/cmTC_6493f.dir/link.txt --verbose=1
/usr/bin/clang++-18 CMakeFiles/cmTC_6493f.dir/CheckIncludeFile.cxx.o -o cmTC_6493f 
gmake[1]: Leaving directory '/work/compares/harnesses/libfuzzer/build/CMakeFiles/CMakeTmp'



Determining if the include file cereal/cereal.hpp exists passed with the following output:
Change Dir: /work/compares/harnesses/libfuzzer/build/CMakeFiles/CMakeTmp

Run Build Command(s):/usr/bin/gmake -f Makefile cmTC_e6b27/fast && /usr/bin/gmake  -f CMakeFiles/cmTC_e6b27.dir/build.make CMakeFiles/cmTC_e6b27.dir/build
gmake[1]: Entering directory '/work/compares/harnesses/libfuzzer/build/CMakeFiles/CMakeTmp'
Building CXX object CMakeFiles/cmTC_e6b27.dir/CheckIncludeFile.cxx.o
/usr/bin/clang++-18  -I/usr/include/seqan3/submodules/sdsl-lite/include -std=c++2b -MD -MT CMakeFiles/cmTC_e6b27.dir/CheckIncludeFile.cxx.o -MF CMakeFiles/cmTC_e6b27.dir/CheckIncludeFile.cxx.o.d -o CMakeFiles/cmTC_e6b27.dir/CheckIncludeFile.cxx.o -c /work/compares/harnesses/libfuzzer/build/CMakeFiles/CMakeTmp/CheckIncludeFile.cxx
Linking CXX executable cmTC_e6b27
/usr/bin/cmake -E cmake_link_script CMakeFiles/cmTC_e6b27.dir/link.txt --verbose=1
/usr/bin/clang++-18 CMakeFiles/cmTC_e6b27.dir/CheckIncludeFile.cxx.o -o cmTC_e6b27 
gmake[1]: Leaving directory '/work/compares/harnesses/libfuzzer/build/CMakeFiles/CMakeTmp'



Determining if the BZ2_bzCompressInit exist passed with the following output:
Change Dir: /work/compares/harnesses/libfuzzer/build/CMakeFiles/CMakeTmp

Run Build Command(s):/usr/bin/gmake -f Makefile cmTC_a0c3a/fast && /usr/bin/gmake  -f CMakeFiles/cmTC_a0c3a.dir/build.make CMakeFiles/cmTC_a0c3a.dir/build
gmake[1]: Entering directory '/work/compares/harnesses/libfuzzer/build/CMakeFiles/CMakeTmp'
Building CXX object CMakeFiles/cmTC_a0c3a.dir/CheckSymbolExists.cxx.o
/usr/bin/clang++-18   -std=c++2b -MD -MT CMakeFiles/cmTC_a0c3a.dir/CheckSymbolExists.cxx.o -MF CMakeFiles/cmTC_a0c3a.dir/CheckSymbolExists.cxx.o.d -o CMakeFiles/cmTC_a0c3a.dir/CheckSymbolExists.cxx.o -c /work/compares/harnesses/libfuzzer/build/CMakeFiles/CMakeTmp/CheckSymbolExists.cxx
Linking CXX executable cmTC_a0c3a
/usr/bin/cmake -E cmake_link_script CMakeFiles/cmTC_a0c3a.dir/link.txt --verbose=1
/usr/bin/clang++-18 CMakeFiles/cmTC_a0c3a.dir/CheckSymbolExists.cxx.o -o cmTC_a0c3a  /usr/lib/x86_64-linux-gnu/libbz2.so 
gmake[1]: Leaving directory '/work/compares/harnesses/libfuzzer/build/CMakeFiles/CMakeTmp'


File /work/compares/harnesses/libfuzzer/build/CMakeFiles/CMakeTmp/CheckSymbolExists.cxx:
/* */
#include <bzlib.h>

int main(int argc, char** argv)
{
  (void)argv;
#ifndef BZ2_bzCompressInit
  return ((int*)(&BZ2_bzCompressInit))[argc];
#else
  (void)argc;
  return 0;
#endif
}
Determining if the include file execinfo.h exists passed with the following output:
Change Dir: /work/compares/harnesses/libfuzzer/build/CMakeFiles/CMakeTmp

Run Build Command(s):/usr/bin/gmake -f Makefile cmTC_bcc67/fast && /usr/bin/gmake  -f CMakeFiles/cmTC_bcc67.dir/build.make CMakeFiles/cmTC_bcc67.dir/build
gmake[1]: Entering directory '/work/compares/harnesses/libfuzzer/build/CMakeFiles/CMakeTmp'
Building CXX object CMakeFiles/cmTC_bcc67.dir/CheckIncludeFile.cxx.o
/usr/bin/clang++-18  -I/usr/include/seqan3/submodules/sdsl-lite/include -std=c++2b -MD -MT CMakeFiles/cmTC_bcc67.dir/CheckIncludeFile.cxx.o -MF CMakeFiles/cmTC_bcc67.dir/CheckIncludeFile.cxx.o.d -o CMakeFiles/cmTC_bcc67.dir/CheckIncludeFile.cxx.o -c /work/compares/harnesses/libfuzzer/build/CMakeFiles/CMakeTmp/CheckIncludeFile.cxx
Linking CXX executable cmTC_bcc67
/usr/bin/cmake -E cmake_link_script CMakeFiles/cmTC_bcc67.dir/link.txt --verbose=1
/usr/bin/clang++-18 CMakeFiles/cmTC_bcc67.dir/CheckIncludeFile.cxx.o -o cmTC_bcc67 
gmake[1]: Leaving directory '/work/compares/harnesses/libfuzzer/build/CMakeFiles/CMakeTmp'



