[23:04:58] [noodles_vcf   ] === cascade start (container, max_iter=2) ===
[23:04:58] [noodles_vcf   ]     initial seeds: VCF=33  SAM=74
[23:04:58] [noodles_vcf   ] --- rep 0 ---
[23:04:58] [noodles_vcf   ]     seeds entering rep: {'vcf_total': 33, 'vcf_kept': 0, 'vcf_synthetic': 0, 'sam_total': 74, 'sam_kept': 0, 'sam_synthetic': 0}
[23:04:58] [noodles_vcf   ]     reset data/ + bug_reports/ (seeds + coverage_artifacts preserved — cumulative cascade)
[23:04:58] [noodles_vcf   ]     cmd: docker exec biotest-bench-setup python3.12 harness_run.py --mode E1S ...
[23:04:58] [noodles_vcf   ]     budget: 5400s (container)
[23:42:48] [noodles_vcf   ]     rep 0 exit=0 elapsed=2270s
[23:43:03] [noodles_vcf   ]     -> line=15.30% covered=1158/7584 status=ok seeds_after={'vcf_total': 67, 'vcf_kept': 34, 'vcf_synthetic': 0, 'sam_total': 74, 'sam_kept': 0, 'sam_synthetic': 0}
[23:43:03] [noodles_vcf   ] --- rep 1 ---
[23:43:03] [noodles_vcf   ]     seeds entering rep: {'vcf_total': 67, 'vcf_kept': 34, 'vcf_synthetic': 0, 'sam_total': 74, 'sam_kept': 0, 'sam_synthetic': 0}
[23:43:03] [noodles_vcf   ]     reset data/ + bug_reports/ (seeds + coverage_artifacts preserved — cumulative cascade)
[23:43:03] [noodles_vcf   ]     cmd: docker exec biotest-bench-setup python3.12 harness_run.py --mode E1S ...
[23:43:03] [noodles_vcf   ]     budget: 5400s (container)
[01:13:25] [noodles_vcf   ]     rep 1 exit=0 elapsed=5422s
[01:13:51] [noodles_vcf   ]     -> line=15.90% covered=1203/7584 status=ok seeds_after={'vcf_total': 174, 'vcf_kept': 141, 'vcf_synthetic': 0, 'sam_total': 74, 'sam_kept': 0, 'sam_synthetic': 0}
[01:13:51] [noodles_vcf   ] --- rep 2 ---
[01:13:51] [noodles_vcf   ]     seeds entering rep: {'vcf_total': 174, 'vcf_kept': 141, 'vcf_synthetic': 0, 'sam_total': 74, 'sam_kept': 0, 'sam_synthetic': 0}
[01:13:51] [noodles_vcf   ]     reset data/ + bug_reports/ (seeds + coverage_artifacts preserved — cumulative cascade)
[01:13:51] [noodles_vcf   ]     cmd: docker exec biotest-bench-setup python3.12 harness_run.py --mode E1S ...
[01:13:51] [noodles_vcf   ]     budget: 5400s (container)
[02:35:35] [noodles_vcf   ]     rep 2 exit=0 elapsed=4904s
[02:36:13] [noodles_vcf   ]     -> line=34.30% covered=2605/7584 status=ok seeds_after={'vcf_total': 342, 'vcf_kept': 309, 'vcf_synthetic': 0, 'sam_total': 74, 'sam_kept': 0, 'sam_synthetic': 0}
[02:36:13] [noodles_vcf   ] === cascade complete (3 reps) ===
