[13:55:34] [biopython_sam ] === cascade start (host, max_iter=2) ===
[13:55:34] [biopython_sam ]     initial seeds: VCF=33  SAM=74
[13:55:34] [biopython_sam ] --- rep 0 ---
[13:55:34] [biopython_sam ]     seeds entering rep: {'vcf_total': 33, 'vcf_kept': 0, 'vcf_synthetic': 0, 'sam_total': 74, 'sam_kept': 0, 'sam_synthetic': 0}
[13:55:34] [biopython_sam ]     reset data/ + bug_reports/ (seeds + coverage_artifacts preserved — cumulative cascade)
[13:55:34] [biopython_sam ]     cmd: python harness_run.py --mode E1S --config biotest_config.rep0.yaml --phase D,E
[13:55:34] [biopython_sam ]     budget: 5400s (host)
[13:55:34] [biopython_sam ]     env: BIOTEST_MULTISHOT_K=2  BIOTEST_AUTO_INVOKE_PUBLIC_METHODS=1 (refine round 4)
[15:25:37] [biopython_sam ]     timeout after 5400s — terminating
[15:25:38] [biopython_sam ]     rep 0 exit=1 elapsed=5403s
[15:25:43] [biopython_sam ]     -> line=53.20% covered=318/598 status=ok seeds_after={'vcf_total': 33, 'vcf_kept': 0, 'vcf_synthetic': 0, 'sam_total': 142, 'sam_kept': 63, 'sam_synthetic': 5}
[15:25:43] [biopython_sam ] --- rep 1 ---
[15:25:43] [biopython_sam ]     seeds entering rep: {'vcf_total': 33, 'vcf_kept': 0, 'vcf_synthetic': 0, 'sam_total': 142, 'sam_kept': 63, 'sam_synthetic': 5}
[15:25:54] [biopython_sam ]     reset data/ + bug_reports/ (seeds + coverage_artifacts preserved — cumulative cascade)
[15:25:54] [biopython_sam ]     cmd: python harness_run.py --mode E1S --config biotest_config.rep1.yaml --phase D,E
[15:25:54] [biopython_sam ]     budget: 5400s (host)
[15:25:54] [biopython_sam ]     env: BIOTEST_MULTISHOT_K=2  BIOTEST_AUTO_INVOKE_PUBLIC_METHODS=1 (refine round 4)
[16:55:54] [biopython_sam ]     timeout after 5400s — terminating
[16:55:54] [biopython_sam ]     rep 1 exit=1 elapsed=5400s
[16:55:58] [biopython_sam ]     -> line=3.00% covered=18/598 status=ok seeds_after={'vcf_total': 33, 'vcf_kept': 0, 'vcf_synthetic': 0, 'sam_total': 242, 'sam_kept': 158, 'sam_synthetic': 10}
[16:55:58] [biopython_sam ] --- rep 2 ---
[16:55:58] [biopython_sam ]     seeds entering rep: {'vcf_total': 33, 'vcf_kept': 0, 'vcf_synthetic': 0, 'sam_total': 242, 'sam_kept': 158, 'sam_synthetic': 10}
[16:56:06] [biopython_sam ]     reset data/ + bug_reports/ (seeds + coverage_artifacts preserved — cumulative cascade)
[16:56:06] [biopython_sam ]     cmd: python harness_run.py --mode E1S --config biotest_config.rep2.yaml --phase D,E
[16:56:06] [biopython_sam ]     budget: 5400s (host)
[16:56:06] [biopython_sam ]     env: BIOTEST_MULTISHOT_K=2  BIOTEST_AUTO_INVOKE_PUBLIC_METHODS=1 (refine round 4)
[18:26:06] [biopython_sam ]     timeout after 5400s — terminating
[18:26:06] [biopython_sam ]     rep 2 exit=1 elapsed=5400s
[18:26:10] [biopython_sam ]     -> line=3.00% covered=18/598 status=ok seeds_after={'vcf_total': 33, 'vcf_kept': 0, 'vcf_synthetic': 0, 'sam_total': 404, 'sam_kept': 320, 'sam_synthetic': 10}
[18:26:10] [biopython_sam ] === cascade complete (3 reps) ===
