[09:23:48] [noodles_vcf   ] === cascade start (container, max_iter=2) ===
[09:23:48] [noodles_vcf   ]     initial seeds: VCF=33  SAM=74
[09:23:48] [noodles_vcf   ] --- rep 0 ---
[09:23:48] [noodles_vcf   ]     seeds entering rep: {'vcf_total': 33, 'vcf_kept': 0, 'vcf_synthetic': 0, 'sam_total': 74, 'sam_kept': 0, 'sam_synthetic': 0}
[09:23:48] [noodles_vcf   ]     reset data/ + bug_reports/ (seeds + coverage_artifacts preserved — cumulative cascade)
[09:23:48] [noodles_vcf   ]     cmd: docker exec biotest-bench-setup python3.12 harness_run.py --mode E1S ...
[09:23:48] [noodles_vcf   ]     budget: 5400s (container)
[10:09:51] [noodles_vcf   ]     rep 0 exit=0 elapsed=2763s
[10:09:59] [noodles_vcf   ]     -> line=36.20% covered=2742/7584 status=ok seeds_after={'vcf_total': 101, 'vcf_kept': 68, 'vcf_synthetic': 0, 'sam_total': 74, 'sam_kept': 0, 'sam_synthetic': 0}
[10:09:59] [noodles_vcf   ] --- rep 1 ---
[10:09:59] [noodles_vcf   ]     seeds entering rep: {'vcf_total': 101, 'vcf_kept': 68, 'vcf_synthetic': 0, 'sam_total': 74, 'sam_kept': 0, 'sam_synthetic': 0}
[10:10:02] [noodles_vcf   ]     reset data/ + bug_reports/ (seeds + coverage_artifacts preserved — cumulative cascade)
[10:10:02] [noodles_vcf   ]     cmd: docker exec biotest-bench-setup python3.12 harness_run.py --mode E1S ...
[10:10:02] [noodles_vcf   ]     budget: 5400s (container)
[10:30:16] [noodles_vcf   ]     rep 1 exit=0 elapsed=1214s
[10:30:25] [noodles_vcf   ]     -> line=36.20% covered=2746/7584 status=ok seeds_after={'vcf_total': 148, 'vcf_kept': 115, 'vcf_synthetic': 0, 'sam_total': 74, 'sam_kept': 0, 'sam_synthetic': 0}
[10:30:25] [noodles_vcf   ] --- rep 2 ---
[10:30:25] [noodles_vcf   ]     seeds entering rep: {'vcf_total': 148, 'vcf_kept': 115, 'vcf_synthetic': 0, 'sam_total': 74, 'sam_kept': 0, 'sam_synthetic': 0}
[10:30:25] [noodles_vcf   ]     reset data/ + bug_reports/ (seeds + coverage_artifacts preserved — cumulative cascade)
[10:30:25] [noodles_vcf   ]     cmd: docker exec biotest-bench-setup python3.12 harness_run.py --mode E1S ...
[10:30:25] [noodles_vcf   ]     budget: 5400s (container)
[11:22:38] [noodles_vcf   ]     rep 2 exit=0 elapsed=3133s
[11:22:54] [noodles_vcf   ]     -> line=36.30% covered=2755/7584 status=ok seeds_after={'vcf_total': 344, 'vcf_kept': 311, 'vcf_synthetic': 0, 'sam_total': 74, 'sam_kept': 0, 'sam_synthetic': 0}
[11:22:54] [noodles_vcf   ] === cascade complete (3 reps) ===
