[01:28:38] [biopython_sam ] === cascade start (host, max_iter=2) ===
[01:28:38] [biopython_sam ]     initial seeds: VCF=33  SAM=74
[01:28:38] [biopython_sam ] --- rep 0 ---
[01:28:38] [biopython_sam ]     seeds entering rep: {'vcf_total': 33, 'vcf_kept': 0, 'vcf_synthetic': 0, 'sam_total': 74, 'sam_kept': 0, 'sam_synthetic': 0}
[01:28:38] [biopython_sam ]     reset data/ + bug_reports/ (seeds + coverage_artifacts preserved — cumulative cascade)
[01:28:38] [biopython_sam ]     cmd: python harness_run.py --mode E0 --config biotest_config.rep0.yaml --phase D,E
[01:28:38] [biopython_sam ]     budget: 5400s (host)
[01:28:38] [biopython_sam ]     env: BIOTEST_MULTISHOT_K=2  BIOTEST_AUTO_INVOKE_PUBLIC_METHODS=1 (refine round 4)
[02:58:38] [biopython_sam ]     timeout after 5400s — sending CTRL_BREAK_EVENT (graceful)
[02:58:38] [biopython_sam ]     rep 0 exit=3221225786 elapsed=5400s
[02:58:39] [biopython_sam ]     -> line=54.20% covered=324/598 status=ok seeds_after={'vcf_total': 33, 'vcf_kept': 0, 'vcf_synthetic': 0, 'sam_total': 287, 'sam_kept': 213, 'sam_synthetic': 0}
[02:58:39] [biopython_sam ] --- rep 1 ---
[02:58:39] [biopython_sam ]     seeds entering rep: {'vcf_total': 33, 'vcf_kept': 0, 'vcf_synthetic': 0, 'sam_total': 287, 'sam_kept': 213, 'sam_synthetic': 0}
[02:58:43] [biopython_sam ]     reset data/ + bug_reports/ (seeds + coverage_artifacts preserved — cumulative cascade)
[02:58:43] [biopython_sam ]     cmd: python harness_run.py --mode E0 --config biotest_config.rep1.yaml --phase D,E
[02:58:43] [biopython_sam ]     budget: 5400s (host)
[02:58:43] [biopython_sam ]     env: BIOTEST_MULTISHOT_K=2  BIOTEST_AUTO_INVOKE_PUBLIC_METHODS=1 (refine round 4)
[04:28:43] [biopython_sam ]     timeout after 5400s — sending CTRL_BREAK_EVENT (graceful)
[04:28:43] [biopython_sam ]     rep 1 exit=3221225786 elapsed=5400s
[04:28:44] [biopython_sam ]     -> line=54.20% covered=324/598 status=ok seeds_after={'vcf_total': 33, 'vcf_kept': 0, 'vcf_synthetic': 0, 'sam_total': 819, 'sam_kept': 745, 'sam_synthetic': 0}
[04:28:44] [biopython_sam ] --- rep 2 ---
[04:28:44] [biopython_sam ]     seeds entering rep: {'vcf_total': 33, 'vcf_kept': 0, 'vcf_synthetic': 0, 'sam_total': 819, 'sam_kept': 745, 'sam_synthetic': 0}
[04:28:52] [biopython_sam ]     reset data/ + bug_reports/ (seeds + coverage_artifacts preserved — cumulative cascade)
[04:28:52] [biopython_sam ]     cmd: python harness_run.py --mode E0 --config biotest_config.rep2.yaml --phase D,E
[04:28:52] [biopython_sam ]     budget: 5400s (host)
[04:28:52] [biopython_sam ]     env: BIOTEST_MULTISHOT_K=2  BIOTEST_AUTO_INVOKE_PUBLIC_METHODS=1 (refine round 4)
[05:58:52] [biopython_sam ]     timeout after 5400s — sending CTRL_BREAK_EVENT (graceful)
[05:58:52] [biopython_sam ]     rep 2 exit=3221225786 elapsed=5400s
[05:58:53] [biopython_sam ]     -> line=54.20% covered=324/598 status=ok seeds_after={'vcf_total': 33, 'vcf_kept': 0, 'vcf_synthetic': 0, 'sam_total': 1421, 'sam_kept': 1347, 'sam_synthetic': 0}
[05:58:53] [biopython_sam ] === cascade complete (3 reps) ===
