[18:33:11] [seqan3_sam    ] === cascade start (container, max_iter=2) ===
[18:33:11] [seqan3_sam    ]     initial seeds: VCF=33  SAM=74
[18:33:11] [seqan3_sam    ] --- rep 0 ---
[18:33:11] [seqan3_sam    ]     seeds entering rep: {'vcf_total': 33, 'vcf_kept': 0, 'vcf_synthetic': 0, 'sam_total': 74, 'sam_kept': 0, 'sam_synthetic': 0}
[18:33:11] [seqan3_sam    ]     reset data/ + bug_reports/ (seeds + coverage_artifacts preserved — cumulative cascade)
[18:33:11] [seqan3_sam    ]     env (container): BIOTEST_MULTISHOT_K=2 (refine round 4)
[18:33:11] [seqan3_sam    ]     cmd: docker exec biotest-bench-setup python3.12 harness_run.py --mode E1S ...
[18:33:11] [seqan3_sam    ]     budget: 5400s (container)
[19:16:54] [seqan3_sam    ]     rep 0 exit=0 elapsed=2623s
[19:17:11] [seqan3_sam    ]     -> line=93.70% covered=754/805 status=ok seeds_after={'vcf_total': 33, 'vcf_kept': 0, 'vcf_synthetic': 0, 'sam_total': 220, 'sam_kept': 146, 'sam_synthetic': 0}
[19:17:11] [seqan3_sam    ] --- rep 1 ---
[19:17:11] [seqan3_sam    ]     seeds entering rep: {'vcf_total': 33, 'vcf_kept': 0, 'vcf_synthetic': 0, 'sam_total': 220, 'sam_kept': 146, 'sam_synthetic': 0}
[19:17:16] [seqan3_sam    ]     reset data/ + bug_reports/ (seeds + coverage_artifacts preserved — cumulative cascade)
[19:17:16] [seqan3_sam    ]     env (container): BIOTEST_MULTISHOT_K=2 (refine round 4)
[19:17:16] [seqan3_sam    ]     cmd: docker exec biotest-bench-setup python3.12 harness_run.py --mode E1S ...
[19:17:16] [seqan3_sam    ]     budget: 5400s (container)
[20:47:29] [seqan3_sam    ]     rep 1 exit=0 elapsed=5413s
[20:47:42] [seqan3_sam    ]     -> line=93.90% covered=756/805 status=ok seeds_after={'vcf_total': 33, 'vcf_kept': 0, 'vcf_synthetic': 0, 'sam_total': 843, 'sam_kept': 769, 'sam_synthetic': 0}
[20:47:42] [seqan3_sam    ] --- rep 2 ---
[20:47:42] [seqan3_sam    ]     seeds entering rep: {'vcf_total': 33, 'vcf_kept': 0, 'vcf_synthetic': 0, 'sam_total': 843, 'sam_kept': 769, 'sam_synthetic': 0}
[20:48:02] [seqan3_sam    ]     reset data/ + bug_reports/ (seeds + coverage_artifacts preserved — cumulative cascade)
[20:48:02] [seqan3_sam    ]     env (container): BIOTEST_MULTISHOT_K=2 (refine round 4)
[20:48:02] [seqan3_sam    ]     cmd: docker exec biotest-bench-setup python3.12 harness_run.py --mode E1S ...
[20:48:02] [seqan3_sam    ]     budget: 5400s (container)
[22:18:18] [seqan3_sam    ]     rep 2 exit=0 elapsed=5416s
[22:18:30] [seqan3_sam    ]     -> line=93.70% covered=754/805 status=ok seeds_after={'vcf_total': 33, 'vcf_kept': 0, 'vcf_synthetic': 0, 'sam_total': 1304, 'sam_kept': 1230, 'sam_synthetic': 0}
[22:18:30] [seqan3_sam    ] === cascade complete (3 reps) ===
