[13:55:33] [htsjdk_sam    ] === cascade start (host, max_iter=2) ===
[13:55:34] [htsjdk_sam    ]     initial seeds: VCF=33  SAM=74
[13:55:34] [htsjdk_sam    ] --- rep 0 ---
[13:55:34] [htsjdk_sam    ]     seeds entering rep: {'vcf_total': 33, 'vcf_kept': 0, 'vcf_synthetic': 0, 'sam_total': 74, 'sam_kept': 0, 'sam_synthetic': 0}
[13:55:34] [htsjdk_sam    ]     reset data/ + bug_reports/ (seeds + coverage_artifacts preserved — cumulative cascade)
[13:55:34] [htsjdk_sam    ]     cmd: python harness_run.py --mode E1S --config biotest_config.rep0.yaml --phase D,E
[13:55:34] [htsjdk_sam    ]     budget: 5400s (host)
[13:55:34] [htsjdk_sam    ]     env: BIOTEST_MULTISHOT_K=2  BIOTEST_AUTO_INVOKE_PUBLIC_METHODS=1 (refine round 4)
[15:25:34] [htsjdk_sam    ]     timeout after 5400s — terminating
[15:25:38] [htsjdk_sam    ]     rep 0 exit=1 elapsed=5404s
[15:25:53] [htsjdk_sam    ]     -> line=29.80% covered=1538/5154 status=ok seeds_after={'vcf_total': 33, 'vcf_kept': 0, 'vcf_synthetic': 0, 'sam_total': 133, 'sam_kept': 54, 'sam_synthetic': 5}
[15:25:53] [htsjdk_sam    ] --- rep 1 ---
[15:25:53] [htsjdk_sam    ]     seeds entering rep: {'vcf_total': 33, 'vcf_kept': 0, 'vcf_synthetic': 0, 'sam_total': 133, 'sam_kept': 54, 'sam_synthetic': 5}
[15:26:09] [htsjdk_sam    ]     reset data/ + bug_reports/ (seeds + coverage_artifacts preserved — cumulative cascade)
[15:26:09] [htsjdk_sam    ]     cmd: python harness_run.py --mode E1S --config biotest_config.rep1.yaml --phase D,E
[15:26:09] [htsjdk_sam    ]     budget: 5400s (host)
[15:26:09] [htsjdk_sam    ]     env: BIOTEST_MULTISHOT_K=2  BIOTEST_AUTO_INVOKE_PUBLIC_METHODS=1 (refine round 4)
[16:56:09] [htsjdk_sam    ]     timeout after 5400s — terminating
[16:56:09] [htsjdk_sam    ]     rep 1 exit=1 elapsed=5400s
[16:56:19] [htsjdk_sam    ]     -> line=31.40% covered=1616/5154 status=ok seeds_after={'vcf_total': 33, 'vcf_kept': 0, 'vcf_synthetic': 0, 'sam_total': 308, 'sam_kept': 229, 'sam_synthetic': 5}
[16:56:19] [htsjdk_sam    ] --- rep 2 ---
[16:56:19] [htsjdk_sam    ]     seeds entering rep: {'vcf_total': 33, 'vcf_kept': 0, 'vcf_synthetic': 0, 'sam_total': 308, 'sam_kept': 229, 'sam_synthetic': 5}
[16:56:34] [htsjdk_sam    ]     reset data/ + bug_reports/ (seeds + coverage_artifacts preserved — cumulative cascade)
[16:56:34] [htsjdk_sam    ]     cmd: python harness_run.py --mode E1S --config biotest_config.rep2.yaml --phase D,E
[16:56:34] [htsjdk_sam    ]     budget: 5400s (host)
[16:56:34] [htsjdk_sam    ]     env: BIOTEST_MULTISHOT_K=2  BIOTEST_AUTO_INVOKE_PUBLIC_METHODS=1 (refine round 4)
[18:26:34] [htsjdk_sam    ]     timeout after 5400s — terminating
[18:26:34] [htsjdk_sam    ]     rep 2 exit=1 elapsed=5400s
[18:26:50] [htsjdk_sam    ]     -> line=31.40% covered=1616/5154 status=ok seeds_after={'vcf_total': 33, 'vcf_kept': 0, 'vcf_synthetic': 0, 'sam_total': 554, 'sam_kept': 475, 'sam_synthetic': 5}
[18:26:50] [htsjdk_sam    ] === cascade complete (3 reps) ===
