[18:25:14] [noodles_vcf   ] === cascade start (container, max_iter=2) ===
[18:25:14] [noodles_vcf   ]     initial seeds: VCF=33  SAM=74
[18:25:14] [noodles_vcf   ] --- rep 0 ---
[18:25:14] [noodles_vcf   ]     seeds entering rep: {'vcf_total': 33, 'vcf_kept': 0, 'vcf_synthetic': 0, 'sam_total': 74, 'sam_kept': 0, 'sam_synthetic': 0}
[18:25:14] [noodles_vcf   ]     reset data/ + bug_reports/ (seeds + coverage_artifacts preserved — cumulative cascade)
[18:25:14] [noodles_vcf   ]     cmd: docker exec biotest-bench-setup python3.12 harness_run.py --mode E0 ...
[18:25:14] [noodles_vcf   ]     budget: 5400s (container)
[19:46:23] [noodles_vcf   ]     rep 0 exit=0 elapsed=4869s
[19:46:38] [noodles_vcf   ]     -> line=37.60% covered=2848/7584 status=ok seeds_after={'vcf_total': 129, 'vcf_kept': 86, 'vcf_synthetic': 10, 'sam_total': 74, 'sam_kept': 0, 'sam_synthetic': 0}
[19:46:38] [noodles_vcf   ] --- rep 1 ---
[19:46:38] [noodles_vcf   ]     seeds entering rep: {'vcf_total': 129, 'vcf_kept': 86, 'vcf_synthetic': 10, 'sam_total': 74, 'sam_kept': 0, 'sam_synthetic': 0}
[19:46:44] [noodles_vcf   ]     reset data/ + bug_reports/ (seeds + coverage_artifacts preserved — cumulative cascade)
[19:46:44] [noodles_vcf   ]     cmd: docker exec biotest-bench-setup python3.12 harness_run.py --mode E0 ...
[19:46:44] [noodles_vcf   ]     budget: 5400s (container)
[21:07:51] [noodles_vcf   ]     rep 1 exit=0 elapsed=4867s
[21:08:35] [noodles_vcf   ]     -> line=38.00% covered=2882/7584 status=ok seeds_after={'vcf_total': 315, 'vcf_kept': 262, 'vcf_synthetic': 20, 'sam_total': 74, 'sam_kept': 0, 'sam_synthetic': 0}
[21:08:35] [noodles_vcf   ] --- rep 2 ---
[21:08:35] [noodles_vcf   ]     seeds entering rep: {'vcf_total': 315, 'vcf_kept': 262, 'vcf_synthetic': 20, 'sam_total': 74, 'sam_kept': 0, 'sam_synthetic': 0}
[21:08:39] [noodles_vcf   ]     reset data/ + bug_reports/ (seeds + coverage_artifacts preserved — cumulative cascade)
[21:08:39] [noodles_vcf   ]     cmd: docker exec biotest-bench-setup python3.12 harness_run.py --mode E0 ...
[21:08:39] [noodles_vcf   ]     budget: 5400s (container)
[22:38:56] [noodles_vcf   ]     rep 2 exit=0 elapsed=5417s
[22:39:36] [noodles_vcf   ]     -> line=38.10% covered=2890/7584 status=ok seeds_after={'vcf_total': 502, 'vcf_kept': 440, 'vcf_synthetic': 29, 'sam_total': 74, 'sam_kept': 0, 'sam_synthetic': 0}
[22:39:36] [noodles_vcf   ] === cascade complete (3 reps) ===
