[mut] scope files: 18
[mut] reachable-lines map: 692
[mut] candidate mutations: 60
[mut] corpus sample: 120/913
[mut] mut binary: /work/compares/results/coverage/libfuzzer/seqan3/_build-mut-iso/seqan3_sam_fuzzer_mut
[mut] mut build dir: /work/compares/results/coverage/libfuzzer/seqan3/_build-mut-iso
[mut] baseline binary rebuilt in 0.3s (guards against stale mutant state)
[mut] baseline digests collected (120 files) in 2.1s
[mut] #1    COMPILE_ERROR seqan3/io/sam_file/detail/cigar.hpp:38 LOR_and_to_or (2.0s)
[mut] #2    COMPILE_ERROR seqan3/io/sam_file/detail/cigar.hpp:38 LOR_and_to_or (1.8s)
[mut] #3    KILLED      seqan3/io/sam_file/detail/cigar.hpp:94 ROR_eq_to_ne '=='→'!=' (diff on 53 files, 5.4s)
[mut] #4    KILLED      seqan3/io/sam_file/detail/cigar.hpp:99 AOR_plus_to_minus '+'→'-' (diff on 52 files, 5.1s)
[mut] #5    KILLED      seqan3/io/sam_file/detail/cigar.hpp:105 ROR_ne_to_eq '!='→'==' (diff on 87 files, 7.2s)
[mut] #6    KILLED      seqan3/io/sam_file/detail/cigar.hpp:108 AOR_plus_to_minus '+'→'-' (diff on 87 files, 182.4s)
[mut] #7    KILLED      seqan3/io/sam_file/detail/format_sam_base.hpp:117 ROR_eq_to_ne '=='→'!=' (diff on 92 files, 5.5s)
[mut] #8    KILLED      seqan3/io/sam_file/detail/format_sam_base.hpp:128 AOR_minus_to_plus '-'→'+' (diff on 51 files, 7.4s)
[mut] #9    COMPILE_ERROR seqan3/io/sam_file/detail/format_sam_base.hpp:190 LOR_and_to_or (1.8s)
[mut] #10   KILLED      seqan3/io/sam_file/detail/format_sam_base.hpp:198 ROR_ne_to_eq '!='→'==' (diff on 106 files, 4.8s)
[mut] #11   KILLED      seqan3/io/sam_file/detail/format_sam_base.hpp:201 ROR_eq_to_ne '=='→'!=' (diff on 52 files, 5.0s)
[mut] #12   KILLED      seqan3/io/sam_file/detail/format_sam_base.hpp:201 ROR_eq_to_ne '=='→'!=' (diff on 52 files, 5.0s)
[mut] #13   KILLED      seqan3/io/sam_file/detail/format_sam_base.hpp:201 LOR_and_to_or '&&'→'||' (diff on 52 files, 5.2s)
[mut] #14   KILLED      seqan3/io/sam_file/detail/format_sam_base.hpp:220 ROR_eq_to_ne '=='→'!=' (diff on 79 files, 7.1s)
[mut] #15   KILLED      seqan3/io/sam_file/detail/format_sam_base.hpp:220 ROR_eq_to_ne '=='→'!=' (diff on 79 files, 5.0s)
[mut] #16   KILLED      seqan3/io/sam_file/detail/format_sam_base.hpp:220 LOR_and_to_or '&&'→'||' (diff on 52 files, 5.0s)
[mut] #17   KILLED      seqan3/io/sam_file/detail/format_sam_base.hpp:250 ROR_eq_to_ne '=='→'!=' (diff on 104 files, 4.8s)
[mut] #18   KILLED      seqan3/io/sam_file/detail/format_sam_base.hpp:250 ROR_ne_to_eq '!='→'==' (diff on 104 files, 4.8s)
[mut] #19   KILLED      seqan3/io/sam_file/detail/format_sam_base.hpp:250 LOR_or_to_and '||'→'&&' (diff on 58 files, 5.3s)
[mut] #20   COMPILE_ERROR seqan3/io/sam_file/detail/format_sam_base.hpp:251 AOR_plus_to_minus (1.8s)
[mut] #21   COMPILE_ERROR seqan3/io/sam_file/detail/format_sam_base.hpp:252 AOR_plus_to_minus (1.8s)
[mut] #22   COMPILE_ERROR seqan3/io/sam_file/detail/format_sam_base.hpp:252 AOR_plus_to_minus (4.1s)
[mut] #23   KILLED      seqan3/io/sam_file/detail/format_sam_base.hpp:254 ROR_eq_to_ne '=='→'!=' (diff on 104 files, 5.2s)
[mut] #24   COMPILE_ERROR seqan3/io/sam_file/detail/format_sam_base.hpp:255 AOR_plus_to_minus (1.8s)
[mut] #25   COMPILE_ERROR seqan3/io/sam_file/detail/format_sam_base.hpp:256 AOR_plus_to_minus (1.8s)
[mut] #26   COMPILE_ERROR seqan3/io/sam_file/detail/format_sam_base.hpp:256 AOR_plus_to_minus (1.9s)
[mut] #27   COMPILE_ERROR seqan3/io/sam_file/detail/format_sam_base.hpp:257 AOR_plus_to_minus (1.8s)
[mut] #28   COMPILE_ERROR seqan3/io/sam_file/detail/format_sam_base.hpp:277 LOR_and_to_or (1.4s)
[mut] #29   COMPILE_ERROR seqan3/io/sam_file/detail/format_sam_base.hpp:321 LOR_or_to_and (1.8s)
[mut] #30   COMPILE_ERROR seqan3/io/sam_file/detail/format_sam_base.hpp:333 LOR_or_to_and (1.8s)
[mut] #31   KILLED      seqan3/io/sam_file/detail/format_sam_base.hpp:346 ROR_ne_to_eq '!='→'==' (diff on 116 files, 5.2s)
[mut] #32   KILLED      seqan3/io/sam_file/detail/format_sam_base.hpp:346 LOR_and_to_or '&&'→'||' (diff on 100 files, 5.1s)
[mut] #33   KILLED      seqan3/io/sam_file/detail/format_sam_base.hpp:388 ROR_ne_to_eq '!='→'==' (diff on 84 files, 7.4s)
[mut] #34   COMPILE_ERROR seqan3/io/sam_file/detail/format_sam_base.hpp:394 LOR_or_to_and (1.8s)
[mut] #35   KILLED      seqan3/io/sam_file/detail/format_sam_base.hpp:444 ROR_lte_to_lt '<='→'<' (diff on 52 files, 5.2s)
[mut] #36   KILLED      seqan3/io/sam_file/detail/format_sam_base.hpp:477 AOR_minus_to_plus '-'→'+' (diff on 85 files, 5.1s)
[mut] #37   KILLED      seqan3/io/sam_file/detail/format_sam_base.hpp:477 AOR_minus_to_plus '-'→'+' (diff on 52 files, 5.1s)
[mut] #38   KILLED      seqan3/io/sam_file/detail/format_sam_base.hpp:562 ROR_ne_to_eq '!='→'==' (diff on 56 files, 5.1s)
[mut] #39   COMPILE_ERROR seqan3/io/sam_file/detail/format_sam_base.hpp:568 LOR_or_to_and (1.9s)
[mut] #40   COMPILE_ERROR seqan3/io/sam_file/detail/format_sam_base.hpp:591 AOR_plus_to_minus (4.0s)
[mut] #41   COMPILE_ERROR seqan3/io/sam_file/format_sam.hpp:118 LOR_and_to_or (1.8s)
[mut] #42   KILLED      seqan3/io/sam_file/format_sam.hpp:400 ROR_eq_to_ne '=='→'!=' (diff on 52 files, 5.3s)
[mut] #43   KILLED      seqan3/io/sam_file/format_sam.hpp:427 ROR_eq_to_ne '=='→'!=' (diff on 52 files, 6.2s)
[mut] #44   KILLED      seqan3/io/sam_file/format_sam.hpp:449 ROR_eq_to_ne '=='→'!=' (diff on 57 files, 5.7s)
[mut] #45   COMPILE_ERROR seqan3/io/sam_file/format_sam.hpp:487 AOR_plus_to_minus (1.9s)
[mut] #46   COMPILE_ERROR seqan3/io/sam_file/format_sam.hpp:488 AOR_plus_to_minus (1.9s)
[mut] #47   COMPILE_ERROR seqan3/io/sam_file/format_sam.hpp:489 AOR_plus_to_minus (2.0s)
[mut] #48   COMPILE_ERROR seqan3/io/sam_file/format_sam.hpp:489 AOR_plus_to_minus (2.0s)
[mut] #49   KILLED      seqan3/io/sam_file/format_sam.hpp:504 ROR_eq_to_ne '=='→'!=' (diff on 69 files, 7.4s)
[mut] #50   KILLED      seqan3/io/sam_file/format_sam.hpp:511 ROR_ne_to_eq '!='→'==' (diff on 50 files, 5.4s)
[mut] #51   KILLED      seqan3/io/sam_file/format_sam.hpp:511 ROR_ne_to_eq '!='→'==' (diff on 54 files, 5.3s)
[mut] #52   KILLED      seqan3/io/sam_file/format_sam.hpp:511 LOR_and_to_or '&&'→'||' (diff on 70 files, 5.0s)
[mut] #53   KILLED      seqan3/io/sam_file/format_sam.hpp:512 ROR_ne_to_eq '!='→'==' (diff on 68 files, 5.2s)
[mut] #54   KILLED      seqan3/io/sam_file/format_sam.hpp:512 LOR_and_to_or '&&'→'||' (diff on 69 files, 5.1s)
[mut] #55   KILLED      seqan3/io/sam_file/format_sam.hpp:526 ROR_ne_to_eq '!='→'==' (diff on 51 files, 7.5s)
[mut] #56   KILLED      seqan3/io/sam_file/format_sam.hpp:531 AOR_plus_to_minus '+'→'-' (diff on 64 files, 5.2s)
[mut] #57   KILLED      seqan3/io/sam_file/format_sam.hpp:533 ROR_eq_to_ne '=='→'!=' (diff on 69 files, 5.2s)
[mut] #58   KILLED      seqan3/io/sam_file/format_sam.hpp:533 AOR_plus_to_minus '+'→'-' (diff on 68 files, 5.0s)
[mut] #59   KILLED      seqan3/io/sam_file/format_sam.hpp:541 ROR_eq_to_ne '=='→'!=' (diff on 52 files, 5.5s)
[mut] #60   KILLED      seqan3/io/sam_file/format_sam.hpp:541 ROR_eq_to_ne '=='→'!=' (diff on 1 files, 7.9s)
[mut] done: killed=39 survived=0 compile_errors=21 score=1.0 elapsed=437.9s
