[18:25:14] [htsjdk_vcf    ] === cascade start (host, max_iter=2) ===
[18:25:14] [htsjdk_vcf    ]     initial seeds: VCF=33  SAM=74
[18:25:14] [htsjdk_vcf    ] --- rep 0 ---
[18:25:14] [htsjdk_vcf    ]     seeds entering rep: {'vcf_total': 33, 'vcf_kept': 0, 'vcf_synthetic': 0, 'sam_total': 74, 'sam_kept': 0, 'sam_synthetic': 0}
[18:25:14] [htsjdk_vcf    ]     reset data/ + bug_reports/ (seeds + coverage_artifacts preserved — cumulative cascade)
[18:25:14] [htsjdk_vcf    ]     cmd: python harness_run.py --mode E0 --config biotest_config.rep0.yaml --phase D,E
[18:25:14] [htsjdk_vcf    ]     budget: 5400s (host)
[19:55:14] [htsjdk_vcf    ]     timeout after 5400s — terminating
[19:55:14] [htsjdk_vcf    ]     rep 0 exit=1 elapsed=5400s
[19:55:18] [htsjdk_vcf    ]     -> line=43.30% covered=1609/3716 status=ok seeds_after={'vcf_total': 161, 'vcf_kept': 128, 'vcf_synthetic': 0, 'sam_total': 74, 'sam_kept': 0, 'sam_synthetic': 0}
[19:55:18] [htsjdk_vcf    ] --- rep 1 ---
[19:55:18] [htsjdk_vcf    ]     seeds entering rep: {'vcf_total': 161, 'vcf_kept': 128, 'vcf_synthetic': 0, 'sam_total': 74, 'sam_kept': 0, 'sam_synthetic': 0}
[19:55:22] [htsjdk_vcf    ]     reset data/ + bug_reports/ (seeds + coverage_artifacts preserved — cumulative cascade)
[19:55:22] [htsjdk_vcf    ]     cmd: python harness_run.py --mode E0 --config biotest_config.rep1.yaml --phase D,E
[19:55:22] [htsjdk_vcf    ]     budget: 5400s (host)
[21:25:22] [htsjdk_vcf    ]     timeout after 5400s — terminating
[21:25:22] [htsjdk_vcf    ]     rep 1 exit=1 elapsed=5400s
[21:25:26] [htsjdk_vcf    ]     -> line=43.40% covered=1611/3716 status=ok seeds_after={'vcf_total': 375, 'vcf_kept': 342, 'vcf_synthetic': 0, 'sam_total': 74, 'sam_kept': 0, 'sam_synthetic': 0}
[21:25:26] [htsjdk_vcf    ] --- rep 2 ---
[21:25:26] [htsjdk_vcf    ]     seeds entering rep: {'vcf_total': 375, 'vcf_kept': 342, 'vcf_synthetic': 0, 'sam_total': 74, 'sam_kept': 0, 'sam_synthetic': 0}
[21:25:28] [htsjdk_vcf    ]     reset data/ + bug_reports/ (seeds + coverage_artifacts preserved — cumulative cascade)
[21:25:28] [htsjdk_vcf    ]     cmd: python harness_run.py --mode E0 --config biotest_config.rep2.yaml --phase D,E
[21:25:28] [htsjdk_vcf    ]     budget: 5400s (host)
[22:55:28] [htsjdk_vcf    ]     timeout after 5400s — terminating
[22:55:28] [htsjdk_vcf    ]     rep 2 exit=1 elapsed=5400s
[22:55:31] [htsjdk_vcf    ]     -> line=43.40% covered=1612/3716 status=ok seeds_after={'vcf_total': 625, 'vcf_kept': 592, 'vcf_synthetic': 0, 'sam_total': 74, 'sam_kept': 0, 'sam_synthetic': 0}
[22:55:31] [htsjdk_vcf    ] === cascade complete (3 reps) ===
