[05:59:04] [biopython_sam ] === cascade start (host, max_iter=2) ===
[05:59:04] [biopython_sam ]     initial seeds: VCF=33  SAM=74
[05:59:04] [biopython_sam ] --- rep 0 ---
[05:59:04] [biopython_sam ]     seeds entering rep: {'vcf_total': 33, 'vcf_kept': 0, 'vcf_synthetic': 0, 'sam_total': 74, 'sam_kept': 0, 'sam_synthetic': 0}
[05:59:04] [biopython_sam ]     reset data/ + bug_reports/ (seeds + coverage_artifacts preserved — cumulative cascade)
[05:59:04] [biopython_sam ]     cmd: python harness_run.py --mode E0 --config biotest_config.rep0.yaml --phase D,E
[05:59:04] [biopython_sam ]     budget: 5400s (host)
[05:59:04] [biopython_sam ]     env: BIOTEST_MULTISHOT_K=2  BIOTEST_AUTO_INVOKE_PUBLIC_METHODS=1 (refine round 4)
[07:22:19] [biopython_sam ]     rep 0 exit=0 elapsed=4996s
[07:22:20] [biopython_sam ]     -> line=54.30% covered=325/598 status=ok seeds_after={'vcf_total': 33, 'vcf_kept': 0, 'vcf_synthetic': 0, 'sam_total': 275, 'sam_kept': 201, 'sam_synthetic': 0}
[07:22:20] [biopython_sam ] --- rep 1 ---
[07:22:20] [biopython_sam ]     seeds entering rep: {'vcf_total': 33, 'vcf_kept': 0, 'vcf_synthetic': 0, 'sam_total': 275, 'sam_kept': 201, 'sam_synthetic': 0}
[07:22:25] [biopython_sam ]     reset data/ + bug_reports/ (seeds + coverage_artifacts preserved — cumulative cascade)
[07:22:25] [biopython_sam ]     cmd: python harness_run.py --mode E0 --config biotest_config.rep1.yaml --phase D,E
[07:22:25] [biopython_sam ]     budget: 5400s (host)
[07:22:25] [biopython_sam ]     env: BIOTEST_MULTISHOT_K=2  BIOTEST_AUTO_INVOKE_PUBLIC_METHODS=1 (refine round 4)
[08:52:25] [biopython_sam ]     timeout after 5400s — sending CTRL_BREAK_EVENT (graceful)
[08:52:25] [biopython_sam ]     rep 1 exit=3221225786 elapsed=5400s
[08:52:26] [biopython_sam ]     -> line=54.30% covered=325/598 status=ok seeds_after={'vcf_total': 33, 'vcf_kept': 0, 'vcf_synthetic': 0, 'sam_total': 817, 'sam_kept': 743, 'sam_synthetic': 0}
[08:52:26] [biopython_sam ] --- rep 2 ---
[08:52:26] [biopython_sam ]     seeds entering rep: {'vcf_total': 33, 'vcf_kept': 0, 'vcf_synthetic': 0, 'sam_total': 817, 'sam_kept': 743, 'sam_synthetic': 0}
[08:52:33] [biopython_sam ]     reset data/ + bug_reports/ (seeds + coverage_artifacts preserved — cumulative cascade)
[08:52:33] [biopython_sam ]     cmd: python harness_run.py --mode E0 --config biotest_config.rep2.yaml --phase D,E
[08:52:33] [biopython_sam ]     budget: 5400s (host)
[08:52:33] [biopython_sam ]     env: BIOTEST_MULTISHOT_K=2  BIOTEST_AUTO_INVOKE_PUBLIC_METHODS=1 (refine round 4)
[10:22:33] [biopython_sam ]     timeout after 5400s — sending CTRL_BREAK_EVENT (graceful)
[10:22:33] [biopython_sam ]     rep 2 exit=3221225786 elapsed=5400s
[10:22:34] [biopython_sam ]     -> line=54.30% covered=325/598 status=ok seeds_after={'vcf_total': 33, 'vcf_kept': 0, 'vcf_synthetic': 0, 'sam_total': 1462, 'sam_kept': 1388, 'sam_synthetic': 0}
[10:22:34] [biopython_sam ] === cascade complete (3 reps) ===
