[13:21:05] [noodles_vcf   ] === cascade start (container, max_iter=2) ===
[13:21:05] [noodles_vcf   ]     initial seeds: VCF=33  SAM=74
[13:21:05] [noodles_vcf   ] --- rep 0 ---
[13:21:05] [noodles_vcf   ]     seeds entering rep: {'vcf_total': 33, 'vcf_kept': 0, 'vcf_synthetic': 0, 'sam_total': 74, 'sam_kept': 0, 'sam_synthetic': 0}
[13:21:05] [noodles_vcf   ]     reset data/ + bug_reports/ + coverage_artifacts/ (seeds preserved — independent trials)
[13:21:05] [noodles_vcf   ]     cmd: docker exec biotest-bench-setup python3.12 harness_run.py --mode E2 ...
[13:21:05] [noodles_vcf   ]     budget: 5400s (container)
[14:43:33] [noodles_vcf   ]     rep 0 exit=0 elapsed=4948s
[14:44:37] [noodles_vcf   ]     -> line=33.50% covered=2542/7584 status=ok seeds_after={'vcf_total': 33, 'vcf_kept': 0, 'vcf_synthetic': 0, 'sam_total': 74, 'sam_kept': 0, 'sam_synthetic': 0}
[14:44:37] [noodles_vcf   ] --- rep 1 ---
[14:44:37] [noodles_vcf   ]     seeds entering rep: {'vcf_total': 33, 'vcf_kept': 0, 'vcf_synthetic': 0, 'sam_total': 74, 'sam_kept': 0, 'sam_synthetic': 0}
[14:44:40] [noodles_vcf   ]     reset data/ + bug_reports/ + coverage_artifacts/ (seeds preserved — independent trials)
[14:44:40] [noodles_vcf   ]     cmd: docker exec biotest-bench-setup python3.12 harness_run.py --mode E2 ...
[14:44:40] [noodles_vcf   ]     budget: 5400s (container)
[15:45:16] [noodles_vcf   ]     rep 1 exit=0 elapsed=3636s
[15:45:26] [noodles_vcf   ]     -> line=33.30% covered=2524/7584 status=ok seeds_after={'vcf_total': 33, 'vcf_kept': 0, 'vcf_synthetic': 0, 'sam_total': 74, 'sam_kept': 0, 'sam_synthetic': 0}
[15:45:26] [noodles_vcf   ] --- rep 2 ---
[15:45:26] [noodles_vcf   ]     seeds entering rep: {'vcf_total': 33, 'vcf_kept': 0, 'vcf_synthetic': 0, 'sam_total': 74, 'sam_kept': 0, 'sam_synthetic': 0}
[15:45:27] [noodles_vcf   ]     reset data/ + bug_reports/ + coverage_artifacts/ (seeds preserved — independent trials)
[15:45:27] [noodles_vcf   ]     cmd: docker exec biotest-bench-setup python3.12 harness_run.py --mode E2 ...
[15:45:27] [noodles_vcf   ]     budget: 5400s (container)
[16:12:10] [noodles_vcf   ]     rep 2 exit=0 elapsed=1603s
[16:12:24] [noodles_vcf   ]     -> line=34.90% covered=2648/7584 status=ok seeds_after={'vcf_total': 33, 'vcf_kept': 0, 'vcf_synthetic': 0, 'sam_total': 74, 'sam_kept': 0, 'sam_synthetic': 0}
[16:12:24] [noodles_vcf   ] --- rep 3 ---
[16:12:24] [noodles_vcf   ]     seeds entering rep: {'vcf_total': 33, 'vcf_kept': 0, 'vcf_synthetic': 0, 'sam_total': 74, 'sam_kept': 0, 'sam_synthetic': 0}
[16:12:27] [noodles_vcf   ]     reset data/ + bug_reports/ + coverage_artifacts/ (seeds preserved — independent trials)
[16:12:27] [noodles_vcf   ]     cmd: docker exec biotest-bench-setup python3.12 harness_run.py --mode E2 ...
[16:12:27] [noodles_vcf   ]     budget: 5400s (container)
[17:11:36] [noodles_vcf   ]     rep 3 exit=0 elapsed=3549s
[17:11:47] [noodles_vcf   ]     -> line=35.70% covered=2707/7584 status=ok seeds_after={'vcf_total': 33, 'vcf_kept': 0, 'vcf_synthetic': 0, 'sam_total': 74, 'sam_kept': 0, 'sam_synthetic': 0}
[17:11:47] [noodles_vcf   ] === cascade complete (4 reps) ===
