[20:57:59] [seqan3_sam    ] === cascade start (container, max_iter=2) ===
[20:58:00] [seqan3_sam    ]     initial seeds: VCF=33  SAM=74
[20:58:00] [seqan3_sam    ] --- rep 0 ---
[20:58:00] [seqan3_sam    ]     seeds entering rep: {'vcf_total': 33, 'vcf_kept': 0, 'vcf_synthetic': 0, 'sam_total': 74, 'sam_kept': 0, 'sam_synthetic': 0}
[20:58:00] [seqan3_sam    ]     reset data/ + bug_reports/ + coverage_artifacts/ (seeds preserved — independent trials)
[20:58:00] [seqan3_sam    ]     env (container): BIOTEST_MULTISHOT_K=2 (refine round 4)
[20:58:00] [seqan3_sam    ]     cmd: docker exec biotest-bench-setup python3.12 harness_run.py --mode E3 ...
[20:58:00] [seqan3_sam    ]     budget: 5400s (container)
[21:21:21] [seqan3_sam    ]     rep 0 exit=0 elapsed=1402s
[21:21:27] [seqan3_sam    ]     -> line=93.20% covered=750/805 status=ok seeds_after={'vcf_total': 33, 'vcf_kept': 0, 'vcf_synthetic': 0, 'sam_total': 74, 'sam_kept': 0, 'sam_synthetic': 0}
[21:21:27] [seqan3_sam    ] --- rep 1 ---
[21:21:27] [seqan3_sam    ]     seeds entering rep: {'vcf_total': 33, 'vcf_kept': 0, 'vcf_synthetic': 0, 'sam_total': 74, 'sam_kept': 0, 'sam_synthetic': 0}
[21:21:35] [seqan3_sam    ]     reset data/ + bug_reports/ + coverage_artifacts/ (seeds preserved — independent trials)
[21:21:35] [seqan3_sam    ]     env (container): BIOTEST_MULTISHOT_K=2 (refine round 4)
[21:21:35] [seqan3_sam    ]     cmd: docker exec biotest-bench-setup python3.12 harness_run.py --mode E3 ...
[21:21:35] [seqan3_sam    ]     budget: 5400s (container)
[22:15:02] [seqan3_sam    ]     rep 1 exit=0 elapsed=3207s
[22:15:07] [seqan3_sam    ]     -> line=93.20% covered=750/805 status=ok seeds_after={'vcf_total': 33, 'vcf_kept': 0, 'vcf_synthetic': 0, 'sam_total': 74, 'sam_kept': 0, 'sam_synthetic': 0}
[22:15:07] [seqan3_sam    ] --- rep 2 ---
[22:15:07] [seqan3_sam    ]     seeds entering rep: {'vcf_total': 33, 'vcf_kept': 0, 'vcf_synthetic': 0, 'sam_total': 74, 'sam_kept': 0, 'sam_synthetic': 0}
[22:15:29] [seqan3_sam    ]     reset data/ + bug_reports/ + coverage_artifacts/ (seeds preserved — independent trials)
[22:15:29] [seqan3_sam    ]     env (container): BIOTEST_MULTISHOT_K=2 (refine round 4)
[22:15:29] [seqan3_sam    ]     cmd: docker exec biotest-bench-setup python3.12 harness_run.py --mode E3 ...
[22:15:29] [seqan3_sam    ]     budget: 5400s (container)
[22:21:18] [seqan3_sam    ]     rep 2 exit=0 elapsed=349s
[22:21:22] [seqan3_sam    ]     -> line=0.00% covered=0/805 status=ok seeds_after={'vcf_total': 33, 'vcf_kept': 0, 'vcf_synthetic': 0, 'sam_total': 74, 'sam_kept': 0, 'sam_synthetic': 0}
[22:21:22] [seqan3_sam    ] --- rep 3 ---
[22:21:22] [seqan3_sam    ]     seeds entering rep: {'vcf_total': 33, 'vcf_kept': 0, 'vcf_synthetic': 0, 'sam_total': 74, 'sam_kept': 0, 'sam_synthetic': 0}
[22:21:22] [seqan3_sam    ]     reset data/ + bug_reports/ + coverage_artifacts/ (seeds preserved — independent trials)
[22:21:22] [seqan3_sam    ]     env (container): BIOTEST_MULTISHOT_K=2 (refine round 4)
[22:21:22] [seqan3_sam    ]     cmd: docker exec biotest-bench-setup python3.12 harness_run.py --mode E3 ...
[22:21:22] [seqan3_sam    ]     budget: 5400s (container)
[22:27:32] [seqan3_sam    ]     rep 3 exit=0 elapsed=370s
[22:27:37] [seqan3_sam    ]     -> line=0.00% covered=0/805 status=ok seeds_after={'vcf_total': 33, 'vcf_kept': 0, 'vcf_synthetic': 0, 'sam_total': 74, 'sam_kept': 0, 'sam_synthetic': 0}
[22:27:37] [seqan3_sam    ] === cascade complete (4 reps) ===
