[09:23:48] [htsjdk_vcf    ] === cascade start (host, max_iter=2) ===
[09:23:48] [htsjdk_vcf    ]     initial seeds: VCF=33  SAM=74
[09:23:48] [htsjdk_vcf    ] --- rep 0 ---
[09:23:48] [htsjdk_vcf    ]     seeds entering rep: {'vcf_total': 33, 'vcf_kept': 0, 'vcf_synthetic': 0, 'sam_total': 74, 'sam_kept': 0, 'sam_synthetic': 0}
[09:23:48] [htsjdk_vcf    ]     reset data/ + bug_reports/ (seeds + coverage_artifacts preserved — cumulative cascade)
[09:23:48] [htsjdk_vcf    ]     cmd: python harness_run.py --mode E1S --config biotest_config.rep0.yaml --phase D,E
[09:23:48] [htsjdk_vcf    ]     budget: 5400s (host)
[10:17:07] [htsjdk_vcf    ]     rep 0 exit=0 elapsed=3199s
[10:17:10] [htsjdk_vcf    ]     -> line=29.30% covered=1100/3760 status=ok seeds_after={'vcf_total': 193, 'vcf_kept': 150, 'vcf_synthetic': 10, 'sam_total': 74, 'sam_kept': 0, 'sam_synthetic': 0}
[10:17:10] [htsjdk_vcf    ] --- rep 1 ---
[10:17:10] [htsjdk_vcf    ]     seeds entering rep: {'vcf_total': 193, 'vcf_kept': 150, 'vcf_synthetic': 10, 'sam_total': 74, 'sam_kept': 0, 'sam_synthetic': 0}
[10:17:10] [htsjdk_vcf    ]     reset data/ + bug_reports/ (seeds + coverage_artifacts preserved — cumulative cascade)
[10:17:10] [htsjdk_vcf    ]     cmd: python harness_run.py --mode E1S --config biotest_config.rep1.yaml --phase D,E
[10:17:10] [htsjdk_vcf    ]     budget: 5400s (host)
[11:45:16] [htsjdk_vcf    ]     rep 1 exit=0 elapsed=5286s
[11:45:18] [htsjdk_vcf    ]     -> line=41.30% covered=1554/3760 status=ok seeds_after={'vcf_total': 520, 'vcf_kept': 467, 'vcf_synthetic': 20, 'sam_total': 74, 'sam_kept': 0, 'sam_synthetic': 0}
[11:45:18] [htsjdk_vcf    ] --- rep 2 ---
[11:45:18] [htsjdk_vcf    ]     seeds entering rep: {'vcf_total': 520, 'vcf_kept': 467, 'vcf_synthetic': 20, 'sam_total': 74, 'sam_kept': 0, 'sam_synthetic': 0}
[11:45:18] [htsjdk_vcf    ]     reset data/ + bug_reports/ (seeds + coverage_artifacts preserved — cumulative cascade)
[11:45:18] [htsjdk_vcf    ]     cmd: python harness_run.py --mode E1S --config biotest_config.rep2.yaml --phase D,E
[11:45:18] [htsjdk_vcf    ]     budget: 5400s (host)
[12:09:42] [htsjdk_vcf    ]     rep 2 exit=0 elapsed=1464s
[12:09:45] [htsjdk_vcf    ]     -> line=41.50% covered=1562/3760 status=ok seeds_after={'vcf_total': 557, 'vcf_kept': 494, 'vcf_synthetic': 30, 'sam_total': 74, 'sam_kept': 0, 'sam_synthetic': 0}
[12:09:45] [htsjdk_vcf    ] === cascade complete (3 reps) ===
